[ 2017-03-08T00:29:11+08:00 ] ::1 /wuyeguanli/
INFO: [ app_init ] --START--
INFO: Run Behavior\BuildLiteBehavior [ RunTime:0.000054s ]
INFO: [ app_init ] --END-- [ RunTime:0.015021s ]
INFO: [ app_begin ] --START--
INFO: Run Behavior\ReadHtmlCacheBehavior [ RunTime:0.008012s ]
INFO: [ app_begin ] --END-- [ RunTime:0.008171s ]
INFO: [ view_parse ] --START--
INFO: [ template_filter ] --START--
INFO: Run Behavior\ContentReplaceBehavior [ RunTime:0.019454s ]
INFO: [ template_filter ] --END-- [ RunTime:0.019637s ]
INFO: Run Behavior\ParseTemplateBehavior [ RunTime:0.168271s ]
INFO: [ view_parse ] --END-- [ RunTime:0.168417s ]
INFO: [ view_filter ] --START--
INFO: Run Behavior\WriteHtmlCacheBehavior [ RunTime:0.015189s ]
INFO: [ view_filter ] --END-- [ RunTime:0.015318s ]
INFO: [ app_end ] --START--
INFO: Run Behavior\ShowPageTraceBehavior [ RunTime:0.016242s ]
INFO: [ app_end ] --END-- [ RunTime:0.016399s ]

[ 2017-03-08T01:06:41+08:00 ] ::1 /wuyeguanli/
INFO: [ app_init ] --START--
INFO: Run Behavior\BuildLiteBehavior [ RunTime:0.000016s ]
INFO: [ app_init ] --END-- [ RunTime:0.000389s ]
INFO: [ app_begin ] --START--
INFO: Run Behavior\ReadHtmlCacheBehavior [ RunTime:0.000616s ]
INFO: [ app_begin ] --END-- [ RunTime:0.000663s ]
INFO: [ view_parse ] --START--
INFO: [ template_filter ] --START--
INFO: Run Behavior\ContentReplaceBehavior [ RunTime:0.000050s ]
INFO: [ template_filter ] --END-- [ RunTime:0.000095s ]
INFO: Run Behavior\ParseTemplateBehavior [ RunTime:0.006705s ]
INFO: [ view_parse ] --END-- [ RunTime:0.006746s ]
INFO: [ view_filter ] --START--
INFO: Run Behavior\WriteHtmlCacheBehavior [ RunTime:0.000251s ]
INFO: [ view_filter ] --END-- [ RunTime:0.000278s ]
INFO: [ app_end ] --START--
INFO: Run Behavior\ShowPageTraceBehavior [ RunTime:0.000441s ]
INFO: [ app_end ] --END-- [ RunTime:0.000479s ]

[ 2017-03-08T01:06:43+08:00 ] ::1 /wuyeguanli/index.php/Manage/Index/index.html
INFO: [ app_init ] --START--
INFO: Run Behavior\BuildLiteBehavior [ RunTime:0.000015s ]
INFO: [ app_init ] --END-- [ RunTime:0.000398s ]
INFO: [ app_begin ] --START--
INFO: Run Behavior\ReadHtmlCacheBehavior [ RunTime:0.000501s ]
INFO: [ app_begin ] --END-- [ RunTime:0.000546s ]
NOTIC: [8] Undefined index: code E:\php\wuyeguanli\Application\Manage\Controller\IndexController.class.php 第 39 行.
SQL: SHOW COLUMNS FROM `xly_manages` [ RunTime:0.1291s ]
SQL: SELECT * FROM `xly_manages` WHERE `username` = 'admin' LIMIT 1   [ RunTime:0.0990s ]
SQL: UPDATE `xly_manages` SET `logintime`='1488906403',`loginip`='0.0.0.0',`logincount`=logincount + 1 WHERE `id` = 1 [ RunTime:0.1296s ]

[ 2017-03-08T01:06:44+08:00 ] ::1 /wuyeguanli/index.php/Manage/Index/main.html
INFO: [ app_init ] --START--
INFO: Run Behavior\BuildLiteBehavior [ RunTime:0.000010s ]
INFO: [ app_init ] --END-- [ RunTime:0.000256s ]
INFO: [ app_begin ] --START--
INFO: Run Behavior\ReadHtmlCacheBehavior [ RunTime:0.000429s ]
INFO: [ app_begin ] --END-- [ RunTime:0.000463s ]
SQL: SHOW COLUMNS FROM `xly_manages` [ RunTime:0.0803s ]
SQL: SELECT m.id,m.status,mr.name as rolename,m.username,mr.permissions FROM `xly_manages`  as m inner join xly_manage_role as mr on mr.id = m.roleid   WHERE m.id = '1' LIMIT 1   [ RunTime:0.0907s ]
SQL: SHOW COLUMNS FROM `xly_navigations` [ RunTime:0.1186s ]
SQL: SELECT * FROM `xly_navigations` WHERE `status` = 1 AND `type` = 1 ORDER BY sort asc,id asc  [ RunTime:0.0979s ]
INFO: [ view_parse ] --START--
INFO: [ template_filter ] --START--
INFO: Run Behavior\ContentReplaceBehavior [ RunTime:0.000604s ]
INFO: [ template_filter ] --END-- [ RunTime:0.000749s ]
INFO: Run Behavior\ParseTemplateBehavior [ RunTime:0.068194s ]
INFO: [ view_parse ] --END-- [ RunTime:0.068274s ]
INFO: [ view_filter ] --START--
INFO: Run Behavior\WriteHtmlCacheBehavior [ RunTime:0.000290s ]
INFO: [ view_filter ] --END-- [ RunTime:0.000336s ]
INFO: [ app_end ] --START--
INFO: Run Behavior\ShowPageTraceBehavior [ RunTime:0.000639s ]
INFO: [ app_end ] --END-- [ RunTime:0.000693s ]

[ 2017-03-08T02:21:24+08:00 ] ::1 /wuyeguanli/index.php
INFO: [ app_init ] --START--
INFO: Run Behavior\BuildLiteBehavior [ RunTime:0.000042s ]
INFO: [ app_init ] --END-- [ RunTime:0.001181s ]
INFO: [ app_begin ] --START--
INFO: Run Behavior\ReadHtmlCacheBehavior [ RunTime:0.001758s ]
INFO: [ app_begin ] --END-- [ RunTime:0.001878s ]
INFO: [ view_parse ] --START--
INFO: [ template_filter ] --START--
INFO: Run Behavior\ContentReplaceBehavior [ RunTime:0.000102s ]
INFO: [ template_filter ] --END-- [ RunTime:0.000191s ]
INFO: Run Behavior\ParseTemplateBehavior [ RunTime:0.012571s ]
INFO: [ view_parse ] --END-- [ RunTime:0.012667s ]
INFO: [ view_filter ] --START--
INFO: Run Behavior\WriteHtmlCacheBehavior [ RunTime:0.000579s ]
INFO: [ view_filter ] --END-- [ RunTime:0.000640s ]
INFO: [ app_end ] --START--
INFO: Run Behavior\ShowPageTraceBehavior [ RunTime:0.000948s ]
INFO: [ app_end ] --END-- [ RunTime:0.001012s ]

