[ 2017-02-16T02:04:40+08:00 ] ::1 /wuyeguanli/
INFO: [ app_init ] --START--
INFO: Run Behavior\BuildLiteBehavior [ RunTime:0.000017s ]
INFO: [ app_init ] --END-- [ RunTime:0.000404s ]
INFO: [ app_begin ] --START--
INFO: Run Behavior\ReadHtmlCacheBehavior [ RunTime:0.000604s ]
INFO: [ app_begin ] --END-- [ RunTime:0.000648s ]
INFO: [ view_parse ] --START--
INFO: [ template_filter ] --START--
INFO: Run Behavior\ContentReplaceBehavior [ RunTime:0.000052s ]
INFO: [ template_filter ] --END-- [ RunTime:0.000098s ]
INFO: Run Behavior\ParseTemplateBehavior [ RunTime:0.008311s ]
INFO: [ view_parse ] --END-- [ RunTime:0.008359s ]
INFO: [ view_filter ] --START--
INFO: Run Behavior\WriteHtmlCacheBehavior [ RunTime:0.000252s ]
INFO: [ view_filter ] --END-- [ RunTime:0.000279s ]
INFO: [ app_end ] --START--
INFO: Run Behavior\ShowPageTraceBehavior [ RunTime:0.000445s ]
INFO: [ app_end ] --END-- [ RunTime:0.000475s ]

[ 2017-02-16T02:04:43+08:00 ] ::1 /wuyeguanli/index.php/Manage/Index/index.html
INFO: [ app_init ] --START--
INFO: Run Behavior\BuildLiteBehavior [ RunTime:0.000015s ]
INFO: [ app_init ] --END-- [ RunTime:0.000367s ]
INFO: [ app_begin ] --START--
INFO: Run Behavior\ReadHtmlCacheBehavior [ RunTime:0.000501s ]
INFO: [ app_begin ] --END-- [ RunTime:0.000544s ]
NOTIC: [8] Undefined index: code E:\php\wuyeguanli\Application\Manage\Controller\IndexController.class.php 第 39 行.
SQL: SHOW COLUMNS FROM `xly_manages` [ RunTime:0.0479s ]
SQL: SELECT * FROM `xly_manages` WHERE `username` = 'admin' LIMIT 1   [ RunTime:0.0454s ]
SQL: UPDATE `xly_manages` SET `logintime`='1487181883',`loginip`='0.0.0.0',`logincount`=logincount + 1 WHERE `id` = 1 [ RunTime:0.0461s ]

[ 2017-02-16T02:04:43+08:00 ] ::1 /wuyeguanli/index.php/Manage/Index/main.html
INFO: [ app_init ] --START--
INFO: Run Behavior\BuildLiteBehavior [ RunTime:0.000021s ]
INFO: [ app_init ] --END-- [ RunTime:0.000420s ]
INFO: [ app_begin ] --START--
INFO: Run Behavior\ReadHtmlCacheBehavior [ RunTime:0.000644s ]
INFO: [ app_begin ] --END-- [ RunTime:0.000715s ]
SQL: SHOW COLUMNS FROM `xly_manages` [ RunTime:0.0543s ]
SQL: SELECT m.id,m.status,mr.name as rolename,m.username,mr.permissions FROM `xly_manages`  as m inner join xly_manage_role as mr on mr.id = m.roleid   WHERE m.id = '1' LIMIT 1   [ RunTime:0.0491s ]
SQL: SHOW COLUMNS FROM `xly_navigations` [ RunTime:0.0547s ]
SQL: SELECT * FROM `xly_navigations` WHERE `status` = 1 AND `type` = 1 ORDER BY sort asc,id asc  [ RunTime:0.0525s ]
INFO: [ view_parse ] --START--
INFO: [ template_filter ] --START--
INFO: Run Behavior\ContentReplaceBehavior [ RunTime:0.000178s ]
INFO: [ template_filter ] --END-- [ RunTime:0.000230s ]
INFO: Run Behavior\ParseTemplateBehavior [ RunTime:0.016801s ]
INFO: [ view_parse ] --END-- [ RunTime:0.016851s ]
INFO: [ view_filter ] --START--
INFO: Run Behavior\WriteHtmlCacheBehavior [ RunTime:0.000177s ]
INFO: [ view_filter ] --END-- [ RunTime:0.000205s ]
INFO: [ app_end ] --START--
INFO: Run Behavior\ShowPageTraceBehavior [ RunTime:0.000428s ]
INFO: [ app_end ] --END-- [ RunTime:0.000497s ]

[ 2017-02-16T02:17:20+08:00 ] ::1 /wuyeguanli/index.php
INFO: [ app_init ] --START--
INFO: Run Behavior\BuildLiteBehavior [ RunTime:0.000020s ]
INFO: [ app_init ] --END-- [ RunTime:0.000553s ]
INFO: [ app_begin ] --START--
INFO: Run Behavior\ReadHtmlCacheBehavior [ RunTime:0.000872s ]
INFO: [ app_begin ] --END-- [ RunTime:0.000945s ]
INFO: [ view_parse ] --START--
INFO: [ template_filter ] --START--
INFO: Run Behavior\ContentReplaceBehavior [ RunTime:0.000087s ]
INFO: [ template_filter ] --END-- [ RunTime:0.000160s ]
INFO: Run Behavior\ParseTemplateBehavior [ RunTime:0.010377s ]
INFO: [ view_parse ] --END-- [ RunTime:0.010462s ]
INFO: [ view_filter ] --START--
INFO: Run Behavior\WriteHtmlCacheBehavior [ RunTime:0.000462s ]
INFO: [ view_filter ] --END-- [ RunTime:0.000511s ]
INFO: [ app_end ] --START--
INFO: Run Behavior\ShowPageTraceBehavior [ RunTime:0.000840s ]
INFO: [ app_end ] --END-- [ RunTime:0.000899s ]

[ 2017-02-16T03:36:21+08:00 ] ::1 /wuyeguanli/index.php
INFO: [ app_init ] --START--
INFO: Run Behavior\BuildLiteBehavior [ RunTime:0.000025s ]
INFO: [ app_init ] --END-- [ RunTime:0.000708s ]
INFO: [ app_begin ] --START--
INFO: Run Behavior\ReadHtmlCacheBehavior [ RunTime:0.000634s ]
INFO: [ app_begin ] --END-- [ RunTime:0.000683s ]
INFO: [ view_parse ] --START--
INFO: [ template_filter ] --START--
INFO: Run Behavior\ContentReplaceBehavior [ RunTime:0.000058s ]
INFO: [ template_filter ] --END-- [ RunTime:0.000108s ]
INFO: Run Behavior\ParseTemplateBehavior [ RunTime:0.006820s ]
INFO: [ view_parse ] --END-- [ RunTime:0.006897s ]
INFO: [ view_filter ] --START--
INFO: Run Behavior\WriteHtmlCacheBehavior [ RunTime:0.000315s ]
INFO: [ view_filter ] --END-- [ RunTime:0.000350s ]
INFO: [ app_end ] --START--
INFO: Run Behavior\ShowPageTraceBehavior [ RunTime:0.000587s ]
INFO: [ app_end ] --END-- [ RunTime:0.000627s ]

[ 2017-02-16T17:05:40+08:00 ] ::1 /wuyeguanli/
INFO: [ app_init ] --START--
INFO: Run Behavior\BuildLiteBehavior [ RunTime:0.000013s ]
INFO: [ app_init ] --END-- [ RunTime:0.000323s ]
INFO: [ app_begin ] --START--
INFO: Run Behavior\ReadHtmlCacheBehavior [ RunTime:0.000478s ]
INFO: [ app_begin ] --END-- [ RunTime:0.000525s ]
INFO: [ view_parse ] --START--
INFO: [ template_filter ] --START--
INFO: Run Behavior\ContentReplaceBehavior [ RunTime:0.000055s ]
INFO: [ template_filter ] --END-- [ RunTime:0.000106s ]
INFO: Run Behavior\ParseTemplateBehavior [ RunTime:0.075049s ]
INFO: [ view_parse ] --END-- [ RunTime:0.075110s ]
INFO: [ view_filter ] --START--
INFO: Run Behavior\WriteHtmlCacheBehavior [ RunTime:0.000244s ]
INFO: [ view_filter ] --END-- [ RunTime:0.000279s ]
INFO: [ app_end ] --START--
INFO: Run Behavior\ShowPageTraceBehavior [ RunTime:0.009475s ]
INFO: [ app_end ] --END-- [ RunTime:0.009518s ]

[ 2017-02-16T17:05:42+08:00 ] ::1 /wuyeguanli/index.php/Manage/Index/index.html
INFO: [ app_init ] --START--
INFO: Run Behavior\BuildLiteBehavior [ RunTime:0.000013s ]
INFO: [ app_init ] --END-- [ RunTime:0.000358s ]
INFO: [ app_begin ] --START--
INFO: Run Behavior\ReadHtmlCacheBehavior [ RunTime:0.000569s ]
INFO: [ app_begin ] --END-- [ RunTime:0.000613s ]
NOTIC: [8] Undefined index: code E:\php\wuyeguanli\Application\Manage\Controller\IndexController.class.php 第 39 行.
SQL: SHOW COLUMNS FROM `xly_manages` [ RunTime:0.0518s ]
SQL: SELECT * FROM `xly_manages` WHERE `username` = 'admin' LIMIT 1   [ RunTime:0.0488s ]
SQL: UPDATE `xly_manages` SET `logintime`='1487235942',`loginip`='0.0.0.0',`logincount`=logincount + 1 WHERE `id` = 1 [ RunTime:0.0499s ]

[ 2017-02-16T17:05:43+08:00 ] ::1 /wuyeguanli/index.php/Manage/Index/main.html
INFO: [ app_init ] --START--
INFO: Run Behavior\BuildLiteBehavior [ RunTime:0.000028s ]
INFO: [ app_init ] --END-- [ RunTime:0.000785s ]
INFO: [ app_begin ] --START--
INFO: Run Behavior\ReadHtmlCacheBehavior [ RunTime:0.001235s ]
INFO: [ app_begin ] --END-- [ RunTime:0.001336s ]
SQL: SHOW COLUMNS FROM `xly_manages` [ RunTime:0.1086s ]
SQL: SELECT m.id,m.status,mr.name as rolename,m.username,mr.permissions FROM `xly_manages`  as m inner join xly_manage_role as mr on mr.id = m.roleid   WHERE m.id = '1' LIMIT 1   [ RunTime:0.0451s ]
SQL: SHOW COLUMNS FROM `xly_navigations` [ RunTime:0.0479s ]
SQL: SELECT * FROM `xly_navigations` WHERE `status` = 1 AND `type` = 1 ORDER BY sort asc,id asc  [ RunTime:0.0455s ]
INFO: [ view_parse ] --START--
INFO: [ template_filter ] --START--
INFO: Run Behavior\ContentReplaceBehavior [ RunTime:0.000261s ]
INFO: [ template_filter ] --END-- [ RunTime:0.000326s ]
INFO: Run Behavior\ParseTemplateBehavior [ RunTime:0.080222s ]
INFO: [ view_parse ] --END-- [ RunTime:0.080319s ]
INFO: [ view_filter ] --START--
INFO: Run Behavior\WriteHtmlCacheBehavior [ RunTime:0.000405s ]
INFO: [ view_filter ] --END-- [ RunTime:0.000451s ]
INFO: [ app_end ] --START--
INFO: Run Behavior\ShowPageTraceBehavior [ RunTime:0.000749s ]
INFO: [ app_end ] --END-- [ RunTime:0.000803s ]

[ 2017-02-16T17:15:52+08:00 ] ::1 /wuyeguanli/index.php
INFO: [ app_init ] --START--
INFO: Run Behavior\BuildLiteBehavior [ RunTime:0.000017s ]
INFO: [ app_init ] --END-- [ RunTime:0.000456s ]
INFO: [ app_begin ] --START--
INFO: Run Behavior\ReadHtmlCacheBehavior [ RunTime:0.000735s ]
INFO: [ app_begin ] --END-- [ RunTime:0.000795s ]
INFO: [ view_parse ] --START--
INFO: [ template_filter ] --START--
INFO: Run Behavior\ContentReplaceBehavior [ RunTime:0.000068s ]
INFO: [ template_filter ] --END-- [ RunTime:0.000122s ]
INFO: Run Behavior\ParseTemplateBehavior [ RunTime:0.008261s ]
INFO: [ view_parse ] --END-- [ RunTime:0.008327s ]
INFO: [ view_filter ] --START--
INFO: Run Behavior\WriteHtmlCacheBehavior [ RunTime:0.000358s ]
INFO: [ view_filter ] --END-- [ RunTime:0.000403s ]
INFO: [ app_end ] --START--
INFO: Run Behavior\ShowPageTraceBehavior [ RunTime:0.000709s ]
INFO: [ app_end ] --END-- [ RunTime:0.000759s ]

[ 2017-02-16T18:45:35+08:00 ] ::1 /wuyeguanli/
INFO: [ app_init ] --START--
INFO: Run Behavior\BuildLiteBehavior [ RunTime:0.000014s ]
INFO: [ app_init ] --END-- [ RunTime:0.000370s ]
INFO: [ app_begin ] --START--
INFO: Run Behavior\ReadHtmlCacheBehavior [ RunTime:0.000581s ]
INFO: [ app_begin ] --END-- [ RunTime:0.000630s ]
INFO: [ view_parse ] --START--
INFO: [ template_filter ] --START--
INFO: Run Behavior\ContentReplaceBehavior [ RunTime:0.000045s ]
INFO: [ template_filter ] --END-- [ RunTime:0.000109s ]
INFO: Run Behavior\ParseTemplateBehavior [ RunTime:0.005172s ]
INFO: [ view_parse ] --END-- [ RunTime:0.005214s ]
INFO: [ view_filter ] --START--
INFO: Run Behavior\WriteHtmlCacheBehavior [ RunTime:0.000220s ]
INFO: [ view_filter ] --END-- [ RunTime:0.000248s ]
INFO: [ app_end ] --START--
INFO: Run Behavior\ShowPageTraceBehavior [ RunTime:0.000482s ]
INFO: [ app_end ] --END-- [ RunTime:0.000512s ]

[ 2017-02-16T18:45:38+08:00 ] ::1 /wuyeguanli/index.php/Manage/Index/index.html
INFO: [ app_init ] --START--
INFO: Run Behavior\BuildLiteBehavior [ RunTime:0.000014s ]
INFO: [ app_init ] --END-- [ RunTime:0.000326s ]
INFO: [ app_begin ] --START--
INFO: Run Behavior\ReadHtmlCacheBehavior [ RunTime:0.000476s ]
INFO: [ app_begin ] --END-- [ RunTime:0.000518s ]
NOTIC: [8] Undefined index: code E:\php\wuyeguanli\Application\Manage\Controller\IndexController.class.php 第 39 行.
SQL: SHOW COLUMNS FROM `xly_manages` [ RunTime:0.0462s ]
SQL: SELECT * FROM `xly_manages` WHERE `username` = 'admin' LIMIT 1   [ RunTime:0.0456s ]
SQL: UPDATE `xly_manages` SET `logintime`='1487241938',`loginip`='0.0.0.0',`logincount`=logincount + 1 WHERE `id` = 1 [ RunTime:0.0514s ]

[ 2017-02-16T18:45:38+08:00 ] ::1 /wuyeguanli/index.php
INFO: [ app_init ] --START--
INFO: Run Behavior\BuildLiteBehavior [ RunTime:0.000018s ]
INFO: [ app_init ] --END-- [ RunTime:0.000939s ]
INFO: [ app_begin ] --START--
INFO: Run Behavior\ReadHtmlCacheBehavior [ RunTime:0.000682s ]
INFO: [ app_begin ] --END-- [ RunTime:0.000746s ]
INFO: [ view_parse ] --START--
INFO: [ template_filter ] --START--
INFO: Run Behavior\ContentReplaceBehavior [ RunTime:0.000066s ]
INFO: [ template_filter ] --END-- [ RunTime:0.000125s ]
INFO: Run Behavior\ParseTemplateBehavior [ RunTime:0.007705s ]
INFO: [ view_parse ] --END-- [ RunTime:0.007774s ]
INFO: [ view_filter ] --START--
INFO: Run Behavior\WriteHtmlCacheBehavior [ RunTime:0.000332s ]
INFO: [ view_filter ] --END-- [ RunTime:0.000373s ]
INFO: [ app_end ] --START--
INFO: Run Behavior\ShowPageTraceBehavior [ RunTime:0.000647s ]
INFO: [ app_end ] --END-- [ RunTime:0.000695s ]

[ 2017-02-16T18:45:38+08:00 ] ::1 /wuyeguanli/index.php/Manage/Index/main.html
INFO: [ app_init ] --START--
INFO: Run Behavior\BuildLiteBehavior [ RunTime:0.000010s ]
INFO: [ app_init ] --END-- [ RunTime:0.000252s ]
INFO: [ app_begin ] --START--
INFO: Run Behavior\ReadHtmlCacheBehavior [ RunTime:0.000368s ]
INFO: [ app_begin ] --END-- [ RunTime:0.000403s ]
SQL: SHOW COLUMNS FROM `xly_manages` [ RunTime:0.0453s ]
SQL: SELECT m.id,m.status,mr.name as rolename,m.username,mr.permissions FROM `xly_manages`  as m inner join xly_manage_role as mr on mr.id = m.roleid   WHERE m.id = '1' LIMIT 1   [ RunTime:0.0469s ]
SQL: SHOW COLUMNS FROM `xly_navigations` [ RunTime:0.0463s ]
SQL: SELECT * FROM `xly_navigations` WHERE `status` = 1 AND `type` = 1 ORDER BY sort asc,id asc  [ RunTime:0.0436s ]
INFO: [ view_parse ] --START--
INFO: [ template_filter ] --START--
INFO: Run Behavior\ContentReplaceBehavior [ RunTime:0.000184s ]
INFO: [ template_filter ] --END-- [ RunTime:0.000224s ]
INFO: Run Behavior\ParseTemplateBehavior [ RunTime:0.013139s ]
INFO: [ view_parse ] --END-- [ RunTime:0.013188s ]
INFO: [ view_filter ] --START--
INFO: Run Behavior\WriteHtmlCacheBehavior [ RunTime:0.000273s ]
INFO: [ view_filter ] --END-- [ RunTime:0.000313s ]
INFO: [ app_end ] --START--
INFO: Run Behavior\ShowPageTraceBehavior [ RunTime:0.000454s ]
INFO: [ app_end ] --END-- [ RunTime:0.000498s ]

[ 2017-02-16T20:15:10+08:00 ] ::1 /wuyeguanli/index.php/Manage/Users/index/n/17.html
INFO: [ app_init ] --START--
INFO: Run Behavior\BuildLiteBehavior [ RunTime:0.000017s ]
INFO: [ app_init ] --END-- [ RunTime:0.000423s ]
INFO: [ app_begin ] --START--
INFO: Run Behavior\ReadHtmlCacheBehavior [ RunTime:0.000791s ]
INFO: [ app_begin ] --END-- [ RunTime:0.000849s ]
INFO: [ view_parse ] --START--
INFO: [ template_filter ] --START--
INFO: Run Behavior\ContentReplaceBehavior [ RunTime:0.000031s ]
INFO: [ template_filter ] --END-- [ RunTime:0.000074s ]
INFO: Run Behavior\ParseTemplateBehavior [ RunTime:0.005255s ]
INFO: [ view_parse ] --END-- [ RunTime:0.005297s ]
INFO: [ view_filter ] --START--
INFO: Run Behavior\WriteHtmlCacheBehavior [ RunTime:0.000307s ]
INFO: [ view_filter ] --END-- [ RunTime:0.000336s ]

[ 2017-02-16T20:15:14+08:00 ] ::1 /wuyeguanli/
INFO: [ app_init ] --START--
INFO: Run Behavior\BuildLiteBehavior [ RunTime:0.000014s ]
INFO: [ app_init ] --END-- [ RunTime:0.000367s ]
INFO: [ app_begin ] --START--
INFO: Run Behavior\ReadHtmlCacheBehavior [ RunTime:0.000619s ]
INFO: [ app_begin ] --END-- [ RunTime:0.000666s ]
INFO: [ view_parse ] --START--
INFO: [ template_filter ] --START--
INFO: Run Behavior\ContentReplaceBehavior [ RunTime:0.000054s ]
INFO: [ template_filter ] --END-- [ RunTime:0.000103s ]
INFO: Run Behavior\ParseTemplateBehavior [ RunTime:0.007051s ]
INFO: [ view_parse ] --END-- [ RunTime:0.007098s ]
INFO: [ view_filter ] --START--
INFO: Run Behavior\WriteHtmlCacheBehavior [ RunTime:0.000328s ]
INFO: [ view_filter ] --END-- [ RunTime:0.000361s ]
INFO: [ app_end ] --START--
INFO: Run Behavior\ShowPageTraceBehavior [ RunTime:0.000543s ]
INFO: [ app_end ] --END-- [ RunTime:0.000577s ]

[ 2017-02-16T20:15:15+08:00 ] ::1 /wuyeguanli/
INFO: [ app_init ] --START--
INFO: Run Behavior\BuildLiteBehavior [ RunTime:0.000012s ]
INFO: [ app_init ] --END-- [ RunTime:0.000311s ]
INFO: [ app_begin ] --START--
INFO: Run Behavior\ReadHtmlCacheBehavior [ RunTime:0.000530s ]
INFO: [ app_begin ] --END-- [ RunTime:0.000578s ]
INFO: [ view_parse ] --START--
INFO: [ template_filter ] --START--
INFO: Run Behavior\ContentReplaceBehavior [ RunTime:0.000044s ]
INFO: [ template_filter ] --END-- [ RunTime:0.000085s ]
INFO: Run Behavior\ParseTemplateBehavior [ RunTime:0.005539s ]
INFO: [ view_parse ] --END-- [ RunTime:0.005610s ]
INFO: [ view_filter ] --START--
INFO: Run Behavior\WriteHtmlCacheBehavior [ RunTime:0.000258s ]
INFO: [ view_filter ] --END-- [ RunTime:0.000285s ]
INFO: [ app_end ] --START--
INFO: Run Behavior\ShowPageTraceBehavior [ RunTime:0.000498s ]
INFO: [ app_end ] --END-- [ RunTime:0.000528s ]

[ 2017-02-16T20:15:16+08:00 ] ::1 /wuyeguanli/index.php
INFO: [ app_init ] --START--
INFO: Run Behavior\BuildLiteBehavior [ RunTime:0.000018s ]
INFO: [ app_init ] --END-- [ RunTime:0.000478s ]
INFO: [ app_begin ] --START--
INFO: Run Behavior\ReadHtmlCacheBehavior [ RunTime:0.000749s ]
INFO: [ app_begin ] --END-- [ RunTime:0.000811s ]
INFO: [ view_parse ] --START--
INFO: [ template_filter ] --START--
INFO: Run Behavior\ContentReplaceBehavior [ RunTime:0.000071s ]
INFO: [ template_filter ] --END-- [ RunTime:0.000129s ]
INFO: Run Behavior\ParseTemplateBehavior [ RunTime:0.008414s ]
INFO: [ view_parse ] --END-- [ RunTime:0.008485s ]
INFO: [ view_filter ] --START--
INFO: Run Behavior\WriteHtmlCacheBehavior [ RunTime:0.000376s ]
INFO: [ view_filter ] --END-- [ RunTime:0.000422s ]
INFO: [ app_end ] --START--
INFO: Run Behavior\ShowPageTraceBehavior [ RunTime:0.000720s ]
INFO: [ app_end ] --END-- [ RunTime:0.000773s ]

[ 2017-02-16T20:15:16+08:00 ] ::1 /wuyeguanli/index.php/Manage/Index/index.html
INFO: [ app_init ] --START--
INFO: Run Behavior\BuildLiteBehavior [ RunTime:0.000013s ]
INFO: [ app_init ] --END-- [ RunTime:0.000370s ]
INFO: [ app_begin ] --START--
INFO: Run Behavior\ReadHtmlCacheBehavior [ RunTime:0.000656s ]
INFO: [ app_begin ] --END-- [ RunTime:0.000704s ]
NOTIC: [8] Undefined index: code E:\php\wuyeguanli\Application\Manage\Controller\IndexController.class.php 第 39 行.
SQL: SHOW COLUMNS FROM `xly_manages` [ RunTime:0.0509s ]
SQL: SELECT * FROM `xly_manages` WHERE `username` = 'admin' LIMIT 1   [ RunTime:0.0564s ]
SQL: UPDATE `xly_manages` SET `logintime`='1487247316',`loginip`='0.0.0.0',`logincount`=logincount + 1 WHERE `id` = 1 [ RunTime:0.0488s ]

[ 2017-02-16T20:15:17+08:00 ] ::1 /wuyeguanli/index.php/Manage/Index/main.html
INFO: [ app_init ] --START--
INFO: Run Behavior\BuildLiteBehavior [ RunTime:0.000023s ]
INFO: [ app_init ] --END-- [ RunTime:0.000598s ]
INFO: [ app_begin ] --START--
INFO: Run Behavior\ReadHtmlCacheBehavior [ RunTime:0.001006s ]
INFO: [ app_begin ] --END-- [ RunTime:0.001086s ]
SQL: SHOW COLUMNS FROM `xly_manages` [ RunTime:0.0478s ]
SQL: SELECT m.id,m.status,mr.name as rolename,m.username,mr.permissions FROM `xly_manages`  as m inner join xly_manage_role as mr on mr.id = m.roleid   WHERE m.id = '1' LIMIT 1   [ RunTime:0.0532s ]
SQL: SHOW COLUMNS FROM `xly_navigations` [ RunTime:0.0577s ]
SQL: SELECT * FROM `xly_navigations` WHERE `status` = 1 AND `type` = 1 ORDER BY sort asc,id asc  [ RunTime:0.0493s ]
INFO: [ view_parse ] --START--
INFO: [ template_filter ] --START--
INFO: Run Behavior\ContentReplaceBehavior [ RunTime:0.000263s ]
INFO: [ template_filter ] --END-- [ RunTime:0.000337s ]
INFO: Run Behavior\ParseTemplateBehavior [ RunTime:0.038478s ]
INFO: [ view_parse ] --END-- [ RunTime:0.038588s ]
INFO: [ view_filter ] --START--
INFO: Run Behavior\WriteHtmlCacheBehavior [ RunTime:0.000531s ]
INFO: [ view_filter ] --END-- [ RunTime:0.000588s ]
INFO: [ app_end ] --START--
INFO: Run Behavior\ShowPageTraceBehavior [ RunTime:0.001031s ]
INFO: [ app_end ] --END-- [ RunTime:0.001100s ]

[ 2017-02-16T20:15:19+08:00 ] ::1 /wuyeguanli/index.php/Manage/Community/index/n/4.html
INFO: [ app_init ] --START--
INFO: Run Behavior\BuildLiteBehavior [ RunTime:0.000016s ]
INFO: [ app_init ] --END-- [ RunTime:0.000386s ]
INFO: [ app_begin ] --START--
INFO: Run Behavior\ReadHtmlCacheBehavior [ RunTime:0.000630s ]
INFO: [ app_begin ] --END-- [ RunTime:0.000680s ]
SQL: SHOW COLUMNS FROM `xly_manages` [ RunTime:0.0497s ]
SQL: SELECT m.id,m.status,mr.name as rolename,m.username,mr.permissions FROM `xly_manages`  as m inner join xly_manage_role as mr on mr.id = m.roleid   WHERE m.id = '1' LIMIT 1   [ RunTime:0.0510s ]
SQL: SHOW COLUMNS FROM `xly_navigations` [ RunTime:0.0487s ]
SQL: SELECT `id` FROM `xly_navigations` WHERE (  (`group` = 'Manage' and controller = 'Community' and method = 'index' ) or interrelated_g_c_m like '%Manage_Community_index%'  and type = 1 )  [ RunTime:0.0468s ]
INFO: [ view_parse ] --START--
INFO: [ template_filter ] --START--
INFO: Run Behavior\ContentReplaceBehavior [ RunTime:0.000151s ]
INFO: [ template_filter ] --END-- [ RunTime:0.000253s ]
INFO: Run Behavior\ParseTemplateBehavior [ RunTime:0.025566s ]
INFO: [ view_parse ] --END-- [ RunTime:0.025676s ]
INFO: [ view_filter ] --START--
INFO: Run Behavior\WriteHtmlCacheBehavior [ RunTime:0.000945s ]
INFO: [ view_filter ] --END-- [ RunTime:0.001028s ]
INFO: [ app_end ] --START--
INFO: Run Behavior\ShowPageTraceBehavior [ RunTime:0.001388s ]
INFO: [ app_end ] --END-- [ RunTime:0.001483s ]

[ 2017-02-16T20:15:20+08:00 ] ::1 /wuyeguanli/index.php/Manage/Community/ajax_getList.html?pageSize=10&pageNumber=1&sortName=id&sortOrder=desc
INFO: [ app_init ] --START--
INFO: Run Behavior\BuildLiteBehavior [ RunTime:0.000013s ]
INFO: [ app_init ] --END-- [ RunTime:0.000306s ]
INFO: [ app_begin ] --START--
INFO: Run Behavior\ReadHtmlCacheBehavior [ RunTime:0.000481s ]
INFO: [ app_begin ] --END-- [ RunTime:0.000518s ]
SQL: SHOW COLUMNS FROM `xly_manages` [ RunTime:0.0465s ]
SQL: SELECT m.id,m.status,mr.name as rolename,m.username,mr.permissions FROM `xly_manages`  as m inner join xly_manage_role as mr on mr.id = m.roleid   WHERE m.id = '1' LIMIT 1   [ RunTime:0.0437s ]
SQL: SHOW COLUMNS FROM `xly_navigations` [ RunTime:0.0482s ]
SQL: SELECT `id` FROM `xly_navigations` WHERE (  (`group` = 'Manage' and controller = 'Community' and method = 'ajax_getList' ) or interrelated_g_c_m like '%Manage_Community_ajax_getList%'  and type = 1 )  [ RunTime:0.0521s ]
NOTIC: [8] Undefined index: arrJoins E:\php\wuyeguanli\Application\Common\Common\SystemController.class.php 第 1051 行.
NOTIC: [2] Invalid argument supplied for foreach() E:\php\wuyeguanli\Application\Common\Common\BaseController.class.php 第 568 行.
SQL: SHOW COLUMNS FROM `xly_community` [ RunTime:0.0457s ]
SQL: SELECT COUNT(*) AS tp_count FROM `xly_community` LIMIT 1   [ RunTime:0.0430s ]
SQL: SELECT `id`,`name`,`town`,`address`,`addtime` FROM `xly_community` ORDER BY id desc LIMIT 0,10   [ RunTime:0.0482s ]

[ 2017-02-16T20:15:23+08:00 ] ::1 /wuyeguanli/index.php/Manage/Users/index/n/17.html
INFO: [ app_init ] --START--
INFO: Run Behavior\BuildLiteBehavior [ RunTime:0.000015s ]
INFO: [ app_init ] --END-- [ RunTime:0.000375s ]
INFO: [ app_begin ] --START--
INFO: Run Behavior\ReadHtmlCacheBehavior [ RunTime:0.000647s ]
INFO: [ app_begin ] --END-- [ RunTime:0.000692s ]
SQL: SHOW COLUMNS FROM `xly_manages` [ RunTime:0.0497s ]
SQL: SELECT m.id,m.status,mr.name as rolename,m.username,mr.permissions FROM `xly_manages`  as m inner join xly_manage_role as mr on mr.id = m.roleid   WHERE m.id = '1' LIMIT 1   [ RunTime:0.0442s ]
SQL: SHOW COLUMNS FROM `xly_navigations` [ RunTime:0.0456s ]
SQL: SELECT `id` FROM `xly_navigations` WHERE (  (`group` = 'Manage' and controller = 'Users' and method = 'index' ) or interrelated_g_c_m like '%Manage_Users_index%'  and type = 1 )  [ RunTime:0.0922s ]
NOTIC: [8] Undefined variable: arrJoins E:\php\wuyeguanli\Application\Manage\Controller\UsersController.class.php 第 11 行.
NOTIC: [2] Invalid argument supplied for foreach() E:\php\wuyeguanli\Application\Common\Common\BaseController.class.php 第 568 行.
SQL: SHOW COLUMNS FROM `xly_community` [ RunTime:0.0540s ]
SQL: SELECT * FROM `xly_community`  [ RunTime:0.0458s ]
SQL: SHOW COLUMNS FROM `xly_users` [ RunTime:0.0469s ]
NOTIC: [8] Undefined variable: arrJoins E:\php\wuyeguanli\Application\Manage\Controller\UsersController.class.php 第 12 行.
NOTIC: [2] Invalid argument supplied for foreach() E:\php\wuyeguanli\Application\Common\Common\BaseController.class.php 第 568 行.
SQL: SHOW COLUMNS FROM `xly_sequestration` [ RunTime:0.0463s ]
SQL: SELECT case type when 1 then '按时间封号' when 2 then '永久封号' when 3 then '解封' end as type FROM `xly_sequestration`  [ RunTime:0.0438s ]
INFO: [ view_parse ] --START--
INFO: [ template_filter ] --START--
INFO: Run Behavior\ContentReplaceBehavior [ RunTime:0.000153s ]
INFO: [ template_filter ] --END-- [ RunTime:0.000251s ]
INFO: Run Behavior\ParseTemplateBehavior [ RunTime:0.016807s ]
INFO: [ view_parse ] --END-- [ RunTime:0.016904s ]
INFO: [ view_filter ] --START--
INFO: Run Behavior\WriteHtmlCacheBehavior [ RunTime:0.000681s ]
INFO: [ view_filter ] --END-- [ RunTime:0.000753s ]
INFO: [ app_end ] --START--
INFO: Run Behavior\ShowPageTraceBehavior [ RunTime:0.001479s ]
INFO: [ app_end ] --END-- [ RunTime:0.001568s ]

[ 2017-02-16T20:15:24+08:00 ] ::1 /wuyeguanli/index.php/Manage/Users/ajax_getList.html?pageSize=10&pageNumber=1&sortName=u.id&sortOrder=desc
INFO: [ app_init ] --START--
INFO: Run Behavior\BuildLiteBehavior [ RunTime:0.000013s ]
INFO: [ app_init ] --END-- [ RunTime:0.000294s ]
INFO: [ app_begin ] --START--
INFO: Run Behavior\ReadHtmlCacheBehavior [ RunTime:0.000476s ]
INFO: [ app_begin ] --END-- [ RunTime:0.000512s ]
SQL: SHOW COLUMNS FROM `xly_manages` [ RunTime:0.0452s ]
SQL: SELECT m.id,m.status,mr.name as rolename,m.username,mr.permissions FROM `xly_manages`  as m inner join xly_manage_role as mr on mr.id = m.roleid   WHERE m.id = '1' LIMIT 1   [ RunTime:0.0427s ]
SQL: SHOW COLUMNS FROM `xly_navigations` [ RunTime:0.0450s ]
SQL: SELECT `id` FROM `xly_navigations` WHERE (  (`group` = 'Manage' and controller = 'Users' and method = 'ajax_getList' ) or interrelated_g_c_m like '%Manage_Users_ajax_getList%'  and type = 1 )  [ RunTime:0.0440s ]
NOTIC: [8] Undefined variable: arrJoins E:\php\wuyeguanli\Application\Manage\Controller\UsersController.class.php 第 11 行.
NOTIC: [2] Invalid argument supplied for foreach() E:\php\wuyeguanli\Application\Common\Common\BaseController.class.php 第 568 行.
SQL: SHOW COLUMNS FROM `xly_community` [ RunTime:0.0508s ]
SQL: SELECT * FROM `xly_community`  [ RunTime:0.0450s ]
SQL: SHOW COLUMNS FROM `xly_users` [ RunTime:0.0473s ]
NOTIC: [8] Undefined variable: arrJoins E:\php\wuyeguanli\Application\Manage\Controller\UsersController.class.php 第 12 行.
NOTIC: [2] Invalid argument supplied for foreach() E:\php\wuyeguanli\Application\Common\Common\BaseController.class.php 第 568 行.
SQL: SHOW COLUMNS FROM `xly_sequestration` [ RunTime:0.0456s ]
SQL: SELECT case type when 1 then '按时间封号' when 2 then '永久封号' when 3 then '解封' end as type FROM `xly_sequestration`  [ RunTime:0.0432s ]
SQL: SELECT COUNT(*) AS tp_count FROM `xly_users`  as u left join xly_house as h on h.id = u.house_id  left join xly_community as c on c.id = h.communityid  left join xly_user_house as uh on uh.userid = u.id   LIMIT 1   [ RunTime:0.0440s ]
SQL: SELECT u.id,u.phone,u.house_id,u.sex,u.real_name,if(u.sequestration = 1,'正常','封号') as sequestration,u.birthdate,c.name as name,u.status,h.name as hname,if(u.status = 1,'启用','不启用') as status,case u.sex when 0 then '女' when 1 then '男' when 2 then '保密' end as sex,if(uh.isproprietor = 1,'业主','非业主') as isproprietor FROM `xly_users`  as u left join xly_house as h on h.id = u.house_id  left join xly_community as c on c.id = h.communityid  left join xly_user_house as uh on uh.userid = u.id   ORDER BY u.id desc LIMIT 0,10   [ RunTime:0.0429s ]

[ 2017-02-16T20:15:25+08:00 ] ::1 /wuyeguanli/index.php/Manage/Feedback/index/n/15.html
INFO: [ app_init ] --START--
INFO: Run Behavior\BuildLiteBehavior [ RunTime:0.000011s ]
INFO: [ app_init ] --END-- [ RunTime:0.000285s ]
INFO: [ app_begin ] --START--
INFO: Run Behavior\ReadHtmlCacheBehavior [ RunTime:0.000547s ]
INFO: [ app_begin ] --END-- [ RunTime:0.000588s ]
SQL: SHOW COLUMNS FROM `xly_manages` [ RunTime:0.0455s ]
SQL: SELECT m.id,m.status,mr.name as rolename,m.username,mr.permissions FROM `xly_manages`  as m inner join xly_manage_role as mr on mr.id = m.roleid   WHERE m.id = '1' LIMIT 1   [ RunTime:0.0442s ]
SQL: SHOW COLUMNS FROM `xly_navigations` [ RunTime:0.0470s ]
SQL: SELECT `id` FROM `xly_navigations` WHERE (  (`group` = 'Manage' and controller = 'Feedback' and method = 'index' ) or interrelated_g_c_m like '%Manage_Feedback_index%'  and type = 1 )  [ RunTime:0.0446s ]
INFO: [ view_parse ] --START--
INFO: [ template_filter ] --START--
INFO: Run Behavior\ContentReplaceBehavior [ RunTime:0.000107s ]
INFO: [ template_filter ] --END-- [ RunTime:0.000177s ]
INFO: Run Behavior\ParseTemplateBehavior [ RunTime:0.021059s ]
INFO: [ view_parse ] --END-- [ RunTime:0.021129s ]
INFO: [ view_filter ] --START--
INFO: Run Behavior\WriteHtmlCacheBehavior [ RunTime:0.000484s ]
INFO: [ view_filter ] --END-- [ RunTime:0.000539s ]
INFO: [ app_end ] --START--
INFO: Run Behavior\ShowPageTraceBehavior [ RunTime:0.001001s ]
INFO: [ app_end ] --END-- [ RunTime:0.001074s ]

[ 2017-02-16T20:15:26+08:00 ] ::1 /wuyeguanli/index.php/Manage/Feedback/ajax_getList.html?pageSize=10&pageNumber=1&sortName=id&sortOrder=desc
INFO: [ app_init ] --START--
INFO: Run Behavior\BuildLiteBehavior [ RunTime:0.000012s ]
INFO: [ app_init ] --END-- [ RunTime:0.000293s ]
INFO: [ app_begin ] --START--
INFO: Run Behavior\ReadHtmlCacheBehavior [ RunTime:0.000481s ]
INFO: [ app_begin ] --END-- [ RunTime:0.000517s ]
SQL: SHOW COLUMNS FROM `xly_manages` [ RunTime:0.0487s ]
SQL: SELECT m.id,m.status,mr.name as rolename,m.username,mr.permissions FROM `xly_manages`  as m inner join xly_manage_role as mr on mr.id = m.roleid   WHERE m.id = '1' LIMIT 1   [ RunTime:0.0437s ]
SQL: SHOW COLUMNS FROM `xly_navigations` [ RunTime:0.0459s ]
SQL: SELECT `id` FROM `xly_navigations` WHERE (  (`group` = 'Manage' and controller = 'Feedback' and method = 'ajax_getList' ) or interrelated_g_c_m like '%Manage_Feedback_ajax_getList%'  and type = 1 )  [ RunTime:0.0460s ]
SQL: SHOW COLUMNS FROM `xly_feedback` [ RunTime:0.0458s ]
SQL: SELECT COUNT(*) AS tp_count FROM `xly_feedback`   as fb left join xly_users as u on u.id = fb.userid    LIMIT 1   [ RunTime:0.0458s ]
SQL: SELECT fb.id,fb.userid,from_UNIXTIME(fb.addtime,'%Y-%m-%d %H:%i') as addtime,fb.content,u.real_name,if(fb.status = 1,'已查看','未查看') as status FROM `xly_feedback`   as fb left join xly_users as u on u.id = fb.userid    ORDER BY id desc LIMIT 0,10   [ RunTime:0.0441s ]

[ 2017-02-16T20:15:29+08:00 ] ::1 /wuyeguanli/index.php/Manage/Feedback/detail.html?id=14
INFO: [ app_init ] --START--
INFO: Run Behavior\BuildLiteBehavior [ RunTime:0.000018s ]
INFO: [ app_init ] --END-- [ RunTime:0.000439s ]
INFO: [ app_begin ] --START--
INFO: Run Behavior\ReadHtmlCacheBehavior [ RunTime:0.000670s ]
INFO: [ app_begin ] --END-- [ RunTime:0.000722s ]
SQL: SHOW COLUMNS FROM `xly_manages` [ RunTime:0.0479s ]
SQL: SELECT m.id,m.status,mr.name as rolename,m.username,mr.permissions FROM `xly_manages`  as m inner join xly_manage_role as mr on mr.id = m.roleid   WHERE m.id = '1' LIMIT 1   [ RunTime:0.0461s ]
SQL: SHOW COLUMNS FROM `xly_navigations` [ RunTime:0.0454s ]
SQL: SELECT `id` FROM `xly_navigations` WHERE (  (`group` = 'Manage' and controller = 'Feedback' and method = 'detail' ) or interrelated_g_c_m like '%Manage_Feedback_detail%'  and type = 1 )  [ RunTime:0.0457s ]
SQL: SHOW COLUMNS FROM `xly_feedback` [ RunTime:0.0474s ]
SQL: SELECT * FROM `xly_feedback` WHERE `id` = 14 LIMIT 1   [ RunTime:0.0518s ]
SQL: SHOW COLUMNS FROM `xly_feedback` [ RunTime:0.0460s ]
SQL: SELECT fb.id,fb.userid,from_UNIXTIME(fb.addtime,'%Y-%m-%d %H:%i') as addtime,fb.content,u.real_name FROM `xly_feedback`  as fb left join xly_users as u on u.id = fb.userid   WHERE fb.id = '14' LIMIT 1   [ RunTime:0.0452s ]
INFO: [ view_parse ] --START--
INFO: [ template_filter ] --START--
INFO: Run Behavior\ContentReplaceBehavior [ RunTime:0.000166s ]
INFO: [ template_filter ] --END-- [ RunTime:0.000320s ]
INFO: Run Behavior\ParseTemplateBehavior [ RunTime:0.046302s ]
INFO: [ view_parse ] --END-- [ RunTime:0.046536s ]
INFO: [ view_filter ] --START--
INFO: Run Behavior\WriteHtmlCacheBehavior [ RunTime:0.001125s ]
INFO: [ view_filter ] --END-- [ RunTime:0.001270s ]
INFO: [ app_end ] --START--
INFO: Run Behavior\ShowPageTraceBehavior [ RunTime:0.002032s ]
INFO: [ app_end ] --END-- [ RunTime:0.002161s ]

[ 2017-02-16T20:15:33+08:00 ] ::1 /wuyeguanli/index.php/Manage/Feedback/detail.html?id=14
INFO: [ app_init ] --START--
INFO: Run Behavior\BuildLiteBehavior [ RunTime:0.000030s ]
INFO: [ app_init ] --END-- [ RunTime:0.000745s ]
INFO: [ app_begin ] --START--
INFO: Run Behavior\ReadHtmlCacheBehavior [ RunTime:0.000750s ]
INFO: [ app_begin ] --END-- [ RunTime:0.000816s ]
SQL: SHOW COLUMNS FROM `xly_manages` [ RunTime:0.0527s ]
SQL: SELECT m.id,m.status,mr.name as rolename,m.username,mr.permissions FROM `xly_manages`  as m inner join xly_manage_role as mr on mr.id = m.roleid   WHERE m.id = '1' LIMIT 1   [ RunTime:0.0468s ]
SQL: SHOW COLUMNS FROM `xly_navigations` [ RunTime:0.0483s ]
SQL: SELECT `id` FROM `xly_navigations` WHERE (  (`group` = 'Manage' and controller = 'Feedback' and method = 'detail' ) or interrelated_g_c_m like '%Manage_Feedback_detail%'  and type = 1 )  [ RunTime:0.0473s ]
SQL: SHOW COLUMNS FROM `xly_feedback` [ RunTime:0.0476s ]
SQL: SELECT * FROM `xly_feedback` WHERE `id` = 14 LIMIT 1   [ RunTime:0.0501s ]
SQL: SHOW COLUMNS FROM `xly_feedback` [ RunTime:0.0505s ]
SQL: SELECT fb.id,fb.userid,from_UNIXTIME(fb.addtime,'%Y-%m-%d %H:%i') as addtime,fb.content,u.real_name FROM `xly_feedback`  as fb left join xly_users as u on u.id = fb.userid   WHERE fb.id = '14' LIMIT 1   [ RunTime:0.0513s ]
INFO: [ view_parse ] --START--
INFO: [ template_filter ] --START--
INFO: Run Behavior\ContentReplaceBehavior [ RunTime:0.000159s ]
INFO: [ template_filter ] --END-- [ RunTime:0.000332s ]
INFO: Run Behavior\ParseTemplateBehavior [ RunTime:0.024477s ]
INFO: [ view_parse ] --END-- [ RunTime:0.024649s ]
INFO: [ view_filter ] --START--
INFO: Run Behavior\WriteHtmlCacheBehavior [ RunTime:0.001078s ]
INFO: [ view_filter ] --END-- [ RunTime:0.001189s ]
INFO: [ app_end ] --START--
INFO: Run Behavior\ShowPageTraceBehavior [ RunTime:0.001769s ]
INFO: [ app_end ] --END-- [ RunTime:0.001880s ]

