[ 2017-03-09T00:42:15+08:00 ] ::1 /wuyeguanli/
INFO: [ app_init ] --START--
INFO: Run Behavior\BuildLiteBehavior [ RunTime:0.000025s ]
INFO: [ app_init ] --END-- [ RunTime:0.008091s ]
INFO: [ app_begin ] --START--
INFO: Run Behavior\ReadHtmlCacheBehavior [ RunTime:0.011393s ]
INFO: [ app_begin ] --END-- [ RunTime:0.011465s ]
INFO: [ view_parse ] --START--
INFO: [ template_filter ] --START--
INFO: Run Behavior\ContentReplaceBehavior [ RunTime:0.011916s ]
INFO: [ template_filter ] --END-- [ RunTime:0.011997s ]
INFO: Run Behavior\ParseTemplateBehavior [ RunTime:0.118705s ]
INFO: [ view_parse ] --END-- [ RunTime:0.118774s ]
INFO: [ view_filter ] --START--
INFO: Run Behavior\WriteHtmlCacheBehavior [ RunTime:0.000707s ]
INFO: [ view_filter ] --END-- [ RunTime:0.000754s ]
INFO: [ app_end ] --START--
INFO: Run Behavior\ShowPageTraceBehavior [ RunTime:0.001050s ]
INFO: [ app_end ] --END-- [ RunTime:0.001104s ]

[ 2017-03-09T00:52:32+08:00 ] ::1 /wuyeguanli/
INFO: [ app_init ] --START--
INFO: Run Behavior\BuildLiteBehavior [ RunTime:0.000013s ]
INFO: [ app_init ] --END-- [ RunTime:0.000371s ]
INFO: [ app_begin ] --START--
INFO: Run Behavior\ReadHtmlCacheBehavior [ RunTime:0.000605s ]
INFO: [ app_begin ] --END-- [ RunTime:0.000655s ]
INFO: [ view_parse ] --START--
INFO: [ template_filter ] --START--
INFO: Run Behavior\ContentReplaceBehavior [ RunTime:0.000048s ]
INFO: [ template_filter ] --END-- [ RunTime:0.000089s ]
INFO: Run Behavior\ParseTemplateBehavior [ RunTime:0.005898s ]
INFO: [ view_parse ] --END-- [ RunTime:0.005934s ]
INFO: [ view_filter ] --START--
INFO: Run Behavior\WriteHtmlCacheBehavior [ RunTime:0.000240s ]
INFO: [ view_filter ] --END-- [ RunTime:0.000266s ]
INFO: [ app_end ] --START--
INFO: Run Behavior\ShowPageTraceBehavior [ RunTime:0.000440s ]
INFO: [ app_end ] --END-- [ RunTime:0.000470s ]

[ 2017-03-09T00:52:35+08:00 ] ::1 /wuyeguanli/index.php/Manage/Index/index.html
INFO: [ app_init ] --START--
INFO: Run Behavior\BuildLiteBehavior [ RunTime:0.000015s ]
INFO: [ app_init ] --END-- [ RunTime:0.000334s ]
INFO: [ app_begin ] --START--
INFO: Run Behavior\ReadHtmlCacheBehavior [ RunTime:0.000485s ]
INFO: [ app_begin ] --END-- [ RunTime:0.000529s ]
NOTIC: [8] Undefined index: code E:\php\wuyeguanli\Application\Manage\Controller\IndexController.class.php 第 39 行.
SQL: SHOW COLUMNS FROM `xly_manages` [ RunTime:0.1071s ]
SQL: SELECT * FROM `xly_manages` WHERE `username` = 'admin' LIMIT 1   [ RunTime:0.1033s ]
SQL: UPDATE `xly_manages` SET `logintime`='1488991955',`loginip`='0.0.0.0',`logincount`=logincount + 1 WHERE `id` = 1 [ RunTime:0.1123s ]

[ 2017-03-09T00:52:36+08:00 ] ::1 /wuyeguanli/index.php/Manage/Index/main.html
INFO: [ app_init ] --START--
INFO: Run Behavior\BuildLiteBehavior [ RunTime:0.000027s ]
INFO: [ app_init ] --END-- [ RunTime:0.000704s ]
INFO: [ app_begin ] --START--
INFO: Run Behavior\ReadHtmlCacheBehavior [ RunTime:0.000933s ]
INFO: [ app_begin ] --END-- [ RunTime:0.001024s ]
SQL: SHOW COLUMNS FROM `xly_manages` [ RunTime:0.0981s ]
SQL: SELECT m.id,m.status,mr.name as rolename,m.username,mr.permissions FROM `xly_manages`  as m inner join xly_manage_role as mr on mr.id = m.roleid   WHERE m.id = '1' LIMIT 1   [ RunTime:0.1314s ]
SQL: SHOW COLUMNS FROM `xly_navigations` [ RunTime:0.0933s ]
SQL: SELECT * FROM `xly_navigations` WHERE `status` = 1 AND `type` = 1 ORDER BY sort asc,id asc  [ RunTime:0.1281s ]
INFO: [ view_parse ] --START--
INFO: [ template_filter ] --START--
INFO: Run Behavior\ContentReplaceBehavior [ RunTime:0.000269s ]
INFO: [ template_filter ] --END-- [ RunTime:0.000347s ]
INFO: Run Behavior\ParseTemplateBehavior [ RunTime:0.043329s ]
INFO: [ view_parse ] --END-- [ RunTime:0.043430s ]
INFO: [ view_filter ] --START--
INFO: Run Behavior\WriteHtmlCacheBehavior [ RunTime:0.000308s ]
INFO: [ view_filter ] --END-- [ RunTime:0.000354s ]
INFO: [ app_end ] --START--
INFO: Run Behavior\ShowPageTraceBehavior [ RunTime:0.000662s ]
INFO: [ app_end ] --END-- [ RunTime:0.000718s ]

[ 2017-03-09T01:24:06+08:00 ] ::1 /wuyeguanli/index.php
INFO: [ app_init ] --START--
INFO: Run Behavior\BuildLiteBehavior [ RunTime:0.000016s ]
INFO: [ app_init ] --END-- [ RunTime:0.000416s ]
INFO: [ app_begin ] --START--
INFO: Run Behavior\ReadHtmlCacheBehavior [ RunTime:0.000678s ]
INFO: [ app_begin ] --END-- [ RunTime:0.000731s ]
INFO: [ view_parse ] --START--
INFO: [ template_filter ] --START--
INFO: Run Behavior\ContentReplaceBehavior [ RunTime:0.000063s ]
INFO: [ template_filter ] --END-- [ RunTime:0.000118s ]
INFO: Run Behavior\ParseTemplateBehavior [ RunTime:0.008393s ]
INFO: [ view_parse ] --END-- [ RunTime:0.008442s ]
INFO: [ view_filter ] --START--
INFO: Run Behavior\WriteHtmlCacheBehavior [ RunTime:0.000342s ]
INFO: [ view_filter ] --END-- [ RunTime:0.000380s ]
INFO: [ app_end ] --START--
INFO: Run Behavior\ShowPageTraceBehavior [ RunTime:0.000637s ]
INFO: [ app_end ] --END-- [ RunTime:0.000679s ]

[ 2017-03-09T12:04:01+08:00 ] ::1 /wuyeguanli/
INFO: [ app_init ] --START--
INFO: Run Behavior\BuildLiteBehavior [ RunTime:0.000021s ]
INFO: [ app_init ] --END-- [ RunTime:0.015463s ]
INFO: [ app_begin ] --START--
INFO: Run Behavior\ReadHtmlCacheBehavior [ RunTime:0.011165s ]
INFO: [ app_begin ] --END-- [ RunTime:0.011218s ]
INFO: [ view_parse ] --START--
INFO: [ template_filter ] --START--
INFO: Run Behavior\ContentReplaceBehavior [ RunTime:0.024290s ]
INFO: [ template_filter ] --END-- [ RunTime:0.024359s ]
INFO: Run Behavior\ParseTemplateBehavior [ RunTime:0.122802s ]
INFO: [ view_parse ] --END-- [ RunTime:0.122862s ]
INFO: [ view_filter ] --START--
INFO: Run Behavior\WriteHtmlCacheBehavior [ RunTime:0.005502s ]
INFO: [ view_filter ] --END-- [ RunTime:0.005541s ]
INFO: [ app_end ] --START--
INFO: Run Behavior\ShowPageTraceBehavior [ RunTime:0.000975s ]
INFO: [ app_end ] --END-- [ RunTime:0.001038s ]

[ 2017-03-09T12:04:03+08:00 ] ::1 /wuyeguanli/index.php/Manage/Index/index.html
INFO: [ app_init ] --START--
INFO: Run Behavior\BuildLiteBehavior [ RunTime:0.000012s ]
INFO: [ app_init ] --END-- [ RunTime:0.000270s ]
INFO: [ app_begin ] --START--
INFO: Run Behavior\ReadHtmlCacheBehavior [ RunTime:0.000388s ]
INFO: [ app_begin ] --END-- [ RunTime:0.000422s ]
NOTIC: [8] Undefined index: code E:\php\wuyeguanli\Application\Manage\Controller\IndexController.class.php 第 39 行.
SQL: SHOW COLUMNS FROM `xly_manages` [ RunTime:0.0591s ]
SQL: SELECT * FROM `xly_manages` WHERE `username` = 'admin' LIMIT 1   [ RunTime:0.0568s ]
SQL: UPDATE `xly_manages` SET `logintime`='1489032243',`loginip`='0.0.0.0',`logincount`=logincount + 1 WHERE `id` = 1 [ RunTime:0.0568s ]

[ 2017-03-09T12:04:04+08:00 ] ::1 /wuyeguanli/index.php/Manage/Index/main.html
INFO: [ app_init ] --START--
INFO: Run Behavior\BuildLiteBehavior [ RunTime:0.000012s ]
INFO: [ app_init ] --END-- [ RunTime:0.000281s ]
INFO: [ app_begin ] --START--
INFO: Run Behavior\ReadHtmlCacheBehavior [ RunTime:0.000393s ]
INFO: [ app_begin ] --END-- [ RunTime:0.000433s ]
SQL: SHOW COLUMNS FROM `xly_manages` [ RunTime:0.0615s ]
SQL: SELECT m.id,m.status,mr.name as rolename,m.username,mr.permissions FROM `xly_manages`  as m inner join xly_manage_role as mr on mr.id = m.roleid   WHERE m.id = '1' LIMIT 1   [ RunTime:0.0607s ]
SQL: SHOW COLUMNS FROM `xly_navigations` [ RunTime:0.0615s ]
SQL: SELECT * FROM `xly_navigations` WHERE `status` = 1 AND `type` = 1 ORDER BY sort asc,id asc  [ RunTime:0.0610s ]
INFO: [ view_parse ] --START--
INFO: [ template_filter ] --START--
INFO: Run Behavior\ContentReplaceBehavior [ RunTime:0.000150s ]
INFO: [ template_filter ] --END-- [ RunTime:0.000188s ]
INFO: Run Behavior\ParseTemplateBehavior [ RunTime:0.036334s ]
INFO: [ view_parse ] --END-- [ RunTime:0.036393s ]
INFO: [ view_filter ] --START--
INFO: Run Behavior\WriteHtmlCacheBehavior [ RunTime:0.000185s ]
INFO: [ view_filter ] --END-- [ RunTime:0.000212s ]
INFO: [ app_end ] --START--
INFO: Run Behavior\ShowPageTraceBehavior [ RunTime:0.000433s ]
INFO: [ app_end ] --END-- [ RunTime:0.000473s ]

[ 2017-03-09T13:21:18+08:00 ] ::1 /wuyeguanli/
INFO: [ app_init ] --START--
INFO: Run Behavior\BuildLiteBehavior [ RunTime:0.000013s ]
INFO: [ app_init ] --END-- [ RunTime:0.000375s ]
INFO: [ app_begin ] --START--
INFO: Run Behavior\ReadHtmlCacheBehavior [ RunTime:0.000595s ]
INFO: [ app_begin ] --END-- [ RunTime:0.000639s ]
INFO: [ view_parse ] --START--
INFO: [ template_filter ] --START--
INFO: Run Behavior\ContentReplaceBehavior [ RunTime:0.000051s ]
INFO: [ template_filter ] --END-- [ RunTime:0.000097s ]
INFO: Run Behavior\ParseTemplateBehavior [ RunTime:0.006963s ]
INFO: [ view_parse ] --END-- [ RunTime:0.007010s ]
INFO: [ view_filter ] --START--
INFO: Run Behavior\WriteHtmlCacheBehavior [ RunTime:0.000236s ]
INFO: [ view_filter ] --END-- [ RunTime:0.000263s ]
INFO: [ app_end ] --START--
INFO: Run Behavior\ShowPageTraceBehavior [ RunTime:0.000431s ]
INFO: [ app_end ] --END-- [ RunTime:0.000461s ]

