[ 2017-02-09T22:14:33+08:00 ] ::1 /wuyeguanli/
INFO: [ app_init ] --START--
INFO: Run Behavior\BuildLiteBehavior [ RunTime:0.000055s ]
INFO: [ app_init ] --END-- [ RunTime:0.016914s ]
INFO: [ app_begin ] --START--
INFO: Run Behavior\ReadHtmlCacheBehavior [ RunTime:0.007513s ]
INFO: [ app_begin ] --END-- [ RunTime:0.007664s ]
INFO: [ view_parse ] --START--
INFO: [ template_filter ] --START--
INFO: Run Behavior\ContentReplaceBehavior [ RunTime:0.000355s ]
INFO: [ template_filter ] --END-- [ RunTime:0.000470s ]
INFO: Run Behavior\ParseTemplateBehavior [ RunTime:0.115648s ]
INFO: [ view_parse ] --END-- [ RunTime:0.115779s ]
INFO: [ view_filter ] --START--
INFO: Run Behavior\WriteHtmlCacheBehavior [ RunTime:0.000972s ]
INFO: [ view_filter ] --END-- [ RunTime:0.001279s ]
INFO: [ app_end ] --START--
INFO: Run Behavior\ShowPageTraceBehavior [ RunTime:0.001570s ]
INFO: [ app_end ] --END-- [ RunTime:0.001659s ]

[ 2017-02-09T22:14:36+08:00 ] ::1 /wuyeguanli/index.php/Manage/Index/index.html
INFO: [ app_init ] --START--
INFO: Run Behavior\BuildLiteBehavior [ RunTime:0.000013s ]
INFO: [ app_init ] --END-- [ RunTime:0.000364s ]
INFO: [ app_begin ] --START--
INFO: Run Behavior\ReadHtmlCacheBehavior [ RunTime:0.000579s ]
INFO: [ app_begin ] --END-- [ RunTime:0.000624s ]
NOTIC: [8] Undefined index: code E:\php\wuyeguanli\Application\Manage\Controller\IndexController.class.php ç¬¬ 39 è¡Œ.
SQL: SHOW COLUMNS FROM `xly_manages` [ RunTime:0.1244s ]
SQL: SELECT * FROM `xly_manages` WHERE `username` = 'admin' LIMIT 1   [ RunTime:0.1259s ]
SQL: UPDATE `xly_manages` SET `logintime`='1486649676',`loginip`='0.0.0.0',`logincount`=logincount + 1 WHERE `id` = 1 [ RunTime:0.0483s ]

[ 2017-02-09T22:14:39+08:00 ] ::1 /wuyeguanli/index.php/Manage/Index/main.html
INFO: [ app_init ] --START--
INFO: Run Behavior\BuildLiteBehavior [ RunTime:0.000035s ]
INFO: [ app_init ] --END-- [ RunTime:0.000622s ]
INFO: [ app_begin ] --START--
INFO: Run Behavior\ReadHtmlCacheBehavior [ RunTime:0.000610s ]
INFO: [ app_begin ] --END-- [ RunTime:0.000662s ]
SQL: SHOW COLUMNS FROM `xly_manages` [ RunTime:0.0787s ]
SQL: SELECT m.id,m.status,mr.name as rolename,m.username,mr.permissions FROM `xly_manages`  as m inner join xly_manage_role as mr on mr.id = m.roleid   WHERE m.id = '1' LIMIT 1   [ RunTime:0.0466s ]
SQL: SHOW COLUMNS FROM `xly_navigations` [ RunTime:0.7130s ]
SQL: SELECT * FROM `xly_navigations` WHERE `status` = 1 AND `type` = 1 ORDER BY sort asc,id asc  [ RunTime:1.6178s ]
INFO: [ view_parse ] --START--
INFO: [ template_filter ] --START--
INFO: Run Behavior\ContentReplaceBehavior [ RunTime:0.000237s ]
INFO: [ template_filter ] --END-- [ RunTime:0.000301s ]
INFO: Run Behavior\ParseTemplateBehavior [ RunTime:0.062502s ]
INFO: [ view_parse ] --END-- [ RunTime:0.062596s ]
INFO: [ view_filter ] --START--
INFO: Run Behavior\WriteHtmlCacheBehavior [ RunTime:0.000405s ]
INFO: [ view_filter ] --END-- [ RunTime:0.000452s ]
INFO: [ app_end ] --START--
INFO: Run Behavior\ShowPageTraceBehavior [ RunTime:0.000738s ]
INFO: [ app_end ] --END-- [ RunTime:0.000792s ]

[ 2017-02-09T22:15:15+08:00 ] ::1 /wuyeguanli/index.php/Manage/Community/index/n/4.html
INFO: [ app_init ] --START--
INFO: Run Behavior\BuildLiteBehavior [ RunTime:0.000013s ]
INFO: [ app_init ] --END-- [ RunTime:0.000307s ]
INFO: [ app_begin ] --START--
INFO: Run Behavior\ReadHtmlCacheBehavior [ RunTime:0.000457s ]
INFO: [ app_begin ] --END-- [ RunTime:0.000495s ]
ERR: SQLSTATE[HY000] [2002] Ì×½Ó×Ö²Ù×÷³¢ÊÔÒ»¸öÎÞ·¨Á¬½ÓµÄÖ÷»ú¡£


[ 2017-02-09T22:16:38+08:00 ] ::1 /wuyeguanli/index.php/Manage/Community/index/n/4.html
INFO: [ app_init ] --START--
INFO: Run Behavior\BuildLiteBehavior [ RunTime:0.000013s ]
INFO: [ app_init ] --END-- [ RunTime:0.000339s ]
INFO: [ app_begin ] --START--
INFO: Run Behavior\ReadHtmlCacheBehavior [ RunTime:0.000488s ]
INFO: [ app_begin ] --END-- [ RunTime:0.000538s ]
SQL: SHOW COLUMNS FROM `xly_manages` [ RunTime:0.0500s ]
SQL: SELECT m.id,m.status,mr.name as rolename,m.username,mr.permissions FROM `xly_manages`  as m inner join xly_manage_role as mr on mr.id = m.roleid   WHERE m.id = '1' LIMIT 1   [ RunTime:0.0528s ]
SQL: SHOW COLUMNS FROM `xly_navigations` [ RunTime:0.1097s ]
SQL: SELECT `id` FROM `xly_navigations` WHERE (  (`group` = 'Manage' and controller = 'Community' and method = 'index' ) or interrelated_g_c_m like '%Manage_Community_index%'  and type = 1 )  [ RunTime:0.0505s ]
INFO: [ view_parse ] --START--
INFO: [ template_filter ] --START--
INFO: Run Behavior\ContentReplaceBehavior [ RunTime:0.000068s ]
INFO: [ template_filter ] --END-- [ RunTime:0.000122s ]
INFO: Run Behavior\ParseTemplateBehavior [ RunTime:0.372340s ]
INFO: [ view_parse ] --END-- [ RunTime:0.372479s ]
INFO: [ view_filter ] --START--
INFO: Run Behavior\WriteHtmlCacheBehavior [ RunTime:0.000296s ]
INFO: [ view_filter ] --END-- [ RunTime:0.000332s ]
INFO: [ app_end ] --START--
INFO: Run Behavior\ShowPageTraceBehavior [ RunTime:0.000585s ]
INFO: [ app_end ] --END-- [ RunTime:0.000627s ]

[ 2017-02-09T22:16:40+08:00 ] ::1 /wuyeguanli/index.php/Manage/Community/ajax_getList.html?pageSize=10&pageNumber=1&sortName=id&sortOrder=desc
INFO: [ app_init ] --START--
INFO: Run Behavior\BuildLiteBehavior [ RunTime:0.000011s ]
INFO: [ app_init ] --END-- [ RunTime:0.000277s ]
INFO: [ app_begin ] --START--
INFO: Run Behavior\ReadHtmlCacheBehavior [ RunTime:0.000565s ]
INFO: [ app_begin ] --END-- [ RunTime:0.000600s ]
SQL: SHOW COLUMNS FROM `xly_manages` [ RunTime:0.0539s ]
SQL: SELECT m.id,m.status,mr.name as rolename,m.username,mr.permissions FROM `xly_manages`  as m inner join xly_manage_role as mr on mr.id = m.roleid   WHERE m.id = '1' LIMIT 1   [ RunTime:0.0562s ]
SQL: SHOW COLUMNS FROM `xly_navigations` [ RunTime:0.1986s ]
SQL: SELECT `id` FROM `xly_navigations` WHERE (  (`group` = 'Manage' and controller = 'Community' and method = 'ajax_getList' ) or interrelated_g_c_m like '%Manage_Community_ajax_getList%'  and type = 1 )  [ RunTime:0.2812s ]
NOTIC: [8] Undefined index: arrJoins E:\php\wuyeguanli\Application\Common\Common\SystemController.class.php ç¬¬ 813 è¡Œ.
NOTIC: [2] Invalid argument supplied for foreach() E:\php\wuyeguanli\Application\Common\Common\BaseController.class.php ç¬¬ 568 è¡Œ.
SQL: SHOW COLUMNS FROM `xly_community` [ RunTime:0.2188s ]
SQL: SELECT COUNT(*) AS tp_count FROM `xly_community` LIMIT 1   [ RunTime:0.1243s ]
SQL: SELECT `id`,`name`,`town`,`address`,`addtime` FROM `xly_community` ORDER BY id desc LIMIT 0,10   [ RunTime:0.1064s ]

[ 2017-02-09T22:16:59+08:00 ] ::1 /wuyeguanli/index.php/Manage/Community/index/n/4.html
INFO: [ app_init ] --START--
INFO: Run Behavior\BuildLiteBehavior [ RunTime:0.000012s ]
INFO: [ app_init ] --END-- [ RunTime:0.000334s ]
INFO: [ app_begin ] --START--
INFO: Run Behavior\ReadHtmlCacheBehavior [ RunTime:0.000545s ]
INFO: [ app_begin ] --END-- [ RunTime:0.000595s ]
SQL: SHOW COLUMNS FROM `xly_manages` [ RunTime:0.2334s ]
SQL: SELECT m.id,m.status,mr.name as rolename,m.username,mr.permissions FROM `xly_manages`  as m inner join xly_manage_role as mr on mr.id = m.roleid   WHERE m.id = '1' LIMIT 1   [ RunTime:0.2881s ]
SQL: SHOW COLUMNS FROM `xly_navigations` [ RunTime:0.2000s ]
SQL: SELECT `id` FROM `xly_navigations` WHERE (  (`group` = 'Manage' and controller = 'Community' and method = 'index' ) or interrelated_g_c_m like '%Manage_Community_index%'  and type = 1 )  [ RunTime:0.1769s ]
INFO: [ view_parse ] --START--
INFO: [ template_filter ] --START--
INFO: Run Behavior\ContentReplaceBehavior [ RunTime:0.000133s ]
INFO: [ template_filter ] --END-- [ RunTime:0.000233s ]
INFO: Run Behavior\ParseTemplateBehavior [ RunTime:0.015140s ]
INFO: [ view_parse ] --END-- [ RunTime:0.015255s ]
INFO: [ view_filter ] --START--
INFO: Run Behavior\WriteHtmlCacheBehavior [ RunTime:0.000427s ]
INFO: [ view_filter ] --END-- [ RunTime:0.000497s ]
INFO: [ app_end ] --START--
INFO: Run Behavior\ShowPageTraceBehavior [ RunTime:0.000981s ]
INFO: [ app_end ] --END-- [ RunTime:0.001064s ]

[ 2017-02-09T22:17:03+08:00 ] ::1 /wuyeguanli/index.php/Manage/Community/ajax_getList.html?pageSize=10&pageNumber=1&sortName=id&sortOrder=desc
INFO: [ app_init ] --START--
INFO: Run Behavior\BuildLiteBehavior [ RunTime:0.000013s ]
INFO: [ app_init ] --END-- [ RunTime:0.000271s ]
INFO: [ app_begin ] --START--
INFO: Run Behavior\ReadHtmlCacheBehavior [ RunTime:0.000375s ]
INFO: [ app_begin ] --END-- [ RunTime:0.000412s ]
SQL: SHOW COLUMNS FROM `xly_manages` [ RunTime:0.2723s ]
SQL: SELECT m.id,m.status,mr.name as rolename,m.username,mr.permissions FROM `xly_manages`  as m inner join xly_manage_role as mr on mr.id = m.roleid   WHERE m.id = '1' LIMIT 1   [ RunTime:0.2983s ]
SQL: SHOW COLUMNS FROM `xly_navigations` [ RunTime:0.2154s ]
SQL: SELECT `id` FROM `xly_navigations` WHERE (  (`group` = 'Manage' and controller = 'Community' and method = 'ajax_getList' ) or interrelated_g_c_m like '%Manage_Community_ajax_getList%'  and type = 1 )  [ RunTime:0.0798s ]
NOTIC: [8] Undefined index: arrJoins E:\php\wuyeguanli\Application\Common\Common\SystemController.class.php ç¬¬ 813 è¡Œ.
NOTIC: [2] Invalid argument supplied for foreach() E:\php\wuyeguanli\Application\Common\Common\BaseController.class.php ç¬¬ 568 è¡Œ.
SQL: SHOW COLUMNS FROM `xly_community` [ RunTime:0.2858s ]
SQL: SELECT COUNT(*) AS tp_count FROM `xly_community` LIMIT 1   [ RunTime:0.1665s ]
SQL: SELECT `id`,`name`,`town`,`address`,`addtime` FROM `xly_community` ORDER BY id desc LIMIT 0,10   [ RunTime:0.0904s ]

[ 2017-02-09T22:29:05+08:00 ] ::1 /wuyeguanli/index.php
INFO: [ app_init ] --START--
INFO: Run Behavior\BuildLiteBehavior [ RunTime:0.000010s ]
INFO: [ app_init ] --END-- [ RunTime:0.000250s ]
INFO: [ app_begin ] --START--
INFO: Run Behavior\ReadHtmlCacheBehavior [ RunTime:0.000368s ]
INFO: [ app_begin ] --END-- [ RunTime:0.000403s ]
INFO: [ view_parse ] --START--
INFO: [ template_filter ] --START--
INFO: Run Behavior\ContentReplaceBehavior [ RunTime:0.000045s ]
INFO: [ template_filter ] --END-- [ RunTime:0.000088s ]
INFO: Run Behavior\ParseTemplateBehavior [ RunTime:0.005634s ]
INFO: [ view_parse ] --END-- [ RunTime:0.005669s ]
INFO: [ view_filter ] --START--
INFO: Run Behavior\WriteHtmlCacheBehavior [ RunTime:0.000244s ]
INFO: [ view_filter ] --END-- [ RunTime:0.000270s ]
INFO: [ app_end ] --START--
INFO: Run Behavior\ShowPageTraceBehavior [ RunTime:0.000468s ]
INFO: [ app_end ] --END-- [ RunTime:0.000497s ]

[ 2017-02-09T23:56:55+08:00 ] ::1 /wuyeguanli/index.php
INFO: [ app_init ] --START--
INFO: Run Behavior\BuildLiteBehavior [ RunTime:0.000021s ]
INFO: [ app_init ] --END-- [ RunTime:0.000586s ]
INFO: [ app_begin ] --START--
INFO: Run Behavior\ReadHtmlCacheBehavior [ RunTime:0.000943s ]
INFO: [ app_begin ] --END-- [ RunTime:0.001018s ]
INFO: [ view_parse ] --START--
INFO: [ template_filter ] --START--
INFO: Run Behavior\ContentReplaceBehavior [ RunTime:0.000054s ]
INFO: [ template_filter ] --END-- [ RunTime:0.000105s ]
INFO: Run Behavior\ParseTemplateBehavior [ RunTime:0.009030s ]
INFO: [ view_parse ] --END-- [ RunTime:0.009090s ]
INFO: [ view_filter ] --START--
INFO: Run Behavior\WriteHtmlCacheBehavior [ RunTime:0.000256s ]
INFO: [ view_filter ] --END-- [ RunTime:0.000285s ]
INFO: [ app_end ] --START--
INFO: Run Behavior\ShowPageTraceBehavior [ RunTime:0.000455s ]
INFO: [ app_end ] --END-- [ RunTime:0.000487s ]

