[ 2017-03-19T00:06:10+08:00 ] 222.182.97.24 /old/WZY/css/bootstrap.min.css.map
INFO: [ app_init ] --START--
INFO: Run Behavior\BuildLiteBehavior [ RunTime:0.000019s ]
INFO: [ app_init ] --END-- [ RunTime:0.000370s ]
ERR: 无法加载模块:Old

[ 2017-03-19T00:06:14+08:00 ] 222.182.97.24 /old/WZY/css/bootstrap.min.css.map
INFO: [ app_init ] --START--
INFO: Run Behavior\BuildLiteBehavior [ RunTime:0.000020s ]
INFO: [ app_init ] --END-- [ RunTime:0.000380s ]
ERR: 无法加载模块:Old

[ 2017-03-19T00:06:16+08:00 ] 222.182.97.24 /old/WZY/css/bootstrap.min.css.map
INFO: [ app_init ] --START--
INFO: Run Behavior\BuildLiteBehavior [ RunTime:0.000018s ]
INFO: [ app_init ] --END-- [ RunTime:0.000357s ]
ERR: 无法加载模块:Old

[ 2017-03-19T00:06:18+08:00 ] 222.182.97.24 /WZY/css/reset.css
INFO: [ app_init ] --START--
INFO: Run Behavior\BuildLiteBehavior [ RunTime:0.000031s ]
INFO: [ app_init ] --END-- [ RunTime:0.000646s ]
ERR: 无法加载模块:WZY

[ 2017-03-19T00:06:18+08:00 ] 222.182.97.24 /WZY/css/header-footer.css
INFO: [ app_init ] --START--
INFO: Run Behavior\BuildLiteBehavior [ RunTime:0.000026s ]
INFO: [ app_init ] --END-- [ RunTime:0.000539s ]
ERR: 无法加载模块:WZY

[ 2017-03-19T00:06:18+08:00 ] 222.182.97.24 /WZY/css/bootstrap.min.css
INFO: [ app_init ] --START--
INFO: Run Behavior\BuildLiteBehavior [ RunTime:0.000018s ]
INFO: [ app_init ] --END-- [ RunTime:0.000424s ]
ERR: 无法加载模块:WZY

[ 2017-03-19T00:06:18+08:00 ] 222.182.97.24 /WZY/css/login/login.css
INFO: [ app_init ] --START--
INFO: Run Behavior\BuildLiteBehavior [ RunTime:0.000018s ]
INFO: [ app_init ] --END-- [ RunTime:0.000412s ]
ERR: 无法加载模块:WZY

[ 2017-03-19T00:10:45+08:00 ] 222.182.97.24 /old/WZY/css/bootstrap.min.css.map
INFO: [ app_init ] --START--
INFO: Run Behavior\BuildLiteBehavior [ RunTime:0.000019s ]
INFO: [ app_init ] --END-- [ RunTime:0.000438s ]
ERR: 无法加载模块:Old

[ 2017-03-19T00:10:48+08:00 ] 222.182.97.24 /old/WZY/css/bootstrap.min.css.map
INFO: [ app_init ] --START--
INFO: Run Behavior\BuildLiteBehavior [ RunTime:0.000020s ]
INFO: [ app_init ] --END-- [ RunTime:0.000453s ]
ERR: 无法加载模块:Old

[ 2017-03-19T01:26:04+08:00 ] 139.162.88.63 http://clientapi.ipip.net/echo.php?info=1234567890
INFO: [ app_init ] --START--
INFO: Run Behavior\BuildLiteBehavior [ RunTime:0.000020s ]
INFO: [ app_init ] --END-- [ RunTime:0.000445s ]
ERR: 无法加载模块:Echo

[ 2017-03-19T01:50:27+08:00 ] 222.182.97.24 /favicon.ico
INFO: [ app_init ] --START--
INFO: Run Behavior\BuildLiteBehavior [ RunTime:0.000019s ]
INFO: [ app_init ] --END-- [ RunTime:0.000374s ]
ERR: 无法加载模块:Favicon

[ 2017-03-19T03:14:11+08:00 ] 61.151.226.16 /old/WZY/css/bootstrap.min.css.map
INFO: [ app_init ] --START--
INFO: Run Behavior\BuildLiteBehavior [ RunTime:0.000020s ]
INFO: [ app_init ] --END-- [ RunTime:0.000422s ]
ERR: 无法加载模块:Old

[ 2017-03-19T03:29:26+08:00 ] 112.65.193.13 /old/wzy/css/bootstrap.min.css.map
INFO: [ app_init ] --START--
INFO: Run Behavior\BuildLiteBehavior [ RunTime:0.000020s ]
INFO: [ app_init ] --END-- [ RunTime:0.000420s ]
ERR: 无法加载模块:Old

[ 2017-03-19T03:31:12+08:00 ] 123.207.14.194 /old/WZY/css/bootstrap.min.css.map
INFO: [ app_init ] --START--
INFO: Run Behavior\BuildLiteBehavior [ RunTime:0.000022s ]
INFO: [ app_init ] --END-- [ RunTime:0.000500s ]
ERR: 无法加载模块:Old

[ 2017-03-19T03:55:09+08:00 ] 115.159.67.220 /old/wzy/css/bootstrap.min.css.map
INFO: [ app_init ] --START--
INFO: Run Behavior\BuildLiteBehavior [ RunTime:0.000019s ]
INFO: [ app_init ] --END-- [ RunTime:0.000433s ]
ERR: 无法加载模块:Old

[ 2017-03-19T07:24:32+08:00 ] 191.96.249.97 /phpmyadmin/scripts/setup.php
INFO: [ app_init ] --START--
INFO: Run Behavior\BuildLiteBehavior [ RunTime:0.000026s ]
INFO: [ app_init ] --END-- [ RunTime:0.000419s ]
ERR: 无法加载模块:Phpmyadmin

[ 2017-03-19T12:34:09+08:00 ] 42.196.183.121 /IPC$
INFO: [ app_init ] --START--
INFO: Run Behavior\BuildLiteBehavior [ RunTime:0.000019s ]
INFO: [ app_init ] --END-- [ RunTime:0.000386s ]
ERR: 无法加载模块:IPC$

[ 2017-03-19T13:02:23+08:00 ] 123.184.33.219 /manager/html
INFO: [ app_init ] --START--
INFO: Run Behavior\BuildLiteBehavior [ RunTime:0.000020s ]
INFO: [ app_init ] --END-- [ RunTime:0.000406s ]
ERR: 无法加载模块:Manager

[ 2017-03-19T13:33:05+08:00 ] 222.182.107.53 /Public/hplus/css/bootstrap.min.css.map
INFO: [ app_init ] --START--
INFO: Run Behavior\BuildLiteBehavior [ RunTime:0.000020s ]
INFO: [ app_init ] --END-- [ RunTime:0.000521s ]
ERR: 无法加载模块:Public

[ 2017-03-19T13:33:27+08:00 ] 222.182.107.53 /Public/hplus/css/bootstrap.min.css.map
INFO: [ app_init ] --START--
INFO: Run Behavior\BuildLiteBehavior [ RunTime:0.000026s ]
INFO: [ app_init ] --END-- [ RunTime:0.000365s ]
ERR: 无法加载模块:Public

[ 2017-03-19T13:35:43+08:00 ] 222.182.107.53 /Public/hplus/css/bootstrap.min.css.map
INFO: [ app_init ] --START--
INFO: Run Behavior\BuildLiteBehavior [ RunTime:0.000018s ]
INFO: [ app_init ] --END-- [ RunTime:0.000361s ]
ERR: 无法加载模块:Public

[ 2017-03-19T13:36:00+08:00 ] 183.57.53.177 /jenkins
INFO: [ app_init ] --START--
INFO: Run Behavior\BuildLiteBehavior [ RunTime:0.000019s ]
INFO: [ app_init ] --END-- [ RunTime:0.000426s ]
ERR: 无法加载模块:Jenkins

[ 2017-03-19T13:36:13+08:00 ] 222.182.107.53 /Public/hplus/css/bootstrap.min.css.map
INFO: [ app_init ] --START--
INFO: Run Behavior\BuildLiteBehavior [ RunTime:0.000024s ]
INFO: [ app_init ] --END-- [ RunTime:0.000402s ]
ERR: 无法加载模块:Public

[ 2017-03-19T13:37:53+08:00 ] 222.182.107.53 /Public/hplus/css/bootstrap.min.css.map
INFO: [ app_init ] --START--
INFO: Run Behavior\BuildLiteBehavior [ RunTime:0.000018s ]
INFO: [ app_init ] --END-- [ RunTime:0.000358s ]
ERR: 无法加载模块:Public

[ 2017-03-19T13:37:56+08:00 ] 222.182.107.53 /favicon.ico
INFO: [ app_init ] --START--
INFO: Run Behavior\BuildLiteBehavior [ RunTime:0.000019s ]
INFO: [ app_init ] --END-- [ RunTime:0.000468s ]
ERR: 无法加载模块:Favicon

[ 2017-03-19T13:43:43+08:00 ] 222.186.58.12 /phpmyadmin
INFO: [ app_init ] --START--
INFO: Run Behavior\BuildLiteBehavior [ RunTime:0.000021s ]
INFO: [ app_init ] --END-- [ RunTime:0.000437s ]
ERR: 无法加载模块:Phpmyadmin

[ 2017-03-19T14:24:29+08:00 ] 222.182.107.53 /index.html?v=4.0
INFO: [ app_init ] --START--
INFO: Run Behavior\BuildLiteBehavior [ RunTime:0.000018s ]
INFO: [ app_init ] --END-- [ RunTime:0.000417s ]
ERR: 无法加载模块:Index

[ 2017-03-19T14:24:39+08:00 ] 101.226.66.191 /index.html?v=4.0
INFO: [ app_init ] --START--
INFO: Run Behavior\BuildLiteBehavior [ RunTime:0.000019s ]
INFO: [ app_init ] --END-- [ RunTime:0.000385s ]
ERR: 无法加载模块:Index

[ 2017-03-19T16:02:33+08:00 ] 186.204.205.223 /system.ini?loginuse&loginpas
INFO: [ app_init ] --START--
INFO: Run Behavior\BuildLiteBehavior [ RunTime:0.000019s ]
INFO: [ app_init ] --END-- [ RunTime:0.000381s ]
ERR: 无法加载模块:System

[ 2017-03-19T16:06:11+08:00 ] 180.153.81.212 /manager/html
INFO: [ app_init ] --START--
INFO: Run Behavior\BuildLiteBehavior [ RunTime:0.000018s ]
INFO: [ app_init ] --END-- [ RunTime:0.000405s ]
ERR: 无法加载模块:Manager

[ 2017-03-19T16:36:24+08:00 ] 101.226.89.121 /index.html?v%3D4.0
INFO: [ app_init ] --START--
INFO: Run Behavior\BuildLiteBehavior [ RunTime:0.000019s ]
INFO: [ app_init ] --END-- [ RunTime:0.000393s ]
ERR: 无法加载模块:Index

[ 2017-03-19T16:36:24+08:00 ] 180.153.214.152 /index.html?v%3D4.0
INFO: [ app_init ] --START--
INFO: Run Behavior\BuildLiteBehavior [ RunTime:0.000017s ]
INFO: [ app_init ] --END-- [ RunTime:0.000391s ]
ERR: 无法加载模块:Index

[ 2017-03-19T16:36:24+08:00 ] 101.226.89.117 /index.html?v%3D4.0
INFO: [ app_init ] --START--
INFO: Run Behavior\BuildLiteBehavior [ RunTime:0.000022s ]
INFO: [ app_init ] --END-- [ RunTime:0.000393s ]
ERR: 无法加载模块:Index

[ 2017-03-19T16:36:24+08:00 ] 101.226.66.181 /index.html?v%3D4.0
INFO: [ app_init ] --START--
INFO: Run Behavior\BuildLiteBehavior [ RunTime:0.000019s ]
INFO: [ app_init ] --END-- [ RunTime:0.000383s ]
ERR: 无法加载模块:Index

[ 2017-03-19T18:40:19+08:00 ] 101.226.64.174 /index.html?v%253D4.0
INFO: [ app_init ] --START--
INFO: Run Behavior\BuildLiteBehavior [ RunTime:0.000018s ]
INFO: [ app_init ] --END-- [ RunTime:0.000420s ]
ERR: 无法加载模块:Index

[ 2017-03-19T18:40:28+08:00 ] 101.226.33.219 /index.html?v%253D4.0
INFO: [ app_init ] --START--
INFO: Run Behavior\BuildLiteBehavior [ RunTime:0.000024s ]
INFO: [ app_init ] --END-- [ RunTime:0.000378s ]
ERR: 无法加载模块:Index

[ 2017-03-19T18:41:51+08:00 ] 101.226.89.116 /system.ini?loginuse%26loginpas
INFO: [ app_init ] --START--
INFO: Run Behavior\BuildLiteBehavior [ RunTime:0.000019s ]
INFO: [ app_init ] --END-- [ RunTime:0.000395s ]
ERR: 无法加载模块:System

[ 2017-03-19T18:52:37+08:00 ] 221.204.249.139 /manager/html
INFO: [ app_init ] --START--
INFO: Run Behavior\BuildLiteBehavior [ RunTime:0.000019s ]
INFO: [ app_init ] --END-- [ RunTime:0.000387s ]
ERR: 无法加载模块:Manager

[ 2017-03-19T19:03:55+08:00 ] 218.88.127.242 /favicon.ico
INFO: [ app_init ] --START--
INFO: Run Behavior\BuildLiteBehavior [ RunTime:0.000019s ]
INFO: [ app_init ] --END-- [ RunTime:0.000398s ]
ERR: 无法加载模块:Favicon

[ 2017-03-19T19:51:50+08:00 ] 107.179.126.34 /phpmyadmin
INFO: [ app_init ] --START--
INFO: Run Behavior\BuildLiteBehavior [ RunTime:0.000020s ]
INFO: [ app_init ] --END-- [ RunTime:0.000383s ]
ERR: 无法加载模块:Phpmyadmin

[ 2017-03-19T19:59:35+08:00 ] 5.178.86.76 http://check.best-proxies.ru/azenv.php?auth=148992477753&a=PSCN&i=2077189253&p=80
INFO: [ app_init ] --START--
INFO: Run Behavior\BuildLiteBehavior [ RunTime:0.000019s ]
INFO: [ app_init ] --END-- [ RunTime:0.000370s ]
ERR: 无法加载模块:Azenv

[ 2017-03-19T20:33:57+08:00 ] 106.91.184.180 /index.html?v=4.0
INFO: [ app_init ] --START--
INFO: Run Behavior\BuildLiteBehavior [ RunTime:0.000017s ]
INFO: [ app_init ] --END-- [ RunTime:0.000417s ]
ERR: 无法加载模块:Index

[ 2017-03-19T20:34:06+08:00 ] 101.226.33.203 /index.html?v=4.0
INFO: [ app_init ] --START--
INFO: Run Behavior\BuildLiteBehavior [ RunTime:0.000018s ]
INFO: [ app_init ] --END-- [ RunTime:0.000364s ]
ERR: 无法加载模块:Index

[ 2017-03-19T20:52:19+08:00 ] 101.226.68.215 /system.ini?loginuse%2526loginpas
INFO: [ app_init ] --START--
INFO: Run Behavior\BuildLiteBehavior [ RunTime:0.000017s ]
INFO: [ app_init ] --END-- [ RunTime:0.000374s ]
ERR: 无法加载模块:System

[ 2017-03-19T20:52:28+08:00 ] 101.226.89.120 /system.ini?loginuse%2526loginpas
INFO: [ app_init ] --START--
INFO: Run Behavior\BuildLiteBehavior [ RunTime:0.000019s ]
INFO: [ app_init ] --END-- [ RunTime:0.000361s ]
ERR: 无法加载模块:System

[ 2017-03-19T21:54:56+08:00 ] 220.181.108.117 /WZY/uploads/3590/1480177404420ys.gif
INFO: [ app_init ] --START--
INFO: Run Behavior\BuildLiteBehavior [ RunTime:0.000020s ]
INFO: [ app_init ] --END-- [ RunTime:0.000451s ]
ERR: 无法加载模块:WZY

[ 2017-03-19T22:07:57+08:00 ] 140.207.185.109 /index.html?v%25253D4.0
INFO: [ app_init ] --START--
INFO: Run Behavior\BuildLiteBehavior [ RunTime:0.000019s ]
INFO: [ app_init ] --END-- [ RunTime:0.000400s ]
ERR: 无法加载模块:Index

[ 2017-03-19T22:12:31+08:00 ] 101.226.33.208 /phpmyadmin
INFO: [ app_init ] --START--
INFO: Run Behavior\BuildLiteBehavior [ RunTime:0.000019s ]
INFO: [ app_init ] --END-- [ RunTime:0.000474s ]
ERR: 无法加载模块:Phpmyadmin

[ 2017-03-19T22:12:31+08:00 ] 180.153.206.20 /phpmyadmin
INFO: [ app_init ] --START--
INFO: Run Behavior\BuildLiteBehavior [ RunTime:0.000018s ]
INFO: [ app_init ] --END-- [ RunTime:0.000433s ]
ERR: 无法加载模块:Phpmyadmin

[ 2017-03-19T22:12:31+08:00 ] 117.185.27.115 /phpmyadmin
INFO: [ app_init ] --START--
INFO: Run Behavior\BuildLiteBehavior [ RunTime:0.000025s ]
INFO: [ app_init ] --END-- [ RunTime:0.000531s ]
ERR: 无法加载模块:Phpmyadmin

[ 2017-03-19T22:12:31+08:00 ] 180.153.205.253 /phpmyadmin
INFO: [ app_init ] --START--
INFO: Run Behavior\BuildLiteBehavior [ RunTime:0.000021s ]
INFO: [ app_init ] --END-- [ RunTime:0.000465s ]
ERR: 无法加载模块:Phpmyadmin

[ 2017-03-19T22:17:12+08:00 ] 119.147.207.158 /system.ini?loginuse%252526loginpas
INFO: [ app_init ] --START--
INFO: Run Behavior\BuildLiteBehavior [ RunTime:0.000019s ]
INFO: [ app_init ] --END-- [ RunTime:0.000398s ]
ERR: 无法加载模块:System

[ 2017-03-19T22:17:21+08:00 ] 101.226.33.240 /system.ini?loginuse%252526loginpas
INFO: [ app_init ] --START--
INFO: Run Behavior\BuildLiteBehavior [ RunTime:0.000027s ]
INFO: [ app_init ] --END-- [ RunTime:0.000441s ]
ERR: 无法加载模块:System

[ 2017-03-19T22:47:17+08:00 ] 198.20.69.74 /robots.txt
INFO: [ app_init ] --START--
INFO: Run Behavior\BuildLiteBehavior [ RunTime:0.000018s ]
INFO: [ app_init ] --END-- [ RunTime:0.000408s ]
ERR: 无法加载模块:Robots

[ 2017-03-19T22:47:32+08:00 ] 198.20.69.74 /sitemap.xml
INFO: [ app_init ] --START--
INFO: Run Behavior\BuildLiteBehavior [ RunTime:0.000020s ]
INFO: [ app_init ] --END-- [ RunTime:0.000381s ]
ERR: 无法加载模块:Sitemap

[ 2017-03-19T22:49:00+08:00 ] 101.226.33.208 /index.html?v%3D4.0
INFO: [ app_init ] --START--
INFO: Run Behavior\BuildLiteBehavior [ RunTime:0.000023s ]
INFO: [ app_init ] --END-- [ RunTime:0.000380s ]
ERR: 无法加载模块:Index

[ 2017-03-19T23:10:20+08:00 ] ::1 /2017/weixiao/Public/hplus/css/bootstrap.min.css.map
INFO: [ app_init ] --START--
INFO: Run Behavior\BuildLiteBehavior [ RunTime:0.000020s ]
INFO: [ app_init ] --END-- [ RunTime:0.000554s ]
ERR: 无法加载模块:Public

[ 2017-03-19T23:43:34+08:00 ] ::1 /2017/weixiao/Public/hplus/css/bootstrap.min.css.map
INFO: [ app_init ] --START--
INFO: Run Behavior\BuildLiteBehavior [ RunTime:0.000024s ]
INFO: [ app_init ] --END-- [ RunTime:0.000501s ]
ERR: 无法加载模块:Public

[ 2017-03-19T23:49:28+08:00 ] ::1 /2017/weixiao/Public/system/css/chosen_style.css
INFO: [ app_init ] --START--
INFO: Run Behavior\BuildLiteBehavior [ RunTime:0.000019s ]
INFO: [ app_init ] --END-- [ RunTime:0.000467s ]
ERR: 无法加载模块:Public

[ 2017-03-19T23:49:28+08:00 ] ::1 /2017/weixiao/Public/system/js/search.js
INFO: [ app_init ] --START--
INFO: Run Behavior\BuildLiteBehavior [ RunTime:0.000013s ]
INFO: [ app_init ] --END-- [ RunTime:0.000313s ]
ERR: 无法加载模块:Public

[ 2017-03-19T23:49:28+08:00 ] ::1 /2017/weixiao/Public/system/css/chosen_style.css
INFO: [ app_init ] --START--
INFO: Run Behavior\BuildLiteBehavior [ RunTime:0.000011s ]
INFO: [ app_init ] --END-- [ RunTime:0.000260s ]
ERR: 无法加载模块:Public

[ 2017-03-19T23:50:11+08:00 ] ::1 /2017/weixiao/Public/system/js/search.js
INFO: [ app_init ] --START--
INFO: Run Behavior\BuildLiteBehavior [ RunTime:0.000012s ]
INFO: [ app_init ] --END-- [ RunTime:0.000260s ]
ERR: 无法加载模块:Public

[ 2017-03-19T23:50:11+08:00 ] ::1 /2017/weixiao/Public/system/css/chosen_style.css
INFO: [ app_init ] --START--
INFO: Run Behavior\BuildLiteBehavior [ RunTime:0.000011s ]
INFO: [ app_init ] --END-- [ RunTime:0.000286s ]
ERR: 无法加载模块:Public

[ 2017-03-19T23:50:18+08:00 ] ::1 /2017/weixiao/Public/system/css/chosen_style.css
INFO: [ app_init ] --START--
INFO: Run Behavior\BuildLiteBehavior [ RunTime:0.000011s ]
INFO: [ app_init ] --END-- [ RunTime:0.000265s ]
ERR: 无法加载模块:Public

[ 2017-03-19T23:50:18+08:00 ] ::1 /2017/weixiao/Public/system/js/search.js
INFO: [ app_init ] --START--
INFO: Run Behavior\BuildLiteBehavior [ RunTime:0.000010s ]
INFO: [ app_init ] --END-- [ RunTime:0.000288s ]
ERR: 无法加载模块:Public

