[ 2017-02-27T00:57:42+08:00 ] ::1 /wuyeguanli/Public/hplus/css/bootstrap.min.css.map
INFO: [ app_init ] --START--
INFO: Run Behavior\BuildLiteBehavior [ RunTime:0.000014s ]
INFO: [ app_init ] --END-- [ RunTime:0.000302s ]
ERR: 无法加载模块:Public

[ 2017-02-27T01:31:44+08:00 ] ::1 /wuyeguanli/Public/hplus/css/bootstrap.min.css.map
INFO: [ app_init ] --START--
INFO: Run Behavior\BuildLiteBehavior [ RunTime:0.000012s ]
INFO: [ app_init ] --END-- [ RunTime:0.000273s ]
ERR: 无法加载模块:Public

[ 2017-02-27T01:32:24+08:00 ] ::1 /wuyeguanli/Public/hplus/css/bootstrap.min.css.map
INFO: [ app_init ] --START--
INFO: Run Behavior\BuildLiteBehavior [ RunTime:0.000015s ]
INFO: [ app_init ] --END-- [ RunTime:0.000346s ]
ERR: 无法加载模块:Public

[ 2017-02-27T01:38:10+08:00 ] ::1 /wuyeguanli/Public/hplus/css/bootstrap.min.css.map
INFO: [ app_init ] --START--
INFO: Run Behavior\BuildLiteBehavior [ RunTime:0.000012s ]
INFO: [ app_init ] --END-- [ RunTime:0.000272s ]
ERR: 无法加载模块:Public

[ 2017-02-27T02:01:05+08:00 ] ::1 /wuyeguanli/Public/hplus/css/bootstrap.min.css.map
INFO: [ app_init ] --START--
INFO: Run Behavior\BuildLiteBehavior [ RunTime:0.000012s ]
INFO: [ app_init ] --END-- [ RunTime:0.000276s ]
ERR: 无法加载模块:Public

[ 2017-02-27T02:01:59+08:00 ] ::1 /wuyeguanli/Public/hplus/css/bootstrap.min.css.map
INFO: [ app_init ] --START--
INFO: Run Behavior\BuildLiteBehavior [ RunTime:0.000021s ]
INFO: [ app_init ] --END-- [ RunTime:0.000411s ]
ERR: 无法加载模块:Public

[ 2017-02-27T02:12:50+08:00 ] ::1 /wuyeguanli/Public/hplus/css/bootstrap.min.css.map
INFO: [ app_init ] --START--
INFO: Run Behavior\BuildLiteBehavior [ RunTime:0.000024s ]
INFO: [ app_init ] --END-- [ RunTime:0.000599s ]
ERR: 无法加载模块:Public

[ 2017-02-27T02:16:05+08:00 ] ::1 /wuyeguanli/Public/hplus/css/bootstrap.min.css.map
INFO: [ app_init ] --START--
INFO: Run Behavior\BuildLiteBehavior [ RunTime:0.000025s ]
INFO: [ app_init ] --END-- [ RunTime:0.000627s ]
ERR: 无法加载模块:Public

[ 2017-02-27T03:04:04+08:00 ] ::1 /wuyeguanli/Public/hplus/css/bootstrap.min.css.map
INFO: [ app_init ] --START--
INFO: Run Behavior\BuildLiteBehavior [ RunTime:0.000021s ]
INFO: [ app_init ] --END-- [ RunTime:0.000528s ]
ERR: 无法加载模块:Public

[ 2017-02-27T03:24:18+08:00 ] ::1 /wuyeguanli/Public/hplus/css/bootstrap.min.css.map
INFO: [ app_init ] --START--
INFO: Run Behavior\BuildLiteBehavior [ RunTime:0.000022s ]
INFO: [ app_init ] --END-- [ RunTime:0.000528s ]
ERR: 无法加载模块:Public

[ 2017-02-27T03:24:39+08:00 ] ::1 /wuyeguanli/Public/hplus/css/bootstrap.min.css.map
INFO: [ app_init ] --START--
INFO: Run Behavior\BuildLiteBehavior [ RunTime:0.000037s ]
INFO: [ app_init ] --END-- [ RunTime:0.000862s ]
ERR: 无法加载模块:Public

[ 2017-02-27T03:24:44+08:00 ] ::1 /wuyeguanli/Public/hplus/css/bootstrap.min.css.map
INFO: [ app_init ] --START--
INFO: Run Behavior\BuildLiteBehavior [ RunTime:0.000023s ]
INFO: [ app_init ] --END-- [ RunTime:0.000557s ]
ERR: 无法加载模块:Public

[ 2017-02-27T03:24:46+08:00 ] ::1 /wuyeguanli/Public/hplus/css/bootstrap.min.css.map
INFO: [ app_init ] --START--
INFO: Run Behavior\BuildLiteBehavior [ RunTime:0.000026s ]
INFO: [ app_init ] --END-- [ RunTime:0.000647s ]
ERR: 无法加载模块:Public

[ 2017-02-27T03:27:50+08:00 ] ::1 /wuyeguanli/Public/hplus/css/bootstrap.min.css.map
INFO: [ app_init ] --START--
INFO: Run Behavior\BuildLiteBehavior [ RunTime:0.000023s ]
INFO: [ app_init ] --END-- [ RunTime:0.000539s ]
ERR: 无法加载模块:Public

[ 2017-02-27T03:31:30+08:00 ] ::1 /wuyeguanli/Public/hplus/css/bootstrap.min.css.map
INFO: [ app_init ] --START--
INFO: Run Behavior\BuildLiteBehavior [ RunTime:0.000032s ]
INFO: [ app_init ] --END-- [ RunTime:0.000593s ]
ERR: 无法加载模块:Public

[ 2017-02-27T03:35:00+08:00 ] ::1 /wuyeguanli/Public/hplus/css/bootstrap.min.css.map
INFO: [ app_init ] --START--
INFO: Run Behavior\BuildLiteBehavior [ RunTime:0.000029s ]
INFO: [ app_init ] --END-- [ RunTime:0.000566s ]
ERR: 无法加载模块:Public

[ 2017-02-27T19:12:12+08:00 ] ::1 /wuyeguanli/Public/hplus/css/bootstrap.min.css.map
INFO: [ app_init ] --START--
INFO: Run Behavior\BuildLiteBehavior [ RunTime:0.000012s ]
INFO: [ app_init ] --END-- [ RunTime:0.000285s ]
ERR: 无法加载模块:Public

[ 2017-02-27T19:25:44+08:00 ] ::1 /wuyeguanli/Public/hplus/css/bootstrap.min.css.map
INFO: [ app_init ] --START--
INFO: Run Behavior\BuildLiteBehavior [ RunTime:0.000012s ]
INFO: [ app_init ] --END-- [ RunTime:0.000294s ]
ERR: 无法加载模块:Public

[ 2017-02-27T19:31:19+08:00 ] ::1 /wuyeguanli/Public/hplus/css/bootstrap.min.css.map
INFO: [ app_init ] --START--
INFO: Run Behavior\BuildLiteBehavior [ RunTime:0.000011s ]
INFO: [ app_init ] --END-- [ RunTime:0.000253s ]
ERR: 无法加载模块:Public

[ 2017-02-27T20:13:30+08:00 ] ::1 /wuyeguanli/Public/hplus/css/bootstrap.min.css.map
INFO: [ app_init ] --START--
INFO: Run Behavior\BuildLiteBehavior [ RunTime:0.000011s ]
INFO: [ app_init ] --END-- [ RunTime:0.000267s ]
ERR: 无法加载模块:Public

[ 2017-02-27T20:16:26+08:00 ] ::1 /wuyeguanli/Public/hplus/css/bootstrap.min.css.map
INFO: [ app_init ] --START--
INFO: Run Behavior\BuildLiteBehavior [ RunTime:0.000015s ]
INFO: [ app_init ] --END-- [ RunTime:0.000322s ]
ERR: 无法加载模块:Public

[ 2017-02-27T20:19:30+08:00 ] ::1 /wuyeguanli/Public/hplus/css/bootstrap.min.css.map
INFO: [ app_init ] --START--
INFO: Run Behavior\BuildLiteBehavior [ RunTime:0.000013s ]
INFO: [ app_init ] --END-- [ RunTime:0.000304s ]
ERR: 无法加载模块:Public

[ 2017-02-27T21:59:37+08:00 ] ::1 /wuyeguanli/Public/hplus/css/bootstrap.min.css.map
INFO: [ app_init ] --START--
INFO: Run Behavior\BuildLiteBehavior [ RunTime:0.000011s ]
INFO: [ app_init ] --END-- [ RunTime:0.000268s ]
ERR: 无法加载模块:Public

[ 2017-02-27T22:12:22+08:00 ] ::1 /wuyeguanli/Public/hplus/css/bootstrap.min.css.map
INFO: [ app_init ] --START--
INFO: Run Behavior\BuildLiteBehavior [ RunTime:0.000017s ]
INFO: [ app_init ] --END-- [ RunTime:0.000402s ]
ERR: 无法加载模块:Public

[ 2017-02-27T22:12:40+08:00 ] ::1 /wuyeguanli/Public/hplus/css/bootstrap.min.css.map
INFO: [ app_init ] --START--
INFO: Run Behavior\BuildLiteBehavior [ RunTime:0.000016s ]
INFO: [ app_init ] --END-- [ RunTime:0.000383s ]
ERR: 无法加载模块:Public

[ 2017-02-27T22:12:43+08:00 ] ::1 /wuyeguanli/Public/hplus/css/bootstrap.min.css.map
INFO: [ app_init ] --START--
INFO: Run Behavior\BuildLiteBehavior [ RunTime:0.000025s ]
INFO: [ app_init ] --END-- [ RunTime:0.000609s ]
ERR: 无法加载模块:Public

[ 2017-02-27T22:12:55+08:00 ] ::1 /wuyeguanli/Public/hplus/css/bootstrap.min.css.map
INFO: [ app_init ] --START--
INFO: Run Behavior\BuildLiteBehavior [ RunTime:0.000011s ]
INFO: [ app_init ] --END-- [ RunTime:0.000264s ]
ERR: 无法加载模块:Public

[ 2017-02-27T22:20:23+08:00 ] ::1 /wuyeguanli/Public/hplus/css/bootstrap.min.css.map
INFO: [ app_init ] --START--
INFO: Run Behavior\BuildLiteBehavior [ RunTime:0.000010s ]
INFO: [ app_init ] --END-- [ RunTime:0.000262s ]
ERR: 无法加载模块:Public

[ 2017-02-27T22:24:10+08:00 ] ::1 /wuyeguanli/Public/hplus/css/bootstrap.min.css.map
INFO: [ app_init ] --START--
INFO: Run Behavior\BuildLiteBehavior [ RunTime:0.000011s ]
INFO: [ app_init ] --END-- [ RunTime:0.000281s ]
ERR: 无法加载模块:Public

[ 2017-02-27T22:31:57+08:00 ] ::1 /wuyeguanli/Public/hplus/css/bootstrap.min.css.map
INFO: [ app_init ] --START--
INFO: Run Behavior\BuildLiteBehavior [ RunTime:0.000011s ]
INFO: [ app_init ] --END-- [ RunTime:0.000262s ]
ERR: 无法加载模块:Public

[ 2017-02-27T22:34:17+08:00 ] ::1 /wuyeguanli/Public/hplus/css/bootstrap.min.css.map
INFO: [ app_init ] --START--
INFO: Run Behavior\BuildLiteBehavior [ RunTime:0.000010s ]
INFO: [ app_init ] --END-- [ RunTime:0.000309s ]
ERR: 无法加载模块:Public

[ 2017-02-27T22:37:21+08:00 ] ::1 /wuyeguanli/Public/hplus/css/bootstrap.min.css.map
INFO: [ app_init ] --START--
INFO: Run Behavior\BuildLiteBehavior [ RunTime:0.000011s ]
INFO: [ app_init ] --END-- [ RunTime:0.000259s ]
ERR: 无法加载模块:Public

[ 2017-02-27T22:38:20+08:00 ] ::1 /wuyeguanli/Public/hplus/css/bootstrap.min.css.map
INFO: [ app_init ] --START--
INFO: Run Behavior\BuildLiteBehavior [ RunTime:0.000010s ]
INFO: [ app_init ] --END-- [ RunTime:0.000288s ]
ERR: 无法加载模块:Public

[ 2017-02-27T23:04:51+08:00 ] ::1 /wuyeguanli/Public/hplus/css/bootstrap.min.css.map
INFO: [ app_init ] --START--
INFO: Run Behavior\BuildLiteBehavior [ RunTime:0.000023s ]
INFO: [ app_init ] --END-- [ RunTime:0.000615s ]
ERR: 无法加载模块:Public

[ 2017-02-27T23:05:40+08:00 ] ::1 /wuyeguanli/Public/hplus/css/bootstrap.min.css.map
INFO: [ app_init ] --START--
INFO: Run Behavior\BuildLiteBehavior [ RunTime:0.000022s ]
INFO: [ app_init ] --END-- [ RunTime:0.000609s ]
ERR: 无法加载模块:Public

[ 2017-02-27T23:24:29+08:00 ] ::1 /wuyeguanli/Public/hplus/css/bootstrap.min.css.map
INFO: [ app_init ] --START--
INFO: Run Behavior\BuildLiteBehavior [ RunTime:0.000021s ]
INFO: [ app_init ] --END-- [ RunTime:0.000573s ]
ERR: 无法加载模块:Public

[ 2017-02-27T23:26:10+08:00 ] ::1 /wuyeguanli/Public/hplus/css/bootstrap.min.css.map
INFO: [ app_init ] --START--
INFO: Run Behavior\BuildLiteBehavior [ RunTime:0.000023s ]
INFO: [ app_init ] --END-- [ RunTime:0.000535s ]
ERR: 无法加载模块:Public

[ 2017-02-27T23:32:23+08:00 ] ::1 /wuyeguanli/Public/hplus/css/bootstrap.min.css.map
INFO: [ app_init ] --START--
INFO: Run Behavior\BuildLiteBehavior [ RunTime:0.000021s ]
INFO: [ app_init ] --END-- [ RunTime:0.000534s ]
ERR: 无法加载模块:Public

[ 2017-02-27T23:35:36+08:00 ] ::1 /wuyeguanli/Public/hplus/css/bootstrap.min.css.map
INFO: [ app_init ] --START--
INFO: Run Behavior\BuildLiteBehavior [ RunTime:0.000021s ]
INFO: [ app_init ] --END-- [ RunTime:0.000538s ]
ERR: 无法加载模块:Public

[ 2017-02-27T23:36:32+08:00 ] ::1 /wuyeguanli/Public/hplus/css/bootstrap.min.css.map
INFO: [ app_init ] --START--
INFO: Run Behavior\BuildLiteBehavior [ RunTime:0.000024s ]
INFO: [ app_init ] --END-- [ RunTime:0.000612s ]
ERR: 无法加载模块:Public

[ 2017-02-27T23:39:47+08:00 ] ::1 /wuyeguanli/Public/hplus/css/bootstrap.min.css.map
INFO: [ app_init ] --START--
INFO: Run Behavior\BuildLiteBehavior [ RunTime:0.000022s ]
INFO: [ app_init ] --END-- [ RunTime:0.000540s ]
ERR: 无法加载模块:Public

[ 2017-02-27T23:56:16+08:00 ] ::1 /wuyeguanli/Public/hplus/css/bootstrap.min.css.map
INFO: [ app_init ] --START--
INFO: Run Behavior\BuildLiteBehavior [ RunTime:0.000011s ]
INFO: [ app_init ] --END-- [ RunTime:0.000291s ]
ERR: 无法加载模块:Public

