[ 2017-03-17T00:11:49+08:00 ] 106.91.173.134 /WZY/index.php?user=3
INFO: [ app_init ] --START--
INFO: Run Behavior\BuildLiteBehavior [ RunTime:0.000025s ]
INFO: [ app_init ] --END-- [ RunTime:0.000383s ]
ERR: 无法加载模块:WZY

[ 2017-03-17T01:03:51+08:00 ] 183.57.53.197 /manager/html
INFO: [ app_init ] --START--
INFO: Run Behavior\BuildLiteBehavior [ RunTime:0.000020s ]
INFO: [ app_init ] --END-- [ RunTime:0.000389s ]
ERR: 无法加载模块:Manager

[ 2017-03-17T01:04:00+08:00 ] 180.153.201.79 /manager/html
INFO: [ app_init ] --START--
INFO: Run Behavior\BuildLiteBehavior [ RunTime:0.000019s ]
INFO: [ app_init ] --END-- [ RunTime:0.000350s ]
ERR: 无法加载模块:Manager

[ 2017-03-17T01:08:36+08:00 ] 113.58.235.51 /manager/html
INFO: [ app_init ] --START--
INFO: Run Behavior\BuildLiteBehavior [ RunTime:0.000018s ]
INFO: [ app_init ] --END-- [ RunTime:0.000381s ]
ERR: 无法加载模块:Manager

[ 2017-03-17T01:09:26+08:00 ] 115.159.205.136 /phpmyadmin
INFO: [ app_init ] --START--
INFO: Run Behavior\BuildLiteBehavior [ RunTime:0.000018s ]
INFO: [ app_init ] --END-- [ RunTime:0.000338s ]
ERR: 无法加载模块:Phpmyadmin

[ 2017-03-17T02:05:42+08:00 ] 113.195.188.5 /manager/html
INFO: [ app_init ] --START--
INFO: Run Behavior\BuildLiteBehavior [ RunTime:0.000020s ]
INFO: [ app_init ] --END-- [ RunTime:0.000361s ]
ERR: 无法加载模块:Manager

[ 2017-03-17T02:47:38+08:00 ] 180.153.214.192 /WZY/index.php?user%3D3
INFO: [ app_init ] --START--
INFO: Run Behavior\BuildLiteBehavior [ RunTime:0.000019s ]
INFO: [ app_init ] --END-- [ RunTime:0.000448s ]
ERR: 无法加载模块:WZY

[ 2017-03-17T02:47:51+08:00 ] 113.58.235.117 /WZY/index.php?user%3D3
INFO: [ app_init ] --START--
INFO: Run Behavior\BuildLiteBehavior [ RunTime:0.000019s ]
INFO: [ app_init ] --END-- [ RunTime:0.000366s ]
ERR: 无法加载模块:WZY

[ 2017-03-17T03:00:14+08:00 ] 88.198.219.2 /phpmyadmin/scripts/setup.php
INFO: [ app_init ] --START--
INFO: Run Behavior\BuildLiteBehavior [ RunTime:0.000022s ]
INFO: [ app_init ] --END-- [ RunTime:0.000404s ]
ERR: 无法加载模块:Phpmyadmin

[ 2017-03-17T03:25:37+08:00 ] 80.82.78.38 http://www.baidu.com/cache/global/img/gs.gif
INFO: [ app_init ] --START--
INFO: Run Behavior\BuildLiteBehavior [ RunTime:0.000021s ]
INFO: [ app_init ] --END-- [ RunTime:0.000451s ]
ERR: 无法加载模块:Cache

[ 2017-03-17T04:02:47+08:00 ] 58.246.118.135 http://1212.ip138.com/ic.asp
INFO: [ app_init ] --START--
INFO: Run Behavior\BuildLiteBehavior [ RunTime:0.000027s ]
INFO: [ app_init ] --END-- [ RunTime:0.000415s ]
ERR: 无法加载模块:Ic

[ 2017-03-17T04:33:56+08:00 ] 101.226.33.202 /WZY/index.php?user%253D3
INFO: [ app_init ] --START--
INFO: Run Behavior\BuildLiteBehavior [ RunTime:0.000018s ]
INFO: [ app_init ] --END-- [ RunTime:0.000375s ]
ERR: 无法加载模块:WZY

[ 2017-03-17T04:34:09+08:00 ] 119.5.0.77 /WZY/index.php?user%253D3
INFO: [ app_init ] --START--
INFO: Run Behavior\BuildLiteBehavior [ RunTime:0.000018s ]
INFO: [ app_init ] --END-- [ RunTime:0.000366s ]
ERR: 无法加载模块:WZY

[ 2017-03-17T06:06:09+08:00 ] 5.9.60.241 /robots.txt
INFO: [ app_init ] --START--
INFO: Run Behavior\BuildLiteBehavior [ RunTime:0.000027s ]
INFO: [ app_init ] --END-- [ RunTime:0.000459s ]
ERR: 无法加载模块:Robots

[ 2017-03-17T06:06:11+08:00 ] 5.9.60.241 /%E5%89%8D%E7%AB%AF%E8%AE%A1%E7%AE%97%E5%99%A8.html
INFO: [ app_init ] --START--
INFO: Run Behavior\BuildLiteBehavior [ RunTime:0.000018s ]
INFO: [ app_init ] --END-- [ RunTime:0.000340s ]
ERR: 无法加载模块:前端计算器

[ 2017-03-17T06:17:36+08:00 ] 101.226.66.179 /WZY/index.php?user%25253D3
INFO: [ app_init ] --START--
INFO: Run Behavior\BuildLiteBehavior [ RunTime:0.000018s ]
INFO: [ app_init ] --END-- [ RunTime:0.000385s ]
ERR: 无法加载模块:WZY

[ 2017-03-17T06:30:46+08:00 ] 183.82.0.15 /phpmyadmin/scripts/setup.php
INFO: [ app_init ] --START--
INFO: Run Behavior\BuildLiteBehavior [ RunTime:0.000026s ]
INFO: [ app_init ] --END-- [ RunTime:0.000526s ]
ERR: 无法加载模块:Phpmyadmin

[ 2017-03-17T06:55:47+08:00 ] 191.96.249.97 /phpmyadmin/scripts/setup.php
INFO: [ app_init ] --START--
INFO: Run Behavior\BuildLiteBehavior [ RunTime:0.000020s ]
INFO: [ app_init ] --END-- [ RunTime:0.000393s ]
ERR: 无法加载模块:Phpmyadmin

[ 2017-03-17T07:00:32+08:00 ] 183.57.53.177 /phpmyadmin/scripts/setup.php
INFO: [ app_init ] --START--
INFO: Run Behavior\BuildLiteBehavior [ RunTime:0.000019s ]
INFO: [ app_init ] --END-- [ RunTime:0.000674s ]
ERR: 无法加载模块:Phpmyadmin

[ 2017-03-17T07:00:41+08:00 ] 140.207.185.112 /phpmyadmin/scripts/setup.php
INFO: [ app_init ] --START--
INFO: Run Behavior\BuildLiteBehavior [ RunTime:0.000020s ]
INFO: [ app_init ] --END-- [ RunTime:0.000382s ]
ERR: 无法加载模块:Phpmyadmin

[ 2017-03-17T07:56:55+08:00 ] 112.5.242.72 /IPC$
INFO: [ app_init ] --START--
INFO: Run Behavior\BuildLiteBehavior [ RunTime:0.000018s ]
INFO: [ app_init ] --END-- [ RunTime:0.000375s ]
ERR: 无法加载模块:IPC$

[ 2017-03-17T07:57:48+08:00 ] 180.153.206.24 /phpMyAdmin-2.6.4-pl4/scripts/setup.php
INFO: [ app_init ] --START--
INFO: Run Behavior\BuildLiteBehavior [ RunTime:0.000018s ]
INFO: [ app_init ] --END-- [ RunTime:0.000335s ]
ERR: 无法加载模块:PhpMyAdmin-2.6.4-pl4

[ 2017-03-17T08:32:08+08:00 ] 180.153.205.253 /blog/phpmyadmin/scripts/setup.php
INFO: [ app_init ] --START--
INFO: Run Behavior\BuildLiteBehavior [ RunTime:0.000020s ]
INFO: [ app_init ] --END-- [ RunTime:0.000341s ]
ERR: 无法加载模块:Blog

[ 2017-03-17T08:51:44+08:00 ] 101.226.66.179 /WZY/index.php?user%2525253D3
INFO: [ app_init ] --START--
INFO: Run Behavior\BuildLiteBehavior [ RunTime:0.000018s ]
INFO: [ app_init ] --END-- [ RunTime:0.000406s ]
ERR: 无法加载模块:WZY

[ 2017-03-17T08:57:54+08:00 ] 112.65.193.15 /%25E5%2589%258D%25E7%25AB%25AF%25E8%25AE%25A1%25E7%25AE%2597%25E5%2599%25A8.html
INFO: [ app_init ] --START--
INFO: Run Behavior\BuildLiteBehavior [ RunTime:0.000019s ]
INFO: [ app_init ] --END-- [ RunTime:0.000478s ]
ERR: 无法加载模块:前端计算器

[ 2017-03-17T09:15:16+08:00 ] 58.250.152.58 /phpmyadmin
INFO: [ app_init ] --START--
INFO: Run Behavior\BuildLiteBehavior [ RunTime:0.000019s ]
INFO: [ app_init ] --END-- [ RunTime:0.000413s ]
ERR: 无法加载模块:Phpmyadmin

[ 2017-03-17T09:26:23+08:00 ] 59.108.54.242 /ipc$
INFO: [ app_init ] --START--
INFO: Run Behavior\BuildLiteBehavior [ RunTime:0.000019s ]
INFO: [ app_init ] --END-- [ RunTime:0.000390s ]
ERR: 无法加载模块:Ipc$

[ 2017-03-17T09:29:37+08:00 ] 115.159.205.136 /phpmyadmin
INFO: [ app_init ] --START--
INFO: Run Behavior\BuildLiteBehavior [ RunTime:0.000019s ]
INFO: [ app_init ] --END-- [ RunTime:0.000364s ]
ERR: 无法加载模块:Phpmyadmin

[ 2017-03-17T09:31:42+08:00 ] 101.226.51.230 //templets/default/notexist_path.htm
INFO: [ app_init ] --START--
INFO: Run Behavior\BuildLiteBehavior [ RunTime:0.000022s ]
INFO: [ app_init ] --END-- [ RunTime:0.000473s ]
ERR: 无法加载模块:Templets

[ 2017-03-17T10:25:26+08:00 ] 180.153.205.254 /IPC$
INFO: [ app_init ] --START--
INFO: Run Behavior\BuildLiteBehavior [ RunTime:0.000018s ]
INFO: [ app_init ] --END-- [ RunTime:0.000356s ]
ERR: 无法加载模块:IPC$

[ 2017-03-17T10:40:55+08:00 ] 101.226.33.238 /index.action
INFO: [ app_init ] --START--
INFO: Run Behavior\BuildLiteBehavior [ RunTime:0.000018s ]
INFO: [ app_init ] --END-- [ RunTime:0.000361s ]
ERR: 无法加载模块:Index

[ 2017-03-17T11:38:36+08:00 ] 61.151.226.16 /WZY/index.php?user%252525253D3
INFO: [ app_init ] --START--
INFO: Run Behavior\BuildLiteBehavior [ RunTime:0.000018s ]
INFO: [ app_init ] --END-- [ RunTime:0.000401s ]
ERR: 无法加载模块:WZY

[ 2017-03-17T11:43:44+08:00 ] 101.226.66.193 /%2525E5%252589%25258D%2525E7%2525AB%2525AF%2525E8%2525AE%2525A1%2525E7%2525AE%252597%2525E5%252599%2525A8.html
INFO: [ app_init ] --START--
INFO: Run Behavior\BuildLiteBehavior [ RunTime:0.000022s ]
INFO: [ app_init ] --END-- [ RunTime:0.000394s ]
ERR: 无法加载模块:%E5%89%8D%E7%AB%AF%E8%AE%A1%E7%AE%97%E5%99%A8

[ 2017-03-17T12:19:25+08:00 ] 58.211.138.81 /phpmyadmin/
INFO: [ app_init ] --START--
INFO: Run Behavior\BuildLiteBehavior [ RunTime:0.000018s ]
INFO: [ app_init ] --END-- [ RunTime:0.000409s ]
ERR: 无法加载模块:Phpmyadmin

[ 2017-03-17T12:47:43+08:00 ] 101.226.33.219 /IPC$
INFO: [ app_init ] --START--
INFO: Run Behavior\BuildLiteBehavior [ RunTime:0.000019s ]
INFO: [ app_init ] --END-- [ RunTime:0.000409s ]
ERR: 无法加载模块:IPC$

[ 2017-03-17T12:59:42+08:00 ] 223.104.25.79 /WZY/css/reset.css
INFO: [ app_init ] --START--
INFO: Run Behavior\BuildLiteBehavior [ RunTime:0.000021s ]
INFO: [ app_init ] --END-- [ RunTime:0.000375s ]
ERR: 无法加载模块:WZY

[ 2017-03-17T12:59:42+08:00 ] 183.60.52.5 /WZY/js/bootstrap.min.js
INFO: [ app_init ] --START--
INFO: Run Behavior\BuildLiteBehavior [ RunTime:0.000017s ]
INFO: [ app_init ] --END-- [ RunTime:0.000399s ]
ERR: 无法加载模块:WZY

[ 2017-03-17T12:59:42+08:00 ] 223.104.25.79 /WZY/css/bootstrap.min.css
INFO: [ app_init ] --START--
INFO: Run Behavior\BuildLiteBehavior [ RunTime:0.000019s ]
INFO: [ app_init ] --END-- [ RunTime:0.000392s ]
ERR: 无法加载模块:WZY

[ 2017-03-17T12:59:42+08:00 ] 183.60.52.5 /WZY/js/jquery.min.js
INFO: [ app_init ] --START--
INFO: Run Behavior\BuildLiteBehavior [ RunTime:0.000019s ]
INFO: [ app_init ] --END-- [ RunTime:0.000358s ]
ERR: 无法加载模块:WZY

[ 2017-03-17T12:59:42+08:00 ] 223.104.25.79 /WZY/images/search.png
INFO: [ app_init ] --START--
INFO: Run Behavior\BuildLiteBehavior [ RunTime:0.000018s ]
INFO: [ app_init ] --END-- [ RunTime:0.000370s ]
ERR: 无法加载模块:WZY

[ 2017-03-17T12:59:42+08:00 ] 223.104.25.79 /WZY/css/encyclopedia/encyclopedia.css
INFO: [ app_init ] --START--
INFO: Run Behavior\BuildLiteBehavior [ RunTime:0.000021s ]
INFO: [ app_init ] --END-- [ RunTime:0.000442s ]
ERR: 无法加载模块:WZY

[ 2017-03-17T12:59:42+08:00 ] 223.104.25.79 /WZY/images/Encyclopedia/more.png
INFO: [ app_init ] --START--
INFO: Run Behavior\BuildLiteBehavior [ RunTime:0.000018s ]
INFO: [ app_init ] --END-- [ RunTime:0.000369s ]
ERR: 无法加载模块:WZY

[ 2017-03-17T12:59:42+08:00 ] 223.104.25.79 /WZY/css/header-footer.css
INFO: [ app_init ] --START--
INFO: Run Behavior\BuildLiteBehavior [ RunTime:0.000019s ]
INFO: [ app_init ] --END-- [ RunTime:0.000396s ]
ERR: 无法加载模块:WZY

[ 2017-03-17T12:59:42+08:00 ] 223.104.25.79 /WZY/images/x.jpg
INFO: [ app_init ] --START--
INFO: Run Behavior\BuildLiteBehavior [ RunTime:0.000019s ]
INFO: [ app_init ] --END-- [ RunTime:0.000510s ]
ERR: 无法加载模块:WZY

[ 2017-03-17T12:59:42+08:00 ] 223.104.25.79 /WZY/images/Encyclopedia/more1.png
INFO: [ app_init ] --START--
INFO: Run Behavior\BuildLiteBehavior [ RunTime:0.000019s ]
INFO: [ app_init ] --END-- [ RunTime:0.000379s ]
ERR: 无法加载模块:WZY

[ 2017-03-17T12:59:42+08:00 ] 183.60.52.5 /WZY/js/bootstrap.min.js
INFO: [ app_init ] --START--
INFO: Run Behavior\BuildLiteBehavior [ RunTime:0.000019s ]
INFO: [ app_init ] --END-- [ RunTime:0.000447s ]
ERR: 无法加载模块:WZY

[ 2017-03-17T12:59:43+08:00 ] 223.104.25.79 /WZY/images/search.png
INFO: [ app_init ] --START--
INFO: Run Behavior\BuildLiteBehavior [ RunTime:0.000030s ]
INFO: [ app_init ] --END-- [ RunTime:0.000467s ]
ERR: 无法加载模块:WZY

[ 2017-03-17T12:59:43+08:00 ] 223.104.25.79 /WZY/images/x.jpg
INFO: [ app_init ] --START--
INFO: Run Behavior\BuildLiteBehavior [ RunTime:0.000017s ]
INFO: [ app_init ] --END-- [ RunTime:0.000364s ]
ERR: 无法加载模块:WZY

[ 2017-03-17T12:59:43+08:00 ] 223.104.25.79 /WZY/images/Encyclopedia/more.png
INFO: [ app_init ] --START--
INFO: Run Behavior\BuildLiteBehavior [ RunTime:0.000017s ]
INFO: [ app_init ] --END-- [ RunTime:0.000393s ]
ERR: 无法加载模块:WZY

[ 2017-03-17T12:59:43+08:00 ] 223.104.25.79 /WZY/images/Encyclopedia/more1.png
INFO: [ app_init ] --START--
INFO: Run Behavior\BuildLiteBehavior [ RunTime:0.000019s ]
INFO: [ app_init ] --END-- [ RunTime:0.000380s ]
ERR: 无法加载模块:WZY

[ 2017-03-17T14:01:05+08:00 ] 140.207.185.111 /WZY/index.php?user%25252525253D3
INFO: [ app_init ] --START--
INFO: Run Behavior\BuildLiteBehavior [ RunTime:0.000019s ]
INFO: [ app_init ] --END-- [ RunTime:0.000347s ]
ERR: 无法加载模块:WZY

[ 2017-03-17T14:29:01+08:00 ] 101.226.64.174 /phpmyadmin
INFO: [ app_init ] --START--
INFO: Run Behavior\BuildLiteBehavior [ RunTime:0.000019s ]
INFO: [ app_init ] --END-- [ RunTime:0.000373s ]
ERR: 无法加载模块:Phpmyadmin

[ 2017-03-17T14:29:10+08:00 ] 101.226.33.221 /phpmyadmin
INFO: [ app_init ] --START--
INFO: Run Behavior\BuildLiteBehavior [ RunTime:0.000018s ]
INFO: [ app_init ] --END-- [ RunTime:0.000347s ]
ERR: 无法加载模块:Phpmyadmin

[ 2017-03-17T15:05:29+08:00 ] 182.140.175.143 /WZY/index.php?user=3
INFO: [ app_init ] --START--
INFO: Run Behavior\BuildLiteBehavior [ RunTime:0.000020s ]
INFO: [ app_init ] --END-- [ RunTime:0.000369s ]
ERR: 无法加载模块:WZY

[ 2017-03-17T15:05:33+08:00 ] 182.140.175.143 /WZY/index.php?user=3
INFO: [ app_init ] --START--
INFO: Run Behavior\BuildLiteBehavior [ RunTime:0.000029s ]
INFO: [ app_init ] --END-- [ RunTime:0.000626s ]
ERR: 无法加载模块:WZY

[ 2017-03-17T15:05:38+08:00 ] 101.226.66.178 /WZY/index.php?user=3
INFO: [ app_init ] --START--
INFO: Run Behavior\BuildLiteBehavior [ RunTime:0.000017s ]
INFO: [ app_init ] --END-- [ RunTime:0.000382s ]
ERR: 无法加载模块:WZY

[ 2017-03-17T15:39:51+08:00 ] 113.108.11.52 /WZY/js/jquery.min.js
INFO: [ app_init ] --START--
INFO: Run Behavior\BuildLiteBehavior [ RunTime:0.000018s ]
INFO: [ app_init ] --END-- [ RunTime:0.000392s ]
ERR: 无法加载模块:WZY

[ 2017-03-17T15:39:51+08:00 ] 113.108.11.52 /WZY/js/bootstrap.min.js
INFO: [ app_init ] --START--
INFO: Run Behavior\BuildLiteBehavior [ RunTime:0.000019s ]
INFO: [ app_init ] --END-- [ RunTime:0.000398s ]
ERR: 无法加载模块:WZY

[ 2017-03-17T15:39:54+08:00 ] 223.104.25.86 /WZY/css/reset.css
INFO: [ app_init ] --START--
INFO: Run Behavior\BuildLiteBehavior [ RunTime:0.000019s ]
INFO: [ app_init ] --END-- [ RunTime:0.000421s ]
ERR: 无法加载模块:WZY

[ 2017-03-17T15:39:54+08:00 ] 223.104.25.86 /WZY/css/header-footer.css
INFO: [ app_init ] --START--
INFO: Run Behavior\BuildLiteBehavior [ RunTime:0.000031s ]
INFO: [ app_init ] --END-- [ RunTime:0.000465s ]
ERR: 无法加载模块:WZY

[ 2017-03-17T15:39:54+08:00 ] 223.104.25.86 /WZY/css/bootstrap.min.css
INFO: [ app_init ] --START--
INFO: Run Behavior\BuildLiteBehavior [ RunTime:0.000019s ]
INFO: [ app_init ] --END-- [ RunTime:0.000405s ]
ERR: 无法加载模块:WZY

[ 2017-03-17T15:39:54+08:00 ] 223.104.25.86 /WZY/css/pics/pic.css
INFO: [ app_init ] --START--
INFO: Run Behavior\BuildLiteBehavior [ RunTime:0.000019s ]
INFO: [ app_init ] --END-- [ RunTime:0.000384s ]
ERR: 无法加载模块:WZY

[ 2017-03-17T15:39:55+08:00 ] 223.104.25.86 /WZY/images/search.png
INFO: [ app_init ] --START--
INFO: Run Behavior\BuildLiteBehavior [ RunTime:0.000030s ]
INFO: [ app_init ] --END-- [ RunTime:0.000478s ]
ERR: 无法加载模块:WZY

[ 2017-03-17T15:39:55+08:00 ] 113.108.11.52 /WZY/js/bootstrap.min.js
INFO: [ app_init ] --START--
INFO: Run Behavior\BuildLiteBehavior [ RunTime:0.000020s ]
INFO: [ app_init ] --END-- [ RunTime:0.000375s ]
ERR: 无法加载模块:WZY

[ 2017-03-17T15:39:55+08:00 ] 223.104.25.86 /WZY/uploads/4295/1480121327329ys.jpg
INFO: [ app_init ] --START--
INFO: Run Behavior\BuildLiteBehavior [ RunTime:0.000018s ]
INFO: [ app_init ] --END-- [ RunTime:0.000407s ]
ERR: 无法加载模块:WZY

[ 2017-03-17T15:39:55+08:00 ] 223.104.25.86 /WZY/uploads/354/1480162781840ys.jpeg
INFO: [ app_init ] --START--
INFO: Run Behavior\BuildLiteBehavior [ RunTime:0.000019s ]
INFO: [ app_init ] --END-- [ RunTime:0.000368s ]
ERR: 无法加载模块:WZY

[ 2017-03-17T15:39:55+08:00 ] 223.104.25.86 /WZY/uploads/4602/1480252676453ys.jpg
INFO: [ app_init ] --START--
INFO: Run Behavior\BuildLiteBehavior [ RunTime:0.000020s ]
INFO: [ app_init ] --END-- [ RunTime:0.000382s ]
ERR: 无法加载模块:WZY

[ 2017-03-17T15:39:55+08:00 ] 223.104.25.86 /WZY/uploads/18065/148010087274942ys.jpg
INFO: [ app_init ] --START--
INFO: Run Behavior\BuildLiteBehavior [ RunTime:0.000018s ]
INFO: [ app_init ] --END-- [ RunTime:0.000386s ]
ERR: 无法加载模块:WZY

[ 2017-03-17T15:39:55+08:00 ] 223.104.25.86 /WZY/uploads/18065/148010088958421ys.jpg
INFO: [ app_init ] --START--
INFO: Run Behavior\BuildLiteBehavior [ RunTime:0.000019s ]
INFO: [ app_init ] --END-- [ RunTime:0.000442s ]
ERR: 无法加载模块:WZY

[ 2017-03-17T15:39:55+08:00 ] 223.104.25.86 /WZY/uploads/18065/148010089535547ys.jpg
INFO: [ app_init ] --START--
INFO: Run Behavior\BuildLiteBehavior [ RunTime:0.000018s ]
INFO: [ app_init ] --END-- [ RunTime:0.000393s ]
ERR: 无法加载模块:WZY

[ 2017-03-17T15:39:55+08:00 ] 223.104.25.86 /WZY/uploads/10118/14800999375630ys.jpg
INFO: [ app_init ] --START--
INFO: Run Behavior\BuildLiteBehavior [ RunTime:0.000021s ]
INFO: [ app_init ] --END-- [ RunTime:0.000390s ]
ERR: 无法加载模块:WZY

[ 2017-03-17T15:39:55+08:00 ] 223.104.25.86 /WZY/uploads/18065/148010033164430ys.jpg
INFO: [ app_init ] --START--
INFO: Run Behavior\BuildLiteBehavior [ RunTime:0.000020s ]
INFO: [ app_init ] --END-- [ RunTime:0.000498s ]
ERR: 无法加载模块:WZY

[ 2017-03-17T15:39:55+08:00 ] 223.104.25.86 /WZY/uploads/10118/148009990428346ys.jpg
INFO: [ app_init ] --START--
INFO: Run Behavior\BuildLiteBehavior [ RunTime:0.000019s ]
INFO: [ app_init ] --END-- [ RunTime:0.000376s ]
ERR: 无法加载模块:WZY

[ 2017-03-17T15:39:55+08:00 ] 223.104.25.86 /WZY/uploads/18065/1480102035205ys.jpg
INFO: [ app_init ] --START--
INFO: Run Behavior\BuildLiteBehavior [ RunTime:0.000028s ]
INFO: [ app_init ] --END-- [ RunTime:0.000502s ]
ERR: 无法加载模块:WZY

[ 2017-03-17T15:39:55+08:00 ] 223.104.25.86 /WZY/uploads/298/1480216542900ys.jpg
INFO: [ app_init ] --START--
INFO: Run Behavior\BuildLiteBehavior [ RunTime:0.000020s ]
INFO: [ app_init ] --END-- [ RunTime:0.000401s ]
ERR: 无法加载模块:WZY

[ 2017-03-17T15:39:55+08:00 ] 223.104.25.86 /WZY/images/search.png
INFO: [ app_init ] --START--
INFO: Run Behavior\BuildLiteBehavior [ RunTime:0.000018s ]
INFO: [ app_init ] --END-- [ RunTime:0.000340s ]
ERR: 无法加载模块:WZY

[ 2017-03-17T15:39:55+08:00 ] 223.104.25.86 /WZY/uploads/18065/148010066139794ys.jpeg
INFO: [ app_init ] --START--
INFO: Run Behavior\BuildLiteBehavior [ RunTime:0.000026s ]
INFO: [ app_init ] --END-- [ RunTime:0.000483s ]
ERR: 无法加载模块:WZY

[ 2017-03-17T15:39:55+08:00 ] 223.104.25.86 /WZY/uploads/18065/1480134717847ys.jpg
INFO: [ app_init ] --START--
INFO: Run Behavior\BuildLiteBehavior [ RunTime:0.000027s ]
INFO: [ app_init ] --END-- [ RunTime:0.000422s ]
ERR: 无法加载模块:WZY

[ 2017-03-17T15:39:55+08:00 ] 223.104.25.86 /WZY/uploads/10252/1480136591912ys.jpg
INFO: [ app_init ] --START--
INFO: Run Behavior\BuildLiteBehavior [ RunTime:0.000020s ]
INFO: [ app_init ] --END-- [ RunTime:0.000409s ]
ERR: 无法加载模块:WZY

[ 2017-03-17T15:39:55+08:00 ] 223.104.25.86 /WZY/uploads/10252/1480136644347ys.jpg
INFO: [ app_init ] --START--
INFO: Run Behavior\BuildLiteBehavior [ RunTime:0.000026s ]
INFO: [ app_init ] --END-- [ RunTime:0.000453s ]
ERR: 无法加载模块:WZY

[ 2017-03-17T15:39:55+08:00 ] 223.104.25.86 /WZY/uploads/17753/1480324950126ys.jpeg
INFO: [ app_init ] --START--
INFO: Run Behavior\BuildLiteBehavior [ RunTime:0.000018s ]
INFO: [ app_init ] --END-- [ RunTime:0.000403s ]
ERR: 无法加载模块:WZY

[ 2017-03-17T15:39:56+08:00 ] 223.104.25.86 /WZY/images/pics/turn-left.png
INFO: [ app_init ] --START--
INFO: Run Behavior\BuildLiteBehavior [ RunTime:0.000023s ]
INFO: [ app_init ] --END-- [ RunTime:0.000359s ]
ERR: 无法加载模块:WZY

[ 2017-03-17T15:39:56+08:00 ] 223.104.25.86 /WZY/images/pics/turn-right.png
INFO: [ app_init ] --START--
INFO: Run Behavior\BuildLiteBehavior [ RunTime:0.000027s ]
INFO: [ app_init ] --END-- [ RunTime:0.000499s ]
ERR: 无法加载模块:WZY

[ 2017-03-17T15:39:59+08:00 ] 101.226.89.115 /WZY/js/jquery.min.js
INFO: [ app_init ] --START--
INFO: Run Behavior\BuildLiteBehavior [ RunTime:0.000021s ]
INFO: [ app_init ] --END-- [ RunTime:0.000400s ]
ERR: 无法加载模块:WZY

[ 2017-03-17T15:40:00+08:00 ] 101.226.89.115 /WZY/js/bootstrap.min.js
INFO: [ app_init ] --START--
INFO: Run Behavior\BuildLiteBehavior [ RunTime:0.000021s ]
INFO: [ app_init ] --END-- [ RunTime:0.000468s ]
ERR: 无法加载模块:WZY

[ 2017-03-17T16:39:50+08:00 ] 223.104.249.240 /WZY/css/reset.css
INFO: [ app_init ] --START--
INFO: Run Behavior\BuildLiteBehavior [ RunTime:0.000050s ]
INFO: [ app_init ] --END-- [ RunTime:0.000411s ]
ERR: 无法加载模块:WZY

[ 2017-03-17T16:39:50+08:00 ] 14.17.37.144 /WZY/js/jquery.min.js
INFO: [ app_init ] --START--
INFO: Run Behavior\BuildLiteBehavior [ RunTime:0.000019s ]
INFO: [ app_init ] --END-- [ RunTime:0.000422s ]
ERR: 无法加载模块:WZY

[ 2017-03-17T16:39:50+08:00 ] 223.104.249.240 /WZY/css/header-footer.css
INFO: [ app_init ] --START--
INFO: Run Behavior\BuildLiteBehavior [ RunTime:0.000018s ]
INFO: [ app_init ] --END-- [ RunTime:0.000345s ]
ERR: 无法加载模块:WZY

[ 2017-03-17T16:39:50+08:00 ] 14.17.37.144 /WZY/js/bootstrap.min.js
INFO: [ app_init ] --START--
INFO: Run Behavior\BuildLiteBehavior [ RunTime:0.000019s ]
INFO: [ app_init ] --END-- [ RunTime:0.000381s ]
ERR: 无法加载模块:WZY

[ 2017-03-17T16:39:50+08:00 ] 223.104.249.240 /WZY/css/bootstrap.min.css
INFO: [ app_init ] --START--
INFO: Run Behavior\BuildLiteBehavior [ RunTime:0.000018s ]
INFO: [ app_init ] --END-- [ RunTime:0.000380s ]
ERR: 无法加载模块:WZY

[ 2017-03-17T16:39:50+08:00 ] 223.104.249.240 /WZY/css/encyclopedia/encyclopedia.css
INFO: [ app_init ] --START--
INFO: Run Behavior\BuildLiteBehavior [ RunTime:0.000018s ]
INFO: [ app_init ] --END-- [ RunTime:0.000371s ]
ERR: 无法加载模块:WZY

[ 2017-03-17T16:39:50+08:00 ] 223.104.249.240 /WZY/images/search.png
INFO: [ app_init ] --START--
INFO: Run Behavior\BuildLiteBehavior [ RunTime:0.000018s ]
INFO: [ app_init ] --END-- [ RunTime:0.000355s ]
ERR: 无法加载模块:WZY

[ 2017-03-17T16:39:50+08:00 ] 223.104.249.240 /WZY/images/x.jpg
INFO: [ app_init ] --START--
INFO: Run Behavior\BuildLiteBehavior [ RunTime:0.000019s ]
INFO: [ app_init ] --END-- [ RunTime:0.000377s ]
ERR: 无法加载模块:WZY

[ 2017-03-17T16:39:50+08:00 ] 223.104.249.240 /WZY/images/Encyclopedia/more1.png
INFO: [ app_init ] --START--
INFO: Run Behavior\BuildLiteBehavior [ RunTime:0.000018s ]
INFO: [ app_init ] --END-- [ RunTime:0.000375s ]
ERR: 无法加载模块:WZY

[ 2017-03-17T16:39:50+08:00 ] 223.104.249.240 /WZY/images/Encyclopedia/more.png
INFO: [ app_init ] --START--
INFO: Run Behavior\BuildLiteBehavior [ RunTime:0.000019s ]
INFO: [ app_init ] --END-- [ RunTime:0.000404s ]
ERR: 无法加载模块:WZY

[ 2017-03-17T16:39:50+08:00 ] 14.17.37.144 /WZY/js/bootstrap.min.js
INFO: [ app_init ] --START--
INFO: Run Behavior\BuildLiteBehavior [ RunTime:0.000020s ]
INFO: [ app_init ] --END-- [ RunTime:0.000398s ]
ERR: 无法加载模块:WZY

[ 2017-03-17T16:39:50+08:00 ] 223.104.249.240 /WZY/images/search.png
INFO: [ app_init ] --START--
INFO: Run Behavior\BuildLiteBehavior [ RunTime:0.000026s ]
INFO: [ app_init ] --END-- [ RunTime:0.000413s ]
ERR: 无法加载模块:WZY

[ 2017-03-17T16:39:50+08:00 ] 223.104.249.240 /WZY/images/x.jpg
INFO: [ app_init ] --START--
INFO: Run Behavior\BuildLiteBehavior [ RunTime:0.000068s ]
INFO: [ app_init ] --END-- [ RunTime:0.000417s ]
ERR: 无法加载模块:WZY

[ 2017-03-17T16:39:50+08:00 ] 223.104.249.240 /WZY/images/Encyclopedia/more1.png
INFO: [ app_init ] --START--
INFO: Run Behavior\BuildLiteBehavior [ RunTime:0.000028s ]
INFO: [ app_init ] --END-- [ RunTime:0.000387s ]
ERR: 无法加载模块:WZY

[ 2017-03-17T16:39:50+08:00 ] 223.104.249.240 /WZY/images/Encyclopedia/more.png
INFO: [ app_init ] --START--
INFO: Run Behavior\BuildLiteBehavior [ RunTime:0.000019s ]
INFO: [ app_init ] --END-- [ RunTime:0.000358s ]
ERR: 无法加载模块:WZY

[ 2017-03-17T16:53:45+08:00 ] 180.163.1.46 /WZY/index.php?user%2525252525253D3
INFO: [ app_init ] --START--
INFO: Run Behavior\BuildLiteBehavior [ RunTime:0.000019s ]
INFO: [ app_init ] --END-- [ RunTime:0.000388s ]
ERR: 无法加载模块:WZY

[ 2017-03-17T17:25:15+08:00 ] 27.10.118.83 /WZY/css/reset.css
INFO: [ app_init ] --START--
INFO: Run Behavior\BuildLiteBehavior [ RunTime:0.000019s ]
INFO: [ app_init ] --END-- [ RunTime:0.000380s ]
ERR: 无法加载模块:WZY

[ 2017-03-17T17:25:15+08:00 ] 27.10.118.83 /WZY/js/jquery.min.js
INFO: [ app_init ] --START--
INFO: Run Behavior\BuildLiteBehavior [ RunTime:0.000021s ]
INFO: [ app_init ] --END-- [ RunTime:0.000366s ]
ERR: 无法加载模块:WZY

[ 2017-03-17T17:25:15+08:00 ] 27.10.118.83 /WZY/css/header-footer.css
INFO: [ app_init ] --START--
INFO: Run Behavior\BuildLiteBehavior [ RunTime:0.000047s ]
INFO: [ app_init ] --END-- [ RunTime:0.000387s ]
ERR: 无法加载模块:WZY

[ 2017-03-17T17:25:15+08:00 ] 27.10.118.83 /WZY/css/bootstrap.min.css
INFO: [ app_init ] --START--
INFO: Run Behavior\BuildLiteBehavior [ RunTime:0.000018s ]
INFO: [ app_init ] --END-- [ RunTime:0.000370s ]
ERR: 无法加载模块:WZY

[ 2017-03-17T17:25:15+08:00 ] 27.10.118.83 /WZY/css/encyclopedia/encyclopedia.css
INFO: [ app_init ] --START--
INFO: Run Behavior\BuildLiteBehavior [ RunTime:0.000020s ]
INFO: [ app_init ] --END-- [ RunTime:0.000372s ]
ERR: 无法加载模块:WZY

[ 2017-03-17T17:25:15+08:00 ] 27.10.118.83 /WZY/images/x.jpg
INFO: [ app_init ] --START--
INFO: Run Behavior\BuildLiteBehavior [ RunTime:0.000022s ]
INFO: [ app_init ] --END-- [ RunTime:0.000426s ]
ERR: 无法加载模块:WZY

[ 2017-03-17T17:25:15+08:00 ] 27.10.118.83 /WZY/images/Encyclopedia/more1.png
INFO: [ app_init ] --START--
INFO: Run Behavior\BuildLiteBehavior [ RunTime:0.000018s ]
INFO: [ app_init ] --END-- [ RunTime:0.000346s ]
ERR: 无法加载模块:WZY

[ 2017-03-17T17:25:15+08:00 ] 27.10.118.83 /WZY/js/bootstrap.min.js
INFO: [ app_init ] --START--
INFO: Run Behavior\BuildLiteBehavior [ RunTime:0.000022s ]
INFO: [ app_init ] --END-- [ RunTime:0.000371s ]
ERR: 无法加载模块:WZY

[ 2017-03-17T17:25:15+08:00 ] 27.10.118.83 /WZY/images/Encyclopedia/more.png
INFO: [ app_init ] --START--
INFO: Run Behavior\BuildLiteBehavior [ RunTime:0.000019s ]
INFO: [ app_init ] --END-- [ RunTime:0.000347s ]
ERR: 无法加载模块:WZY

[ 2017-03-17T17:25:15+08:00 ] 27.10.118.83 /WZY/images/search.png
INFO: [ app_init ] --START--
INFO: Run Behavior\BuildLiteBehavior [ RunTime:0.000019s ]
INFO: [ app_init ] --END-- [ RunTime:0.000359s ]
ERR: 无法加载模块:WZY

[ 2017-03-17T17:25:15+08:00 ] 27.10.118.83 /WZY/images/x.jpg
INFO: [ app_init ] --START--
INFO: Run Behavior\BuildLiteBehavior [ RunTime:0.000028s ]
INFO: [ app_init ] --END-- [ RunTime:0.000398s ]
ERR: 无法加载模块:WZY

[ 2017-03-17T17:25:15+08:00 ] 27.10.118.83 /WZY/images/Encyclopedia/more1.png
INFO: [ app_init ] --START--
INFO: Run Behavior\BuildLiteBehavior [ RunTime:0.000026s ]
INFO: [ app_init ] --END-- [ RunTime:0.000439s ]
ERR: 无法加载模块:WZY

[ 2017-03-17T17:25:15+08:00 ] 27.10.118.83 /WZY/images/Encyclopedia/more.png
INFO: [ app_init ] --START--
INFO: Run Behavior\BuildLiteBehavior [ RunTime:0.000019s ]
INFO: [ app_init ] --END-- [ RunTime:0.000374s ]
ERR: 无法加载模块:WZY

[ 2017-03-17T17:40:58+08:00 ] 223.104.25.89 /WZY/css/reset.css
INFO: [ app_init ] --START--
INFO: Run Behavior\BuildLiteBehavior [ RunTime:0.000019s ]
INFO: [ app_init ] --END-- [ RunTime:0.000383s ]
ERR: 无法加载模块:WZY

[ 2017-03-17T17:40:58+08:00 ] 223.104.25.89 /WZY/css/bootstrap.min.css
INFO: [ app_init ] --START--
INFO: Run Behavior\BuildLiteBehavior [ RunTime:0.000019s ]
INFO: [ app_init ] --END-- [ RunTime:0.000369s ]
ERR: 无法加载模块:WZY

[ 2017-03-17T17:40:58+08:00 ] 223.104.25.89 /WZY/css/encyclopedia/encyclopedia.css
INFO: [ app_init ] --START--
INFO: Run Behavior\BuildLiteBehavior [ RunTime:0.000020s ]
INFO: [ app_init ] --END-- [ RunTime:0.000505s ]
ERR: 无法加载模块:WZY

[ 2017-03-17T17:40:58+08:00 ] 223.104.25.89 /WZY/css/header-footer.css
INFO: [ app_init ] --START--
INFO: Run Behavior\BuildLiteBehavior [ RunTime:0.000019s ]
INFO: [ app_init ] --END-- [ RunTime:0.000415s ]
ERR: 无法加载模块:WZY

[ 2017-03-17T17:40:58+08:00 ] 223.104.25.89 /WZY/js/jquery.min.js
INFO: [ app_init ] --START--
INFO: Run Behavior\BuildLiteBehavior [ RunTime:0.000017s ]
INFO: [ app_init ] --END-- [ RunTime:0.000337s ]
ERR: 无法加载模块:WZY

[ 2017-03-17T17:40:58+08:00 ] 223.104.25.89 /WZY/js/bootstrap.min.js
INFO: [ app_init ] --START--
INFO: Run Behavior\BuildLiteBehavior [ RunTime:0.000021s ]
INFO: [ app_init ] --END-- [ RunTime:0.000352s ]
ERR: 无法加载模块:WZY

[ 2017-03-17T17:40:58+08:00 ] 223.104.25.89 /WZY/images/search.png
INFO: [ app_init ] --START--
INFO: Run Behavior\BuildLiteBehavior [ RunTime:0.000018s ]
INFO: [ app_init ] --END-- [ RunTime:0.000335s ]
ERR: 无法加载模块:WZY

[ 2017-03-17T17:40:58+08:00 ] 223.104.25.89 /WZY/images/x.jpg
INFO: [ app_init ] --START--
INFO: Run Behavior\BuildLiteBehavior [ RunTime:0.000055s ]
INFO: [ app_init ] --END-- [ RunTime:0.000388s ]
ERR: 无法加载模块:WZY

[ 2017-03-17T17:40:58+08:00 ] 223.104.25.89 /WZY/images/Encyclopedia/more1.png
INFO: [ app_init ] --START--
INFO: Run Behavior\BuildLiteBehavior [ RunTime:0.000019s ]
INFO: [ app_init ] --END-- [ RunTime:0.000384s ]
ERR: 无法加载模块:WZY

[ 2017-03-17T17:40:58+08:00 ] 223.104.25.89 /WZY/images/Encyclopedia/more.png
INFO: [ app_init ] --START--
INFO: Run Behavior\BuildLiteBehavior [ RunTime:0.000019s ]
INFO: [ app_init ] --END-- [ RunTime:0.000392s ]
ERR: 无法加载模块:WZY

[ 2017-03-17T17:43:54+08:00 ] 183.228.97.69 /WZY/css/reset.css
INFO: [ app_init ] --START--
INFO: Run Behavior\BuildLiteBehavior [ RunTime:0.000019s ]
INFO: [ app_init ] --END-- [ RunTime:0.000451s ]
ERR: 无法加载模块:WZY

[ 2017-03-17T17:43:54+08:00 ] 113.108.0.15 /WZY/js/bootstrap.min.js
INFO: [ app_init ] --START--
INFO: Run Behavior\BuildLiteBehavior [ RunTime:0.000019s ]
INFO: [ app_init ] --END-- [ RunTime:0.000384s ]
ERR: 无法加载模块:WZY

[ 2017-03-17T17:43:54+08:00 ] 113.108.0.15 /WZY/js/jquery.min.js
INFO: [ app_init ] --START--
INFO: Run Behavior\BuildLiteBehavior [ RunTime:0.000018s ]
INFO: [ app_init ] --END-- [ RunTime:0.000332s ]
ERR: 无法加载模块:WZY

[ 2017-03-17T17:43:54+08:00 ] 183.228.97.69 /WZY/css/header-footer.css
INFO: [ app_init ] --START--
INFO: Run Behavior\BuildLiteBehavior [ RunTime:0.000104s ]
INFO: [ app_init ] --END-- [ RunTime:0.000462s ]
ERR: 无法加载模块:WZY

[ 2017-03-17T17:43:54+08:00 ] 183.228.97.69 /WZY/css/pics/pic.css
INFO: [ app_init ] --START--
INFO: Run Behavior\BuildLiteBehavior [ RunTime:0.000019s ]
INFO: [ app_init ] --END-- [ RunTime:0.000335s ]
ERR: 无法加载模块:WZY

[ 2017-03-17T17:43:54+08:00 ] 183.228.97.69 /WZY/css/bootstrap.min.css
INFO: [ app_init ] --START--
INFO: Run Behavior\BuildLiteBehavior [ RunTime:0.000019s ]
INFO: [ app_init ] --END-- [ RunTime:0.000365s ]
ERR: 无法加载模块:WZY

[ 2017-03-17T17:43:54+08:00 ] 183.228.97.69 /WZY/images/search.png
INFO: [ app_init ] --START--
INFO: Run Behavior\BuildLiteBehavior [ RunTime:0.000020s ]
INFO: [ app_init ] --END-- [ RunTime:0.000448s ]
ERR: 无法加载模块:WZY

[ 2017-03-17T17:43:54+08:00 ] 113.108.0.15 /WZY/js/bootstrap.min.js
INFO: [ app_init ] --START--
INFO: Run Behavior\BuildLiteBehavior [ RunTime:0.000019s ]
INFO: [ app_init ] --END-- [ RunTime:0.000364s ]
ERR: 无法加载模块:WZY

[ 2017-03-17T17:43:54+08:00 ] 183.228.97.69 /WZY/uploads/4295/1480121327329ys.jpg
INFO: [ app_init ] --START--
INFO: Run Behavior\BuildLiteBehavior [ RunTime:0.000022s ]
INFO: [ app_init ] --END-- [ RunTime:0.000370s ]
ERR: 无法加载模块:WZY

[ 2017-03-17T17:43:54+08:00 ] 183.228.97.69 /WZY/uploads/354/1480162781840ys.jpeg
INFO: [ app_init ] --START--
INFO: Run Behavior\BuildLiteBehavior [ RunTime:0.000020s ]
INFO: [ app_init ] --END-- [ RunTime:0.000416s ]
ERR: 无法加载模块:WZY

[ 2017-03-17T17:43:54+08:00 ] 183.228.97.69 /WZY/uploads/4602/1480252676453ys.jpg
INFO: [ app_init ] --START--
INFO: Run Behavior\BuildLiteBehavior [ RunTime:0.000019s ]
INFO: [ app_init ] --END-- [ RunTime:0.000378s ]
ERR: 无法加载模块:WZY

[ 2017-03-17T17:43:54+08:00 ] 183.228.97.69 /WZY/uploads/18065/148010087274942ys.jpg
INFO: [ app_init ] --START--
INFO: Run Behavior\BuildLiteBehavior [ RunTime:0.000027s ]
INFO: [ app_init ] --END-- [ RunTime:0.000373s ]
ERR: 无法加载模块:WZY

[ 2017-03-17T17:43:54+08:00 ] 183.228.97.69 /WZY/uploads/18065/148010088958421ys.jpg
INFO: [ app_init ] --START--
INFO: Run Behavior\BuildLiteBehavior [ RunTime:0.000021s ]
INFO: [ app_init ] --END-- [ RunTime:0.000512s ]
ERR: 无法加载模块:WZY

[ 2017-03-17T17:43:54+08:00 ] 183.228.97.69 /WZY/uploads/18065/148010089535547ys.jpg
INFO: [ app_init ] --START--
INFO: Run Behavior\BuildLiteBehavior [ RunTime:0.000048s ]
INFO: [ app_init ] --END-- [ RunTime:0.000380s ]
ERR: 无法加载模块:WZY

[ 2017-03-17T17:43:54+08:00 ] 183.228.97.69 /WZY/uploads/18065/148010033164430ys.jpg
INFO: [ app_init ] --START--
INFO: Run Behavior\BuildLiteBehavior [ RunTime:0.000021s ]
INFO: [ app_init ] --END-- [ RunTime:0.000355s ]
ERR: 无法加载模块:WZY

[ 2017-03-17T17:43:54+08:00 ] 183.228.97.69 /WZY/uploads/18065/1480102035205ys.jpg
INFO: [ app_init ] --START--
INFO: Run Behavior\BuildLiteBehavior [ RunTime:0.000025s ]
INFO: [ app_init ] --END-- [ RunTime:0.000446s ]
ERR: 无法加载模块:WZY

[ 2017-03-17T17:43:54+08:00 ] 183.228.97.69 /WZY/uploads/298/1480216542900ys.jpg
INFO: [ app_init ] --START--
INFO: Run Behavior\BuildLiteBehavior [ RunTime:0.000019s ]
INFO: [ app_init ] --END-- [ RunTime:0.000343s ]
ERR: 无法加载模块:WZY

[ 2017-03-17T17:43:54+08:00 ] 183.228.97.69 /WZY/uploads/10118/14800999375630ys.jpg
INFO: [ app_init ] --START--
INFO: Run Behavior\BuildLiteBehavior [ RunTime:0.000029s ]
INFO: [ app_init ] --END-- [ RunTime:0.000567s ]
ERR: 无法加载模块:WZY

[ 2017-03-17T17:43:54+08:00 ] 183.228.97.69 /WZY/uploads/18065/148010066139794ys.jpeg
INFO: [ app_init ] --START--
INFO: Run Behavior\BuildLiteBehavior [ RunTime:0.000021s ]
INFO: [ app_init ] --END-- [ RunTime:0.000389s ]
ERR: 无法加载模块:WZY

[ 2017-03-17T17:43:54+08:00 ] 183.228.97.69 /WZY/uploads/18065/1480134717847ys.jpg
INFO: [ app_init ] --START--
INFO: Run Behavior\BuildLiteBehavior [ RunTime:0.000019s ]
INFO: [ app_init ] --END-- [ RunTime:0.000410s ]
ERR: 无法加载模块:WZY

[ 2017-03-17T17:43:54+08:00 ] 183.228.97.69 /WZY/uploads/10252/1480136591912ys.jpg
INFO: [ app_init ] --START--
INFO: Run Behavior\BuildLiteBehavior [ RunTime:0.000020s ]
INFO: [ app_init ] --END-- [ RunTime:0.000365s ]
ERR: 无法加载模块:WZY

[ 2017-03-17T17:43:54+08:00 ] 183.228.97.69 /WZY/uploads/10252/1480136644347ys.jpg
INFO: [ app_init ] --START--
INFO: Run Behavior\BuildLiteBehavior [ RunTime:0.000018s ]
INFO: [ app_init ] --END-- [ RunTime:0.000389s ]
ERR: 无法加载模块:WZY

[ 2017-03-17T17:43:54+08:00 ] 183.228.97.69 /WZY/uploads/17753/1480324950126ys.jpeg
INFO: [ app_init ] --START--
INFO: Run Behavior\BuildLiteBehavior [ RunTime:0.000019s ]
INFO: [ app_init ] --END-- [ RunTime:0.000371s ]
ERR: 无法加载模块:WZY

[ 2017-03-17T17:43:54+08:00 ] 183.228.97.69 /WZY/images/pics/turn-left.png
INFO: [ app_init ] --START--
INFO: Run Behavior\BuildLiteBehavior [ RunTime:0.000018s ]
INFO: [ app_init ] --END-- [ RunTime:0.000347s ]
ERR: 无法加载模块:WZY

[ 2017-03-17T17:43:54+08:00 ] 183.228.97.69 /WZY/images/search.png
INFO: [ app_init ] --START--
INFO: Run Behavior\BuildLiteBehavior [ RunTime:0.000019s ]
INFO: [ app_init ] --END-- [ RunTime:0.000378s ]
ERR: 无法加载模块:WZY

[ 2017-03-17T17:43:54+08:00 ] 183.228.97.69 /WZY/uploads/10118/148009990428346ys.jpg
INFO: [ app_init ] --START--
INFO: Run Behavior\BuildLiteBehavior [ RunTime:0.000074s ]
INFO: [ app_init ] --END-- [ RunTime:0.000469s ]
ERR: 无法加载模块:WZY

[ 2017-03-17T17:43:54+08:00 ] 183.228.97.69 /WZY/images/pics/turn-right.png
INFO: [ app_init ] --START--
INFO: Run Behavior\BuildLiteBehavior [ RunTime:0.000018s ]
INFO: [ app_init ] --END-- [ RunTime:0.000390s ]
ERR: 无法加载模块:WZY

[ 2017-03-17T17:44:03+08:00 ] 180.153.206.17 /WZY/js/jquery.min.js
INFO: [ app_init ] --START--
INFO: Run Behavior\BuildLiteBehavior [ RunTime:0.000024s ]
INFO: [ app_init ] --END-- [ RunTime:0.000382s ]
ERR: 无法加载模块:WZY

[ 2017-03-17T17:44:03+08:00 ] 180.153.206.17 /WZY/js/bootstrap.min.js
INFO: [ app_init ] --START--
INFO: Run Behavior\BuildLiteBehavior [ RunTime:0.000022s ]
INFO: [ app_init ] --END-- [ RunTime:0.000469s ]
ERR: 无法加载模块:WZY

[ 2017-03-17T18:32:41+08:00 ] 223.104.249.57 /favicon.ico
INFO: [ app_init ] --START--
INFO: Run Behavior\BuildLiteBehavior [ RunTime:0.000020s ]
INFO: [ app_init ] --END-- [ RunTime:0.000433s ]
ERR: 无法加载模块:Favicon

[ 2017-03-17T18:42:43+08:00 ] 101.226.125.16 /WZY/index.php?user%252525252525253D3
INFO: [ app_init ] --START--
INFO: Run Behavior\BuildLiteBehavior [ RunTime:0.000020s ]
INFO: [ app_init ] --END-- [ RunTime:0.000365s ]
ERR: 无法加载模块:WZY

[ 2017-03-17T19:19:23+08:00 ] 223.104.249.57 /favicon.ico
INFO: [ app_init ] --START--
INFO: Run Behavior\BuildLiteBehavior [ RunTime:0.000019s ]
INFO: [ app_init ] --END-- [ RunTime:0.000337s ]
ERR: 无法加载模块:Favicon

[ 2017-03-17T19:42:35+08:00 ] 223.104.249.57 /favicon.ico
INFO: [ app_init ] --START--
INFO: Run Behavior\BuildLiteBehavior [ RunTime:0.000018s ]
INFO: [ app_init ] --END-- [ RunTime:0.000348s ]
ERR: 无法加载模块:Favicon

[ 2017-03-17T20:32:15+08:00 ] 119.86.97.34 /index.html?v=4.0
INFO: [ app_init ] --START--
INFO: Run Behavior\BuildLiteBehavior [ RunTime:0.000026s ]
INFO: [ app_init ] --END-- [ RunTime:0.000386s ]
ERR: 无法加载模块:Index

[ 2017-03-17T20:32:24+08:00 ] 101.226.33.223 /index.html?v=4.0
INFO: [ app_init ] --START--
INFO: Run Behavior\BuildLiteBehavior [ RunTime:0.000019s ]
INFO: [ app_init ] --END-- [ RunTime:0.000376s ]
ERR: 无法加载模块:Index

[ 2017-03-17T20:33:09+08:00 ] 223.104.25.4 /favicon.ico
INFO: [ app_init ] --START--
INFO: Run Behavior\BuildLiteBehavior [ RunTime:0.000020s ]
INFO: [ app_init ] --END-- [ RunTime:0.000953s ]
ERR: 无法加载模块:Favicon

[ 2017-03-17T20:33:28+08:00 ] 223.104.25.4 /favicon.ico
INFO: [ app_init ] --START--
INFO: Run Behavior\BuildLiteBehavior [ RunTime:0.000020s ]
INFO: [ app_init ] --END-- [ RunTime:0.000387s ]
ERR: 无法加载模块:Favicon

[ 2017-03-17T21:09:03+08:00 ] 112.90.82.218 /WZY/index.php?user%25252525252525253D3
INFO: [ app_init ] --START--
INFO: Run Behavior\BuildLiteBehavior [ RunTime:0.000030s ]
INFO: [ app_init ] --END-- [ RunTime:0.000575s ]
ERR: 无法加载模块:WZY

[ 2017-03-17T21:09:12+08:00 ] 61.151.217.45 /WZY/index.php?user%25252525252525253D3
INFO: [ app_init ] --START--
INFO: Run Behavior\BuildLiteBehavior [ RunTime:0.000018s ]
INFO: [ app_init ] --END-- [ RunTime:0.000412s ]
ERR: 无法加载模块:WZY

[ 2017-03-17T21:10:05+08:00 ] 221.194.44.252 /script
INFO: [ app_init ] --START--
INFO: Run Behavior\BuildLiteBehavior [ RunTime:0.000020s ]
INFO: [ app_init ] --END-- [ RunTime:0.000399s ]
ERR: 无法加载模块:Script

[ 2017-03-17T21:15:31+08:00 ] 223.104.25.3 /WZY/css/reset.css
INFO: [ app_init ] --START--
INFO: Run Behavior\BuildLiteBehavior [ RunTime:0.000025s ]
INFO: [ app_init ] --END-- [ RunTime:0.000388s ]
ERR: 无法加载模块:WZY

[ 2017-03-17T21:15:31+08:00 ] 14.17.37.43 /WZY/js/jquery.min.js
INFO: [ app_init ] --START--
INFO: Run Behavior\BuildLiteBehavior [ RunTime:0.000019s ]
INFO: [ app_init ] --END-- [ RunTime:0.000395s ]
ERR: 无法加载模块:WZY

[ 2017-03-17T21:15:31+08:00 ] 14.17.37.43 /WZY/js/bootstrap.min.js
INFO: [ app_init ] --START--
INFO: Run Behavior\BuildLiteBehavior [ RunTime:0.000023s ]
INFO: [ app_init ] --END-- [ RunTime:0.000546s ]
ERR: 无法加载模块:WZY

[ 2017-03-17T21:15:31+08:00 ] 223.104.25.3 /WZY/css/header-footer.css
INFO: [ app_init ] --START--
INFO: Run Behavior\BuildLiteBehavior [ RunTime:0.000017s ]
INFO: [ app_init ] --END-- [ RunTime:0.000412s ]
ERR: 无法加载模块:WZY

[ 2017-03-17T21:15:31+08:00 ] 223.104.25.3 /WZY/images/search.png
INFO: [ app_init ] --START--
INFO: Run Behavior\BuildLiteBehavior [ RunTime:0.000021s ]
INFO: [ app_init ] --END-- [ RunTime:0.000471s ]
ERR: 无法加载模块:WZY

[ 2017-03-17T21:15:31+08:00 ] 223.104.25.3 /WZY/uploads/4602/1480252676453ys.jpg
INFO: [ app_init ] --START--
INFO: Run Behavior\BuildLiteBehavior [ RunTime:0.000018s ]
INFO: [ app_init ] --END-- [ RunTime:0.000335s ]
ERR: 无法加载模块:WZY

[ 2017-03-17T21:15:31+08:00 ] 223.104.25.3 /WZY/css/pics/pic.css
INFO: [ app_init ] --START--
INFO: Run Behavior\BuildLiteBehavior [ RunTime:0.000019s ]
INFO: [ app_init ] --END-- [ RunTime:0.000362s ]
ERR: 无法加载模块:WZY

[ 2017-03-17T21:15:31+08:00 ] 223.104.25.3 /WZY/uploads/18065/148010087274942ys.jpg
INFO: [ app_init ] --START--
INFO: Run Behavior\BuildLiteBehavior [ RunTime:0.000018s ]
INFO: [ app_init ] --END-- [ RunTime:0.000357s ]
ERR: 无法加载模块:WZY

[ 2017-03-17T21:15:31+08:00 ] 223.104.25.3 /WZY/css/bootstrap.min.css
INFO: [ app_init ] --START--
INFO: Run Behavior\BuildLiteBehavior [ RunTime:0.000019s ]
INFO: [ app_init ] --END-- [ RunTime:0.000406s ]
ERR: 无法加载模块:WZY

[ 2017-03-17T21:15:31+08:00 ] 223.104.25.3 /WZY/uploads/18065/148010088958421ys.jpg
INFO: [ app_init ] --START--
INFO: Run Behavior\BuildLiteBehavior [ RunTime:0.000019s ]
INFO: [ app_init ] --END-- [ RunTime:0.000426s ]
ERR: 无法加载模块:WZY

[ 2017-03-17T21:15:31+08:00 ] 223.104.25.3 /WZY/uploads/18065/148010089535547ys.jpg
INFO: [ app_init ] --START--
INFO: Run Behavior\BuildLiteBehavior [ RunTime:0.000020s ]
INFO: [ app_init ] --END-- [ RunTime:0.000356s ]
ERR: 无法加载模块:WZY

[ 2017-03-17T21:15:31+08:00 ] 223.104.25.3 /WZY/uploads/4295/1480121327329ys.jpg
INFO: [ app_init ] --START--
INFO: Run Behavior\BuildLiteBehavior [ RunTime:0.000024s ]
INFO: [ app_init ] --END-- [ RunTime:0.000480s ]
ERR: 无法加载模块:WZY

[ 2017-03-17T21:15:31+08:00 ] 223.104.25.3 /WZY/uploads/10118/148009990428346ys.jpg
INFO: [ app_init ] --START--
INFO: Run Behavior\BuildLiteBehavior [ RunTime:0.000021s ]
INFO: [ app_init ] --END-- [ RunTime:0.000468s ]
ERR: 无法加载模块:WZY

[ 2017-03-17T21:15:31+08:00 ] 223.104.25.3 /WZY/uploads/10118/14800999375630ys.jpg
INFO: [ app_init ] --START--
INFO: Run Behavior\BuildLiteBehavior [ RunTime:0.000020s ]
INFO: [ app_init ] --END-- [ RunTime:0.000391s ]
ERR: 无法加载模块:WZY

[ 2017-03-17T21:15:31+08:00 ] 223.104.25.3 /WZY/uploads/18065/1480102035205ys.jpg
INFO: [ app_init ] --START--
INFO: Run Behavior\BuildLiteBehavior [ RunTime:0.000018s ]
INFO: [ app_init ] --END-- [ RunTime:0.000349s ]
ERR: 无法加载模块:WZY

[ 2017-03-17T21:15:31+08:00 ] 223.104.25.3 /WZY/uploads/298/1480216542900ys.jpg
INFO: [ app_init ] --START--
INFO: Run Behavior\BuildLiteBehavior [ RunTime:0.000019s ]
INFO: [ app_init ] --END-- [ RunTime:0.000356s ]
ERR: 无法加载模块:WZY

[ 2017-03-17T21:15:31+08:00 ] 223.104.25.3 /WZY/uploads/18065/148010033164430ys.jpg
INFO: [ app_init ] --START--
INFO: Run Behavior\BuildLiteBehavior [ RunTime:0.000018s ]
INFO: [ app_init ] --END-- [ RunTime:0.000477s ]
ERR: 无法加载模块:WZY

[ 2017-03-17T21:15:31+08:00 ] 223.104.25.3 /WZY/uploads/354/1480162781840ys.jpeg
INFO: [ app_init ] --START--
INFO: Run Behavior\BuildLiteBehavior [ RunTime:0.000025s ]
INFO: [ app_init ] --END-- [ RunTime:0.000395s ]
ERR: 无法加载模块:WZY

[ 2017-03-17T21:15:31+08:00 ] 223.104.25.3 /WZY/uploads/18065/148010066139794ys.jpeg
INFO: [ app_init ] --START--
INFO: Run Behavior\BuildLiteBehavior [ RunTime:0.000018s ]
INFO: [ app_init ] --END-- [ RunTime:0.000424s ]
ERR: 无法加载模块:WZY

[ 2017-03-17T21:15:31+08:00 ] 223.104.25.3 /WZY/uploads/18065/1480134717847ys.jpg
INFO: [ app_init ] --START--
INFO: Run Behavior\BuildLiteBehavior [ RunTime:0.000018s ]
INFO: [ app_init ] --END-- [ RunTime:0.000374s ]
ERR: 无法加载模块:WZY

[ 2017-03-17T21:15:31+08:00 ] 223.104.25.3 /WZY/uploads/10252/1480136591912ys.jpg
INFO: [ app_init ] --START--
INFO: Run Behavior\BuildLiteBehavior [ RunTime:0.000018s ]
INFO: [ app_init ] --END-- [ RunTime:0.000337s ]
ERR: 无法加载模块:WZY

[ 2017-03-17T21:15:31+08:00 ] 223.104.25.3 /WZY/uploads/10252/1480136644347ys.jpg
INFO: [ app_init ] --START--
INFO: Run Behavior\BuildLiteBehavior [ RunTime:0.000019s ]
INFO: [ app_init ] --END-- [ RunTime:0.000342s ]
ERR: 无法加载模块:WZY

[ 2017-03-17T21:15:31+08:00 ] 223.104.25.3 /WZY/uploads/17753/1480324950126ys.jpeg
INFO: [ app_init ] --START--
INFO: Run Behavior\BuildLiteBehavior [ RunTime:0.000017s ]
INFO: [ app_init ] --END-- [ RunTime:0.000402s ]
ERR: 无法加载模块:WZY

[ 2017-03-17T21:15:31+08:00 ] 223.104.25.3 /WZY/images/pics/turn-left.png
INFO: [ app_init ] --START--
INFO: Run Behavior\BuildLiteBehavior [ RunTime:0.000019s ]
INFO: [ app_init ] --END-- [ RunTime:0.000410s ]
ERR: 无法加载模块:WZY

[ 2017-03-17T21:15:31+08:00 ] 223.104.25.3 /WZY/images/pics/turn-right.png
INFO: [ app_init ] --START--
INFO: Run Behavior\BuildLiteBehavior [ RunTime:0.000016s ]
INFO: [ app_init ] --END-- [ RunTime:0.000331s ]
ERR: 无法加载模块:WZY

[ 2017-03-17T21:15:31+08:00 ] 14.17.37.43 /WZY/js/bootstrap.min.js
INFO: [ app_init ] --START--
INFO: Run Behavior\BuildLiteBehavior [ RunTime:0.000018s ]
INFO: [ app_init ] --END-- [ RunTime:0.000364s ]
ERR: 无法加载模块:WZY

[ 2017-03-17T21:15:32+08:00 ] 223.104.25.3 /WZY/images/search.png
INFO: [ app_init ] --START--
INFO: Run Behavior\BuildLiteBehavior [ RunTime:0.000028s ]
INFO: [ app_init ] --END-- [ RunTime:0.000436s ]
ERR: 无法加载模块:WZY

[ 2017-03-17T21:15:32+08:00 ] 223.104.25.3 /WZY/uploads/4295/1480121327329ys.jpg
INFO: [ app_init ] --START--
INFO: Run Behavior\BuildLiteBehavior [ RunTime:0.000019s ]
INFO: [ app_init ] --END-- [ RunTime:0.000461s ]
ERR: 无法加载模块:WZY

[ 2017-03-17T21:15:32+08:00 ] 223.104.25.3 /WZY/uploads/354/1480162781840ys.jpeg
INFO: [ app_init ] --START--
INFO: Run Behavior\BuildLiteBehavior [ RunTime:0.000019s ]
INFO: [ app_init ] --END-- [ RunTime:0.000445s ]
ERR: 无法加载模块:WZY

[ 2017-03-17T21:15:32+08:00 ] 223.104.25.3 /WZY/uploads/4602/1480252676453ys.jpg
INFO: [ app_init ] --START--
INFO: Run Behavior\BuildLiteBehavior [ RunTime:0.000018s ]
INFO: [ app_init ] --END-- [ RunTime:0.000375s ]
ERR: 无法加载模块:WZY

[ 2017-03-17T21:15:32+08:00 ] 223.104.25.3 /WZY/uploads/18065/148010087274942ys.jpg
INFO: [ app_init ] --START--
INFO: Run Behavior\BuildLiteBehavior [ RunTime:0.000018s ]
INFO: [ app_init ] --END-- [ RunTime:0.000388s ]
ERR: 无法加载模块:WZY

[ 2017-03-17T21:15:32+08:00 ] 223.104.25.3 /WZY/uploads/18065/148010088958421ys.jpg
INFO: [ app_init ] --START--
INFO: Run Behavior\BuildLiteBehavior [ RunTime:0.000018s ]
INFO: [ app_init ] --END-- [ RunTime:0.000393s ]
ERR: 无法加载模块:WZY

[ 2017-03-17T21:15:32+08:00 ] 223.104.25.3 /WZY/uploads/18065/148010089535547ys.jpg
INFO: [ app_init ] --START--
INFO: Run Behavior\BuildLiteBehavior [ RunTime:0.000018s ]
INFO: [ app_init ] --END-- [ RunTime:0.000349s ]
ERR: 无法加载模块:WZY

[ 2017-03-17T21:15:32+08:00 ] 223.104.25.3 /WZY/uploads/10118/148009990428346ys.jpg
INFO: [ app_init ] --START--
INFO: Run Behavior\BuildLiteBehavior [ RunTime:0.000021s ]
INFO: [ app_init ] --END-- [ RunTime:0.000408s ]
ERR: 无法加载模块:WZY

[ 2017-03-17T21:15:32+08:00 ] 223.104.25.3 /WZY/uploads/10118/14800999375630ys.jpg
INFO: [ app_init ] --START--
INFO: Run Behavior\BuildLiteBehavior [ RunTime:0.000026s ]
INFO: [ app_init ] --END-- [ RunTime:0.000346s ]
ERR: 无法加载模块:WZY

[ 2017-03-17T21:15:32+08:00 ] 223.104.25.3 /WZY/uploads/18065/1480102035205ys.jpg
INFO: [ app_init ] --START--
INFO: Run Behavior\BuildLiteBehavior [ RunTime:0.000022s ]
INFO: [ app_init ] --END-- [ RunTime:0.000427s ]
ERR: 无法加载模块:WZY

[ 2017-03-17T21:15:32+08:00 ] 223.104.25.3 /WZY/uploads/298/1480216542900ys.jpg
INFO: [ app_init ] --START--
INFO: Run Behavior\BuildLiteBehavior [ RunTime:0.000019s ]
INFO: [ app_init ] --END-- [ RunTime:0.000420s ]
ERR: 无法加载模块:WZY

[ 2017-03-17T21:15:32+08:00 ] 223.104.25.3 /WZY/uploads/18065/148010033164430ys.jpg
INFO: [ app_init ] --START--
INFO: Run Behavior\BuildLiteBehavior [ RunTime:0.000019s ]
INFO: [ app_init ] --END-- [ RunTime:0.000392s ]
ERR: 无法加载模块:WZY

[ 2017-03-17T21:15:32+08:00 ] 223.104.25.3 /WZY/uploads/18065/148010066139794ys.jpeg
INFO: [ app_init ] --START--
INFO: Run Behavior\BuildLiteBehavior [ RunTime:0.000021s ]
INFO: [ app_init ] --END-- [ RunTime:0.000402s ]
ERR: 无法加载模块:WZY

[ 2017-03-17T21:15:32+08:00 ] 223.104.25.3 /WZY/uploads/18065/1480134717847ys.jpg
INFO: [ app_init ] --START--
INFO: Run Behavior\BuildLiteBehavior [ RunTime:0.000020s ]
INFO: [ app_init ] --END-- [ RunTime:0.000388s ]
ERR: 无法加载模块:WZY

[ 2017-03-17T21:15:32+08:00 ] 223.104.25.3 /WZY/uploads/10252/1480136591912ys.jpg
INFO: [ app_init ] --START--
INFO: Run Behavior\BuildLiteBehavior [ RunTime:0.000019s ]
INFO: [ app_init ] --END-- [ RunTime:0.000345s ]
ERR: 无法加载模块:WZY

[ 2017-03-17T21:15:32+08:00 ] 223.104.25.3 /WZY/uploads/10252/1480136644347ys.jpg
INFO: [ app_init ] --START--
INFO: Run Behavior\BuildLiteBehavior [ RunTime:0.000018s ]
INFO: [ app_init ] --END-- [ RunTime:0.000455s ]
ERR: 无法加载模块:WZY

[ 2017-03-17T21:15:32+08:00 ] 223.104.25.3 /WZY/uploads/17753/1480324950126ys.jpeg
INFO: [ app_init ] --START--
INFO: Run Behavior\BuildLiteBehavior [ RunTime:0.000022s ]
INFO: [ app_init ] --END-- [ RunTime:0.000404s ]
ERR: 无法加载模块:WZY

[ 2017-03-17T21:15:32+08:00 ] 223.104.25.3 /WZY/images/pics/turn-left.png
INFO: [ app_init ] --START--
INFO: Run Behavior\BuildLiteBehavior [ RunTime:0.000020s ]
INFO: [ app_init ] --END-- [ RunTime:0.000393s ]
ERR: 无法加载模块:WZY

[ 2017-03-17T21:15:32+08:00 ] 223.104.25.3 /WZY/images/pics/turn-right.png
INFO: [ app_init ] --START--
INFO: Run Behavior\BuildLiteBehavior [ RunTime:0.000018s ]
INFO: [ app_init ] --END-- [ RunTime:0.000357s ]
ERR: 无法加载模块:WZY

[ 2017-03-17T21:17:00+08:00 ] 222.182.97.99 /favicon.ico
INFO: [ app_init ] --START--
INFO: Run Behavior\BuildLiteBehavior [ RunTime:0.000020s ]
INFO: [ app_init ] --END-- [ RunTime:0.000395s ]
ERR: 无法加载模块:Favicon

[ 2017-03-17T21:18:11+08:00 ] 222.182.97.99 /favicon.ico
INFO: [ app_init ] --START--
INFO: Run Behavior\BuildLiteBehavior [ RunTime:0.000028s ]
INFO: [ app_init ] --END-- [ RunTime:0.000459s ]
ERR: 无法加载模块:Favicon

[ 2017-03-17T21:18:12+08:00 ] 222.182.97.99 /favicon.ico
INFO: [ app_init ] --START--
INFO: Run Behavior\BuildLiteBehavior [ RunTime:0.000019s ]
INFO: [ app_init ] --END-- [ RunTime:0.000438s ]
ERR: 无法加载模块:Favicon

[ 2017-03-17T21:22:34+08:00 ] 222.182.97.99 /Public/hplus/css/bootstrap.min.css.map
INFO: [ app_init ] --START--
INFO: Run Behavior\BuildLiteBehavior [ RunTime:0.000018s ]
INFO: [ app_init ] --END-- [ RunTime:0.000377s ]
ERR: 无法加载模块:Public

[ 2017-03-17T21:24:43+08:00 ] 113.251.160.80 /favicon.ico
INFO: [ app_init ] --START--
INFO: Run Behavior\BuildLiteBehavior [ RunTime:0.000027s ]
INFO: [ app_init ] --END-- [ RunTime:0.000528s ]
ERR: 无法加载模块:Favicon

[ 2017-03-17T21:33:03+08:00 ] 222.182.97.99 /Public/hplus/css/bootstrap.min.css.map
INFO: [ app_init ] --START--
INFO: Run Behavior\BuildLiteBehavior [ RunTime:0.000021s ]
INFO: [ app_init ] --END-- [ RunTime:0.000427s ]
ERR: 无法加载模块:Public

[ 2017-03-17T21:55:00+08:00 ] 222.182.97.99 /Public/hplus/css/bootstrap.min.css.map
INFO: [ app_init ] --START--
INFO: Run Behavior\BuildLiteBehavior [ RunTime:0.000031s ]
INFO: [ app_init ] --END-- [ RunTime:0.000382s ]
ERR: 无法加载模块:Public

[ 2017-03-17T21:55:40+08:00 ] 222.182.97.99 /Public/hplus/css/bootstrap.min.css.map
INFO: [ app_init ] --START--
INFO: Run Behavior\BuildLiteBehavior [ RunTime:0.000019s ]
INFO: [ app_init ] --END-- [ RunTime:0.000373s ]
ERR: 无法加载模块:Public

[ 2017-03-17T23:44:39+08:00 ] 101.226.51.226 /WZY/index.php?user%2525252525252525253D3
INFO: [ app_init ] --START--
INFO: Run Behavior\BuildLiteBehavior [ RunTime:0.000020s ]
INFO: [ app_init ] --END-- [ RunTime:0.000392s ]
ERR: 无法加载模块:WZY

[ 2017-03-17T23:56:27+08:00 ] 101.226.65.108 /Public/hplus/css/bootstrap.min.css.map
INFO: [ app_init ] --START--
INFO: Run Behavior\BuildLiteBehavior [ RunTime:0.000018s ]
INFO: [ app_init ] --END-- [ RunTime:0.000366s ]
ERR: 无法加载模块:Public

