[ 2017-04-13T16:32:21+08:00 ] ::1 /2017/weixiao/
INFO: [ app_init ] --START--
INFO: Run Behavior\BuildLiteBehavior [ RunTime:0.000031s ]
INFO: [ app_init ] --END-- [ RunTime:0.002856s ]
INFO: [ app_begin ] --START--
INFO: Run Behavior\ReadHtmlCacheBehavior [ RunTime:0.001370s ]
INFO: [ app_begin ] --END-- [ RunTime:0.001463s ]
INFO: [ view_parse ] --START--
INFO: [ template_filter ] --START--
INFO: Run Behavior\ContentReplaceBehavior [ RunTime:0.000343s ]
INFO: [ template_filter ] --END-- [ RunTime:0.000442s ]
INFO: Run Behavior\ParseTemplateBehavior [ RunTime:0.077007s ]
INFO: [ view_parse ] --END-- [ RunTime:0.077112s ]
INFO: [ view_filter ] --START--
INFO: Run Behavior\WriteHtmlCacheBehavior [ RunTime:0.000900s ]
INFO: [ view_filter ] --END-- [ RunTime:0.000975s ]
INFO: [ app_end ] --START--
INFO: Run Behavior\ShowPageTraceBehavior [ RunTime:0.001453s ]
INFO: [ app_end ] --END-- [ RunTime:0.001528s ]

[ 2017-04-13T16:32:31+08:00 ] ::1 /2017/weixiao/index.php/Community/Index/index.html
INFO: [ app_init ] --START--
INFO: Run Behavior\BuildLiteBehavior [ RunTime:0.000014s ]
INFO: [ app_init ] --END-- [ RunTime:0.000379s ]
INFO: [ app_begin ] --START--
INFO: Run Behavior\ReadHtmlCacheBehavior [ RunTime:0.000593s ]
INFO: [ app_begin ] --END-- [ RunTime:0.000639s ]
NOTIC: [8] Undefined index: code E:\php\2017\weixiao\Application\Community\Controller\IndexController.class.php 第 62 行.
SQL: SHOW COLUMNS FROM `wx_manages_community` [ RunTime:0.0959s ]
SQL: SELECT mc.id,mc.username,mc.password,mc.status,mrc.communityid FROM `wx_manages_community`  as mc inner join wx_manage_role_community as mrc on mrc.id = mc.roleid   WHERE `username` = 'admin' LIMIT 1   [ RunTime:0.1036s ]
SQL: SELECT status FROM wx_manage_ip WHERE adminid='1' AND ip='::1'; [ RunTime:0.0916s ]
NOTIC: [8] Undefined variable: ip E:\php\2017\weixiao\Application\Community\Controller\IndexController.class.php 第 102 行.
SQL: UPDATE `wx_manages_community` SET `logintime`='1492072351',`loginip`='0.0.0.0',`logincount`=logincount + 1 WHERE `id` = 1 [ RunTime:0.1019s ]
SQL: SHOW COLUMNS FROM `wx_manage_ip` [ RunTime:0.0823s ]
SQL: SELECT * FROM `wx_manage_ip` WHERE `ip` = '::1' AND `adminid` = 1 ORDER BY id asc  [ RunTime:0.0875s ]
SQL: UPDATE `wx_manage_ip` SET `number`='23',`adminid`='1' WHERE `adminid` = 1 AND `ip` = ':'1'' [ RunTime:0.0886s ]

[ 2017-04-13T16:32:39+08:00 ] ::1 /2017/weixiao/index.php/Community/Index/index.html
INFO: [ app_init ] --START--
INFO: Run Behavior\BuildLiteBehavior [ RunTime:0.000014s ]
INFO: [ app_init ] --END-- [ RunTime:0.000369s ]
INFO: [ app_begin ] --START--
INFO: Run Behavior\ReadHtmlCacheBehavior [ RunTime:0.000582s ]
INFO: [ app_begin ] --END-- [ RunTime:0.000627s ]
NOTIC: [8] Undefined index: code E:\php\2017\weixiao\Application\Community\Controller\IndexController.class.php 第 62 行.
SQL: SHOW COLUMNS FROM `wx_manages_community` [ RunTime:0.0806s ]
SQL: SELECT mc.id,mc.username,mc.password,mc.status,mrc.communityid FROM `wx_manages_community`  as mc inner join wx_manage_role_community as mrc on mrc.id = mc.roleid   WHERE `username` = 'admin' LIMIT 1   [ RunTime:0.0994s ]
SQL: SELECT status FROM wx_manage_ip WHERE adminid='1' AND ip='::1'; [ RunTime:0.0885s ]
NOTIC: [8] Undefined variable: ip E:\php\2017\weixiao\Application\Community\Controller\IndexController.class.php 第 102 行.
SQL: UPDATE `wx_manages_community` SET `logintime`='1492072359',`loginip`='0.0.0.0',`logincount`=logincount + 1 WHERE `id` = 1 [ RunTime:0.0860s ]
SQL: SHOW COLUMNS FROM `wx_manage_ip` [ RunTime:0.1024s ]
SQL: SELECT * FROM `wx_manage_ip` WHERE `ip` = '::1' AND `adminid` = 1 ORDER BY id asc  [ RunTime:0.0871s ]
SQL: UPDATE `wx_manage_ip` SET `number`='24',`adminid`='1' WHERE `adminid` = 1 AND `ip` = ':'1'' [ RunTime:0.1033s ]

[ 2017-04-13T16:32:47+08:00 ] ::1 /2017/weixiao/index.php/Community/Index/index.html
INFO: [ app_init ] --START--
INFO: Run Behavior\BuildLiteBehavior [ RunTime:0.000013s ]
INFO: [ app_init ] --END-- [ RunTime:0.000368s ]
INFO: [ app_begin ] --START--
INFO: Run Behavior\ReadHtmlCacheBehavior [ RunTime:0.000582s ]
INFO: [ app_begin ] --END-- [ RunTime:0.000628s ]
NOTIC: [8] Undefined index: code E:\php\2017\weixiao\Application\Community\Controller\IndexController.class.php 第 62 行.
SQL: SHOW COLUMNS FROM `wx_manages_community` [ RunTime:0.0830s ]
SQL: SELECT mc.id,mc.username,mc.password,mc.status,mrc.communityid FROM `wx_manages_community`  as mc inner join wx_manage_role_community as mrc on mrc.id = mc.roleid   WHERE `username` = 'admin' LIMIT 1   [ RunTime:0.0792s ]
SQL: SELECT status FROM wx_manage_ip WHERE adminid='1' AND ip='::1'; [ RunTime:0.1086s ]
NOTIC: [8] Undefined variable: ip E:\php\2017\weixiao\Application\Community\Controller\IndexController.class.php 第 102 行.
SQL: UPDATE `wx_manages_community` SET `logintime`='1492072367',`loginip`='0.0.0.0',`logincount`=logincount + 1 WHERE `id` = 1 [ RunTime:0.1048s ]
SQL: SHOW COLUMNS FROM `wx_manage_ip` [ RunTime:0.0811s ]
SQL: SELECT * FROM `wx_manage_ip` WHERE `ip` = '::1' AND `adminid` = 1 ORDER BY id asc  [ RunTime:0.0874s ]
SQL: UPDATE `wx_manage_ip` SET `number`='25',`adminid`='1' WHERE `adminid` = 1 AND `ip` = ':'1'' [ RunTime:0.0895s ]

[ 2017-04-13T16:32:58+08:00 ] ::1 /2017/weixiao/index.php/Community/Index/index.html
INFO: [ app_init ] --START--
INFO: Run Behavior\BuildLiteBehavior [ RunTime:0.000009s ]
INFO: [ app_init ] --END-- [ RunTime:0.000249s ]
INFO: [ app_begin ] --START--
INFO: Run Behavior\ReadHtmlCacheBehavior [ RunTime:0.000364s ]
INFO: [ app_begin ] --END-- [ RunTime:0.000396s ]
NOTIC: [8] Undefined index: code E:\php\2017\weixiao\Application\Community\Controller\IndexController.class.php 第 62 行.
SQL: SHOW COLUMNS FROM `wx_manages_community` [ RunTime:0.0789s ]
SQL: SELECT mc.id,mc.username,mc.password,mc.status,mrc.communityid FROM `wx_manages_community`  as mc inner join wx_manage_role_community as mrc on mrc.id = mc.roleid   WHERE `username` = 'admin' LIMIT 1   [ RunTime:0.0983s ]
SQL: SELECT status FROM wx_manage_ip WHERE adminid='1' AND ip='::1'; [ RunTime:0.0823s ]
NOTIC: [8] Undefined variable: ip E:\php\2017\weixiao\Application\Community\Controller\IndexController.class.php 第 102 行.
SQL: UPDATE `wx_manages_community` SET `logintime`='1492072377',`loginip`='0.0.0.0',`logincount`=logincount + 1 WHERE `id` = 1 [ RunTime:0.1040s ]
SQL: SHOW COLUMNS FROM `wx_manage_ip` [ RunTime:0.0834s ]
SQL: SELECT * FROM `wx_manage_ip` WHERE `ip` = '::1' AND `adminid` = 1 ORDER BY id asc  [ RunTime:0.0879s ]
SQL: UPDATE `wx_manage_ip` SET `number`='26',`adminid`='1' WHERE `adminid` = 1 AND `ip` = ':'1'' [ RunTime:0.0975s ]

[ 2017-04-13T16:33:03+08:00 ] ::1 /2017/weixiao/index.php/Community/Index/main.html
INFO: [ app_init ] --START--
INFO: Run Behavior\BuildLiteBehavior [ RunTime:0.000016s ]
INFO: [ app_init ] --END-- [ RunTime:0.000380s ]
INFO: [ app_begin ] --START--
INFO: Run Behavior\ReadHtmlCacheBehavior [ RunTime:0.000480s ]
INFO: [ app_begin ] --END-- [ RunTime:0.000526s ]
SQL: SHOW COLUMNS FROM `wx_manages_community` [ RunTime:0.0834s ]
SQL: SELECT m.id,m.status,mrc.name as rolename,m.username,mrc.permissions,mrc.communityid FROM `wx_manages_community`  as m inner join wx_manage_role_community as mrc on mrc.id = m.roleid   WHERE m.id = '1' LIMIT 1   [ RunTime:0.1064s ]
SQL: SHOW COLUMNS FROM `wx_navigations` [ RunTime:0.0836s ]
SQL: SELECT * FROM `wx_navigations` WHERE `status` = 1 AND `type` = 3 ORDER BY sort asc,id asc  [ RunTime:0.1058s ]
INFO: [ view_parse ] --START--
INFO: [ template_filter ] --START--
INFO: Run Behavior\ContentReplaceBehavior [ RunTime:0.000544s ]
INFO: [ template_filter ] --END-- [ RunTime:0.000698s ]
INFO: Run Behavior\ParseTemplateBehavior [ RunTime:0.081071s ]
INFO: [ view_parse ] --END-- [ RunTime:0.081192s ]
INFO: [ view_filter ] --START--
INFO: Run Behavior\WriteHtmlCacheBehavior [ RunTime:0.000611s ]
INFO: [ view_filter ] --END-- [ RunTime:0.000681s ]
INFO: [ app_end ] --START--
INFO: Run Behavior\ShowPageTraceBehavior [ RunTime:0.001076s ]
INFO: [ app_end ] --END-- [ RunTime:0.001157s ]

[ 2017-04-13T16:33:12+08:00 ] ::1 /2017/weixiao/index.php/Community/Index/main.html
INFO: [ app_init ] --START--
INFO: Run Behavior\BuildLiteBehavior [ RunTime:0.000026s ]
INFO: [ app_init ] --END-- [ RunTime:0.000562s ]
INFO: [ app_begin ] --START--
INFO: Run Behavior\ReadHtmlCacheBehavior [ RunTime:0.000737s ]
INFO: [ app_begin ] --END-- [ RunTime:0.000810s ]
SQL: SHOW COLUMNS FROM `wx_manages_community` [ RunTime:0.0812s ]
SQL: SELECT m.id,m.status,mrc.name as rolename,m.username,mrc.permissions,mrc.communityid FROM `wx_manages_community`  as m inner join wx_manage_role_community as mrc on mrc.id = m.roleid   WHERE m.id = '1' LIMIT 1   [ RunTime:0.0864s ]
SQL: SHOW COLUMNS FROM `wx_navigations` [ RunTime:0.0719s ]
SQL: SELECT * FROM `wx_navigations` WHERE `status` = 1 AND `type` = 3 ORDER BY sort asc,id asc  [ RunTime:0.0890s ]
INFO: [ view_parse ] --START--
INFO: [ template_filter ] --START--
INFO: Run Behavior\ContentReplaceBehavior [ RunTime:0.000215s ]
INFO: [ template_filter ] --END-- [ RunTime:0.000281s ]
INFO: Run Behavior\ParseTemplateBehavior [ RunTime:0.044669s ]
INFO: [ view_parse ] --END-- [ RunTime:0.044767s ]
INFO: [ view_filter ] --START--
INFO: Run Behavior\WriteHtmlCacheBehavior [ RunTime:0.000401s ]
INFO: [ view_filter ] --END-- [ RunTime:0.000446s ]
INFO: [ app_end ] --START--
INFO: Run Behavior\ShowPageTraceBehavior [ RunTime:0.000730s ]
INFO: [ app_end ] --END-- [ RunTime:0.000784s ]

[ 2017-04-13T16:33:20+08:00 ] ::1 /2017/weixiao/index.php/Community/Index/main.html
INFO: [ app_init ] --START--
INFO: Run Behavior\BuildLiteBehavior [ RunTime:0.000010s ]
INFO: [ app_init ] --END-- [ RunTime:0.000259s ]
INFO: [ app_begin ] --START--
INFO: Run Behavior\ReadHtmlCacheBehavior [ RunTime:0.000374s ]
INFO: [ app_begin ] --END-- [ RunTime:0.000410s ]
SQL: SHOW COLUMNS FROM `wx_manages_community` [ RunTime:0.0802s ]
SQL: SELECT m.id,m.status,mrc.name as rolename,m.username,mrc.permissions,mrc.communityid FROM `wx_manages_community`  as m inner join wx_manage_role_community as mrc on mrc.id = m.roleid   WHERE m.id = '1' LIMIT 1   [ RunTime:0.0924s ]
SQL: SHOW COLUMNS FROM `wx_navigations` [ RunTime:0.0812s ]
SQL: SELECT * FROM `wx_navigations` WHERE `status` = 1 AND `type` = 3 ORDER BY sort asc,id asc  [ RunTime:0.0889s ]
INFO: [ view_parse ] --START--
INFO: [ template_filter ] --START--
INFO: Run Behavior\ContentReplaceBehavior [ RunTime:0.000222s ]
INFO: [ template_filter ] --END-- [ RunTime:0.000298s ]
INFO: Run Behavior\ParseTemplateBehavior [ RunTime:0.042909s ]
INFO: [ view_parse ] --END-- [ RunTime:0.043003s ]
INFO: [ view_filter ] --START--
INFO: Run Behavior\WriteHtmlCacheBehavior [ RunTime:0.000443s ]
INFO: [ view_filter ] --END-- [ RunTime:0.000495s ]
INFO: [ app_end ] --START--
INFO: Run Behavior\ShowPageTraceBehavior [ RunTime:0.000780s ]
INFO: [ app_end ] --END-- [ RunTime:0.000842s ]

[ 2017-04-13T16:33:25+08:00 ] ::1 /2017/weixiao/index.php/Community/Index/main.html
INFO: [ app_init ] --START--
INFO: Run Behavior\BuildLiteBehavior [ RunTime:0.000023s ]
INFO: [ app_init ] --END-- [ RunTime:0.000378s ]
INFO: [ app_begin ] --START--
INFO: Run Behavior\ReadHtmlCacheBehavior [ RunTime:0.000500s ]
INFO: [ app_begin ] --END-- [ RunTime:0.000555s ]
SQL: SHOW COLUMNS FROM `wx_manages_community` [ RunTime:0.0819s ]
SQL: SELECT m.id,m.status,mrc.name as rolename,m.username,mrc.permissions,mrc.communityid FROM `wx_manages_community`  as m inner join wx_manage_role_community as mrc on mrc.id = m.roleid   WHERE m.id = '1' LIMIT 1   [ RunTime:0.0785s ]
SQL: SHOW COLUMNS FROM `wx_navigations` [ RunTime:0.0904s ]
SQL: SELECT * FROM `wx_navigations` WHERE `status` = 1 AND `type` = 3 ORDER BY sort asc,id asc  [ RunTime:0.1225s ]
INFO: [ view_parse ] --START--
INFO: [ template_filter ] --START--
INFO: Run Behavior\ContentReplaceBehavior [ RunTime:0.000538s ]
INFO: [ template_filter ] --END-- [ RunTime:0.000708s ]
INFO: Run Behavior\ParseTemplateBehavior [ RunTime:0.035724s ]
INFO: [ view_parse ] --END-- [ RunTime:0.035828s ]
INFO: [ view_filter ] --START--
INFO: Run Behavior\WriteHtmlCacheBehavior [ RunTime:0.000472s ]
INFO: [ view_filter ] --END-- [ RunTime:0.000550s ]
INFO: [ app_end ] --START--
INFO: Run Behavior\ShowPageTraceBehavior [ RunTime:0.001059s ]
INFO: [ app_end ] --END-- [ RunTime:0.001151s ]

[ 2017-04-13T16:34:02+08:00 ] ::1 /2017/weixiao/index.php/Community/User/index2
INFO: [ app_init ] --START--
INFO: Run Behavior\BuildLiteBehavior [ RunTime:0.000014s ]
INFO: [ app_init ] --END-- [ RunTime:0.000330s ]
INFO: [ app_begin ] --START--
INFO: Run Behavior\ReadHtmlCacheBehavior [ RunTime:0.000483s ]
INFO: [ app_begin ] --END-- [ RunTime:0.000530s ]
SQL: SHOW COLUMNS FROM `wx_manages_community` [ RunTime:0.0832s ]
SQL: SELECT m.id,m.status,mrc.name as rolename,m.username,mrc.permissions,mrc.communityid FROM `wx_manages_community`  as m inner join wx_manage_role_community as mrc on mrc.id = m.roleid   WHERE m.id = '1' LIMIT 1   [ RunTime:0.0996s ]
SQL: SHOW COLUMNS FROM `wx_navigations` [ RunTime:0.0802s ]
SQL: SELECT `id` FROM `wx_navigations` WHERE (  (`group` = 'Community' and controller = 'User' and method = 'index2' ) or interrelated_g_c_m like '%Community_User_index2%'  and type = 1 )  [ RunTime:0.1055s ]
ERR: 1146:Table 'weixiao.wx_user_work_week' doesn't exist
 [ SQL语句 ] : SHOW COLUMNS FROM `wx_user_work_week`
ERR: 1146:Table 'weixiao.wx_user_work_week' doesn't exist
 [ SQL语句 ] : SHOW COLUMNS FROM `wx_user_work_week`

[ 2017-04-13T16:37:26+08:00 ] ::1 /2017/weixiao/index.php/Community/User/index2
INFO: [ app_init ] --START--
INFO: Run Behavior\BuildLiteBehavior [ RunTime:0.000015s ]
INFO: [ app_init ] --END-- [ RunTime:0.000377s ]
INFO: [ app_begin ] --START--
INFO: Run Behavior\ReadHtmlCacheBehavior [ RunTime:0.000599s ]
INFO: [ app_begin ] --END-- [ RunTime:0.000650s ]
SQL: SHOW COLUMNS FROM `wx_manages_community` [ RunTime:0.0930s ]
SQL: SELECT m.id,m.status,mrc.name as rolename,m.username,mrc.permissions,mrc.communityid FROM `wx_manages_community`  as m inner join wx_manage_role_community as mrc on mrc.id = m.roleid   WHERE m.id = '1' LIMIT 1   [ RunTime:0.1113s ]
SQL: SHOW COLUMNS FROM `wx_navigations` [ RunTime:0.0767s ]
SQL: SELECT `id` FROM `wx_navigations` WHERE (  (`group` = 'Community' and controller = 'User' and method = 'index2' ) or interrelated_g_c_m like '%Community_User_index2%'  and type = 1 )  [ RunTime:0.1016s ]
SQL: SHOW COLUMNS FROM `wx_user_work_week` [ RunTime:0.0900s ]
SQL: INSERT INTO `wx_user_work_week` (`week_id`,`day`,`work`) VALUES ('1','1','1') [ RunTime:0.0947s ]
SQL: INSERT INTO `wx_user_work_week` (`week_id`,`day`,`work`) VALUES ('1','1','2') [ RunTime:0.0770s ]
SQL: INSERT INTO `wx_user_work_week` (`week_id`,`day`,`work`) VALUES ('1','1','3') [ RunTime:0.0950s ]
SQL: INSERT INTO `wx_user_work_week` (`week_id`,`day`,`work`) VALUES ('1','1','4') [ RunTime:0.0750s ]
SQL: INSERT INTO `wx_user_work_week` (`week_id`,`day`,`work`) VALUES ('1','1','5') [ RunTime:0.0808s ]
SQL: INSERT INTO `wx_user_work_week` (`week_id`,`day`,`work`) VALUES ('1','2','1') [ RunTime:0.0714s ]
SQL: INSERT INTO `wx_user_work_week` (`week_id`,`day`,`work`) VALUES ('1','2','2') [ RunTime:0.0883s ]
SQL: INSERT INTO `wx_user_work_week` (`week_id`,`day`,`work`) VALUES ('1','2','3') [ RunTime:0.1037s ]
SQL: INSERT INTO `wx_user_work_week` (`week_id`,`day`,`work`) VALUES ('1','2','4') [ RunTime:0.0895s ]
SQL: INSERT INTO `wx_user_work_week` (`week_id`,`day`,`work`) VALUES ('1','2','5') [ RunTime:0.0747s ]
SQL: INSERT INTO `wx_user_work_week` (`week_id`,`day`,`work`) VALUES ('1','3','1') [ RunTime:0.0798s ]
SQL: INSERT INTO `wx_user_work_week` (`week_id`,`day`,`work`) VALUES ('1','3','2') [ RunTime:0.0911s ]
SQL: INSERT INTO `wx_user_work_week` (`week_id`,`day`,`work`) VALUES ('1','3','3') [ RunTime:0.0799s ]
SQL: INSERT INTO `wx_user_work_week` (`week_id`,`day`,`work`) VALUES ('1','3','4') [ RunTime:0.0797s ]
SQL: INSERT INTO `wx_user_work_week` (`week_id`,`day`,`work`) VALUES ('1','3','5') [ RunTime:0.0799s ]
SQL: INSERT INTO `wx_user_work_week` (`week_id`,`day`,`work`) VALUES ('1','4','1') [ RunTime:0.0789s ]
SQL: INSERT INTO `wx_user_work_week` (`week_id`,`day`,`work`) VALUES ('1','4','2') [ RunTime:0.0803s ]
SQL: INSERT INTO `wx_user_work_week` (`week_id`,`day`,`work`) VALUES ('1','4','3') [ RunTime:0.0795s ]
SQL: INSERT INTO `wx_user_work_week` (`week_id`,`day`,`work`) VALUES ('1','4','4') [ RunTime:0.0791s ]
SQL: INSERT INTO `wx_user_work_week` (`week_id`,`day`,`work`) VALUES ('1','4','5') [ RunTime:0.0712s ]
SQL: INSERT INTO `wx_user_work_week` (`week_id`,`day`,`work`) VALUES ('1','5','1') [ RunTime:0.0880s ]
SQL: INSERT INTO `wx_user_work_week` (`week_id`,`day`,`work`) VALUES ('1','5','2') [ RunTime:0.0896s ]
SQL: INSERT INTO `wx_user_work_week` (`week_id`,`day`,`work`) VALUES ('1','5','3') [ RunTime:0.0805s ]
SQL: INSERT INTO `wx_user_work_week` (`week_id`,`day`,`work`) VALUES ('1','5','4') [ RunTime:0.0774s ]
SQL: INSERT INTO `wx_user_work_week` (`week_id`,`day`,`work`) VALUES ('1','5','5') [ RunTime:0.0921s ]
SQL: INSERT INTO `wx_user_work_week` (`week_id`,`day`,`work`) VALUES ('2','1','1') [ RunTime:0.0880s ]
SQL: INSERT INTO `wx_user_work_week` (`week_id`,`day`,`work`) VALUES ('2','1','2') [ RunTime:0.0894s ]
SQL: INSERT INTO `wx_user_work_week` (`week_id`,`day`,`work`) VALUES ('2','1','3') [ RunTime:0.0797s ]
SQL: INSERT INTO `wx_user_work_week` (`week_id`,`day`,`work`) VALUES ('2','1','4') [ RunTime:0.0792s ]
SQL: INSERT INTO `wx_user_work_week` (`week_id`,`day`,`work`) VALUES ('2','1','5') [ RunTime:0.0827s ]
SQL: INSERT INTO `wx_user_work_week` (`week_id`,`day`,`work`) VALUES ('2','2','1') [ RunTime:0.0863s ]
SQL: INSERT INTO `wx_user_work_week` (`week_id`,`day`,`work`) VALUES ('2','2','2') [ RunTime:0.0952s ]
SQL: INSERT INTO `wx_user_work_week` (`week_id`,`day`,`work`) VALUES ('2','2','3') [ RunTime:0.0944s ]
SQL: INSERT INTO `wx_user_work_week` (`week_id`,`day`,`work`) VALUES ('2','2','4') [ RunTime:0.0794s ]
SQL: INSERT INTO `wx_user_work_week` (`week_id`,`day`,`work`) VALUES ('2','2','5') [ RunTime:0.0787s ]
SQL: INSERT INTO `wx_user_work_week` (`week_id`,`day`,`work`) VALUES ('2','3','1') [ RunTime:0.0937s ]
SQL: INSERT INTO `wx_user_work_week` (`week_id`,`day`,`work`) VALUES ('2','3','2') [ RunTime:0.0699s ]
SQL: INSERT INTO `wx_user_work_week` (`week_id`,`day`,`work`) VALUES ('2','3','3') [ RunTime:0.0857s ]
SQL: INSERT INTO `wx_user_work_week` (`week_id`,`day`,`work`) VALUES ('2','3','4') [ RunTime:0.0796s ]
SQL: INSERT INTO `wx_user_work_week` (`week_id`,`day`,`work`) VALUES ('2','3','5') [ RunTime:0.0793s ]
SQL: INSERT INTO `wx_user_work_week` (`week_id`,`day`,`work`) VALUES ('2','4','1') [ RunTime:0.0797s ]
SQL: INSERT INTO `wx_user_work_week` (`week_id`,`day`,`work`) VALUES ('2','4','2') [ RunTime:0.0797s ]
SQL: INSERT INTO `wx_user_work_week` (`week_id`,`day`,`work`) VALUES ('2','4','3') [ RunTime:0.0797s ]
SQL: INSERT INTO `wx_user_work_week` (`week_id`,`day`,`work`) VALUES ('2','4','4') [ RunTime:0.0800s ]
SQL: INSERT INTO `wx_user_work_week` (`week_id`,`day`,`work`) VALUES ('2','4','5') [ RunTime:0.0795s ]
SQL: INSERT INTO `wx_user_work_week` (`week_id`,`day`,`work`) VALUES ('2','5','1') [ RunTime:0.0789s ]
SQL: INSERT INTO `wx_user_work_week` (`week_id`,`day`,`work`) VALUES ('2','5','2') [ RunTime:0.0800s ]
SQL: INSERT INTO `wx_user_work_week` (`week_id`,`day`,`work`) VALUES ('2','5','3') [ RunTime:0.1039s ]
SQL: INSERT INTO `wx_user_work_week` (`week_id`,`day`,`work`) VALUES ('2','5','4') [ RunTime:0.0952s ]
SQL: INSERT INTO `wx_user_work_week` (`week_id`,`day`,`work`) VALUES ('2','5','5') [ RunTime:0.0792s ]
SQL: INSERT INTO `wx_user_work_week` (`week_id`,`day`,`work`) VALUES ('3','1','1') [ RunTime:0.0797s ]
SQL: INSERT INTO `wx_user_work_week` (`week_id`,`day`,`work`) VALUES ('3','1','2') [ RunTime:0.0938s ]
SQL: INSERT INTO `wx_user_work_week` (`week_id`,`day`,`work`) VALUES ('3','1','3') [ RunTime:0.1013s ]
SQL: INSERT INTO `wx_user_work_week` (`week_id`,`day`,`work`) VALUES ('3','1','4') [ RunTime:0.0837s ]
SQL: INSERT INTO `wx_user_work_week` (`week_id`,`day`,`work`) VALUES ('3','1','5') [ RunTime:0.0757s ]
SQL: INSERT INTO `wx_user_work_week` (`week_id`,`day`,`work`) VALUES ('3','2','1') [ RunTime:0.0841s ]
SQL: INSERT INTO `wx_user_work_week` (`week_id`,`day`,`work`) VALUES ('3','2','2') [ RunTime:0.0797s ]
SQL: INSERT INTO `wx_user_work_week` (`week_id`,`day`,`work`) VALUES ('3','2','3') [ RunTime:0.0751s ]
SQL: INSERT INTO `wx_user_work_week` (`week_id`,`day`,`work`) VALUES ('3','2','4') [ RunTime:0.0844s ]
SQL: INSERT INTO `wx_user_work_week` (`week_id`,`day`,`work`) VALUES ('3','2','5') [ RunTime:0.0793s ]
SQL: INSERT INTO `wx_user_work_week` (`week_id`,`day`,`work`) VALUES ('3','3','1') [ RunTime:0.0796s ]
SQL: INSERT INTO `wx_user_work_week` (`week_id`,`day`,`work`) VALUES ('3','3','2') [ RunTime:0.0925s ]
SQL: INSERT INTO `wx_user_work_week` (`week_id`,`day`,`work`) VALUES ('3','3','3') [ RunTime:0.0762s ]
SQL: INSERT INTO `wx_user_work_week` (`week_id`,`day`,`work`) VALUES ('3','3','4') [ RunTime:0.0937s ]
SQL: INSERT INTO `wx_user_work_week` (`week_id`,`day`,`work`) VALUES ('3','3','5') [ RunTime:0.0694s ]
SQL: INSERT INTO `wx_user_work_week` (`week_id`,`day`,`work`) VALUES ('3','4','1') [ RunTime:0.0847s ]
SQL: INSERT INTO `wx_user_work_week` (`week_id`,`day`,`work`) VALUES ('3','4','2') [ RunTime:0.0809s ]
SQL: INSERT INTO `wx_user_work_week` (`week_id`,`day`,`work`) VALUES ('3','4','3') [ RunTime:0.0838s ]
SQL: INSERT INTO `wx_user_work_week` (`week_id`,`day`,`work`) VALUES ('3','4','4') [ RunTime:0.0949s ]
SQL: INSERT INTO `wx_user_work_week` (`week_id`,`day`,`work`) VALUES ('3','4','5') [ RunTime:0.0798s ]
SQL: INSERT INTO `wx_user_work_week` (`week_id`,`day`,`work`) VALUES ('3','5','1') [ RunTime:0.0717s ]
SQL: INSERT INTO `wx_user_work_week` (`week_id`,`day`,`work`) VALUES ('3','5','2') [ RunTime:0.0883s ]
SQL: INSERT INTO `wx_user_work_week` (`week_id`,`day`,`work`) VALUES ('3','5','3') [ RunTime:0.0892s ]
SQL: INSERT INTO `wx_user_work_week` (`week_id`,`day`,`work`) VALUES ('3','5','4') [ RunTime:0.0902s ]
SQL: INSERT INTO `wx_user_work_week` (`week_id`,`day`,`work`) VALUES ('3','5','5') [ RunTime:0.0775s ]
SQL: INSERT INTO `wx_user_work_week` (`week_id`,`day`,`work`) VALUES ('4','1','1') [ RunTime:0.0809s ]
SQL: INSERT INTO `wx_user_work_week` (`week_id`,`day`,`work`) VALUES ('4','1','2') [ RunTime:0.0797s ]
SQL: INSERT INTO `wx_user_work_week` (`week_id`,`day`,`work`) VALUES ('4','1','3') [ RunTime:0.0793s ]
SQL: INSERT INTO `wx_user_work_week` (`week_id`,`day`,`work`) VALUES ('4','1','4') [ RunTime:0.0804s ]
SQL: INSERT INTO `wx_user_work_week` (`week_id`,`day`,`work`) VALUES ('4','1','5') [ RunTime:0.0793s ]
SQL: INSERT INTO `wx_user_work_week` (`week_id`,`day`,`work`) VALUES ('4','2','1') [ RunTime:0.0697s ]
SQL: INSERT INTO `wx_user_work_week` (`week_id`,`day`,`work`) VALUES ('4','2','2') [ RunTime:0.0787s ]
SQL: INSERT INTO `wx_user_work_week` (`week_id`,`day`,`work`) VALUES ('4','2','3') [ RunTime:0.0804s ]
SQL: INSERT INTO `wx_user_work_week` (`week_id`,`day`,`work`) VALUES ('4','2','4') [ RunTime:0.0741s ]
SQL: INSERT INTO `wx_user_work_week` (`week_id`,`day`,`work`) VALUES ('4','2','5') [ RunTime:0.0854s ]
SQL: INSERT INTO `wx_user_work_week` (`week_id`,`day`,`work`) VALUES ('4','3','1') [ RunTime:0.0798s ]
SQL: INSERT INTO `wx_user_work_week` (`week_id`,`day`,`work`) VALUES ('4','3','2') [ RunTime:0.0798s ]
SQL: INSERT INTO `wx_user_work_week` (`week_id`,`day`,`work`) VALUES ('4','3','3') [ RunTime:0.0797s ]
SQL: INSERT INTO `wx_user_work_week` (`week_id`,`day`,`work`) VALUES ('4','3','4') [ RunTime:0.0800s ]
SQL: INSERT INTO `wx_user_work_week` (`week_id`,`day`,`work`) VALUES ('4','3','5') [ RunTime:0.0799s ]
SQL: INSERT INTO `wx_user_work_week` (`week_id`,`day`,`work`) VALUES ('4','4','1') [ RunTime:0.0893s ]
SQL: INSERT INTO `wx_user_work_week` (`week_id`,`day`,`work`) VALUES ('4','4','2') [ RunTime:0.0810s ]
SQL: INSERT INTO `wx_user_work_week` (`week_id`,`day`,`work`) VALUES ('4','4','3') [ RunTime:0.0883s ]
SQL: INSERT INTO `wx_user_work_week` (`week_id`,`day`,`work`) VALUES ('4','4','4') [ RunTime:0.0899s ]
SQL: INSERT INTO `wx_user_work_week` (`week_id`,`day`,`work`) VALUES ('4','4','5') [ RunTime:0.0797s ]
SQL: INSERT INTO `wx_user_work_week` (`week_id`,`day`,`work`) VALUES ('4','5','1') [ RunTime:0.0898s ]
SQL: INSERT INTO `wx_user_work_week` (`week_id`,`day`,`work`) VALUES ('4','5','2') [ RunTime:0.0796s ]
SQL: INSERT INTO `wx_user_work_week` (`week_id`,`day`,`work`) VALUES ('4','5','3') [ RunTime:0.0797s ]
SQL: INSERT INTO `wx_user_work_week` (`week_id`,`day`,`work`) VALUES ('4','5','4') [ RunTime:0.0944s ]
SQL: INSERT INTO `wx_user_work_week` (`week_id`,`day`,`work`) VALUES ('4','5','5') [ RunTime:0.0756s ]
SQL: INSERT INTO `wx_user_work_week` (`week_id`,`day`,`work`) VALUES ('5','1','1') [ RunTime:0.0794s ]
SQL: INSERT INTO `wx_user_work_week` (`week_id`,`day`,`work`) VALUES ('5','1','2') [ RunTime:0.0806s ]
SQL: INSERT INTO `wx_user_work_week` (`week_id`,`day`,`work`) VALUES ('5','1','3') [ RunTime:0.0841s ]
SQL: INSERT INTO `wx_user_work_week` (`week_id`,`day`,`work`) VALUES ('5','1','4') [ RunTime:0.0950s ]
SQL: INSERT INTO `wx_user_work_week` (`week_id`,`day`,`work`) VALUES ('5','1','5') [ RunTime:0.0705s ]
SQL: INSERT INTO `wx_user_work_week` (`week_id`,`day`,`work`) VALUES ('5','2','1') [ RunTime:0.0884s ]
SQL: INSERT INTO `wx_user_work_week` (`week_id`,`day`,`work`) VALUES ('5','2','2') [ RunTime:0.0795s ]
SQL: INSERT INTO `wx_user_work_week` (`week_id`,`day`,`work`) VALUES ('5','2','3') [ RunTime:0.0745s ]
SQL: INSERT INTO `wx_user_work_week` (`week_id`,`day`,`work`) VALUES ('5','2','4') [ RunTime:0.0842s ]
SQL: INSERT INTO `wx_user_work_week` (`week_id`,`day`,`work`) VALUES ('5','2','5') [ RunTime:0.0796s ]
SQL: INSERT INTO `wx_user_work_week` (`week_id`,`day`,`work`) VALUES ('5','3','1') [ RunTime:0.0799s ]
SQL: INSERT INTO `wx_user_work_week` (`week_id`,`day`,`work`) VALUES ('5','3','2') [ RunTime:0.0789s ]
SQL: INSERT INTO `wx_user_work_week` (`week_id`,`day`,`work`) VALUES ('5','3','3') [ RunTime:0.0718s ]
SQL: INSERT INTO `wx_user_work_week` (`week_id`,`day`,`work`) VALUES ('5','3','4') [ RunTime:0.0886s ]
SQL: INSERT INTO `wx_user_work_week` (`week_id`,`day`,`work`) VALUES ('5','3','5') [ RunTime:0.0894s ]
SQL: INSERT INTO `wx_user_work_week` (`week_id`,`day`,`work`) VALUES ('5','4','1') [ RunTime:0.0773s ]
SQL: INSERT INTO `wx_user_work_week` (`week_id`,`day`,`work`) VALUES ('5','4','2') [ RunTime:0.0814s ]
SQL: INSERT INTO `wx_user_work_week` (`week_id`,`day`,`work`) VALUES ('5','4','3') [ RunTime:0.0779s ]
SQL: INSERT INTO `wx_user_work_week` (`week_id`,`day`,`work`) VALUES ('5','4','4') [ RunTime:0.0805s ]
SQL: INSERT INTO `wx_user_work_week` (`week_id`,`day`,`work`) VALUES ('5','4','5') [ RunTime:0.0797s ]
SQL: INSERT INTO `wx_user_work_week` (`week_id`,`day`,`work`) VALUES ('5','5','1') [ RunTime:0.0814s ]
SQL: INSERT INTO `wx_user_work_week` (`week_id`,`day`,`work`) VALUES ('5','5','2') [ RunTime:0.0778s ]
SQL: INSERT INTO `wx_user_work_week` (`week_id`,`day`,`work`) VALUES ('5','5','3') [ RunTime:0.0815s ]
SQL: INSERT INTO `wx_user_work_week` (`week_id`,`day`,`work`) VALUES ('5','5','4') [ RunTime:0.0765s ]
SQL: INSERT INTO `wx_user_work_week` (`week_id`,`day`,`work`) VALUES ('5','5','5') [ RunTime:0.0820s ]
SQL: INSERT INTO `wx_user_work_week` (`week_id`,`day`,`work`) VALUES ('6','1','1') [ RunTime:0.0798s ]
SQL: INSERT INTO `wx_user_work_week` (`week_id`,`day`,`work`) VALUES ('6','1','2') [ RunTime:0.0797s ]
SQL: INSERT INTO `wx_user_work_week` (`week_id`,`day`,`work`) VALUES ('6','1','3') [ RunTime:0.0799s ]
SQL: INSERT INTO `wx_user_work_week` (`week_id`,`day`,`work`) VALUES ('6','1','4') [ RunTime:0.0714s ]
SQL: INSERT INTO `wx_user_work_week` (`week_id`,`day`,`work`) VALUES ('6','1','5') [ RunTime:0.0881s ]
SQL: INSERT INTO `wx_user_work_week` (`week_id`,`day`,`work`) VALUES ('6','2','1') [ RunTime:0.0812s ]
SQL: INSERT INTO `wx_user_work_week` (`week_id`,`day`,`work`) VALUES ('6','2','2') [ RunTime:0.0700s ]
SQL: INSERT INTO `wx_user_work_week` (`week_id`,`day`,`work`) VALUES ('6','2','3') [ RunTime:0.0885s ]
SQL: INSERT INTO `wx_user_work_week` (`week_id`,`day`,`work`) VALUES ('6','2','4') [ RunTime:0.0797s ]
SQL: INSERT INTO `wx_user_work_week` (`week_id`,`day`,`work`) VALUES ('6','2','5') [ RunTime:0.0807s ]
SQL: INSERT INTO `wx_user_work_week` (`week_id`,`day`,`work`) VALUES ('6','3','1') [ RunTime:0.0776s ]
SQL: INSERT INTO `wx_user_work_week` (`week_id`,`day`,`work`) VALUES ('6','3','2') [ RunTime:0.0804s ]
SQL: INSERT INTO `wx_user_work_week` (`week_id`,`day`,`work`) VALUES ('6','3','3') [ RunTime:0.0794s ]
SQL: INSERT INTO `wx_user_work_week` (`week_id`,`day`,`work`) VALUES ('6','3','4') [ RunTime:0.0797s ]
SQL: INSERT INTO `wx_user_work_week` (`week_id`,`day`,`work`) VALUES ('6','3','5') [ RunTime:0.0787s ]
SQL: INSERT INTO `wx_user_work_week` (`week_id`,`day`,`work`) VALUES ('6','4','1') [ RunTime:0.0944s ]
SQL: INSERT INTO `wx_user_work_week` (`week_id`,`day`,`work`) VALUES ('6','4','2') [ RunTime:0.0689s ]
SQL: INSERT INTO `wx_user_work_week` (`week_id`,`day`,`work`) VALUES ('6','4','3') [ RunTime:0.1009s ]
SQL: INSERT INTO `wx_user_work_week` (`week_id`,`day`,`work`) VALUES ('6','4','4') [ RunTime:0.0996s ]
SQL: INSERT INTO `wx_user_work_week` (`week_id`,`day`,`work`) VALUES ('6','4','5') [ RunTime:0.0972s ]
SQL: INSERT INTO `wx_user_work_week` (`week_id`,`day`,`work`) VALUES ('6','5','1') [ RunTime:0.0871s ]
SQL: INSERT INTO `wx_user_work_week` (`week_id`,`day`,`work`) VALUES ('6','5','2') [ RunTime:0.0784s ]
SQL: INSERT INTO `wx_user_work_week` (`week_id`,`day`,`work`) VALUES ('6','5','3') [ RunTime:0.0801s ]
SQL: INSERT INTO `wx_user_work_week` (`week_id`,`day`,`work`) VALUES ('6','5','4') [ RunTime:0.0801s ]
SQL: INSERT INTO `wx_user_work_week` (`week_id`,`day`,`work`) VALUES ('6','5','5') [ RunTime:0.0771s ]
SQL: INSERT INTO `wx_user_work_week` (`week_id`,`day`,`work`) VALUES ('7','1','1') [ RunTime:0.0808s ]
SQL: INSERT INTO `wx_user_work_week` (`week_id`,`day`,`work`) VALUES ('7','1','2') [ RunTime:0.0795s ]
SQL: INSERT INTO `wx_user_work_week` (`week_id`,`day`,`work`) VALUES ('7','1','3') [ RunTime:0.0793s ]
SQL: INSERT INTO `wx_user_work_week` (`week_id`,`day`,`work`) VALUES ('7','1','4') [ RunTime:0.0788s ]
SQL: INSERT INTO `wx_user_work_week` (`week_id`,`day`,`work`) VALUES ('7','1','5') [ RunTime:0.0803s ]
SQL: INSERT INTO `wx_user_work_week` (`week_id`,`day`,`work`) VALUES ('7','2','1') [ RunTime:0.0794s ]
SQL: INSERT INTO `wx_user_work_week` (`week_id`,`day`,`work`) VALUES ('7','2','2') [ RunTime:0.0896s ]
SQL: INSERT INTO `wx_user_work_week` (`week_id`,`day`,`work`) VALUES ('7','2','3') [ RunTime:0.0795s ]
SQL: INSERT INTO `wx_user_work_week` (`week_id`,`day`,`work`) VALUES ('7','2','4') [ RunTime:0.0797s ]
SQL: INSERT INTO `wx_user_work_week` (`week_id`,`day`,`work`) VALUES ('7','2','5') [ RunTime:0.0797s ]
SQL: INSERT INTO `wx_user_work_week` (`week_id`,`day`,`work`) VALUES ('7','3','1') [ RunTime:0.0848s ]
SQL: INSERT INTO `wx_user_work_week` (`week_id`,`day`,`work`) VALUES ('7','3','2') [ RunTime:0.0681s ]
SQL: INSERT INTO `wx_user_work_week` (`week_id`,`day`,`work`) VALUES ('7','3','3') [ RunTime:0.0874s ]
SQL: INSERT INTO `wx_user_work_week` (`week_id`,`day`,`work`) VALUES ('7','3','4') [ RunTime:0.0790s ]
SQL: INSERT INTO `wx_user_work_week` (`week_id`,`day`,`work`) VALUES ('7','3','5') [ RunTime:0.0714s ]
SQL: INSERT INTO `wx_user_work_week` (`week_id`,`day`,`work`) VALUES ('7','4','1') [ RunTime:0.0885s ]
SQL: INSERT INTO `wx_user_work_week` (`week_id`,`day`,`work`) VALUES ('7','4','2') [ RunTime:0.0794s ]
SQL: INSERT INTO `wx_user_work_week` (`week_id`,`day`,`work`) VALUES ('7','4','3') [ RunTime:0.0795s ]
SQL: INSERT INTO `wx_user_work_week` (`week_id`,`day`,`work`) VALUES ('7','4','4') [ RunTime:0.0805s ]
SQL: INSERT INTO `wx_user_work_week` (`week_id`,`day`,`work`) VALUES ('7','4','5') [ RunTime:0.0769s ]
SQL: INSERT INTO `wx_user_work_week` (`week_id`,`day`,`work`) VALUES ('7','5','1') [ RunTime:0.0808s ]
SQL: INSERT INTO `wx_user_work_week` (`week_id`,`day`,`work`) VALUES ('7','5','2') [ RunTime:0.0799s ]
SQL: INSERT INTO `wx_user_work_week` (`week_id`,`day`,`work`) VALUES ('7','5','3') [ RunTime:0.0807s ]
SQL: INSERT INTO `wx_user_work_week` (`week_id`,`day`,`work`) VALUES ('7','5','4') [ RunTime:0.0931s ]
SQL: INSERT INTO `wx_user_work_week` (`week_id`,`day`,`work`) VALUES ('7','5','5') [ RunTime:0.0726s ]
SQL: INSERT INTO `wx_user_work_week` (`week_id`,`day`,`work`) VALUES ('8','1','1') [ RunTime:0.0832s ]
SQL: INSERT INTO `wx_user_work_week` (`week_id`,`day`,`work`) VALUES ('8','1','2') [ RunTime:0.0797s ]
SQL: INSERT INTO `wx_user_work_week` (`week_id`,`day`,`work`) VALUES ('8','1','3') [ RunTime:0.0807s ]
SQL: INSERT INTO `wx_user_work_week` (`week_id`,`day`,`work`) VALUES ('8','1','4') [ RunTime:0.0757s ]
SQL: INSERT INTO `wx_user_work_week` (`week_id`,`day`,`work`) VALUES ('8','1','5') [ RunTime:0.0932s ]
SQL: INSERT INTO `wx_user_work_week` (`week_id`,`day`,`work`) VALUES ('8','2','1') [ RunTime:0.0891s ]
SQL: INSERT INTO `wx_user_work_week` (`week_id`,`day`,`work`) VALUES ('8','2','2') [ RunTime:0.0739s ]
SQL: INSERT INTO `wx_user_work_week` (`week_id`,`day`,`work`) VALUES ('8','2','3') [ RunTime:0.0791s ]
SQL: INSERT INTO `wx_user_work_week` (`week_id`,`day`,`work`) VALUES ('8','2','4') [ RunTime:0.0865s ]
SQL: INSERT INTO `wx_user_work_week` (`week_id`,`day`,`work`) VALUES ('8','2','5') [ RunTime:0.0804s ]
SQL: INSERT INTO `wx_user_work_week` (`week_id`,`day`,`work`) VALUES ('8','3','1') [ RunTime:0.0796s ]
SQL: INSERT INTO `wx_user_work_week` (`week_id`,`day`,`work`) VALUES ('8','3','2') [ RunTime:0.0791s ]
SQL: INSERT INTO `wx_user_work_week` (`week_id`,`day`,`work`) VALUES ('8','3','3') [ RunTime:0.0796s ]
SQL: INSERT INTO `wx_user_work_week` (`week_id`,`day`,`work`) VALUES ('8','3','4') [ RunTime:0.0924s ]
SQL: INSERT INTO `wx_user_work_week` (`week_id`,`day`,`work`) VALUES ('8','3','5') [ RunTime:0.0755s ]
SQL: INSERT INTO `wx_user_work_week` (`week_id`,`day`,`work`) VALUES ('8','4','1') [ RunTime:0.0937s ]
SQL: INSERT INTO `wx_user_work_week` (`week_id`,`day`,`work`) VALUES ('8','4','2') [ RunTime:0.0756s ]
SQL: INSERT INTO `wx_user_work_week` (`week_id`,`day`,`work`) VALUES ('8','4','3') [ RunTime:0.0946s ]
SQL: INSERT INTO `wx_user_work_week` (`week_id`,`day`,`work`) VALUES ('8','4','4') [ RunTime:0.1094s ]
SQL: INSERT INTO `wx_user_work_week` (`week_id`,`day`,`work`) VALUES ('8','4','5') [ RunTime:0.0751s ]
SQL: INSERT INTO `wx_user_work_week` (`week_id`,`day`,`work`) VALUES ('8','5','1') [ RunTime:0.0796s ]
SQL: INSERT INTO `wx_user_work_week` (`week_id`,`day`,`work`) VALUES ('8','5','2') [ RunTime:0.0808s ]
SQL: INSERT INTO `wx_user_work_week` (`week_id`,`day`,`work`) VALUES ('8','5','3') [ RunTime:0.0786s ]
SQL: INSERT INTO `wx_user_work_week` (`week_id`,`day`,`work`) VALUES ('8','5','4') [ RunTime:0.0809s ]
SQL: INSERT INTO `wx_user_work_week` (`week_id`,`day`,`work`) VALUES ('8','5','5') [ RunTime:0.0782s ]
SQL: INSERT INTO `wx_user_work_week` (`week_id`,`day`,`work`) VALUES ('9','1','1') [ RunTime:0.0943s ]
SQL: INSERT INTO `wx_user_work_week` (`week_id`,`day`,`work`) VALUES ('9','1','2') [ RunTime:0.1014s ]
SQL: INSERT INTO `wx_user_work_week` (`week_id`,`day`,`work`) VALUES ('9','1','3') [ RunTime:0.1090s ]
SQL: INSERT INTO `wx_user_work_week` (`week_id`,`day`,`work`) VALUES ('9','1','4') [ RunTime:0.0894s ]
SQL: INSERT INTO `wx_user_work_week` (`week_id`,`day`,`work`) VALUES ('9','1','5') [ RunTime:0.0884s ]
SQL: INSERT INTO `wx_user_work_week` (`week_id`,`day`,`work`) VALUES ('9','2','1') [ RunTime:0.0868s ]
SQL: INSERT INTO `wx_user_work_week` (`week_id`,`day`,`work`) VALUES ('9','2','2') [ RunTime:0.1040s ]
SQL: INSERT INTO `wx_user_work_week` (`week_id`,`day`,`work`) VALUES ('9','2','3') [ RunTime:0.0672s ]
SQL: INSERT INTO `wx_user_work_week` (`week_id`,`day`,`work`) VALUES ('9','2','4') [ RunTime:0.0800s ]
SQL: INSERT INTO `wx_user_work_week` (`week_id`,`day`,`work`) VALUES ('9','2','5') [ RunTime:0.0881s ]
SQL: INSERT INTO `wx_user_work_week` (`week_id`,`day`,`work`) VALUES ('9','3','1') [ RunTime:0.0810s ]
SQL: INSERT INTO `wx_user_work_week` (`week_id`,`day`,`work`) VALUES ('9','3','2') [ RunTime:0.0760s ]
SQL: INSERT INTO `wx_user_work_week` (`week_id`,`day`,`work`) VALUES ('9','3','3') [ RunTime:0.0922s ]
SQL: INSERT INTO `wx_user_work_week` (`week_id`,`day`,`work`) VALUES ('9','3','4') [ RunTime:0.0793s ]
SQL: INSERT INTO `wx_user_work_week` (`week_id`,`day`,`work`) VALUES ('9','3','5') [ RunTime:0.0764s ]
SQL: INSERT INTO `wx_user_work_week` (`week_id`,`day`,`work`) VALUES ('9','4','1') [ RunTime:0.0928s ]
SQL: INSERT INTO `wx_user_work_week` (`week_id`,`day`,`work`) VALUES ('9','4','2') [ RunTime:0.0887s ]
SQL: INSERT INTO `wx_user_work_week` (`week_id`,`day`,`work`) VALUES ('9','4','3') [ RunTime:0.0681s ]
SQL: INSERT INTO `wx_user_work_week` (`week_id`,`day`,`work`) VALUES ('9','4','4') [ RunTime:0.0953s ]
SQL: INSERT INTO `wx_user_work_week` (`week_id`,`day`,`work`) VALUES ('9','4','5') [ RunTime:0.0756s ]
SQL: INSERT INTO `wx_user_work_week` (`week_id`,`day`,`work`) VALUES ('9','5','1') [ RunTime:0.0797s ]
SQL: INSERT INTO `wx_user_work_week` (`week_id`,`day`,`work`) VALUES ('9','5','2') [ RunTime:0.0900s ]
SQL: INSERT INTO `wx_user_work_week` (`week_id`,`day`,`work`) VALUES ('9','5','3') [ RunTime:0.0895s ]
SQL: INSERT INTO `wx_user_work_week` (`week_id`,`day`,`work`) VALUES ('9','5','4') [ RunTime:0.1037s ]
SQL: INSERT INTO `wx_user_work_week` (`week_id`,`day`,`work`) VALUES ('9','5','5') [ RunTime:0.0758s ]
SQL: INSERT INTO `wx_user_work_week` (`week_id`,`day`,`work`) VALUES ('10','1','1') [ RunTime:0.0894s ]
SQL: INSERT INTO `wx_user_work_week` (`week_id`,`day`,`work`) VALUES ('10','1','2') [ RunTime:0.1037s ]
SQL: INSERT INTO `wx_user_work_week` (`week_id`,`day`,`work`) VALUES ('10','1','3') [ RunTime:0.0914s ]
SQL: INSERT INTO `wx_user_work_week` (`week_id`,`day`,`work`) VALUES ('10','1','4') [ RunTime:0.1087s ]
SQL: INSERT INTO `wx_user_work_week` (`week_id`,`day`,`work`) VALUES ('10','1','5') [ RunTime:0.0668s ]
SQL: INSERT INTO `wx_user_work_week` (`week_id`,`day`,`work`) VALUES ('10','2','1') [ RunTime:0.0796s ]
SQL: INSERT INTO `wx_user_work_week` (`week_id`,`day`,`work`) VALUES ('10','2','2') [ RunTime:0.1021s ]
SQL: INSERT INTO `wx_user_work_week` (`week_id`,`day`,`work`) VALUES ('10','2','3') [ RunTime:0.0825s ]
SQL: INSERT INTO `wx_user_work_week` (`week_id`,`day`,`work`) VALUES ('10','2','4') [ RunTime:0.1167s ]
SQL: INSERT INTO `wx_user_work_week` (`week_id`,`day`,`work`) VALUES ('10','2','5') [ RunTime:0.0679s ]
SQL: INSERT INTO `wx_user_work_week` (`week_id`,`day`,`work`) VALUES ('10','3','1') [ RunTime:0.0931s ]
SQL: INSERT INTO `wx_user_work_week` (`week_id`,`day`,`work`) VALUES ('10','3','2') [ RunTime:0.1075s ]
SQL: INSERT INTO `wx_user_work_week` (`week_id`,`day`,`work`) VALUES ('10','3','3') [ RunTime:0.0997s ]
SQL: INSERT INTO `wx_user_work_week` (`week_id`,`day`,`work`) VALUES ('10','3','4') [ RunTime:0.1105s ]
SQL: INSERT INTO `wx_user_work_week` (`week_id`,`day`,`work`) VALUES ('10','3','5') [ RunTime:0.0984s ]
SQL: INSERT INTO `wx_user_work_week` (`week_id`,`day`,`work`) VALUES ('10','4','1') [ RunTime:0.0854s ]
SQL: INSERT INTO `wx_user_work_week` (`week_id`,`day`,`work`) VALUES ('10','4','2') [ RunTime:0.0928s ]
SQL: INSERT INTO `wx_user_work_week` (`week_id`,`day`,`work`) VALUES ('10','4','3') [ RunTime:0.0753s ]
SQL: INSERT INTO `wx_user_work_week` (`week_id`,`day`,`work`) VALUES ('10','4','4') [ RunTime:0.0813s ]
SQL: INSERT INTO `wx_user_work_week` (`week_id`,`day`,`work`) VALUES ('10','4','5') [ RunTime:0.0895s ]
SQL: INSERT INTO `wx_user_work_week` (`week_id`,`day`,`work`) VALUES ('10','5','1') [ RunTime:0.0790s ]
SQL: INSERT INTO `wx_user_work_week` (`week_id`,`day`,`work`) VALUES ('10','5','2') [ RunTime:0.0909s ]
SQL: INSERT INTO `wx_user_work_week` (`week_id`,`day`,`work`) VALUES ('10','5','3') [ RunTime:0.0975s ]
SQL: INSERT INTO `wx_user_work_week` (`week_id`,`day`,`work`) VALUES ('10','5','4') [ RunTime:0.0915s ]
SQL: INSERT INTO `wx_user_work_week` (`week_id`,`day`,`work`) VALUES ('10','5','5') [ RunTime:0.0793s ]
SQL: INSERT INTO `wx_user_work_week` (`week_id`,`day`,`work`) VALUES ('11','1','1') [ RunTime:0.1108s ]
SQL: INSERT INTO `wx_user_work_week` (`week_id`,`day`,`work`) VALUES ('11','1','2') [ RunTime:0.1017s ]
SQL: INSERT INTO `wx_user_work_week` (`week_id`,`day`,`work`) VALUES ('11','1','3') [ RunTime:0.0678s ]
SQL: INSERT INTO `wx_user_work_week` (`week_id`,`day`,`work`) VALUES ('11','1','4') [ RunTime:0.0879s ]
SQL: INSERT INTO `wx_user_work_week` (`week_id`,`day`,`work`) VALUES ('11','1','5') [ RunTime:0.0804s ]
SQL: INSERT INTO `wx_user_work_week` (`week_id`,`day`,`work`) VALUES ('11','2','1') [ RunTime:0.0770s ]
SQL: INSERT INTO `wx_user_work_week` (`week_id`,`day`,`work`) VALUES ('11','2','2') [ RunTime:0.0901s ]
SQL: INSERT INTO `wx_user_work_week` (`week_id`,`day`,`work`) VALUES ('11','2','3') [ RunTime:0.0907s ]
SQL: INSERT INTO `wx_user_work_week` (`week_id`,`day`,`work`) VALUES ('11','2','4') [ RunTime:0.0799s ]
SQL: INSERT INTO `wx_user_work_week` (`week_id`,`day`,`work`) VALUES ('11','2','5') [ RunTime:0.0797s ]
SQL: INSERT INTO `wx_user_work_week` (`week_id`,`day`,`work`) VALUES ('11','3','1') [ RunTime:0.0798s ]
SQL: INSERT INTO `wx_user_work_week` (`week_id`,`day`,`work`) VALUES ('11','3','2') [ RunTime:0.0791s ]
SQL: INSERT INTO `wx_user_work_week` (`week_id`,`day`,`work`) VALUES ('11','3','3') [ RunTime:0.0905s ]
SQL: INSERT INTO `wx_user_work_week` (`week_id`,`day`,`work`) VALUES ('11','3','4') [ RunTime:0.0791s ]
SQL: INSERT INTO `wx_user_work_week` (`week_id`,`day`,`work`) VALUES ('11','3','5') [ RunTime:0.0893s ]
SQL: INSERT INTO `wx_user_work_week` (`week_id`,`day`,`work`) VALUES ('11','4','1') [ RunTime:0.0898s ]
SQL: INSERT INTO `wx_user_work_week` (`week_id`,`day`,`work`) VALUES ('11','4','2') [ RunTime:0.0820s ]
SQL: INSERT INTO `wx_user_work_week` (`week_id`,`day`,`work`) VALUES ('11','4','3') [ RunTime:0.0758s ]
SQL: INSERT INTO `wx_user_work_week` (`week_id`,`day`,`work`) VALUES ('11','4','4') [ RunTime:0.0889s ]
SQL: INSERT INTO `wx_user_work_week` (`week_id`,`day`,`work`) VALUES ('11','4','5') [ RunTime:0.0798s ]
SQL: INSERT INTO `wx_user_work_week` (`week_id`,`day`,`work`) VALUES ('11','5','1') [ RunTime:0.0911s ]
SQL: INSERT INTO `wx_user_work_week` (`week_id`,`day`,`work`) VALUES ('11','5','2') [ RunTime:0.0907s ]
SQL: INSERT INTO `wx_user_work_week` (`week_id`,`day`,`work`) VALUES ('11','5','3') [ RunTime:0.0797s ]
SQL: INSERT INTO `wx_user_work_week` (`week_id`,`day`,`work`) VALUES ('11','5','4') [ RunTime:0.0797s ]
SQL: INSERT INTO `wx_user_work_week` (`week_id`,`day`,`work`) VALUES ('11','5','5') [ RunTime:0.0799s ]
SQL: INSERT INTO `wx_user_work_week` (`week_id`,`day`,`work`) VALUES ('12','1','1') [ RunTime:0.0792s ]
SQL: INSERT INTO `wx_user_work_week` (`week_id`,`day`,`work`) VALUES ('12','1','2') [ RunTime:0.0798s ]
SQL: INSERT INTO `wx_user_work_week` (`week_id`,`day`,`work`) VALUES ('12','1','3') [ RunTime:0.0712s ]
SQL: INSERT INTO `wx_user_work_week` (`week_id`,`day`,`work`) VALUES ('12','1','4') [ RunTime:0.0882s ]
SQL: INSERT INTO `wx_user_work_week` (`week_id`,`day`,`work`) VALUES ('12','1','5') [ RunTime:0.0759s ]
SQL: INSERT INTO `wx_user_work_week` (`week_id`,`day`,`work`) VALUES ('12','2','1') [ RunTime:0.0928s ]
SQL: INSERT INTO `wx_user_work_week` (`week_id`,`day`,`work`) VALUES ('12','2','2') [ RunTime:0.1026s ]
SQL: INSERT INTO `wx_user_work_week` (`week_id`,`day`,`work`) VALUES ('12','2','3') [ RunTime:0.0997s ]
SQL: INSERT INTO `wx_user_work_week` (`week_id`,`day`,`work`) VALUES ('12','2','4') [ RunTime:0.0693s ]
SQL: INSERT INTO `wx_user_work_week` (`week_id`,`day`,`work`) VALUES ('12','2','5') [ RunTime:0.0678s ]
SQL: INSERT INTO `wx_user_work_week` (`week_id`,`day`,`work`) VALUES ('12','3','1') [ RunTime:0.0766s ]
SQL: INSERT INTO `wx_user_work_week` (`week_id`,`day`,`work`) VALUES ('12','3','2') [ RunTime:0.0924s ]
SQL: INSERT INTO `wx_user_work_week` (`week_id`,`day`,`work`) VALUES ('12','3','3') [ RunTime:0.0888s ]
SQL: INSERT INTO `wx_user_work_week` (`week_id`,`day`,`work`) VALUES ('12','3','4') [ RunTime:0.0898s ]
SQL: INSERT INTO `wx_user_work_week` (`week_id`,`day`,`work`) VALUES ('12','3','5') [ RunTime:0.0897s ]
SQL: INSERT INTO `wx_user_work_week` (`week_id`,`day`,`work`) VALUES ('12','4','1') [ RunTime:0.0898s ]
SQL: INSERT INTO `wx_user_work_week` (`week_id`,`day`,`work`) VALUES ('12','4','2') [ RunTime:0.0895s ]
SQL: INSERT INTO `wx_user_work_week` (`week_id`,`day`,`work`) VALUES ('12','4','3') [ RunTime:0.0872s ]
SQL: INSERT INTO `wx_user_work_week` (`week_id`,`day`,`work`) VALUES ('12','4','4') [ RunTime:0.0820s ]
SQL: INSERT INTO `wx_user_work_week` (`week_id`,`day`,`work`) VALUES ('12','4','5') [ RunTime:0.0715s ]
SQL: INSERT INTO `wx_user_work_week` (`week_id`,`day`,`work`) VALUES ('12','5','1') [ RunTime:0.0796s ]
SQL: INSERT INTO `wx_user_work_week` (`week_id`,`day`,`work`) VALUES ('12','5','2') [ RunTime:0.0863s ]
SQL: INSERT INTO `wx_user_work_week` (`week_id`,`day`,`work`) VALUES ('12','5','3') [ RunTime:0.0953s ]
SQL: INSERT INTO `wx_user_work_week` (`week_id`,`day`,`work`) VALUES ('12','5','4') [ RunTime:0.0864s ]
SQL: INSERT INTO `wx_user_work_week` (`week_id`,`day`,`work`) VALUES ('12','5','5') [ RunTime:0.0998s ]
SQL: INSERT INTO `wx_user_work_week` (`week_id`,`day`,`work`) VALUES ('13','1','1') [ RunTime:0.0854s ]
SQL: INSERT INTO `wx_user_work_week` (`week_id`,`day`,`work`) VALUES ('13','1','2') [ RunTime:0.0681s ]
SQL: INSERT INTO `wx_user_work_week` (`week_id`,`day`,`work`) VALUES ('13','1','3') [ RunTime:0.0867s ]
SQL: INSERT INTO `wx_user_work_week` (`week_id`,`day`,`work`) VALUES ('13','1','4') [ RunTime:0.1030s ]
SQL: INSERT INTO `wx_user_work_week` (`week_id`,`day`,`work`) VALUES ('13','1','5') [ RunTime:0.0995s ]
SQL: INSERT INTO `wx_user_work_week` (`week_id`,`day`,`work`) VALUES ('13','2','1') [ RunTime:0.0754s ]
SQL: INSERT INTO `wx_user_work_week` (`week_id`,`day`,`work`) VALUES ('13','2','2') [ RunTime:0.0822s ]
SQL: INSERT INTO `wx_user_work_week` (`week_id`,`day`,`work`) VALUES ('13','2','3') [ RunTime:0.0791s ]
SQL: INSERT INTO `wx_user_work_week` (`week_id`,`day`,`work`) VALUES ('13','2','4') [ RunTime:0.0788s ]
SQL: INSERT INTO `wx_user_work_week` (`week_id`,`day`,`work`) VALUES ('13','2','5') [ RunTime:0.0908s ]
SQL: INSERT INTO `wx_user_work_week` (`week_id`,`day`,`work`) VALUES ('13','3','1') [ RunTime:0.0801s ]
SQL: INSERT INTO `wx_user_work_week` (`week_id`,`day`,`work`) VALUES ('13','3','2') [ RunTime:0.0768s ]
SQL: INSERT INTO `wx_user_work_week` (`week_id`,`day`,`work`) VALUES ('13','3','3') [ RunTime:0.1053s ]
SQL: INSERT INTO `wx_user_work_week` (`week_id`,`day`,`work`) VALUES ('13','3','4') [ RunTime:0.0756s ]
SQL: INSERT INTO `wx_user_work_week` (`week_id`,`day`,`work`) VALUES ('13','3','5') [ RunTime:0.1152s ]
SQL: INSERT INTO `wx_user_work_week` (`week_id`,`day`,`work`) VALUES ('13','4','1') [ RunTime:0.0962s ]
SQL: INSERT INTO `wx_user_work_week` (`week_id`,`day`,`work`) VALUES ('13','4','2') [ RunTime:0.0874s ]
SQL: INSERT INTO `wx_user_work_week` (`week_id`,`day`,`work`) VALUES ('13','4','3') [ RunTime:0.0900s ]
SQL: INSERT INTO `wx_user_work_week` (`week_id`,`day`,`work`) VALUES ('13','4','4') [ RunTime:0.0766s ]
SQL: INSERT INTO `wx_user_work_week` (`week_id`,`day`,`work`) VALUES ('13','4','5') [ RunTime:0.0926s ]
SQL: INSERT INTO `wx_user_work_week` (`week_id`,`day`,`work`) VALUES ('13','5','1') [ RunTime:0.0798s ]
SQL: INSERT INTO `wx_user_work_week` (`week_id`,`day`,`work`) VALUES ('13','5','2') [ RunTime:0.0798s ]
SQL: INSERT INTO `wx_user_work_week` (`week_id`,`day`,`work`) VALUES ('13','5','3') [ RunTime:0.0797s ]
SQL: INSERT INTO `wx_user_work_week` (`week_id`,`day`,`work`) VALUES ('13','5','4') [ RunTime:0.0800s ]
SQL: INSERT INTO `wx_user_work_week` (`week_id`,`day`,`work`) VALUES ('13','5','5') [ RunTime:0.0797s ]
SQL: INSERT INTO `wx_user_work_week` (`week_id`,`day`,`work`) VALUES ('14','1','1') [ RunTime:0.0798s ]
SQL: INSERT INTO `wx_user_work_week` (`week_id`,`day`,`work`) VALUES ('14','1','2') [ RunTime:0.0714s ]
SQL: INSERT INTO `wx_user_work_week` (`week_id`,`day`,`work`) VALUES ('14','1','3') [ RunTime:0.0882s ]
SQL: INSERT INTO `wx_user_work_week` (`week_id`,`day`,`work`) VALUES ('14','1','4') [ RunTime:0.0897s ]
SQL: INSERT INTO `wx_user_work_week` (`week_id`,`day`,`work`) VALUES ('14','1','5') [ RunTime:0.0789s ]
SQL: INSERT INTO `wx_user_work_week` (`week_id`,`day`,`work`) VALUES ('14','2','1') [ RunTime:0.1040s ]
SQL: INSERT INTO `wx_user_work_week` (`week_id`,`day`,`work`) VALUES ('14','2','2') [ RunTime:0.0957s ]
SQL: INSERT INTO `wx_user_work_week` (`week_id`,`day`,`work`) VALUES ('14','2','3') [ RunTime:0.0897s ]
SQL: INSERT INTO `wx_user_work_week` (`week_id`,`day`,`work`) VALUES ('14','2','4') [ RunTime:0.0910s ]
SQL: INSERT INTO `wx_user_work_week` (`week_id`,`day`,`work`) VALUES ('14','2','5') [ RunTime:0.0793s ]
SQL: INSERT INTO `wx_user_work_week` (`week_id`,`day`,`work`) VALUES ('14','3','1') [ RunTime:0.0794s ]
SQL: INSERT INTO `wx_user_work_week` (`week_id`,`day`,`work`) VALUES ('14','3','2') [ RunTime:0.0709s ]
SQL: INSERT INTO `wx_user_work_week` (`week_id`,`day`,`work`) VALUES ('14','3','3') [ RunTime:0.0882s ]
SQL: INSERT INTO `wx_user_work_week` (`week_id`,`day`,`work`) VALUES ('14','3','4') [ RunTime:0.0795s ]
SQL: INSERT INTO `wx_user_work_week` (`week_id`,`day`,`work`) VALUES ('14','3','5') [ RunTime:0.0733s ]
SQL: INSERT INTO `wx_user_work_week` (`week_id`,`day`,`work`) VALUES ('14','4','1') [ RunTime:0.0861s ]
SQL: INSERT INTO `wx_user_work_week` (`week_id`,`day`,`work`) VALUES ('14','4','2') [ RunTime:0.0897s ]
SQL: INSERT INTO `wx_user_work_week` (`week_id`,`day`,`work`) VALUES ('14','4','3') [ RunTime:0.0798s ]
SQL: INSERT INTO `wx_user_work_week` (`week_id`,`day`,`work`) VALUES ('14','4','4') [ RunTime:0.0889s ]
SQL: INSERT INTO `wx_user_work_week` (`week_id`,`day`,`work`) VALUES ('14','4','5') [ RunTime:0.0899s ]
SQL: INSERT INTO `wx_user_work_week` (`week_id`,`day`,`work`) VALUES ('14','5','1') [ RunTime:0.0897s ]
SQL: INSERT INTO `wx_user_work_week` (`week_id`,`day`,`work`) VALUES ('14','5','2') [ RunTime:0.0896s ]
SQL: INSERT INTO `wx_user_work_week` (`week_id`,`day`,`work`) VALUES ('14','5','3') [ RunTime:0.1038s ]
SQL: INSERT INTO `wx_user_work_week` (`week_id`,`day`,`work`) VALUES ('14','5','4') [ RunTime:0.0751s ]
SQL: INSERT INTO `wx_user_work_week` (`week_id`,`day`,`work`) VALUES ('14','5','5') [ RunTime:0.0805s ]
SQL: INSERT INTO `wx_user_work_week` (`week_id`,`day`,`work`) VALUES ('15','1','1') [ RunTime:0.0803s ]
SQL: INSERT INTO `wx_user_work_week` (`week_id`,`day`,`work`) VALUES ('15','1','2') [ RunTime:0.0781s ]
SQL: INSERT INTO `wx_user_work_week` (`week_id`,`day`,`work`) VALUES ('15','1','3') [ RunTime:0.0903s ]
SQL: INSERT INTO `wx_user_work_week` (`week_id`,`day`,`work`) VALUES ('15','1','4') [ RunTime:0.0785s ]
SQL: INSERT INTO `wx_user_work_week` (`week_id`,`day`,`work`) VALUES ('15','1','5') [ RunTime:0.0815s ]
SQL: INSERT INTO `wx_user_work_week` (`week_id`,`day`,`work`) VALUES ('15','2','1') [ RunTime:0.0827s ]
SQL: INSERT INTO `wx_user_work_week` (`week_id`,`day`,`work`) VALUES ('15','2','2') [ RunTime:0.0687s ]
SQL: INSERT INTO `wx_user_work_week` (`week_id`,`day`,`work`) VALUES ('15','2','3') [ RunTime:0.0746s ]
SQL: INSERT INTO `wx_user_work_week` (`week_id`,`day`,`work`) VALUES ('15','2','4') [ RunTime:0.0910s ]
SQL: INSERT INTO `wx_user_work_week` (`week_id`,`day`,`work`) VALUES ('15','2','5') [ RunTime:0.0899s ]
SQL: INSERT INTO `wx_user_work_week` (`week_id`,`day`,`work`) VALUES ('15','3','1') [ RunTime:0.0900s ]
SQL: INSERT INTO `wx_user_work_week` (`week_id`,`day`,`work`) VALUES ('15','3','2') [ RunTime:0.0891s ]
SQL: INSERT INTO `wx_user_work_week` (`week_id`,`day`,`work`) VALUES ('15','3','3') [ RunTime:0.0853s ]
SQL: INSERT INTO `wx_user_work_week` (`week_id`,`day`,`work`) VALUES ('15','3','4') [ RunTime:0.0946s ]
SQL: INSERT INTO `wx_user_work_week` (`week_id`,`day`,`work`) VALUES ('15','3','5') [ RunTime:0.0895s ]
SQL: INSERT INTO `wx_user_work_week` (`week_id`,`day`,`work`) VALUES ('15','4','1') [ RunTime:0.0793s ]
SQL: INSERT INTO `wx_user_work_week` (`week_id`,`day`,`work`) VALUES ('15','4','2') [ RunTime:0.0784s ]
SQL: INSERT INTO `wx_user_work_week` (`week_id`,`day`,`work`) VALUES ('15','4','3') [ RunTime:0.0903s ]
SQL: INSERT INTO `wx_user_work_week` (`week_id`,`day`,`work`) VALUES ('15','4','4') [ RunTime:0.0917s ]
SQL: INSERT INTO `wx_user_work_week` (`week_id`,`day`,`work`) VALUES ('15','4','5') [ RunTime:0.0877s ]
SQL: INSERT INTO `wx_user_work_week` (`week_id`,`day`,`work`) VALUES ('15','5','1') [ RunTime:0.0909s ]
SQL: INSERT INTO `wx_user_work_week` (`week_id`,`day`,`work`) VALUES ('15','5','2') [ RunTime:0.0779s ]
SQL: INSERT INTO `wx_user_work_week` (`week_id`,`day`,`work`) VALUES ('15','5','3') [ RunTime:0.0905s ]
SQL: INSERT INTO `wx_user_work_week` (`week_id`,`day`,`work`) VALUES ('15','5','4') [ RunTime:0.0899s ]
SQL: INSERT INTO `wx_user_work_week` (`week_id`,`day`,`work`) VALUES ('15','5','5') [ RunTime:0.0899s ]
SQL: INSERT INTO `wx_user_work_week` (`week_id`,`day`,`work`) VALUES ('16','1','1') [ RunTime:0.0898s ]
SQL: INSERT INTO `wx_user_work_week` (`week_id`,`day`,`work`) VALUES ('16','1','2') [ RunTime:0.0813s ]
SQL: INSERT INTO `wx_user_work_week` (`week_id`,`day`,`work`) VALUES ('16','1','3') [ RunTime:0.0791s ]
SQL: INSERT INTO `wx_user_work_week` (`week_id`,`day`,`work`) VALUES ('16','1','4') [ RunTime:0.0798s ]
SQL: INSERT INTO `wx_user_work_week` (`week_id`,`day`,`work`) VALUES ('16','1','5') [ RunTime:0.0714s ]
SQL: INSERT INTO `wx_user_work_week` (`week_id`,`day`,`work`) VALUES ('16','2','1') [ RunTime:0.1014s ]
SQL: INSERT INTO `wx_user_work_week` (`week_id`,`day`,`work`) VALUES ('16','2','2') [ RunTime:0.0682s ]
SQL: INSERT INTO `wx_user_work_week` (`week_id`,`day`,`work`) VALUES ('16','2','3') [ RunTime:0.0858s ]
SQL: INSERT INTO `wx_user_work_week` (`week_id`,`day`,`work`) VALUES ('16','2','4') [ RunTime:0.0921s ]
SQL: INSERT INTO `wx_user_work_week` (`week_id`,`day`,`work`) VALUES ('16','2','5') [ RunTime:0.0947s ]
SQL: INSERT INTO `wx_user_work_week` (`week_id`,`day`,`work`) VALUES ('16','3','1') [ RunTime:0.0683s ]
SQL: INSERT INTO `wx_user_work_week` (`week_id`,`day`,`work`) VALUES ('16','3','2') [ RunTime:0.0864s ]
SQL: INSERT INTO `wx_user_work_week` (`week_id`,`day`,`work`) VALUES ('16','3','3') [ RunTime:0.0787s ]
SQL: INSERT INTO `wx_user_work_week` (`week_id`,`day`,`work`) VALUES ('16','3','4') [ RunTime:0.0902s ]
SQL: INSERT INTO `wx_user_work_week` (`week_id`,`day`,`work`) VALUES ('16','3','5') [ RunTime:0.0797s ]
SQL: INSERT INTO `wx_user_work_week` (`week_id`,`day`,`work`) VALUES ('16','4','1') [ RunTime:0.0795s ]
SQL: INSERT INTO `wx_user_work_week` (`week_id`,`day`,`work`) VALUES ('16','4','2') [ RunTime:0.0795s ]
SQL: INSERT INTO `wx_user_work_week` (`week_id`,`day`,`work`) VALUES ('16','4','3') [ RunTime:0.0928s ]
SQL: INSERT INTO `wx_user_work_week` (`week_id`,`day`,`work`) VALUES ('16','4','4') [ RunTime:0.0752s ]
SQL: INSERT INTO `wx_user_work_week` (`week_id`,`day`,`work`) VALUES ('16','4','5') [ RunTime:0.0810s ]
SQL: INSERT INTO `wx_user_work_week` (`week_id`,`day`,`work`) VALUES ('16','5','1') [ RunTime:0.0783s ]
SQL: INSERT INTO `wx_user_work_week` (`week_id`,`day`,`work`) VALUES ('16','5','2') [ RunTime:0.0913s ]
SQL: INSERT INTO `wx_user_work_week` (`week_id`,`day`,`work`) VALUES ('16','5','3') [ RunTime:0.0797s ]
SQL: INSERT INTO `wx_user_work_week` (`week_id`,`day`,`work`) VALUES ('16','5','4') [ RunTime:0.0798s ]
SQL: INSERT INTO `wx_user_work_week` (`week_id`,`day`,`work`) VALUES ('16','5','5') [ RunTime:0.0811s ]
SQL: INSERT INTO `wx_user_work_week` (`week_id`,`day`,`work`) VALUES ('17','1','1') [ RunTime:0.0764s ]
SQL: INSERT INTO `wx_user_work_week` (`week_id`,`day`,`work`) VALUES ('17','1','2') [ RunTime:0.0735s ]
SQL: INSERT INTO `wx_user_work_week` (`week_id`,`day`,`work`) VALUES ('17','1','3') [ RunTime:0.0796s ]
SQL: INSERT INTO `wx_user_work_week` (`week_id`,`day`,`work`) VALUES ('17','1','4') [ RunTime:0.0883s ]
SQL: INSERT INTO `wx_user_work_week` (`week_id`,`day`,`work`) VALUES ('17','1','5') [ RunTime:0.0798s ]
SQL: INSERT INTO `wx_user_work_week` (`week_id`,`day`,`work`) VALUES ('17','2','1') [ RunTime:0.0900s ]
SQL: INSERT INTO `wx_user_work_week` (`week_id`,`day`,`work`) VALUES ('17','2','2') [ RunTime:0.0785s ]
SQL: INSERT INTO `wx_user_work_week` (`week_id`,`day`,`work`) VALUES ('17','2','3') [ RunTime:0.0904s ]
SQL: INSERT INTO `wx_user_work_week` (`week_id`,`day`,`work`) VALUES ('17','2','4') [ RunTime:0.0789s ]
SQL: INSERT INTO `wx_user_work_week` (`week_id`,`day`,`work`) VALUES ('17','2','5') [ RunTime:0.0900s ]
SQL: INSERT INTO `wx_user_work_week` (`week_id`,`day`,`work`) VALUES ('17','3','1') [ RunTime:0.0840s ]
SQL: INSERT INTO `wx_user_work_week` (`week_id`,`day`,`work`) VALUES ('17','3','2') [ RunTime:0.0750s ]
SQL: INSERT INTO `wx_user_work_week` (`week_id`,`day`,`work`) VALUES ('17','3','3') [ RunTime:0.0904s ]
SQL: INSERT INTO `wx_user_work_week` (`week_id`,`day`,`work`) VALUES ('17','3','4') [ RunTime:0.0898s ]
SQL: INSERT INTO `wx_user_work_week` (`week_id`,`day`,`work`) VALUES ('17','3','5') [ RunTime:0.0896s ]
SQL: INSERT INTO `wx_user_work_week` (`week_id`,`day`,`work`) VALUES ('17','4','1') [ RunTime:0.0891s ]
SQL: INSERT INTO `wx_user_work_week` (`week_id`,`day`,`work`) VALUES ('17','4','2') [ RunTime:0.0897s ]
SQL: INSERT INTO `wx_user_work_week` (`week_id`,`day`,`work`) VALUES ('17','4','3') [ RunTime:0.0895s ]
SQL: INSERT INTO `wx_user_work_week` (`week_id`,`day`,`work`) VALUES ('17','4','4') [ RunTime:0.0897s ]
SQL: INSERT INTO `wx_user_work_week` (`week_id`,`day`,`work`) VALUES ('17','4','5') [ RunTime:0.0899s ]
SQL: INSERT INTO `wx_user_work_week` (`week_id`,`day`,`work`) VALUES ('17','5','1') [ RunTime:0.0897s ]
SQL: INSERT INTO `wx_user_work_week` (`week_id`,`day`,`work`) VALUES ('17','5','2') [ RunTime:0.0897s ]
SQL: INSERT INTO `wx_user_work_week` (`week_id`,`day`,`work`) VALUES ('17','5','3') [ RunTime:0.0901s ]
SQL: INSERT INTO `wx_user_work_week` (`week_id`,`day`,`work`) VALUES ('17','5','4') [ RunTime:0.0817s ]
SQL: INSERT INTO `wx_user_work_week` (`week_id`,`day`,`work`) VALUES ('17','5','5') [ RunTime:0.0755s ]
SQL: INSERT INTO `wx_user_work_week` (`week_id`,`day`,`work`) VALUES ('18','1','1') [ RunTime:0.0912s ]
SQL: INSERT INTO `wx_user_work_week` (`week_id`,`day`,`work`) VALUES ('18','1','2') [ RunTime:0.0897s ]
SQL: INSERT INTO `wx_user_work_week` (`week_id`,`day`,`work`) VALUES ('18','1','3') [ RunTime:0.0907s ]
SQL: INSERT INTO `wx_user_work_week` (`week_id`,`day`,`work`) VALUES ('18','1','4') [ RunTime:0.0766s ]
SQL: INSERT INTO `wx_user_work_week` (`week_id`,`day`,`work`) VALUES ('18','1','5') [ RunTime:0.0914s ]
SQL: INSERT INTO `wx_user_work_week` (`week_id`,`day`,`work`) VALUES ('18','2','1') [ RunTime:0.0688s ]
SQL: INSERT INTO `wx_user_work_week` (`week_id`,`day`,`work`) VALUES ('18','2','2') [ RunTime:0.0809s ]
SQL: INSERT INTO `wx_user_work_week` (`week_id`,`day`,`work`) VALUES ('18','2','3') [ RunTime:0.1037s ]
SQL: INSERT INTO `wx_user_work_week` (`week_id`,`day`,`work`) VALUES ('18','2','4') [ RunTime:0.0899s ]
SQL: INSERT INTO `wx_user_work_week` (`week_id`,`day`,`work`) VALUES ('18','2','5') [ RunTime:0.0895s ]
SQL: INSERT INTO `wx_user_work_week` (`week_id`,`day`,`work`) VALUES ('18','3','1') [ RunTime:0.0950s ]
SQL: INSERT INTO `wx_user_work_week` (`week_id`,`day`,`work`) VALUES ('18','3','2') [ RunTime:0.0822s ]
SQL: INSERT INTO `wx_user_work_week` (`week_id`,`day`,`work`) VALUES ('18','3','3') [ RunTime:0.0884s ]
SQL: INSERT INTO `wx_user_work_week` (`week_id`,`day`,`work`) VALUES ('18','3','4') [ RunTime:0.1039s ]
SQL: INSERT INTO `wx_user_work_week` (`week_id`,`day`,`work`) VALUES ('18','3','5') [ RunTime:0.0748s ]
SQL: INSERT INTO `wx_user_work_week` (`week_id`,`day`,`work`) VALUES ('18','4','1') [ RunTime:0.0947s ]
SQL: INSERT INTO `wx_user_work_week` (`week_id`,`day`,`work`) VALUES ('18','4','2') [ RunTime:0.0759s ]
SQL: INSERT INTO `wx_user_work_week` (`week_id`,`day`,`work`) VALUES ('18','4','3') [ RunTime:0.0898s ]
SQL: INSERT INTO `wx_user_work_week` (`week_id`,`day`,`work`) VALUES ('18','4','4') [ RunTime:0.0897s ]
SQL: INSERT INTO `wx_user_work_week` (`week_id`,`day`,`work`) VALUES ('18','4','5') [ RunTime:0.0813s ]
SQL: INSERT INTO `wx_user_work_week` (`week_id`,`day`,`work`) VALUES ('18','5','1') [ RunTime:0.0767s ]
SQL: INSERT INTO `wx_user_work_week` (`week_id`,`day`,`work`) VALUES ('18','5','2') [ RunTime:0.0914s ]
SQL: INSERT INTO `wx_user_work_week` (`week_id`,`day`,`work`) VALUES ('18','5','3') [ RunTime:0.0900s ]
SQL: INSERT INTO `wx_user_work_week` (`week_id`,`day`,`work`) VALUES ('18','5','4') [ RunTime:0.0895s ]
SQL: INSERT INTO `wx_user_work_week` (`week_id`,`day`,`work`) VALUES ('18','5','5') [ RunTime:0.0887s ]
INFO: [ app_end ] --START--
INFO: Run Behavior\ShowPageTraceBehavior [ RunTime:0.002211s ]
INFO: [ app_end ] --END-- [ RunTime:0.002359s ]

[ 2017-04-13T16:38:35+08:00 ] ::1 /2017/weixiao/index.php/Community/Index/main.html
INFO: [ app_init ] --START--
INFO: Run Behavior\BuildLiteBehavior [ RunTime:0.000013s ]
INFO: [ app_init ] --END-- [ RunTime:0.000369s ]
INFO: [ app_begin ] --START--
INFO: Run Behavior\ReadHtmlCacheBehavior [ RunTime:0.000581s ]
INFO: [ app_begin ] --END-- [ RunTime:0.000628s ]
SQL: SHOW COLUMNS FROM `wx_manages_community` [ RunTime:0.0869s ]
SQL: SELECT m.id,m.status,mrc.name as rolename,m.username,mrc.permissions,mrc.communityid FROM `wx_manages_community`  as m inner join wx_manage_role_community as mrc on mrc.id = m.roleid   WHERE m.id = '1' LIMIT 1   [ RunTime:0.0932s ]
SQL: SHOW COLUMNS FROM `wx_navigations` [ RunTime:0.0811s ]
SQL: SELECT * FROM `wx_navigations` WHERE `status` = 1 AND `type` = 3 ORDER BY sort asc,id asc  [ RunTime:0.0887s ]
INFO: [ view_parse ] --START--
INFO: [ template_filter ] --START--
INFO: Run Behavior\ContentReplaceBehavior [ RunTime:0.000193s ]
INFO: [ template_filter ] --END-- [ RunTime:0.000251s ]
INFO: Run Behavior\ParseTemplateBehavior [ RunTime:0.019540s ]
INFO: [ view_parse ] --END-- [ RunTime:0.019596s ]
INFO: [ view_filter ] --START--
INFO: Run Behavior\WriteHtmlCacheBehavior [ RunTime:0.000361s ]
INFO: [ view_filter ] --END-- [ RunTime:0.000401s ]
INFO: [ app_end ] --START--
INFO: Run Behavior\ShowPageTraceBehavior [ RunTime:0.000672s ]
INFO: [ app_end ] --END-- [ RunTime:0.000724s ]

