[ 2017-03-26T11:39:54+08:00 ] ::1 /2017/weixiao/
INFO: [ app_init ] --START--
INFO: Run Behavior\BuildLiteBehavior [ RunTime:0.000025s ]
INFO: [ app_init ] --END-- [ RunTime:0.018448s ]
INFO: [ app_begin ] --START--
INFO: Run Behavior\ReadHtmlCacheBehavior [ RunTime:0.001014s ]
INFO: [ app_begin ] --END-- [ RunTime:0.001084s ]

[ 2017-03-26T11:40:47+08:00 ] ::1 /2017/weixiao/
INFO: [ app_init ] --START--
INFO: Run Behavior\BuildLiteBehavior [ RunTime:0.000015s ]
INFO: [ app_init ] --END-- [ RunTime:0.000353s ]
INFO: [ app_begin ] --START--
INFO: Run Behavior\ReadHtmlCacheBehavior [ RunTime:0.000521s ]
INFO: [ app_begin ] --END-- [ RunTime:0.000570s ]

[ 2017-03-26T11:40:49+08:00 ] ::1 /2017/weixiao/
INFO: [ app_init ] --START--
INFO: Run Behavior\BuildLiteBehavior [ RunTime:0.000014s ]
INFO: [ app_init ] --END-- [ RunTime:0.000336s ]
INFO: [ app_begin ] --START--
INFO: Run Behavior\ReadHtmlCacheBehavior [ RunTime:0.000486s ]
INFO: [ app_begin ] --END-- [ RunTime:0.000534s ]

[ 2017-03-26T11:41:06+08:00 ] ::1 /2017/weixiao/
INFO: [ app_init ] --START--
INFO: Run Behavior\BuildLiteBehavior [ RunTime:0.000015s ]
INFO: [ app_init ] --END-- [ RunTime:0.000351s ]
INFO: [ app_begin ] --START--
INFO: Run Behavior\ReadHtmlCacheBehavior [ RunTime:0.000488s ]
INFO: [ app_begin ] --END-- [ RunTime:0.000535s ]
INFO: [ view_parse ] --START--
INFO: [ template_filter ] --START--
INFO: Run Behavior\ContentReplaceBehavior [ RunTime:0.002402s ]
INFO: [ template_filter ] --END-- [ RunTime:0.002466s ]
INFO: Run Behavior\ParseTemplateBehavior [ RunTime:0.110239s ]
INFO: [ view_parse ] --END-- [ RunTime:0.110311s ]
INFO: [ view_filter ] --START--
INFO: Run Behavior\WriteHtmlCacheBehavior [ RunTime:0.012517s ]
INFO: [ view_filter ] --END-- [ RunTime:0.012565s ]
INFO: [ app_end ] --START--
INFO: Run Behavior\ShowPageTraceBehavior [ RunTime:0.013511s ]
INFO: [ app_end ] --END-- [ RunTime:0.013562s ]

[ 2017-03-26T11:43:53+08:00 ] ::1 /2017/weixiao/index.php/Community/Index/index.html
INFO: [ app_init ] --START--
INFO: Run Behavior\BuildLiteBehavior [ RunTime:0.000013s ]
INFO: [ app_init ] --END-- [ RunTime:0.000368s ]
INFO: [ app_begin ] --START--
INFO: Run Behavior\ReadHtmlCacheBehavior [ RunTime:0.000588s ]
INFO: [ app_begin ] --END-- [ RunTime:0.000632s ]
NOTIC: [8] Undefined index: code E:\php\2017\weixiao\Application\Community\Controller\IndexController.class.php 第 62 行.
SQL: SHOW COLUMNS FROM `wx_manages_community` [ RunTime:0.0409s ]
SQL: SELECT mc.id,mc.username,mc.password,mc.status,mrc.communityid FROM `wx_manages_community`  as mc inner join wx_manage_role_community as mrc on mrc.id = mc.roleid   WHERE `username` = 'admin' LIMIT 1   [ RunTime:0.0339s ]
SQL: SELECT status FROM wx_manage_ip WHERE adminid='1' AND ip='::1'; [ RunTime:0.0424s ]
NOTIC: [8] Undefined variable: ip E:\php\2017\weixiao\Application\Community\Controller\IndexController.class.php 第 102 行.
SQL: UPDATE `wx_manages_community` SET `logintime`='1490499832',`loginip`='0.0.0.0',`logincount`=logincount + 1 WHERE `id` = 1 [ RunTime:0.0298s ]
SQL: SHOW COLUMNS FROM `wx_manage_ip` [ RunTime:0.0313s ]
SQL: SELECT * FROM `wx_manage_ip` WHERE `ip` = '::1' AND `adminid` = 1 ORDER BY id asc  [ RunTime:0.0299s ]
SQL: UPDATE `wx_manage_ip` SET `number`='16',`adminid`='1' WHERE `adminid` = 1 AND `ip` = ':'1'' [ RunTime:0.0298s ]

[ 2017-03-26T11:43:53+08:00 ] ::1 /2017/weixiao/index.php/Community/Index/index.html
INFO: [ app_init ] --START--
INFO: Run Behavior\BuildLiteBehavior [ RunTime:0.000013s ]
INFO: [ app_init ] --END-- [ RunTime:0.000362s ]
INFO: [ app_begin ] --START--
INFO: Run Behavior\ReadHtmlCacheBehavior [ RunTime:0.000615s ]
INFO: [ app_begin ] --END-- [ RunTime:0.000660s ]
NOTIC: [8] Undefined index: code E:\php\2017\weixiao\Application\Community\Controller\IndexController.class.php 第 62 行.
SQL: SHOW COLUMNS FROM `wx_manages_community` [ RunTime:0.0290s ]
SQL: SELECT mc.id,mc.username,mc.password,mc.status,mrc.communityid FROM `wx_manages_community`  as mc inner join wx_manage_role_community as mrc on mrc.id = mc.roleid   WHERE `username` = 'admin' LIMIT 1   [ RunTime:0.0274s ]
SQL: SELECT status FROM wx_manage_ip WHERE adminid='1' AND ip='::1'; [ RunTime:0.0271s ]
NOTIC: [8] Undefined variable: ip E:\php\2017\weixiao\Application\Community\Controller\IndexController.class.php 第 102 行.
SQL: UPDATE `wx_manages_community` SET `logintime`='1490499833',`loginip`='0.0.0.0',`logincount`=logincount + 1 WHERE `id` = 1 [ RunTime:0.0270s ]
SQL: SHOW COLUMNS FROM `wx_manage_ip` [ RunTime:0.0287s ]
SQL: SELECT * FROM `wx_manage_ip` WHERE `ip` = '::1' AND `adminid` = 1 ORDER BY id asc  [ RunTime:0.0273s ]
SQL: UPDATE `wx_manage_ip` SET `number`='17',`adminid`='1' WHERE `adminid` = 1 AND `ip` = ':'1'' [ RunTime:0.0270s ]

[ 2017-03-26T11:43:53+08:00 ] ::1 /2017/weixiao/index.php/Community/Index/main.html
INFO: [ app_init ] --START--
INFO: Run Behavior\BuildLiteBehavior [ RunTime:0.000010s ]
INFO: [ app_init ] --END-- [ RunTime:0.000300s ]
INFO: [ app_begin ] --START--
INFO: Run Behavior\ReadHtmlCacheBehavior [ RunTime:0.000456s ]
INFO: [ app_begin ] --END-- [ RunTime:0.000494s ]
SQL: SHOW COLUMNS FROM `wx_manages_community` [ RunTime:0.0298s ]
SQL: SELECT m.id,m.status,mrc.name as rolename,m.username,mrc.permissions,mrc.communityid FROM `wx_manages_community`  as m inner join wx_manage_role_community as mrc on mrc.id = m.roleid   WHERE m.id = '1' LIMIT 1   [ RunTime:0.0275s ]
SQL: SHOW COLUMNS FROM `wx_navigations` [ RunTime:0.0494s ]
SQL: SELECT * FROM `wx_navigations` WHERE `status` = 1 AND `type` = 3 ORDER BY sort asc,id asc  [ RunTime:0.0349s ]
INFO: [ view_parse ] --START--
INFO: [ template_filter ] --START--
INFO: Run Behavior\ContentReplaceBehavior [ RunTime:0.000590s ]
INFO: [ template_filter ] --END-- [ RunTime:0.000729s ]
INFO: Run Behavior\ParseTemplateBehavior [ RunTime:0.076695s ]
INFO: [ view_parse ] --END-- [ RunTime:0.076788s ]
INFO: [ view_filter ] --START--
INFO: Run Behavior\WriteHtmlCacheBehavior [ RunTime:0.000365s ]
INFO: [ view_filter ] --END-- [ RunTime:0.000408s ]
INFO: [ app_end ] --START--
INFO: Run Behavior\ShowPageTraceBehavior [ RunTime:0.000661s ]
INFO: [ app_end ] --END-- [ RunTime:0.000710s ]

[ 2017-03-26T11:43:54+08:00 ] ::1 /2017/weixiao/index.php/Community/Index/main.html
INFO: [ app_init ] --START--
INFO: Run Behavior\BuildLiteBehavior [ RunTime:0.000012s ]
INFO: [ app_init ] --END-- [ RunTime:0.000270s ]
INFO: [ app_begin ] --START--
INFO: Run Behavior\ReadHtmlCacheBehavior [ RunTime:0.000378s ]
INFO: [ app_begin ] --END-- [ RunTime:0.000415s ]
SQL: SHOW COLUMNS FROM `wx_manages_community` [ RunTime:0.0317s ]
SQL: SELECT m.id,m.status,mrc.name as rolename,m.username,mrc.permissions,mrc.communityid FROM `wx_manages_community`  as m inner join wx_manage_role_community as mrc on mrc.id = m.roleid   WHERE m.id = '1' LIMIT 1   [ RunTime:0.0302s ]
SQL: SHOW COLUMNS FROM `wx_navigations` [ RunTime:0.0316s ]
SQL: SELECT * FROM `wx_navigations` WHERE `status` = 1 AND `type` = 3 ORDER BY sort asc,id asc  [ RunTime:0.0317s ]
INFO: [ view_parse ] --START--
INFO: [ template_filter ] --START--
INFO: Run Behavior\ContentReplaceBehavior [ RunTime:0.000228s ]
INFO: [ template_filter ] --END-- [ RunTime:0.000284s ]
INFO: Run Behavior\ParseTemplateBehavior [ RunTime:0.039412s ]
INFO: [ view_parse ] --END-- [ RunTime:0.039499s ]
INFO: [ view_filter ] --START--
INFO: Run Behavior\WriteHtmlCacheBehavior [ RunTime:0.000359s ]
INFO: [ view_filter ] --END-- [ RunTime:0.000399s ]
INFO: [ app_end ] --START--
INFO: Run Behavior\ShowPageTraceBehavior [ RunTime:0.000665s ]
INFO: [ app_end ] --END-- [ RunTime:0.000715s ]

[ 2017-03-26T11:53:11+08:00 ] ::1 /2017/weixiao/index.php/Community/User/index/n/69.html
INFO: [ app_init ] --START--
INFO: Run Behavior\BuildLiteBehavior [ RunTime:0.000015s ]
INFO: [ app_init ] --END-- [ RunTime:0.000388s ]
INFO: [ app_begin ] --START--
INFO: Run Behavior\ReadHtmlCacheBehavior [ RunTime:0.000633s ]
INFO: [ app_begin ] --END-- [ RunTime:0.000684s ]
SQL: SHOW COLUMNS FROM `wx_manages_community` [ RunTime:0.0736s ]
SQL: SELECT m.id,m.status,mrc.name as rolename,m.username,mrc.permissions,mrc.communityid FROM `wx_manages_community`  as m inner join wx_manage_role_community as mrc on mrc.id = m.roleid   WHERE m.id = '1' LIMIT 1   [ RunTime:0.0990s ]
SQL: SHOW COLUMNS FROM `wx_navigations` [ RunTime:0.0761s ]
SQL: SELECT `id` FROM `wx_navigations` WHERE (  (`group` = 'Community' and controller = 'User' and method = 'index' ) or interrelated_g_c_m like '%Community_User_index%'  and type = 1 )  [ RunTime:0.0984s ]
INFO: [ view_parse ] --START--
INFO: [ template_filter ] --START--
INFO: Run Behavior\ContentReplaceBehavior [ RunTime:0.000150s ]
INFO: [ template_filter ] --END-- [ RunTime:0.000248s ]
INFO: Run Behavior\ParseTemplateBehavior [ RunTime:0.034572s ]
INFO: [ view_parse ] --END-- [ RunTime:0.034672s ]
INFO: [ view_filter ] --START--
INFO: Run Behavior\WriteHtmlCacheBehavior [ RunTime:0.000706s ]
INFO: [ view_filter ] --END-- [ RunTime:0.000784s ]
INFO: [ app_end ] --START--
INFO: Run Behavior\ShowPageTraceBehavior [ RunTime:0.001384s ]
INFO: [ app_end ] --END-- [ RunTime:0.001476s ]

[ 2017-03-26T11:53:12+08:00 ] ::1 /2017/weixiao/index.php/Community/User/ajax_getList.html?pageSize=10&pageNumber=1&sortName=id&sortOrder=asc
INFO: [ app_init ] --START--
INFO: Run Behavior\BuildLiteBehavior [ RunTime:0.000011s ]
INFO: [ app_init ] --END-- [ RunTime:0.000286s ]
INFO: [ app_begin ] --START--
INFO: Run Behavior\ReadHtmlCacheBehavior [ RunTime:0.000397s ]
INFO: [ app_begin ] --END-- [ RunTime:0.000432s ]
SQL: SHOW COLUMNS FROM `wx_manages_community` [ RunTime:0.0810s ]
SQL: SELECT m.id,m.status,mrc.name as rolename,m.username,mrc.permissions,mrc.communityid FROM `wx_manages_community`  as m inner join wx_manage_role_community as mrc on mrc.id = m.roleid   WHERE m.id = '1' LIMIT 1   [ RunTime:0.0896s ]
SQL: SHOW COLUMNS FROM `wx_navigations` [ RunTime:0.1071s ]
SQL: SELECT `id` FROM `wx_navigations` WHERE (  (`group` = 'Community' and controller = 'User' and method = 'ajax_getList' ) or interrelated_g_c_m like '%Community_User_ajax_getList%'  and type = 1 )  [ RunTime:0.1017s ]
SQL: SHOW COLUMNS FROM `wx_manage_ip` [ RunTime:0.1101s ]
SQL: SELECT COUNT(*) AS tp_count FROM `wx_manage_ip`   as mip left join wx_manages_community as mc on mc.id = mip.adminid   left join wx_manage_role_community as mrc on mrc.id = mc.roleid    LIMIT 1   [ RunTime:0.0977s ]
SQL: SELECT mrc.name,mip.id,mip.ip,mip.username,mip.number,if(mip.status=1,'启用','禁用') as status FROM `wx_manage_ip`   as mip left join wx_manages_community as mc on mc.id = mip.adminid   left join wx_manage_role_community as mrc on mrc.id = mc.roleid    ORDER BY id asc LIMIT 0,10   [ RunTime:0.1110s ]

[ 2017-03-26T11:57:02+08:00 ] ::1 /2017/weixiao/index.php/Community/User/ajax_getList.html?pageSize=10&pageNumber=1&sortName=id&sortOrder=asc
INFO: [ app_init ] --START--
INFO: Run Behavior\BuildLiteBehavior [ RunTime:0.000018s ]
INFO: [ app_init ] --END-- [ RunTime:0.000565s ]
INFO: [ app_begin ] --START--
INFO: Run Behavior\ReadHtmlCacheBehavior [ RunTime:0.000685s ]
INFO: [ app_begin ] --END-- [ RunTime:0.000783s ]
SQL: SHOW COLUMNS FROM `wx_manages_community` [ RunTime:0.0825s ]
SQL: SELECT m.id,m.status,mrc.name as rolename,m.username,mrc.permissions,mrc.communityid FROM `wx_manages_community`  as m inner join wx_manage_role_community as mrc on mrc.id = m.roleid   WHERE m.id = '1' LIMIT 1   [ RunTime:0.0874s ]
SQL: SHOW COLUMNS FROM `wx_navigations` [ RunTime:0.0825s ]
SQL: SELECT `id` FROM `wx_navigations` WHERE (  (`group` = 'Community' and controller = 'User' and method = 'ajax_getList' ) or interrelated_g_c_m like '%Community_User_ajax_getList%'  and type = 1 )  [ RunTime:0.0888s ]
SQL: SHOW COLUMNS FROM `wx_manage_ip` [ RunTime:0.0684s ]
SQL: SELECT COUNT(*) AS tp_count FROM `wx_manage_ip`   as mip left join wx_manages_community as mc on mc.id = mip.adminid   left join wx_manage_role_community as mrc on mrc.id = mc.roleid    LIMIT 1   [ RunTime:0.0787s ]
SQL: SELECT mrc.name,mip.id,mip.ip,mip.username,mip.number,if(mip.status=1,'启用','禁用') as status FROM `wx_manage_ip`   as mip left join wx_manages_community as mc on mc.id = mip.adminid   left join wx_manage_role_community as mrc on mrc.id = mc.roleid    ORDER BY id asc LIMIT 0,10   [ RunTime:0.0905s ]

