[ 2017-03-20T23:08:11+08:00 ] ::1 /2017/weixiao/
INFO: [ app_init ] --START--
INFO: Run Behavior\BuildLiteBehavior [ RunTime:0.000048s ]
INFO: [ app_init ] --END-- [ RunTime:0.024893s ]
INFO: [ app_begin ] --START--
INFO: Run Behavior\ReadHtmlCacheBehavior [ RunTime:0.003114s ]
INFO: [ app_begin ] --END-- [ RunTime:0.003352s ]
INFO: [ view_parse ] --START--
INFO: [ template_filter ] --START--
INFO: Run Behavior\ContentReplaceBehavior [ RunTime:0.000332s ]
INFO: [ template_filter ] --END-- [ RunTime:0.000441s ]
INFO: Run Behavior\ParseTemplateBehavior [ RunTime:0.066821s ]
INFO: [ view_parse ] --END-- [ RunTime:0.066935s ]
INFO: [ view_filter ] --START--
INFO: Run Behavior\WriteHtmlCacheBehavior [ RunTime:0.008789s ]
INFO: [ view_filter ] --END-- [ RunTime:0.008856s ]
INFO: [ app_end ] --START--
INFO: Run Behavior\ShowPageTraceBehavior [ RunTime:0.001223s ]
INFO: [ app_end ] --END-- [ RunTime:0.001303s ]

[ 2017-03-20T23:08:16+08:00 ] ::1 /2017/weixiao/index.php/Community/Index/index.html
INFO: [ app_init ] --START--
INFO: Run Behavior\BuildLiteBehavior [ RunTime:0.000010s ]
INFO: [ app_init ] --END-- [ RunTime:0.000298s ]
INFO: [ app_begin ] --START--
INFO: Run Behavior\ReadHtmlCacheBehavior [ RunTime:0.000478s ]
INFO: [ app_begin ] --END-- [ RunTime:0.000513s ]
NOTIC: [8] Undefined index: code E:\php\2017\weixiao\Application\Community\Controller\IndexController.class.php 第 39 行.
SQL: SHOW COLUMNS FROM `wx_manages_community` [ RunTime:0.0733s ]
SQL: SELECT mc.id,mc.username,mc.password,mc.status,mrc.communityid FROM `wx_manages_community`  as mc inner join wx_manage_role_community as mrc on mrc.id = mc.roleid   WHERE `username` = 'admin' LIMIT 1   [ RunTime:0.0216s ]
SQL: UPDATE `wx_manages_community` SET `logintime`='1490022496',`loginip`='0.0.0.0',`logincount`=logincount + 1 WHERE `id` = 1 [ RunTime:0.0006s ]

[ 2017-03-20T23:08:17+08:00 ] ::1 /2017/weixiao/index.php/Community/Index/main.html
INFO: [ app_init ] --START--
INFO: Run Behavior\BuildLiteBehavior [ RunTime:0.000013s ]
INFO: [ app_init ] --END-- [ RunTime:0.000320s ]
INFO: [ app_begin ] --START--
INFO: Run Behavior\ReadHtmlCacheBehavior [ RunTime:0.001600s ]
INFO: [ app_begin ] --END-- [ RunTime:0.001680s ]
SQL: SHOW COLUMNS FROM `wx_manages_community` [ RunTime:0.0028s ]
SQL: SELECT m.id,m.status,mrc.name as rolename,m.username,mrc.permissions,mrc.communityid FROM `wx_manages_community`  as m inner join wx_manage_role_community as mrc on mrc.id = m.roleid   WHERE m.id = '1' LIMIT 1   [ RunTime:0.0003s ]
SQL: SHOW COLUMNS FROM `wx_navigations` [ RunTime:0.0714s ]
SQL: SELECT * FROM `wx_navigations` WHERE `status` = 1 AND `type` = 3 ORDER BY sort asc,id asc  [ RunTime:0.0087s ]
INFO: [ view_parse ] --START--
INFO: [ template_filter ] --START--
INFO: Run Behavior\ContentReplaceBehavior [ RunTime:0.000136s ]
INFO: [ template_filter ] --END-- [ RunTime:0.000179s ]
INFO: Run Behavior\ParseTemplateBehavior [ RunTime:0.051315s ]
INFO: [ view_parse ] --END-- [ RunTime:0.051386s ]
INFO: [ view_filter ] --START--
INFO: Run Behavior\WriteHtmlCacheBehavior [ RunTime:0.000336s ]
INFO: [ view_filter ] --END-- [ RunTime:0.000370s ]
INFO: [ app_end ] --START--
INFO: Run Behavior\ShowPageTraceBehavior [ RunTime:0.000596s ]
INFO: [ app_end ] --END-- [ RunTime:0.000632s ]

[ 2017-03-20T23:32:45+08:00 ] ::1 /2017/weixiao/index.php/Community/Reading/index/n/41.html
INFO: [ app_init ] --START--
INFO: Run Behavior\BuildLiteBehavior [ RunTime:0.000016s ]
INFO: [ app_init ] --END-- [ RunTime:0.000387s ]
INFO: [ app_begin ] --START--
INFO: Run Behavior\ReadHtmlCacheBehavior [ RunTime:0.000673s ]
INFO: [ app_begin ] --END-- [ RunTime:0.000762s ]
SQL: SHOW COLUMNS FROM `wx_manages_community` [ RunTime:0.0027s ]
SQL: SELECT m.id,m.status,mrc.name as rolename,m.username,mrc.permissions,mrc.communityid FROM `wx_manages_community`  as m inner join wx_manage_role_community as mrc on mrc.id = m.roleid   WHERE m.id = '1' LIMIT 1   [ RunTime:0.0003s ]
SQL: SHOW COLUMNS FROM `wx_navigations` [ RunTime:0.0025s ]
SQL: SELECT `id` FROM `wx_navigations` WHERE (  (`group` = 'Community' and controller = 'Reading' and method = 'index' ) or interrelated_g_c_m like '%Community_Reading_index%'  and type = 1 )  [ RunTime:0.0003s ]
NOTIC: [8] Undefined index: id E:\php\2017\weixiao\Application\Community\Controller\ReadingController.class.php 第 13 行.
SQL: SELECT rts.id,rt.name,rts.name as names FROM `wx_read_type` as rt left join wx_Read_types as rts on rts.typeid = rt.id ORDER BY id [ RunTime:0.1282s ]
INFO: [ view_parse ] --START--
INFO: [ template_filter ] --START--
INFO: Run Behavior\ContentReplaceBehavior [ RunTime:0.000071s ]
INFO: [ template_filter ] --END-- [ RunTime:0.000112s ]
NOTIC: [8] Undefined variable: info E:\php\2017\weixiao\Application\Runtime\Cache\Community\4b7bc824549a5f497b68ec6efb4dd106.php 第 37 行.
NOTIC: [8] Undefined variable: info E:\php\2017\weixiao\Application\Runtime\Cache\Community\4b7bc824549a5f497b68ec6efb4dd106.php 第 37 行.
NOTIC: [8] Undefined variable: info E:\php\2017\weixiao\Application\Runtime\Cache\Community\4b7bc824549a5f497b68ec6efb4dd106.php 第 37 行.
NOTIC: [8] Undefined variable: info E:\php\2017\weixiao\Application\Runtime\Cache\Community\4b7bc824549a5f497b68ec6efb4dd106.php 第 37 行.
NOTIC: [8] Undefined variable: info E:\php\2017\weixiao\Application\Runtime\Cache\Community\4b7bc824549a5f497b68ec6efb4dd106.php 第 37 行.
NOTIC: [8] Undefined variable: info E:\php\2017\weixiao\Application\Runtime\Cache\Community\4b7bc824549a5f497b68ec6efb4dd106.php 第 37 行.
NOTIC: [8] Undefined variable: info E:\php\2017\weixiao\Application\Runtime\Cache\Community\4b7bc824549a5f497b68ec6efb4dd106.php 第 37 行.
NOTIC: [8] Undefined variable: info E:\php\2017\weixiao\Application\Runtime\Cache\Community\4b7bc824549a5f497b68ec6efb4dd106.php 第 37 行.
NOTIC: [8] Undefined variable: info E:\php\2017\weixiao\Application\Runtime\Cache\Community\4b7bc824549a5f497b68ec6efb4dd106.php 第 37 行.
NOTIC: [8] Undefined variable: info E:\php\2017\weixiao\Application\Runtime\Cache\Community\4b7bc824549a5f497b68ec6efb4dd106.php 第 37 行.
NOTIC: [8] Undefined variable: info E:\php\2017\weixiao\Application\Runtime\Cache\Community\4b7bc824549a5f497b68ec6efb4dd106.php 第 37 行.
NOTIC: [8] Undefined variable: info E:\php\2017\weixiao\Application\Runtime\Cache\Community\4b7bc824549a5f497b68ec6efb4dd106.php 第 37 行.
NOTIC: [8] Undefined variable: info E:\php\2017\weixiao\Application\Runtime\Cache\Community\4b7bc824549a5f497b68ec6efb4dd106.php 第 37 行.
INFO: Run Behavior\ParseTemplateBehavior [ RunTime:0.038072s ]
INFO: [ view_parse ] --END-- [ RunTime:0.038122s ]
INFO: [ view_filter ] --START--
INFO: Run Behavior\WriteHtmlCacheBehavior [ RunTime:0.000336s ]
INFO: [ view_filter ] --END-- [ RunTime:0.000372s ]
INFO: [ app_end ] --START--
INFO: Run Behavior\ShowPageTraceBehavior [ RunTime:0.000497s ]
INFO: [ app_end ] --END-- [ RunTime:0.000537s ]

[ 2017-03-20T23:32:47+08:00 ] ::1 /2017/weixiao/index.php/Community/Reading/ajax_getList.html?pageSize=10&pageNumber=1&sortName=id&sortOrder=desc
INFO: [ app_init ] --START--
INFO: Run Behavior\BuildLiteBehavior [ RunTime:0.000014s ]
INFO: [ app_init ] --END-- [ RunTime:0.000379s ]
INFO: [ app_begin ] --START--
INFO: Run Behavior\ReadHtmlCacheBehavior [ RunTime:0.000492s ]
INFO: [ app_begin ] --END-- [ RunTime:0.000527s ]
SQL: SHOW COLUMNS FROM `wx_manages_community` [ RunTime:0.0104s ]
SQL: SELECT m.id,m.status,mrc.name as rolename,m.username,mrc.permissions,mrc.communityid FROM `wx_manages_community`  as m inner join wx_manage_role_community as mrc on mrc.id = m.roleid   WHERE m.id = '1' LIMIT 1   [ RunTime:0.0008s ]
SQL: SHOW COLUMNS FROM `wx_navigations` [ RunTime:0.0097s ]
SQL: SELECT `id` FROM `wx_navigations` WHERE (  (`group` = 'Community' and controller = 'Reading' and method = 'ajax_getList' ) or interrelated_g_c_m like '%Community_Reading_ajax_getList%'  and type = 1 )  [ RunTime:0.0007s ]
NOTIC: [8] Undefined index: Reading E:\php\2017\weixiao\Application\Community\Controller\ReadingController.class.php 第 28 行.
SQL: SHOW COLUMNS FROM `wx_reading` [ RunTime:0.1363s ]
SQL: SELECT COUNT(*) AS tp_count FROM `wx_reading`   as Reading left join wx_read_types as rts on rts.id = Reading.typeid   left join wx_read_type as rt on rt.id = rts.typeid    LIMIT 1   [ RunTime:0.0221s ]
SQL: SELECT if(Reading.status=1,'显示','不显示') as status,Reading.id,Reading.title,Reading.url,Reading.time,Reading.reading,concat(rts.name,'-',rt.name) as type FROM `wx_reading`   as Reading left join wx_read_types as rts on rts.id = Reading.typeid   left join wx_read_type as rt on rt.id = rts.typeid    ORDER BY id desc LIMIT 0,10   [ RunTime:0.0009s ]

[ 2017-03-20T23:33:46+08:00 ] ::1 /2017/weixiao/index.php
INFO: [ app_init ] --START--
INFO: Run Behavior\BuildLiteBehavior [ RunTime:0.000010s ]
INFO: [ app_init ] --END-- [ RunTime:0.000285s ]
INFO: [ app_begin ] --START--
INFO: Run Behavior\ReadHtmlCacheBehavior [ RunTime:0.000544s ]
INFO: [ app_begin ] --END-- [ RunTime:0.000584s ]
INFO: [ view_parse ] --START--
INFO: [ template_filter ] --START--
INFO: Run Behavior\ContentReplaceBehavior [ RunTime:0.000044s ]
INFO: [ template_filter ] --END-- [ RunTime:0.000078s ]
INFO: Run Behavior\ParseTemplateBehavior [ RunTime:0.005144s ]
INFO: [ view_parse ] --END-- [ RunTime:0.005183s ]
INFO: [ view_filter ] --START--
INFO: Run Behavior\WriteHtmlCacheBehavior [ RunTime:0.000227s ]
INFO: [ view_filter ] --END-- [ RunTime:0.000253s ]
INFO: [ app_end ] --START--
INFO: Run Behavior\ShowPageTraceBehavior [ RunTime:0.000423s ]
INFO: [ app_end ] --END-- [ RunTime:0.000451s ]

[ 2017-03-20T23:49:34+08:00 ] ::1 /2017/weixiao/index.php/Community/WeChat/index/n/63.html
INFO: [ app_init ] --START--
INFO: Run Behavior\BuildLiteBehavior [ RunTime:0.000012s ]
INFO: [ app_init ] --END-- [ RunTime:0.000328s ]
INFO: [ app_begin ] --START--
INFO: Run Behavior\ReadHtmlCacheBehavior [ RunTime:0.000472s ]
INFO: [ app_begin ] --END-- [ RunTime:0.000509s ]
SQL: SHOW COLUMNS FROM `wx_manages_community` [ RunTime:0.0064s ]
SQL: SELECT m.id,m.status,mrc.name as rolename,m.username,mrc.permissions,mrc.communityid FROM `wx_manages_community`  as m inner join wx_manage_role_community as mrc on mrc.id = m.roleid   WHERE m.id = '1' LIMIT 1   [ RunTime:0.0008s ]
SQL: SHOW COLUMNS FROM `wx_navigations` [ RunTime:0.0044s ]
SQL: SELECT `id` FROM `wx_navigations` WHERE (  (`group` = 'Community' and controller = 'WeChat' and method = 'index' ) or interrelated_g_c_m like '%Community_WeChat_index%'  and type = 1 )  [ RunTime:0.0004s ]
INFO: [ view_parse ] --START--
INFO: [ template_filter ] --START--
INFO: Run Behavior\ContentReplaceBehavior [ RunTime:0.000100s ]
INFO: [ template_filter ] --END-- [ RunTime:0.000171s ]
INFO: Run Behavior\ParseTemplateBehavior [ RunTime:0.020177s ]
INFO: [ view_parse ] --END-- [ RunTime:0.020264s ]
INFO: [ view_filter ] --START--
INFO: Run Behavior\WriteHtmlCacheBehavior [ RunTime:0.000500s ]
INFO: [ view_filter ] --END-- [ RunTime:0.000555s ]
INFO: [ app_end ] --START--
INFO: Run Behavior\ShowPageTraceBehavior [ RunTime:0.000854s ]
INFO: [ app_end ] --END-- [ RunTime:0.000911s ]

[ 2017-03-20T23:49:35+08:00 ] ::1 /2017/weixiao/index.php/Community/WeChat/ajax_getList.html?pageSize=10&pageNumber=1&sortName=id&sortOrder=asc
INFO: [ app_init ] --START--
INFO: Run Behavior\BuildLiteBehavior [ RunTime:0.000012s ]
INFO: [ app_init ] --END-- [ RunTime:0.000264s ]
INFO: [ app_begin ] --START--
INFO: Run Behavior\ReadHtmlCacheBehavior [ RunTime:0.000380s ]
INFO: [ app_begin ] --END-- [ RunTime:0.000413s ]
SQL: SHOW COLUMNS FROM `wx_manages_community` [ RunTime:0.0065s ]
SQL: SELECT m.id,m.status,mrc.name as rolename,m.username,mrc.permissions,mrc.communityid FROM `wx_manages_community`  as m inner join wx_manage_role_community as mrc on mrc.id = m.roleid   WHERE m.id = '1' LIMIT 1   [ RunTime:0.0004s ]
SQL: SHOW COLUMNS FROM `wx_navigations` [ RunTime:0.0050s ]
SQL: SELECT `id` FROM `wx_navigations` WHERE (  (`group` = 'Community' and controller = 'WeChat' and method = 'ajax_getList' ) or interrelated_g_c_m like '%Community_WeChat_ajax_getList%'  and type = 1 )  [ RunTime:0.0004s ]
NOTIC: [8] Undefined index: arrJoins E:\php\2017\weixiao\Application\Common\Common\SystemController.class.php 第 1540 行.
NOTIC: [2] Invalid argument supplied for foreach() E:\php\2017\weixiao\Application\Common\Common\BaseController.class.php 第 603 行.
SQL: SHOW COLUMNS FROM `wx_wechat` [ RunTime:0.0750s ]
SQL: SELECT COUNT(*) AS tp_count FROM `wx_wechat` LIMIT 1   [ RunTime:0.0003s ]
SQL: SELECT `id`,`name`,`wxid`,if(type=2,'学校微信号','学院微信号') as type,if(status=1,'显示','不显示') as status FROM `wx_wechat` ORDER BY id asc LIMIT 0,10   [ RunTime:0.0154s ]

[ 2017-03-20T23:51:01+08:00 ] ::1 /2017/weixiao/index.php/Community/Wechatdata/index/n/62.html
INFO: [ app_init ] --START--
INFO: Run Behavior\BuildLiteBehavior [ RunTime:0.000012s ]
INFO: [ app_init ] --END-- [ RunTime:0.000272s ]
INFO: [ app_begin ] --START--
INFO: Run Behavior\ReadHtmlCacheBehavior [ RunTime:0.000390s ]
INFO: [ app_begin ] --END-- [ RunTime:0.000427s ]
ERR: 无法加载控制器:Wechatdata

