[ 2017-02-23T19:59:28+08:00 ] ::1 /wuyeguanli/index.php/Community/Index/login.html
INFO: [ app_init ] --START--
INFO: Run Behavior\BuildLiteBehavior [ RunTime:0.000011s ]
INFO: [ app_init ] --END-- [ RunTime:0.000292s ]
INFO: [ app_begin ] --START--
INFO: Run Behavior\ReadHtmlCacheBehavior [ RunTime:0.000520s ]
INFO: [ app_begin ] --END-- [ RunTime:0.000562s ]
INFO: [ view_parse ] --START--
INFO: [ template_filter ] --START--
INFO: Run Behavior\ContentReplaceBehavior [ RunTime:0.000033s ]
INFO: [ template_filter ] --END-- [ RunTime:0.000079s ]
INFO: Run Behavior\ParseTemplateBehavior [ RunTime:0.109974s ]
INFO: [ view_parse ] --END-- [ RunTime:0.110033s ]
INFO: [ view_filter ] --START--
INFO: Run Behavior\WriteHtmlCacheBehavior [ RunTime:0.000328s ]
INFO: [ view_filter ] --END-- [ RunTime:0.000359s ]

[ 2017-02-23T19:59:48+08:00 ] ::1 /wuyeguanli/index.php/Community/Index/login.html
INFO: [ app_init ] --START--
INFO: Run Behavior\BuildLiteBehavior [ RunTime:0.000011s ]
INFO: [ app_init ] --END-- [ RunTime:0.000258s ]
INFO: [ app_begin ] --START--
INFO: Run Behavior\ReadHtmlCacheBehavior [ RunTime:0.000368s ]
INFO: [ app_begin ] --END-- [ RunTime:0.000404s ]
SQL: SHOW COLUMNS FROM `xly_manages_community` [ RunTime:0.0691s ]
SQL: SELECT m.id,m.status,mrc.name as rolename,m.username,mrc.permissions,mrc.communityid FROM `xly_manages_community`  as m inner join xly_manage_role_community as mrc on mrc.id = m.roleid   WHERE m.id = '1' LIMIT 1   [ RunTime:0.0679s ]
SQL: SHOW COLUMNS FROM `xly_navigations` [ RunTime:0.0703s ]
SQL: SELECT `id` FROM `xly_navigations` WHERE (  (`group` = 'Community' and controller = 'Index' and method = 'login' ) or interrelated_g_c_m like '%Community_Index_login%'  and type = 1 )  [ RunTime:0.0670s ]
INFO: [ view_parse ] --START--
INFO: [ template_filter ] --START--
INFO: Run Behavior\ContentReplaceBehavior [ RunTime:0.000103s ]
INFO: [ template_filter ] --END-- [ RunTime:0.000198s ]
INFO: Run Behavior\ParseTemplateBehavior [ RunTime:0.040596s ]
INFO: [ view_parse ] --END-- [ RunTime:0.040690s ]
INFO: [ view_filter ] --START--
INFO: Run Behavior\WriteHtmlCacheBehavior [ RunTime:0.000417s ]
INFO: [ view_filter ] --END-- [ RunTime:0.000483s ]
INFO: [ app_end ] --START--
INFO: Run Behavior\ShowPageTraceBehavior [ RunTime:0.000899s ]
INFO: [ app_end ] --END-- [ RunTime:0.000971s ]

[ 2017-02-23T20:00:01+08:00 ] ::1 /wuyeguanli/index.php/Community/Index/index.html
INFO: [ app_init ] --START--
INFO: Run Behavior\BuildLiteBehavior [ RunTime:0.000015s ]
INFO: [ app_init ] --END-- [ RunTime:0.000385s ]
INFO: [ app_begin ] --START--
INFO: Run Behavior\ReadHtmlCacheBehavior [ RunTime:0.000589s ]
INFO: [ app_begin ] --END-- [ RunTime:0.000635s ]
NOTIC: [8] Undefined index: code E:\php\wuyeguanli\Application\Community\Controller\IndexController.class.php 第 39 行.
SQL: SHOW COLUMNS FROM `xly_manages_community` [ RunTime:0.0669s ]
SQL: SELECT mc.id,mc.username,mc.password,mc.status,mrc.communityid FROM `xly_manages_community`  as mc inner join xly_manage_role_community as mrc on mrc.id = mc.roleid   WHERE `username` = 'admin123' LIMIT 1   [ RunTime:0.0659s ]
SQL: UPDATE `xly_manages_community` SET `logintime`='1487851201',`loginip`='0.0.0.0',`logincount`=logincount + 1 WHERE `id` = 1 [ RunTime:0.0650s ]

[ 2017-02-23T20:00:01+08:00 ] ::1 /wuyeguanli/index.php/Community/Index/main.html
INFO: [ app_init ] --START--
INFO: Run Behavior\BuildLiteBehavior [ RunTime:0.000015s ]
INFO: [ app_init ] --END-- [ RunTime:0.000351s ]
INFO: [ app_begin ] --START--
INFO: Run Behavior\ReadHtmlCacheBehavior [ RunTime:0.000506s ]
INFO: [ app_begin ] --END-- [ RunTime:0.000556s ]
SQL: SHOW COLUMNS FROM `xly_manages_community` [ RunTime:0.0638s ]
SQL: SELECT m.id,m.status,mrc.name as rolename,m.username,mrc.permissions,mrc.communityid FROM `xly_manages_community`  as m inner join xly_manage_role_community as mrc on mrc.id = m.roleid   WHERE m.id = '1' LIMIT 1   [ RunTime:0.0601s ]
SQL: SHOW COLUMNS FROM `xly_navigations` [ RunTime:0.0622s ]
SQL: SELECT * FROM `xly_navigations` WHERE `status` = 1 AND `type` = 2 ORDER BY sort asc,id asc  [ RunTime:0.0737s ]
INFO: [ view_parse ] --START--
INFO: [ template_filter ] --START--
INFO: Run Behavior\ContentReplaceBehavior [ RunTime:0.000210s ]
INFO: [ template_filter ] --END-- [ RunTime:0.000269s ]
NOTIC: [8] Undefined index: childs E:\php\wuyeguanli\Application\Runtime\Cache\Community\f86a32021ca30597739b518f2be69aaa.php 第 72 行.
INFO: Run Behavior\ParseTemplateBehavior [ RunTime:0.068306s ]
INFO: [ view_parse ] --END-- [ RunTime:0.068387s ]
INFO: [ view_filter ] --START--
INFO: Run Behavior\WriteHtmlCacheBehavior [ RunTime:0.000374s ]
INFO: [ view_filter ] --END-- [ RunTime:0.000419s ]
INFO: [ app_end ] --START--
INFO: Run Behavior\ShowPageTraceBehavior [ RunTime:0.000682s ]
INFO: [ app_end ] --END-- [ RunTime:0.000732s ]

[ 2017-02-23T20:00:06+08:00 ] ::1 /wuyeguanli/index.php/Community/Building/index/n/201.html
INFO: [ app_init ] --START--
INFO: Run Behavior\BuildLiteBehavior [ RunTime:0.000014s ]
INFO: [ app_init ] --END-- [ RunTime:0.000334s ]
INFO: [ app_begin ] --START--
INFO: Run Behavior\ReadHtmlCacheBehavior [ RunTime:0.000484s ]
INFO: [ app_begin ] --END-- [ RunTime:0.000529s ]
SQL: SHOW COLUMNS FROM `xly_manages_community` [ RunTime:0.0680s ]
SQL: SELECT m.id,m.status,mrc.name as rolename,m.username,mrc.permissions,mrc.communityid FROM `xly_manages_community`  as m inner join xly_manage_role_community as mrc on mrc.id = m.roleid   WHERE m.id = '1' LIMIT 1   [ RunTime:0.0641s ]
SQL: SHOW COLUMNS FROM `xly_navigations` [ RunTime:0.0709s ]
SQL: SELECT `id` FROM `xly_navigations` WHERE (  (`group` = 'Community' and controller = 'Building' and method = 'index' ) or interrelated_g_c_m like '%Community_Building_index%'  and type = 1 )  [ RunTime:0.0647s ]
INFO: [ view_parse ] --START--
INFO: [ template_filter ] --START--
INFO: Run Behavior\ContentReplaceBehavior [ RunTime:0.000098s ]
INFO: [ template_filter ] --END-- [ RunTime:0.000169s ]
INFO: Run Behavior\ParseTemplateBehavior [ RunTime:0.037080s ]
INFO: [ view_parse ] --END-- [ RunTime:0.037163s ]
INFO: [ view_filter ] --START--
INFO: Run Behavior\WriteHtmlCacheBehavior [ RunTime:0.000276s ]
INFO: [ view_filter ] --END-- [ RunTime:0.000320s ]
INFO: [ app_end ] --START--
INFO: Run Behavior\ShowPageTraceBehavior [ RunTime:0.000659s ]
INFO: [ app_end ] --END-- [ RunTime:0.000713s ]

[ 2017-02-23T20:00:07+08:00 ] ::1 /wuyeguanli/index.php/Community/Building/ajax_getList.html?pageSize=10&pageNumber=1&sortName=id&sortOrder=asc
INFO: [ app_init ] --START--
INFO: Run Behavior\BuildLiteBehavior [ RunTime:0.000012s ]
INFO: [ app_init ] --END-- [ RunTime:0.000287s ]
INFO: [ app_begin ] --START--
INFO: Run Behavior\ReadHtmlCacheBehavior [ RunTime:0.000432s ]
INFO: [ app_begin ] --END-- [ RunTime:0.000477s ]
SQL: SHOW COLUMNS FROM `xly_manages_community` [ RunTime:0.0694s ]
SQL: SELECT m.id,m.status,mrc.name as rolename,m.username,mrc.permissions,mrc.communityid FROM `xly_manages_community`  as m inner join xly_manage_role_community as mrc on mrc.id = m.roleid   WHERE m.id = '1' LIMIT 1   [ RunTime:0.0649s ]
SQL: SHOW COLUMNS FROM `xly_navigations` [ RunTime:0.0669s ]
SQL: SELECT `id` FROM `xly_navigations` WHERE (  (`group` = 'Community' and controller = 'Building' and method = 'ajax_getList' ) or interrelated_g_c_m like '%Community_Building_ajax_getList%'  and type = 1 )  [ RunTime:0.0642s ]
SQL: SHOW COLUMNS FROM `xly_building` [ RunTime:0.0674s ]
SQL: SELECT COUNT(*) AS tp_count FROM `xly_building`   as building left join xly_community as cu on cu.id = building.communityid    LIMIT 1   [ RunTime:0.0639s ]
SQL: SELECT building.id,building.sort,building.communityid,building.alias_name,building.addtime,building.unit_price,cu.name FROM `xly_building`   as building left join xly_community as cu on cu.id = building.communityid    ORDER BY id asc LIMIT 0,10   [ RunTime:0.0642s ]

[ 2017-02-23T20:00:33+08:00 ] ::1 /wuyeguanli/index.php/Community/Building/index/n/201.html
INFO: [ app_init ] --START--
INFO: Run Behavior\BuildLiteBehavior [ RunTime:0.000014s ]
INFO: [ app_init ] --END-- [ RunTime:0.000329s ]
INFO: [ app_begin ] --START--
INFO: Run Behavior\ReadHtmlCacheBehavior [ RunTime:0.000493s ]
INFO: [ app_begin ] --END-- [ RunTime:0.000539s ]
SQL: SHOW COLUMNS FROM `xly_manages_community` [ RunTime:0.0652s ]
SQL: SELECT m.id,m.status,mrc.name as rolename,m.username,mrc.permissions,mrc.communityid FROM `xly_manages_community`  as m inner join xly_manage_role_community as mrc on mrc.id = m.roleid   WHERE m.id = '1' LIMIT 1   [ RunTime:0.0630s ]
SQL: SHOW COLUMNS FROM `xly_navigations` [ RunTime:0.0654s ]
SQL: SELECT `id` FROM `xly_navigations` WHERE (  (`group` = 'Community' and controller = 'Building' and method = 'index' ) or interrelated_g_c_m like '%Community_Building_index%'  and type = 1 )  [ RunTime:0.0705s ]
INFO: [ view_parse ] --START--
INFO: [ template_filter ] --START--
INFO: Run Behavior\ContentReplaceBehavior [ RunTime:0.000172s ]
INFO: [ template_filter ] --END-- [ RunTime:0.000297s ]
INFO: Run Behavior\ParseTemplateBehavior [ RunTime:0.016074s ]
INFO: [ view_parse ] --END-- [ RunTime:0.016182s ]
INFO: [ view_filter ] --START--
INFO: Run Behavior\WriteHtmlCacheBehavior [ RunTime:0.000508s ]
INFO: [ view_filter ] --END-- [ RunTime:0.000592s ]
INFO: [ app_end ] --START--
INFO: Run Behavior\ShowPageTraceBehavior [ RunTime:0.001141s ]
INFO: [ app_end ] --END-- [ RunTime:0.001237s ]

[ 2017-02-23T20:00:34+08:00 ] ::1 /wuyeguanli/index.php/Community/Building/ajax_getList.html?pageSize=10&pageNumber=1&sortName=id&sortOrder=asc
INFO: [ app_init ] --START--
INFO: Run Behavior\BuildLiteBehavior [ RunTime:0.000012s ]
INFO: [ app_init ] --END-- [ RunTime:0.000285s ]
INFO: [ app_begin ] --START--
INFO: Run Behavior\ReadHtmlCacheBehavior [ RunTime:0.000383s ]
INFO: [ app_begin ] --END-- [ RunTime:0.000416s ]
SQL: SHOW COLUMNS FROM `xly_manages_community` [ RunTime:0.0729s ]
SQL: SELECT m.id,m.status,mrc.name as rolename,m.username,mrc.permissions,mrc.communityid FROM `xly_manages_community`  as m inner join xly_manage_role_community as mrc on mrc.id = m.roleid   WHERE m.id = '1' LIMIT 1   [ RunTime:0.0705s ]
SQL: SHOW COLUMNS FROM `xly_navigations` [ RunTime:0.0728s ]
SQL: SELECT `id` FROM `xly_navigations` WHERE (  (`group` = 'Community' and controller = 'Building' and method = 'ajax_getList' ) or interrelated_g_c_m like '%Community_Building_ajax_getList%'  and type = 1 )  [ RunTime:0.0700s ]
SQL: SHOW COLUMNS FROM `xly_building` [ RunTime:0.0726s ]
SQL: SELECT COUNT(*) AS tp_count FROM `xly_building`   as building left join xly_community as cu on cu.id = building.communityid    LIMIT 1   [ RunTime:0.0757s ]
ERR: 1054:Unknown column 'b1uilding.id' in 'field list'
 [ SQL语句 ] : SELECT b1uilding.id,building.sort,building.communityid,building.alias_name,building.addtime,building.unit_price,cu.name FROM `xly_building`   as building left join xly_community as cu on cu.id = building.communityid    ORDER BY id asc LIMIT 0,10  
ERR: 1054:Unknown column 'b1uilding.id' in 'field list'
 [ SQL语句 ] : SELECT b1uilding.id,building.sort,building.communityid,building.alias_name,building.addtime,building.unit_price,cu.name FROM `xly_building`   as building left join xly_community as cu on cu.id = building.communityid    ORDER BY id asc LIMIT 0,10  

[ 2017-02-23T20:00:37+08:00 ] ::1 /wuyeguanli/index.php/Community/Building/ajax_getList.html?pageSize=10&pageNumber=1&sortName=id&sortOrder=asc
INFO: [ app_init ] --START--
INFO: Run Behavior\BuildLiteBehavior [ RunTime:0.000010s ]
INFO: [ app_init ] --END-- [ RunTime:0.000265s ]
INFO: [ app_begin ] --START--
INFO: Run Behavior\ReadHtmlCacheBehavior [ RunTime:0.000385s ]
INFO: [ app_begin ] --END-- [ RunTime:0.000434s ]
SQL: SHOW COLUMNS FROM `xly_manages_community` [ RunTime:0.0667s ]
SQL: SELECT m.id,m.status,mrc.name as rolename,m.username,mrc.permissions,mrc.communityid FROM `xly_manages_community`  as m inner join xly_manage_role_community as mrc on mrc.id = m.roleid   WHERE m.id = '1' LIMIT 1   [ RunTime:0.0664s ]
SQL: SHOW COLUMNS FROM `xly_navigations` [ RunTime:0.0671s ]
SQL: SELECT `id` FROM `xly_navigations` WHERE (  (`group` = 'Community' and controller = 'Building' and method = 'ajax_getList' ) or interrelated_g_c_m like '%Community_Building_ajax_getList%'  and type = 1 )  [ RunTime:0.0643s ]
SQL: SHOW COLUMNS FROM `xly_building` [ RunTime:0.0675s ]
SQL: SELECT COUNT(*) AS tp_count FROM `xly_building`   as building left join xly_community as cu on cu.id = building.communityid    LIMIT 1   [ RunTime:0.0673s ]
ERR: 1054:Unknown column 'b1uilding.id' in 'field list'
 [ SQL语句 ] : SELECT b1uilding.id,building.sort,building.communityid,building.alias_name,building.addtime,building.unit_price,cu.name FROM `xly_building`   as building left join xly_community as cu on cu.id = building.communityid    ORDER BY id asc LIMIT 0,10  
ERR: 1054:Unknown column 'b1uilding.id' in 'field list'
 [ SQL语句 ] : SELECT b1uilding.id,building.sort,building.communityid,building.alias_name,building.addtime,building.unit_price,cu.name FROM `xly_building`   as building left join xly_community as cu on cu.id = building.communityid    ORDER BY id asc LIMIT 0,10  

[ 2017-02-23T20:01:37+08:00 ] ::1 /wuyeguanli/index.php/Community/Building/ajax_getList.html?pageSize=10&pageNumber=1&sortName=id&sortOrder=asc
INFO: [ app_init ] --START--
INFO: Run Behavior\BuildLiteBehavior [ RunTime:0.000015s ]
INFO: [ app_init ] --END-- [ RunTime:0.000395s ]
INFO: [ app_begin ] --START--
INFO: Run Behavior\ReadHtmlCacheBehavior [ RunTime:0.000608s ]
INFO: [ app_begin ] --END-- [ RunTime:0.000659s ]
SQL: SHOW COLUMNS FROM `xly_manages_community` [ RunTime:0.0705s ]
SQL: SELECT m.id,m.status,mrc.name as rolename,m.username,mrc.permissions,mrc.communityid FROM `xly_manages_community`  as m inner join xly_manage_role_community as mrc on mrc.id = m.roleid   WHERE m.id = '1' LIMIT 1   [ RunTime:0.0651s ]
SQL: SHOW COLUMNS FROM `xly_navigations` [ RunTime:0.0682s ]
SQL: SELECT `id` FROM `xly_navigations` WHERE (  (`group` = 'Community' and controller = 'Building' and method = 'ajax_getList' ) or interrelated_g_c_m like '%Community_Building_ajax_getList%'  and type = 1 )  [ RunTime:0.0650s ]
SQL: SHOW COLUMNS FROM `xly_building` [ RunTime:0.0675s ]
SQL: SELECT COUNT(*) AS tp_count FROM `xly_building`   as building left join xly_community as cu on cu.id = building.communityid    LIMIT 1   [ RunTime:0.0650s ]
SQL: SELECT building.id,building.sort,building.communityid,building.alias_name,building.addtime,building.unit_price,cu.name FROM `xly_building`   as building left join xly_community as cu on cu.id = building.communityid    ORDER BY id asc LIMIT 0,10   [ RunTime:0.0657s ]

[ 2017-02-23T20:01:47+08:00 ] ::1 /wuyeguanli/index.php/Community/Building/ajax_getList.html?pageSize=10&pageNumber=1&sortName=id&sortOrder=asc
INFO: [ app_init ] --START--
INFO: Run Behavior\BuildLiteBehavior [ RunTime:0.000015s ]
INFO: [ app_init ] --END-- [ RunTime:0.000395s ]
INFO: [ app_begin ] --START--
INFO: Run Behavior\ReadHtmlCacheBehavior [ RunTime:0.000617s ]
INFO: [ app_begin ] --END-- [ RunTime:0.000665s ]
SQL: SHOW COLUMNS FROM `xly_manages_community` [ RunTime:0.0665s ]
SQL: SELECT m.id,m.status,mrc.name as rolename,m.username,mrc.permissions,mrc.communityid FROM `xly_manages_community`  as m inner join xly_manage_role_community as mrc on mrc.id = m.roleid   WHERE m.id = '1' LIMIT 1   [ RunTime:0.0713s ]
SQL: SHOW COLUMNS FROM `xly_navigations` [ RunTime:0.0836s ]
SQL: SELECT `id` FROM `xly_navigations` WHERE (  (`group` = 'Community' and controller = 'Building' and method = 'ajax_getList' ) or interrelated_g_c_m like '%Community_Building_ajax_getList%'  and type = 1 )  [ RunTime:0.0639s ]
SQL: SHOW COLUMNS FROM `xly_building` [ RunTime:0.0664s ]
SQL: SELECT COUNT(*) AS tp_count FROM `xly_building`   as building left join xly_community as cu on cu.id = building.communityid    LIMIT 1   [ RunTime:0.0641s ]
SQL: SELECT building.id,building.sort,building.communityid,building.alias_name,building.addtime,building.unit_price,cu.name FROM `xly_building`   as building left join xly_community as cu on cu.id = building.communityid    ORDER BY id asc LIMIT 0,10   [ RunTime:0.0647s ]

[ 2017-02-23T20:01:52+08:00 ] ::1 /wuyeguanli/index.php/Community/Info/index/n/215.html
INFO: [ app_init ] --START--
INFO: Run Behavior\BuildLiteBehavior [ RunTime:0.000015s ]
INFO: [ app_init ] --END-- [ RunTime:0.000355s ]
INFO: [ app_begin ] --START--
INFO: Run Behavior\ReadHtmlCacheBehavior [ RunTime:0.000670s ]
INFO: [ app_begin ] --END-- [ RunTime:0.000726s ]
SQL: SHOW COLUMNS FROM `xly_manages_community` [ RunTime:0.0642s ]
SQL: SELECT m.id,m.status,mrc.name as rolename,m.username,mrc.permissions,mrc.communityid FROM `xly_manages_community`  as m inner join xly_manage_role_community as mrc on mrc.id = m.roleid   WHERE m.id = '1' LIMIT 1   [ RunTime:0.0619s ]
SQL: SHOW COLUMNS FROM `xly_navigations` [ RunTime:0.0633s ]
SQL: SELECT `id` FROM `xly_navigations` WHERE (  (`group` = 'Community' and controller = 'Info' and method = 'index' ) or interrelated_g_c_m like '%Community_Info_index%'  and type = 1 )  [ RunTime:0.0704s ]
INFO: [ view_parse ] --START--
INFO: [ template_filter ] --START--
INFO: Run Behavior\ContentReplaceBehavior [ RunTime:0.000236s ]
INFO: [ template_filter ] --END-- [ RunTime:0.000407s ]
INFO: Run Behavior\ParseTemplateBehavior [ RunTime:0.038382s ]
INFO: [ view_parse ] --END-- [ RunTime:0.038522s ]
INFO: [ view_filter ] --START--
INFO: Run Behavior\WriteHtmlCacheBehavior [ RunTime:0.000985s ]
INFO: [ view_filter ] --END-- [ RunTime:0.001106s ]
INFO: [ app_end ] --START--
INFO: Run Behavior\ShowPageTraceBehavior [ RunTime:0.001862s ]
INFO: [ app_end ] --END-- [ RunTime:0.001996s ]

[ 2017-02-23T20:01:52+08:00 ] ::1 /wuyeguanli/index.php/Community/Info/ajax_getList.html?pageSize=10&pageNumber=1&sortName=id&sortOrder=asc
INFO: [ app_init ] --START--
INFO: Run Behavior\BuildLiteBehavior [ RunTime:0.000012s ]
INFO: [ app_init ] --END-- [ RunTime:0.000267s ]
INFO: [ app_begin ] --START--
INFO: Run Behavior\ReadHtmlCacheBehavior [ RunTime:0.000384s ]
INFO: [ app_begin ] --END-- [ RunTime:0.000418s ]
SQL: SHOW COLUMNS FROM `xly_manages_community` [ RunTime:0.0595s ]
SQL: SELECT m.id,m.status,mrc.name as rolename,m.username,mrc.permissions,mrc.communityid FROM `xly_manages_community`  as m inner join xly_manage_role_community as mrc on mrc.id = m.roleid   WHERE m.id = '1' LIMIT 1   [ RunTime:0.0573s ]
SQL: SHOW COLUMNS FROM `xly_navigations` [ RunTime:0.0597s ]
SQL: SELECT `id` FROM `xly_navigations` WHERE (  (`group` = 'Community' and controller = 'Info' and method = 'ajax_getList' ) or interrelated_g_c_m like '%Community_Info_ajax_getList%'  and type = 1 )  [ RunTime:0.0572s ]
SQL: SHOW COLUMNS FROM `xly_info` [ RunTime:0.0598s ]
SQL: SELECT COUNT(*) AS tp_count FROM `xly_info`   as Iofo left join xly_info_type as it on it.id = Iofo.typeid    LIMIT 1   [ RunTime:0.0716s ]
SQL: SELECT Iofo.id,Iofo.title,Iofo.content,Iofo.images,Iofo.addtime,Iofo.browse,Iofo.praise,it.name FROM `xly_info`   as Iofo left join xly_info_type as it on it.id = Iofo.typeid    ORDER BY id asc LIMIT 0,10   [ RunTime:0.0580s ]

[ 2017-02-23T20:01:53+08:00 ] ::1 /wuyeguanli/index.php/Community/Info/index/n/[%22/Public/UploadFile/image/Users/2017-01-06/xw.png%22,%22/Public/UploadFile/image/Users/2017-01-06/xw.png%22,%22/Public/UploadFile/image/Users/2017-01-06/124.jpg%22]
INFO: [ app_init ] --START--
INFO: Run Behavior\BuildLiteBehavior [ RunTime:0.000012s ]
INFO: [ app_init ] --END-- [ RunTime:0.000262s ]
INFO: [ app_begin ] --START--
INFO: Run Behavior\ReadHtmlCacheBehavior [ RunTime:0.000379s ]
INFO: [ app_begin ] --END-- [ RunTime:0.000416s ]
SQL: SHOW COLUMNS FROM `xly_manages_community` [ RunTime:0.0646s ]
SQL: SELECT m.id,m.status,mrc.name as rolename,m.username,mrc.permissions,mrc.communityid FROM `xly_manages_community`  as m inner join xly_manage_role_community as mrc on mrc.id = m.roleid   WHERE m.id = '1' LIMIT 1   [ RunTime:0.0635s ]
SQL: SHOW COLUMNS FROM `xly_navigations` [ RunTime:0.0647s ]
SQL: SELECT `id` FROM `xly_navigations` WHERE (  (`group` = 'Community' and controller = 'Info' and method = 'index' ) or interrelated_g_c_m like '%Community_Info_index%'  and type = 1 )  [ RunTime:0.0625s ]
INFO: [ view_parse ] --START--
INFO: [ template_filter ] --START--
INFO: Run Behavior\ContentReplaceBehavior [ RunTime:0.000095s ]
INFO: [ template_filter ] --END-- [ RunTime:0.000163s ]
INFO: Run Behavior\ParseTemplateBehavior [ RunTime:0.010518s ]
INFO: [ view_parse ] --END-- [ RunTime:0.010581s ]
INFO: [ view_filter ] --START--
INFO: Run Behavior\WriteHtmlCacheBehavior [ RunTime:0.000279s ]
INFO: [ view_filter ] --END-- [ RunTime:0.000324s ]
INFO: [ app_end ] --START--
INFO: Run Behavior\ShowPageTraceBehavior [ RunTime:0.000632s ]
INFO: [ app_end ] --END-- [ RunTime:0.000687s ]

[ 2017-02-23T20:01:54+08:00 ] ::1 /wuyeguanli/index.php/Community/Info/index/n/[%22/Public/UploadFile/image/Users/2017-01-06/xw.png%22,%22/Public/UploadFile/image/Users/2017-01-06/xw.png%22,%22/Public/UploadFile/image/Users/2017-01-06/123.jpg%22]
INFO: [ app_init ] --START--
INFO: Run Behavior\BuildLiteBehavior [ RunTime:0.000011s ]
INFO: [ app_init ] --END-- [ RunTime:0.000256s ]
INFO: [ app_begin ] --START--
INFO: Run Behavior\ReadHtmlCacheBehavior [ RunTime:0.000377s ]
INFO: [ app_begin ] --END-- [ RunTime:0.000413s ]
SQL: SHOW COLUMNS FROM `xly_manages_community` [ RunTime:0.0663s ]
SQL: SELECT m.id,m.status,mrc.name as rolename,m.username,mrc.permissions,mrc.communityid FROM `xly_manages_community`  as m inner join xly_manage_role_community as mrc on mrc.id = m.roleid   WHERE m.id = '1' LIMIT 1   [ RunTime:0.0644s ]
SQL: SHOW COLUMNS FROM `xly_navigations` [ RunTime:0.0666s ]
SQL: SELECT `id` FROM `xly_navigations` WHERE (  (`group` = 'Community' and controller = 'Info' and method = 'index' ) or interrelated_g_c_m like '%Community_Info_index%'  and type = 1 )  [ RunTime:0.0644s ]
INFO: [ view_parse ] --START--
INFO: [ template_filter ] --START--
INFO: Run Behavior\ContentReplaceBehavior [ RunTime:0.000098s ]
INFO: [ template_filter ] --END-- [ RunTime:0.000159s ]
INFO: Run Behavior\ParseTemplateBehavior [ RunTime:0.008813s ]
INFO: [ view_parse ] --END-- [ RunTime:0.008878s ]
INFO: [ view_filter ] --START--
INFO: Run Behavior\WriteHtmlCacheBehavior [ RunTime:0.000278s ]
INFO: [ view_filter ] --END-- [ RunTime:0.000325s ]
INFO: [ app_end ] --START--
INFO: Run Behavior\ShowPageTraceBehavior [ RunTime:0.000639s ]
INFO: [ app_end ] --END-- [ RunTime:0.000696s ]

[ 2017-02-23T20:04:31+08:00 ] ::1 /wuyeguanli/index.php/Community/users/index/n/206.html
INFO: [ app_init ] --START--
INFO: Run Behavior\BuildLiteBehavior [ RunTime:0.000012s ]
INFO: [ app_init ] --END-- [ RunTime:0.000364s ]
INFO: [ app_begin ] --START--
INFO: Run Behavior\ReadHtmlCacheBehavior [ RunTime:0.000465s ]
INFO: [ app_begin ] --END-- [ RunTime:0.000501s ]
SQL: SHOW COLUMNS FROM `xly_manages_community` [ RunTime:0.0697s ]
SQL: SELECT m.id,m.status,mrc.name as rolename,m.username,mrc.permissions,mrc.communityid FROM `xly_manages_community`  as m inner join xly_manage_role_community as mrc on mrc.id = m.roleid   WHERE m.id = '1' LIMIT 1   [ RunTime:0.0673s ]
SQL: SHOW COLUMNS FROM `xly_navigations` [ RunTime:0.0703s ]
SQL: SELECT `id` FROM `xly_navigations` WHERE (  (`group` = 'Community' and controller = 'Users' and method = 'index' ) or interrelated_g_c_m like '%Community_Users_index%'  and type = 1 )  [ RunTime:0.0677s ]
NOTIC: [8] Undefined index: id E:\php\wuyeguanli\Application\Community\Controller\UsersController.class.php 第 66 行.
NOTIC: [8] Undefined index: uid E:\php\wuyeguanli\Application\Community\Controller\UsersController.class.php 第 69 行.
INFO: [ view_parse ] --START--
INFO: [ template_filter ] --START--
INFO: Run Behavior\ContentReplaceBehavior [ RunTime:0.000223s ]
INFO: [ template_filter ] --END-- [ RunTime:0.000370s ]
INFO: Run Behavior\ParseTemplateBehavior [ RunTime:0.036121s ]
INFO: [ view_parse ] --END-- [ RunTime:0.036292s ]
INFO: [ view_filter ] --START--
INFO: Run Behavior\WriteHtmlCacheBehavior [ RunTime:0.000958s ]
INFO: [ view_filter ] --END-- [ RunTime:0.001069s ]
INFO: [ app_end ] --START--
INFO: Run Behavior\ShowPageTraceBehavior [ RunTime:0.001056s ]
INFO: [ app_end ] --END-- [ RunTime:0.001135s ]

[ 2017-02-23T20:04:31+08:00 ] ::1 /wuyeguanli/index.php/Community/Users/ajax_getList.html?pageSize=10&pageNumber=1&sortName=id&sortOrder=asc
INFO: [ app_init ] --START--
INFO: Run Behavior\BuildLiteBehavior [ RunTime:0.000012s ]
INFO: [ app_init ] --END-- [ RunTime:0.000283s ]
INFO: [ app_begin ] --START--
INFO: Run Behavior\ReadHtmlCacheBehavior [ RunTime:0.000380s ]
INFO: [ app_begin ] --END-- [ RunTime:0.000412s ]
SQL: SHOW COLUMNS FROM `xly_manages_community` [ RunTime:0.0603s ]
SQL: SELECT m.id,m.status,mrc.name as rolename,m.username,mrc.permissions,mrc.communityid FROM `xly_manages_community`  as m inner join xly_manage_role_community as mrc on mrc.id = m.roleid   WHERE m.id = '1' LIMIT 1   [ RunTime:0.0578s ]
SQL: SHOW COLUMNS FROM `xly_navigations` [ RunTime:0.0614s ]
SQL: SELECT `id` FROM `xly_navigations` WHERE (  (`group` = 'Community' and controller = 'Users' and method = 'ajax_getList' ) or interrelated_g_c_m like '%Community_Users_ajax_getList%'  and type = 1 )  [ RunTime:0.0626s ]
NOTIC: [8] Undefined index: userid E:\php\wuyeguanli\Application\Community\Controller\UsersController.class.php 第 95 行.
NOTIC: [8] Undefined index: uid E:\php\wuyeguanli\Application\Community\Controller\UsersController.class.php 第 102 行.
SQL: SHOW COLUMNS FROM `xly_users` [ RunTime:0.0603s ]
SQL: SELECT COUNT(*) AS tp_count FROM `xly_users`   as Users left join xly_parking as pk on pk.userid = Users.id   left join xly_house as hs on hs.id = Users.house_id   left join xly_floor as fl on fl.id = hs.floorid  left join xly_unit as un on un.id = fl.unitid  left join xly_building as bd on bd.id = un.buildingid   LIMIT 1   [ RunTime:0.0757s ]
SQL: SELECT Users.house_id,bd.alias_name,un.uname,fl.fname,hs.number,Users.id,Users.real_name,if(Users.sex = 0,'女',if(Users.sex = 1,'男','保密')) as sex,Users.birthdate,Users.phone,concat(bd.alias_name,un.uname,fl.fname,hs.number) as house,if(Users.status = 1,'业主','否') as status FROM `xly_users`   as Users left join xly_parking as pk on pk.userid = Users.id   left join xly_house as hs on hs.id = Users.house_id   left join xly_floor as fl on fl.id = hs.floorid  left join xly_unit as un on un.id = fl.unitid  left join xly_building as bd on bd.id = un.buildingid   ORDER BY id asc LIMIT 0,10   [ RunTime:0.0634s ]

