[ 2017-02-12T22:52:32+08:00 ] ::1 /wuyeguanli/index.php/Community/Index/login.html
INFO: [ app_init ] --START--
INFO: Run Behavior\BuildLiteBehavior [ RunTime:0.000024s ]
INFO: [ app_init ] --END-- [ RunTime:0.000561s ]
INFO: [ app_begin ] --START--
INFO: Run Behavior\ReadHtmlCacheBehavior [ RunTime:0.000577s ]
INFO: [ app_begin ] --END-- [ RunTime:0.000637s ]
SQL: SHOW COLUMNS FROM `xly_manages_community` [ RunTime:0.0842s ]
SQL: SELECT m.id,m.status,mrc.name as rolename,m.username,mrc.permissions,mrc.communityid FROM `xly_manages_community`  as m inner join xly_manage_role_community as mrc on mrc.id = m.roleid   WHERE m.id = '1' LIMIT 1   [ RunTime:0.0767s ]
SQL: SHOW COLUMNS FROM `xly_navigations` [ RunTime:0.0577s ]
SQL: SELECT `id` FROM `xly_navigations` WHERE (  (`group` = 'Community' and controller = 'Index' and method = 'login' ) or interrelated_g_c_m like '%Community_Index_login%'  and type = 1 )  [ RunTime:0.0480s ]
INFO: [ view_parse ] --START--
INFO: [ template_filter ] --START--
INFO: Run Behavior\ContentReplaceBehavior [ RunTime:0.000050s ]
INFO: [ template_filter ] --END-- [ RunTime:0.000094s ]
INFO: Run Behavior\ParseTemplateBehavior [ RunTime:0.030116s ]
INFO: [ view_parse ] --END-- [ RunTime:0.030174s ]
INFO: [ view_filter ] --START--
INFO: Run Behavior\WriteHtmlCacheBehavior [ RunTime:0.000354s ]
INFO: [ view_filter ] --END-- [ RunTime:0.000388s ]
INFO: [ app_end ] --START--
INFO: Run Behavior\ShowPageTraceBehavior [ RunTime:0.000564s ]
INFO: [ app_end ] --END-- [ RunTime:0.000611s ]

[ 2017-02-12T22:52:39+08:00 ] ::1 /wuyeguanli/index.php/Community/Index/index.html
INFO: [ app_init ] --START--
INFO: Run Behavior\BuildLiteBehavior [ RunTime:0.000013s ]
INFO: [ app_init ] --END-- [ RunTime:0.000342s ]
INFO: [ app_begin ] --START--
INFO: Run Behavior\ReadHtmlCacheBehavior [ RunTime:0.000563s ]
INFO: [ app_begin ] --END-- [ RunTime:0.000599s ]
NOTIC: [8] Undefined index: code E:\php\wuyeguanli\Application\Community\Controller\IndexController.class.php 第 39 行.
SQL: SHOW COLUMNS FROM `xly_manages_community` [ RunTime:0.0457s ]
SQL: SELECT mc.id,mc.username,mc.password,mc.status,mrc.communityid FROM `xly_manages_community`  as mc inner join xly_manage_role_community as mrc on mrc.id = mc.roleid   WHERE `username` = 'admin123' LIMIT 1   [ RunTime:0.0454s ]
SQL: UPDATE `xly_manages_community` SET `logintime`='1486911159',`loginip`='0.0.0.0',`logincount`=logincount + 1 WHERE `id` = 1 [ RunTime:0.0432s ]

[ 2017-02-12T22:52:40+08:00 ] ::1 /wuyeguanli/index.php/Community/Index/main.html
INFO: [ app_init ] --START--
INFO: Run Behavior\BuildLiteBehavior [ RunTime:0.000035s ]
INFO: [ app_init ] --END-- [ RunTime:0.000559s ]
INFO: [ app_begin ] --START--
INFO: Run Behavior\ReadHtmlCacheBehavior [ RunTime:0.000444s ]
INFO: [ app_begin ] --END-- [ RunTime:0.000515s ]
SQL: SHOW COLUMNS FROM `xly_manages_community` [ RunTime:0.0483s ]
SQL: SELECT m.id,m.status,mrc.name as rolename,m.username,mrc.permissions,mrc.communityid FROM `xly_manages_community`  as m inner join xly_manage_role_community as mrc on mrc.id = m.roleid   WHERE m.id = '1' LIMIT 1   [ RunTime:0.0509s ]
SQL: SHOW COLUMNS FROM `xly_navigations` [ RunTime:0.0497s ]
SQL: SELECT * FROM `xly_navigations` WHERE `status` = 1 AND `type` = 2 ORDER BY sort asc,id asc  [ RunTime:0.0498s ]
INFO: [ view_parse ] --START--
INFO: [ template_filter ] --START--
INFO: Run Behavior\ContentReplaceBehavior [ RunTime:0.000180s ]
INFO: [ template_filter ] --END-- [ RunTime:0.000236s ]
NOTIC: [8] Undefined index: childs E:\php\wuyeguanli\Application\Runtime\Cache\Community\f86a32021ca30597739b518f2be69aaa.php 第 72 行.
INFO: Run Behavior\ParseTemplateBehavior [ RunTime:0.065398s ]
INFO: [ view_parse ] --END-- [ RunTime:0.065464s ]
INFO: [ view_filter ] --START--
INFO: Run Behavior\WriteHtmlCacheBehavior [ RunTime:0.000322s ]
INFO: [ view_filter ] --END-- [ RunTime:0.000359s ]
INFO: [ app_end ] --START--
INFO: Run Behavior\ShowPageTraceBehavior [ RunTime:0.000503s ]
INFO: [ app_end ] --END-- [ RunTime:0.000541s ]

[ 2017-02-12T22:52:44+08:00 ] ::1 /wuyeguanli/index.php/Community/Building/index/n/201.html
INFO: [ app_init ] --START--
INFO: Run Behavior\BuildLiteBehavior [ RunTime:0.000025s ]
INFO: [ app_init ] --END-- [ RunTime:0.000599s ]
INFO: [ app_begin ] --START--
INFO: Run Behavior\ReadHtmlCacheBehavior [ RunTime:0.000673s ]
INFO: [ app_begin ] --END-- [ RunTime:0.000771s ]
SQL: SHOW COLUMNS FROM `xly_manages_community` [ RunTime:0.0513s ]
SQL: SELECT m.id,m.status,mrc.name as rolename,m.username,mrc.permissions,mrc.communityid FROM `xly_manages_community`  as m inner join xly_manage_role_community as mrc on mrc.id = m.roleid   WHERE m.id = '1' LIMIT 1   [ RunTime:0.0501s ]
SQL: SHOW COLUMNS FROM `xly_navigations` [ RunTime:0.0615s ]
SQL: SELECT `id` FROM `xly_navigations` WHERE (  (`group` = 'Community' and controller = 'Building' and method = 'index' ) or interrelated_g_c_m like '%Community_Building_index%'  and type = 1 )  [ RunTime:0.0490s ]
INFO: [ view_parse ] --START--
INFO: [ template_filter ] --START--
INFO: Run Behavior\ContentReplaceBehavior [ RunTime:0.000063s ]
INFO: [ template_filter ] --END-- [ RunTime:0.000107s ]
INFO: Run Behavior\ParseTemplateBehavior [ RunTime:0.018647s ]
INFO: [ view_parse ] --END-- [ RunTime:0.018751s ]
INFO: [ view_filter ] --START--
INFO: Run Behavior\WriteHtmlCacheBehavior [ RunTime:0.000175s ]
INFO: [ view_filter ] --END-- [ RunTime:0.000219s ]
INFO: [ app_end ] --START--
INFO: Run Behavior\ShowPageTraceBehavior [ RunTime:0.000491s ]
INFO: [ app_end ] --END-- [ RunTime:0.000524s ]

[ 2017-02-12T22:52:45+08:00 ] ::1 /wuyeguanli/index.php/Community/Unit/index/n/202.html
INFO: [ app_init ] --START--
INFO: Run Behavior\BuildLiteBehavior [ RunTime:0.000011s ]
INFO: [ app_init ] --END-- [ RunTime:0.000266s ]
INFO: [ app_begin ] --START--
INFO: Run Behavior\ReadHtmlCacheBehavior [ RunTime:0.000449s ]
INFO: [ app_begin ] --END-- [ RunTime:0.000489s ]
SQL: SHOW COLUMNS FROM `xly_manages_community` [ RunTime:0.0598s ]
SQL: SELECT m.id,m.status,mrc.name as rolename,m.username,mrc.permissions,mrc.communityid FROM `xly_manages_community`  as m inner join xly_manage_role_community as mrc on mrc.id = m.roleid   WHERE m.id = '1' LIMIT 1   [ RunTime:0.0478s ]
SQL: SHOW COLUMNS FROM `xly_navigations` [ RunTime:0.1006s ]
SQL: SELECT `id` FROM `xly_navigations` WHERE (  (`group` = 'Community' and controller = 'Unit' and method = 'index' ) or interrelated_g_c_m like '%Community_Unit_index%'  and type = 1 )  [ RunTime:0.0428s ]
NOTIC: [8] Undefined index: id E:\php\wuyeguanli\Application\Community\Controller\UnitController.class.php 第 13 行.
INFO: [ view_parse ] --START--
INFO: [ template_filter ] --START--
INFO: Run Behavior\ContentReplaceBehavior [ RunTime:0.000286s ]
INFO: [ template_filter ] --END-- [ RunTime:0.000551s ]
INFO: Run Behavior\ParseTemplateBehavior [ RunTime:0.036918s ]
INFO: [ view_parse ] --END-- [ RunTime:0.037063s ]
INFO: [ view_filter ] --START--
INFO: Run Behavior\WriteHtmlCacheBehavior [ RunTime:0.000559s ]
INFO: [ view_filter ] --END-- [ RunTime:0.000642s ]
INFO: [ app_end ] --START--
INFO: Run Behavior\ShowPageTraceBehavior [ RunTime:0.001169s ]
INFO: [ app_end ] --END-- [ RunTime:0.001298s ]

[ 2017-02-12T22:52:45+08:00 ] ::1 /wuyeguanli/index.php/Community/Floor/index/n/203.html
INFO: [ app_init ] --START--
INFO: Run Behavior\BuildLiteBehavior [ RunTime:0.000018s ]
INFO: [ app_init ] --END-- [ RunTime:0.000569s ]
INFO: [ app_begin ] --START--
INFO: Run Behavior\ReadHtmlCacheBehavior [ RunTime:0.000584s ]
INFO: [ app_begin ] --END-- [ RunTime:0.000636s ]
SQL: SHOW COLUMNS FROM `xly_manages_community` [ RunTime:0.0626s ]
SQL: SELECT m.id,m.status,mrc.name as rolename,m.username,mrc.permissions,mrc.communityid FROM `xly_manages_community`  as m inner join xly_manage_role_community as mrc on mrc.id = m.roleid   WHERE m.id = '1' LIMIT 1   [ RunTime:0.0510s ]
SQL: SHOW COLUMNS FROM `xly_navigations` [ RunTime:0.0744s ]
SQL: SELECT `id` FROM `xly_navigations` WHERE (  (`group` = 'Community' and controller = 'Floor' and method = 'index' ) or interrelated_g_c_m like '%Community_Floor_index%'  and type = 1 )  [ RunTime:0.0519s ]
NOTIC: [8] Undefined index: id E:\php\wuyeguanli\Application\Community\Controller\FloorController.class.php 第 13 行.
INFO: [ view_parse ] --START--
INFO: [ template_filter ] --START--
INFO: Run Behavior\ContentReplaceBehavior [ RunTime:0.000057s ]
INFO: [ template_filter ] --END-- [ RunTime:0.000103s ]
INFO: Run Behavior\ParseTemplateBehavior [ RunTime:0.030301s ]
INFO: [ view_parse ] --END-- [ RunTime:0.030472s ]
INFO: [ view_filter ] --START--
INFO: Run Behavior\WriteHtmlCacheBehavior [ RunTime:0.000453s ]
INFO: [ view_filter ] --END-- [ RunTime:0.000524s ]
INFO: [ app_end ] --START--
INFO: Run Behavior\ShowPageTraceBehavior [ RunTime:0.000598s ]
INFO: [ app_end ] --END-- [ RunTime:0.000633s ]

[ 2017-02-12T22:52:46+08:00 ] ::1 /wuyeguanli/index.php/Community/Building/ajax_getList.html?pageSize=10&pageNumber=1&sortName=id&sortOrder=asc
INFO: [ app_init ] --START--
INFO: Run Behavior\BuildLiteBehavior [ RunTime:0.000020s ]
INFO: [ app_init ] --END-- [ RunTime:0.000588s ]
INFO: [ app_begin ] --START--
INFO: Run Behavior\ReadHtmlCacheBehavior [ RunTime:0.000606s ]
INFO: [ app_begin ] --END-- [ RunTime:0.000709s ]
SQL: SHOW COLUMNS FROM `xly_manages_community` [ RunTime:0.0568s ]
SQL: SELECT m.id,m.status,mrc.name as rolename,m.username,mrc.permissions,mrc.communityid FROM `xly_manages_community`  as m inner join xly_manage_role_community as mrc on mrc.id = m.roleid   WHERE m.id = '1' LIMIT 1   [ RunTime:0.0440s ]
SQL: SHOW COLUMNS FROM `xly_navigations` [ RunTime:0.0462s ]
SQL: SELECT `id` FROM `xly_navigations` WHERE (  (`group` = 'Community' and controller = 'Building' and method = 'ajax_getList' ) or interrelated_g_c_m like '%Community_Building_ajax_getList%'  and type = 1 )  [ RunTime:0.0445s ]
SQL: SHOW COLUMNS FROM `xly_building` [ RunTime:0.2745s ]
SQL: SELECT COUNT(*) AS tp_count FROM `xly_building`   as building left join xly_community as cu on cu.id = building.communityid    LIMIT 1   [ RunTime:0.1317s ]
SQL: SELECT building.id,building.sort,building.communityid,building.alias_name,building.addtime,building.unit_price,cu.name FROM `xly_building`   as building left join xly_community as cu on cu.id = building.communityid    ORDER BY id asc LIMIT 0,10   [ RunTime:0.0710s ]

[ 2017-02-12T22:52:47+08:00 ] ::1 /wuyeguanli/index.php/Community/House/index/n/204.html
INFO: [ app_init ] --START--
INFO: Run Behavior\BuildLiteBehavior [ RunTime:0.000011s ]
INFO: [ app_init ] --END-- [ RunTime:0.000301s ]
INFO: [ app_begin ] --START--
INFO: Run Behavior\ReadHtmlCacheBehavior [ RunTime:0.000457s ]
INFO: [ app_begin ] --END-- [ RunTime:0.000546s ]
SQL: SHOW COLUMNS FROM `xly_manages_community` [ RunTime:0.0493s ]
SQL: SELECT m.id,m.status,mrc.name as rolename,m.username,mrc.permissions,mrc.communityid FROM `xly_manages_community`  as m inner join xly_manage_role_community as mrc on mrc.id = m.roleid   WHERE m.id = '1' LIMIT 1   [ RunTime:0.0621s ]
SQL: SHOW COLUMNS FROM `xly_navigations` [ RunTime:0.0582s ]
SQL: SELECT `id` FROM `xly_navigations` WHERE (  (`group` = 'Community' and controller = 'House' and method = 'index' ) or interrelated_g_c_m like '%Community_House_index%'  and type = 1 )  [ RunTime:0.0446s ]
NOTIC: [8] Undefined variable: arrJoins E:\php\wuyeguanli\Application\Community\Controller\HouseController.class.php 第 19 行.
NOTIC: [2] Invalid argument supplied for foreach() E:\php\wuyeguanli\Application\Common\Common\BaseController.class.php 第 568 行.
SQL: SHOW COLUMNS FROM `xly_community` [ RunTime:0.0607s ]
SQL: SELECT * FROM `xly_community`  [ RunTime:0.0629s ]
SQL: SHOW COLUMNS FROM `xly_house` [ RunTime:0.1592s ]
NOTIC: [8] Undefined index: id E:\php\wuyeguanli\Application\Community\Controller\HouseController.class.php 第 9 行.
INFO: [ view_parse ] --START--
INFO: [ template_filter ] --START--
INFO: Run Behavior\ContentReplaceBehavior [ RunTime:0.000071s ]
INFO: [ template_filter ] --END-- [ RunTime:0.000125s ]
INFO: Run Behavior\ParseTemplateBehavior [ RunTime:0.024443s ]
INFO: [ view_parse ] --END-- [ RunTime:0.024522s ]
INFO: [ view_filter ] --START--
INFO: Run Behavior\WriteHtmlCacheBehavior [ RunTime:0.000218s ]
INFO: [ view_filter ] --END-- [ RunTime:0.000247s ]
INFO: [ app_end ] --START--
INFO: Run Behavior\ShowPageTraceBehavior [ RunTime:0.000550s ]
INFO: [ app_end ] --END-- [ RunTime:0.000586s ]

[ 2017-02-12T22:52:48+08:00 ] ::1 /wuyeguanli/index.php/Community/Unit/ajax_getList.html?pageSize=10&pageNumber=1&sortName=id&sortOrder=asc
INFO: [ app_init ] --START--
INFO: Run Behavior\BuildLiteBehavior [ RunTime:0.000030s ]
INFO: [ app_init ] --END-- [ RunTime:0.000441s ]
INFO: [ app_begin ] --START--
INFO: Run Behavior\ReadHtmlCacheBehavior [ RunTime:0.000495s ]
INFO: [ app_begin ] --END-- [ RunTime:0.000538s ]
SQL: SHOW COLUMNS FROM `xly_manages_community` [ RunTime:0.0637s ]
SQL: SELECT m.id,m.status,mrc.name as rolename,m.username,mrc.permissions,mrc.communityid FROM `xly_manages_community`  as m inner join xly_manage_role_community as mrc on mrc.id = m.roleid   WHERE m.id = '1' LIMIT 1   [ RunTime:0.0480s ]
SQL: SHOW COLUMNS FROM `xly_navigations` [ RunTime:0.0511s ]
SQL: SELECT `id` FROM `xly_navigations` WHERE (  (`group` = 'Community' and controller = 'Unit' and method = 'ajax_getList' ) or interrelated_g_c_m like '%Community_Unit_ajax_getList%'  and type = 1 )  [ RunTime:0.0483s ]
NOTIC: [8] Undefined index: buildid E:\php\wuyeguanli\Application\Community\Controller\UnitController.class.php 第 33 行.
SQL: SHOW COLUMNS FROM `xly_unit` [ RunTime:0.2507s ]
SQL: SELECT COUNT(*) AS tp_count FROM `xly_unit`  as unit left join xly_building as bd on bd.id = unit.buildingid  left join xly_community as cu on cu.id = bd.communityid    WHERE bd.id <> '' LIMIT 1   [ RunTime:0.0468s ]
SQL: SELECT unit.buildingid,bd.id as bid,unit.id,bd.alias_name,unit.uname,unit.addtime FROM `xly_unit`  as unit left join xly_building as bd on bd.id = unit.buildingid  left join xly_community as cu on cu.id = bd.communityid    WHERE bd.id <> '' ORDER BY id asc LIMIT 0,10   [ RunTime:0.0709s ]

[ 2017-02-12T22:52:49+08:00 ] ::1 /wuyeguanli/index.php/Community/Parking/index/n/205.html
INFO: [ app_init ] --START--
INFO: Run Behavior\BuildLiteBehavior [ RunTime:0.000012s ]
INFO: [ app_init ] --END-- [ RunTime:0.000298s ]
INFO: [ app_begin ] --START--
INFO: Run Behavior\ReadHtmlCacheBehavior [ RunTime:0.000384s ]
INFO: [ app_begin ] --END-- [ RunTime:0.000422s ]
SQL: SHOW COLUMNS FROM `xly_manages_community` [ RunTime:0.0710s ]
SQL: SELECT m.id,m.status,mrc.name as rolename,m.username,mrc.permissions,mrc.communityid FROM `xly_manages_community`  as m inner join xly_manage_role_community as mrc on mrc.id = m.roleid   WHERE m.id = '1' LIMIT 1   [ RunTime:0.0423s ]
SQL: SHOW COLUMNS FROM `xly_navigations` [ RunTime:0.0568s ]
SQL: SELECT `id` FROM `xly_navigations` WHERE (  (`group` = 'Community' and controller = 'Parking' and method = 'index' ) or interrelated_g_c_m like '%Community_Parking_index%'  and type = 1 )  [ RunTime:0.0493s ]
INFO: [ view_parse ] --START--
INFO: [ template_filter ] --START--
INFO: Run Behavior\ContentReplaceBehavior [ RunTime:0.000124s ]
INFO: [ template_filter ] --END-- [ RunTime:0.000216s ]
INFO: Run Behavior\ParseTemplateBehavior [ RunTime:0.035015s ]
INFO: [ view_parse ] --END-- [ RunTime:0.035151s ]
INFO: [ view_filter ] --START--
INFO: Run Behavior\WriteHtmlCacheBehavior [ RunTime:0.000437s ]
INFO: [ view_filter ] --END-- [ RunTime:0.000485s ]
INFO: [ app_end ] --START--
INFO: Run Behavior\ShowPageTraceBehavior [ RunTime:0.000632s ]
INFO: [ app_end ] --END-- [ RunTime:0.000689s ]

[ 2017-02-12T22:52:49+08:00 ] ::1 /wuyeguanli/index.php/Community/users/index/n/206.html
INFO: [ app_init ] --START--
INFO: Run Behavior\BuildLiteBehavior [ RunTime:0.000046s ]
INFO: [ app_init ] --END-- [ RunTime:0.000675s ]
INFO: [ app_begin ] --START--
INFO: Run Behavior\ReadHtmlCacheBehavior [ RunTime:0.000429s ]
INFO: [ app_begin ] --END-- [ RunTime:0.000473s ]
SQL: SHOW COLUMNS FROM `xly_manages_community` [ RunTime:0.0647s ]
SQL: SELECT m.id,m.status,mrc.name as rolename,m.username,mrc.permissions,mrc.communityid FROM `xly_manages_community`  as m inner join xly_manage_role_community as mrc on mrc.id = m.roleid   WHERE m.id = '1' LIMIT 1   [ RunTime:0.0583s ]
SQL: SHOW COLUMNS FROM `xly_navigations` [ RunTime:0.0521s ]
SQL: SELECT `id` FROM `xly_navigations` WHERE (  (`group` = 'Community' and controller = 'Users' and method = 'index' ) or interrelated_g_c_m like '%Community_Users_index%'  and type = 1 )  [ RunTime:0.0486s ]
NOTIC: [8] Undefined index: id E:\php\wuyeguanli\Application\Community\Controller\UsersController.class.php 第 13 行.
NOTIC: [8] Undefined index: uid E:\php\wuyeguanli\Application\Community\Controller\UsersController.class.php 第 16 行.
INFO: [ view_parse ] --START--
INFO: [ template_filter ] --START--
INFO: Run Behavior\ContentReplaceBehavior [ RunTime:0.000128s ]
INFO: [ template_filter ] --END-- [ RunTime:0.000222s ]
INFO: Run Behavior\ParseTemplateBehavior [ RunTime:0.030741s ]
INFO: [ view_parse ] --END-- [ RunTime:0.030892s ]
INFO: [ view_filter ] --START--
INFO: Run Behavior\WriteHtmlCacheBehavior [ RunTime:0.000720s ]
INFO: [ view_filter ] --END-- [ RunTime:0.000787s ]
INFO: [ app_end ] --START--
INFO: Run Behavior\ShowPageTraceBehavior [ RunTime:0.001293s ]
INFO: [ app_end ] --END-- [ RunTime:0.001384s ]

[ 2017-02-12T22:52:50+08:00 ] ::1 /wuyeguanli/index.php/Community/Floor/ajax_getList.html?pageSize=10&pageNumber=1&sortName=id&sortOrder=asc
INFO: [ app_init ] --START--
INFO: Run Behavior\BuildLiteBehavior [ RunTime:0.000011s ]
INFO: [ app_init ] --END-- [ RunTime:0.000299s ]
INFO: [ app_begin ] --START--
INFO: Run Behavior\ReadHtmlCacheBehavior [ RunTime:0.000380s ]
INFO: [ app_begin ] --END-- [ RunTime:0.000415s ]
SQL: SHOW COLUMNS FROM `xly_manages_community` [ RunTime:0.0518s ]
SQL: SELECT m.id,m.status,mrc.name as rolename,m.username,mrc.permissions,mrc.communityid FROM `xly_manages_community`  as m inner join xly_manage_role_community as mrc on mrc.id = m.roleid   WHERE m.id = '1' LIMIT 1   [ RunTime:0.0436s ]
SQL: SHOW COLUMNS FROM `xly_navigations` [ RunTime:0.0556s ]
SQL: SELECT `id` FROM `xly_navigations` WHERE (  (`group` = 'Community' and controller = 'Floor' and method = 'ajax_getList' ) or interrelated_g_c_m like '%Community_Floor_ajax_getList%'  and type = 1 )  [ RunTime:0.0439s ]
NOTIC: [8] Undefined index: unitid E:\php\wuyeguanli\Application\Community\Controller\FloorController.class.php 第 34 行.
SQL: SHOW COLUMNS FROM `xly_floor` [ RunTime:0.0583s ]
SQL: SELECT COUNT(*) AS tp_count FROM `xly_floor`   as floor left join xly_unit as un on un.id = floor.unitid   left join xly_community as cu on cu.id = un.communityid   left join xly_building as bd on bd.id = un.buildingid   WHERE bd.id <> '' AND un.id <> '' LIMIT 1   [ RunTime:0.0599s ]
SQL: SELECT floor.id,floor.fname,floor.unitid,floor.addtime,un.uname,cu.name,bd.alias_name FROM `xly_floor`   as floor left join xly_unit as un on un.id = floor.unitid   left join xly_community as cu on cu.id = un.communityid   left join xly_building as bd on bd.id = un.buildingid   WHERE bd.id <> '' AND un.id <> '' ORDER BY id asc LIMIT 0,10   [ RunTime:0.0833s ]

[ 2017-02-12T22:52:51+08:00 ] ::1 /wuyeguanli/index.php/Community/Payfees/index/n/207.html
INFO: [ app_init ] --START--
INFO: Run Behavior\BuildLiteBehavior [ RunTime:0.000017s ]
INFO: [ app_init ] --END-- [ RunTime:0.000416s ]
INFO: [ app_begin ] --START--
INFO: Run Behavior\ReadHtmlCacheBehavior [ RunTime:0.000564s ]
INFO: [ app_begin ] --END-- [ RunTime:0.000618s ]
SQL: SHOW COLUMNS FROM `xly_manages_community` [ RunTime:0.0566s ]
SQL: SELECT m.id,m.status,mrc.name as rolename,m.username,mrc.permissions,mrc.communityid FROM `xly_manages_community`  as m inner join xly_manage_role_community as mrc on mrc.id = m.roleid   WHERE m.id = '1' LIMIT 1   [ RunTime:0.0458s ]
SQL: SHOW COLUMNS FROM `xly_navigations` [ RunTime:0.0869s ]
SQL: SELECT `id` FROM `xly_navigations` WHERE (  (`group` = 'Community' and controller = 'Payfees' and method = 'index' ) or interrelated_g_c_m like '%Community_Payfees_index%'  and type = 1 )  [ RunTime:0.0467s ]
NOTIC: [8] Undefined index: name E:\php\wuyeguanli\Application\Community\Controller\PayfeesController.class.php 第 13 行.
INFO: [ view_parse ] --START--
INFO: [ template_filter ] --START--
INFO: Run Behavior\ContentReplaceBehavior [ RunTime:0.000084s ]
INFO: [ template_filter ] --END-- [ RunTime:0.000152s ]
INFO: Run Behavior\ParseTemplateBehavior [ RunTime:0.043088s ]
INFO: [ view_parse ] --END-- [ RunTime:0.043278s ]
INFO: [ view_filter ] --START--
INFO: Run Behavior\WriteHtmlCacheBehavior [ RunTime:0.000234s ]
INFO: [ view_filter ] --END-- [ RunTime:0.000269s ]
INFO: [ app_end ] --START--
INFO: Run Behavior\ShowPageTraceBehavior [ RunTime:0.000517s ]
INFO: [ app_end ] --END-- [ RunTime:0.000564s ]

[ 2017-02-12T22:52:52+08:00 ] ::1 /wuyeguanli/index.php/Community/House/ajax_getList.html?pageSize=10&pageNumber=1&sortName=aid&sortOrder=asc
INFO: [ app_init ] --START--
INFO: Run Behavior\BuildLiteBehavior [ RunTime:0.000041s ]
INFO: [ app_init ] --END-- [ RunTime:0.000734s ]
INFO: [ app_begin ] --START--
INFO: Run Behavior\ReadHtmlCacheBehavior [ RunTime:0.000422s ]
INFO: [ app_begin ] --END-- [ RunTime:0.000457s ]
SQL: SHOW COLUMNS FROM `xly_manages_community` [ RunTime:0.0501s ]
SQL: SELECT m.id,m.status,mrc.name as rolename,m.username,mrc.permissions,mrc.communityid FROM `xly_manages_community`  as m inner join xly_manage_role_community as mrc on mrc.id = m.roleid   WHERE m.id = '1' LIMIT 1   [ RunTime:0.0445s ]
SQL: SHOW COLUMNS FROM `xly_navigations` [ RunTime:0.0563s ]
SQL: SELECT `id` FROM `xly_navigations` WHERE (  (`group` = 'Community' and controller = 'House' and method = 'ajax_getList' ) or interrelated_g_c_m like '%Community_House_ajax_getList%'  and type = 1 )  [ RunTime:0.0439s ]
NOTIC: [8] Undefined variable: arrJoins E:\php\wuyeguanli\Application\Community\Controller\HouseController.class.php 第 19 行.
NOTIC: [2] Invalid argument supplied for foreach() E:\php\wuyeguanli\Application\Common\Common\BaseController.class.php 第 568 行.
SQL: SHOW COLUMNS FROM `xly_community` [ RunTime:0.0642s ]
SQL: SELECT * FROM `xly_community`  [ RunTime:0.0467s ]
SQL: SHOW COLUMNS FROM `xly_house` [ RunTime:0.0490s ]
NOTIC: [8] Undefined index: Floorid E:\php\wuyeguanli\Application\Community\Controller\HouseController.class.php 第 35 行.
SQL: SELECT COUNT(*) AS tp_count FROM `xly_house`  as house left join xly_floor as fl on fl.id = house.floorid  left join xly_unit as un on un.id = fl.unitid  left join xly_building as bd on bd.id = un.buildingid  left join xly_users as us on us.house_id = house.id AND us.status = 1   WHERE bd.id <> '' AND un.id <> '' AND fl.id <> '' LIMIT 1   [ RunTime:0.2893s ]
SQL: SELECT us.status,fl.id as fid,us.id,house.id as aid,us.id as uid,bd.alias_name,un.uname,fl.fname,house.number,us.real_name,house.addtime,house.house_area,house.pay_fees_deadline FROM `xly_house`  as house left join xly_floor as fl on fl.id = house.floorid  left join xly_unit as un on un.id = fl.unitid  left join xly_building as bd on bd.id = un.buildingid  left join xly_users as us on us.house_id = house.id AND us.status = 1   WHERE bd.id <> '' AND un.id <> '' AND fl.id <> '' ORDER BY aid asc LIMIT 0,10   [ RunTime:0.0462s ]

[ 2017-02-12T22:52:53+08:00 ] ::1 /wuyeguanli/index.php/Community/Parking/ajax_getList.html?pageSize=10&pageNumber=1&sortName=id&sortOrder=asc
INFO: [ app_init ] --START--
INFO: Run Behavior\BuildLiteBehavior [ RunTime:0.000011s ]
INFO: [ app_init ] --END-- [ RunTime:0.000264s ]
INFO: [ app_begin ] --START--
INFO: Run Behavior\ReadHtmlCacheBehavior [ RunTime:0.000376s ]
INFO: [ app_begin ] --END-- [ RunTime:0.000409s ]
SQL: SHOW COLUMNS FROM `xly_manages_community` [ RunTime:0.0510s ]
SQL: SELECT m.id,m.status,mrc.name as rolename,m.username,mrc.permissions,mrc.communityid FROM `xly_manages_community`  as m inner join xly_manage_role_community as mrc on mrc.id = m.roleid   WHERE m.id = '1' LIMIT 1   [ RunTime:0.0479s ]
SQL: SHOW COLUMNS FROM `xly_navigations` [ RunTime:0.0517s ]
SQL: SELECT `id` FROM `xly_navigations` WHERE (  (`group` = 'Community' and controller = 'Parking' and method = 'ajax_getList' ) or interrelated_g_c_m like '%Community_Parking_ajax_getList%'  and type = 1 )  [ RunTime:0.0481s ]
SQL: SHOW COLUMNS FROM `xly_parking` [ RunTime:0.0910s ]
SQL: SELECT COUNT(*) AS tp_count FROM `xly_parking`  as Parking left join xly_users as us on us.id = Parking.userid   LIMIT 1   [ RunTime:0.0597s ]
SQL: SELECT Parking.userid,Parking.id,us.id as aid,us.real_name,Parking.number,Parking.license_plate,if(Parking.status = 1,'已经购买','租赁') as status,if(Parking.paystyle = 1,'按年缴费','按月缴费') as paystyle,Parking.paymoney,Parking.manage_fees,Parking.pay_lasttime,Parking.finall_paytime,Parking.remark,if(Parking.isdo = 1,'正常使用','不可使用') as isdo FROM `xly_parking`  as Parking left join xly_users as us on us.id = Parking.userid   ORDER BY id asc LIMIT 0,10   [ RunTime:0.0456s ]

[ 2017-02-12T22:52:53+08:00 ] ::1 /wuyeguanli/index.php/Community/Users/ajax_getList.html?pageSize=10&pageNumber=1&sortName=id&sortOrder=asc
INFO: [ app_init ] --START--
INFO: Run Behavior\BuildLiteBehavior [ RunTime:0.000013s ]
INFO: [ app_init ] --END-- [ RunTime:0.000319s ]
INFO: [ app_begin ] --START--
INFO: Run Behavior\ReadHtmlCacheBehavior [ RunTime:0.000835s ]
INFO: [ app_begin ] --END-- [ RunTime:0.000946s ]
SQL: SHOW COLUMNS FROM `xly_manages_community` [ RunTime:0.0527s ]
SQL: SELECT m.id,m.status,mrc.name as rolename,m.username,mrc.permissions,mrc.communityid FROM `xly_manages_community`  as m inner join xly_manage_role_community as mrc on mrc.id = m.roleid   WHERE m.id = '1' LIMIT 1   [ RunTime:0.0430s ]
SQL: SHOW COLUMNS FROM `xly_navigations` [ RunTime:0.0584s ]
SQL: SELECT `id` FROM `xly_navigations` WHERE (  (`group` = 'Community' and controller = 'Users' and method = 'ajax_getList' ) or interrelated_g_c_m like '%Community_Users_ajax_getList%'  and type = 1 )  [ RunTime:0.0474s ]
NOTIC: [8] Undefined index: userid E:\php\wuyeguanli\Application\Community\Controller\UsersController.class.php 第 42 行.
NOTIC: [8] Undefined index: uid E:\php\wuyeguanli\Application\Community\Controller\UsersController.class.php 第 49 行.
SQL: SHOW COLUMNS FROM `xly_users` [ RunTime:0.0761s ]
SQL: SELECT COUNT(*) AS tp_count FROM `xly_users`   as Users left join xly_parking as pk on pk.userid = Users.id   left join xly_house as hs on hs.id = Users.house_id   left join xly_floor as fl on fl.id = hs.floorid  left join xly_unit as un on un.id = fl.unitid  left join xly_building as bd on bd.id = un.buildingid   LIMIT 1   [ RunTime:0.0438s ]
SQL: SELECT bd.alias_name,un.uname,fl.fname,hs.number,Users.id,Users.real_name,if(Users.sex = 0,'女',if(Users.sex = 1,'男','保密')) as sex,Users.birthdate,Users.phone,concat(bd.alias_name,un.uname,fl.fname,hs.number) as house,if(Users.status = 1,'业主','否') as status FROM `xly_users`   as Users left join xly_parking as pk on pk.userid = Users.id   left join xly_house as hs on hs.id = Users.house_id   left join xly_floor as fl on fl.id = hs.floorid  left join xly_unit as un on un.id = fl.unitid  left join xly_building as bd on bd.id = un.buildingid   ORDER BY id asc LIMIT 0,10   [ RunTime:0.0573s ]

[ 2017-02-12T22:52:54+08:00 ] ::1 /wuyeguanli/index.php/Community/Payfees/ajax_getList.html?pageSize=10&pageNumber=1&sortName=id&sortOrder=asc
INFO: [ app_init ] --START--
INFO: Run Behavior\BuildLiteBehavior [ RunTime:0.000051s ]
INFO: [ app_init ] --END-- [ RunTime:0.001044s ]
INFO: [ app_begin ] --START--
INFO: Run Behavior\ReadHtmlCacheBehavior [ RunTime:0.000485s ]
INFO: [ app_begin ] --END-- [ RunTime:0.000550s ]
SQL: SHOW COLUMNS FROM `xly_manages_community` [ RunTime:0.0630s ]
SQL: SELECT m.id,m.status,mrc.name as rolename,m.username,mrc.permissions,mrc.communityid FROM `xly_manages_community`  as m inner join xly_manage_role_community as mrc on mrc.id = m.roleid   WHERE m.id = '1' LIMIT 1   [ RunTime:0.0522s ]
SQL: SHOW COLUMNS FROM `xly_navigations` [ RunTime:0.0938s ]
SQL: SELECT `id` FROM `xly_navigations` WHERE (  (`group` = 'Community' and controller = 'Payfees' and method = 'ajax_getList' ) or interrelated_g_c_m like '%Community_Payfees_ajax_getList%'  and type = 1 )  [ RunTime:0.0572s ]
NOTIC: [8] Undefined index: type E:\php\wuyeguanli\Application\Community\Controller\PayfeesController.class.php 第 33 行.
SQL: SHOW COLUMNS FROM `xly_payfees` [ RunTime:0.0835s ]
SQL: SELECT COUNT(*) AS tp_count FROM `xly_payfees`  as pf left join xly_users as us on us.id = pf.userid   LIMIT 1   [ RunTime:0.0472s ]
SQL: SELECT pf.userid,pf.type,if(pf.type = 1,'水费',if(pf.type = 2,'电费',if(pf.type = 3,'气费',if(pf.type = 4,'物业',if(pf.type = 5,'车位','其他费用'))))) as types,pf.id,us.real_name,pf.money,pf.addtime FROM `xly_payfees`  as pf left join xly_users as us on us.id = pf.userid   ORDER BY id asc LIMIT 0,10   [ RunTime:0.0460s ]

