[ 2017-02-26T01:41:14+08:00 ] ::1 /wuyeguanli/index.php/Community/Index/login.html
INFO: [ app_init ] --START--
INFO: Run Behavior\BuildLiteBehavior [ RunTime:0.000010s ]
INFO: [ app_init ] --END-- [ RunTime:0.000285s ]
INFO: [ app_begin ] --START--
INFO: Run Behavior\ReadHtmlCacheBehavior [ RunTime:0.000468s ]
INFO: [ app_begin ] --END-- [ RunTime:0.000509s ]
INFO: [ view_parse ] --START--
INFO: [ template_filter ] --START--
INFO: Run Behavior\ContentReplaceBehavior [ RunTime:0.000063s ]
INFO: [ template_filter ] --END-- [ RunTime:0.000154s ]
INFO: Run Behavior\ParseTemplateBehavior [ RunTime:0.028320s ]
INFO: [ view_parse ] --END-- [ RunTime:0.028398s ]
INFO: [ view_filter ] --START--
INFO: Run Behavior\WriteHtmlCacheBehavior [ RunTime:0.000584s ]
INFO: [ view_filter ] --END-- [ RunTime:0.000648s ]

[ 2017-02-26T01:41:26+08:00 ] ::1 /wuyeguanli/index.php/Community/Index/login.html
INFO: [ app_init ] --START--
INFO: Run Behavior\BuildLiteBehavior [ RunTime:0.000012s ]
INFO: [ app_init ] --END-- [ RunTime:0.000269s ]
INFO: [ app_begin ] --START--
INFO: Run Behavior\ReadHtmlCacheBehavior [ RunTime:0.000380s ]
INFO: [ app_begin ] --END-- [ RunTime:0.000420s ]
SQL: SHOW COLUMNS FROM `xly_manages_community` [ RunTime:0.0582s ]
SQL: SELECT m.id,m.status,mrc.name as rolename,m.username,mrc.permissions,mrc.communityid FROM `xly_manages_community`  as m inner join xly_manage_role_community as mrc on mrc.id = m.roleid   WHERE m.id = '1' LIMIT 1   [ RunTime:0.0564s ]
SQL: SHOW COLUMNS FROM `xly_navigations` [ RunTime:0.0583s ]
SQL: SELECT `id` FROM `xly_navigations` WHERE (  (`group` = 'Community' and controller = 'Index' and method = 'login' ) or interrelated_g_c_m like '%Community_Index_login%'  and type = 1 )  [ RunTime:0.0559s ]
INFO: [ view_parse ] --START--
INFO: [ template_filter ] --START--
INFO: Run Behavior\ContentReplaceBehavior [ RunTime:0.000200s ]
INFO: [ template_filter ] --END-- [ RunTime:0.000394s ]
INFO: Run Behavior\ParseTemplateBehavior [ RunTime:0.055164s ]
INFO: [ view_parse ] --END-- [ RunTime:0.055333s ]
INFO: [ view_filter ] --START--
INFO: Run Behavior\WriteHtmlCacheBehavior [ RunTime:0.000711s ]
INFO: [ view_filter ] --END-- [ RunTime:0.000828s ]
INFO: [ app_end ] --START--
INFO: Run Behavior\ShowPageTraceBehavior [ RunTime:0.001601s ]
INFO: [ app_end ] --END-- [ RunTime:0.001741s ]

[ 2017-02-26T01:41:30+08:00 ] ::1 /wuyeguanli/index.php/Community/Index/index.html
INFO: [ app_init ] --START--
INFO: Run Behavior\BuildLiteBehavior [ RunTime:0.000015s ]
INFO: [ app_init ] --END-- [ RunTime:0.000338s ]
INFO: [ app_begin ] --START--
INFO: Run Behavior\ReadHtmlCacheBehavior [ RunTime:0.000486s ]
INFO: [ app_begin ] --END-- [ RunTime:0.000530s ]
NOTIC: [8] Undefined index: code E:\php\wuyeguanli\Application\Community\Controller\IndexController.class.php 第 39 行.
SQL: SHOW COLUMNS FROM `xly_manages_community` [ RunTime:0.0632s ]
SQL: SELECT mc.id,mc.username,mc.password,mc.status,mrc.communityid FROM `xly_manages_community`  as mc inner join xly_manage_role_community as mrc on mrc.id = mc.roleid   WHERE `username` = 'admin123' LIMIT 1   [ RunTime:0.0613s ]
SQL: UPDATE `xly_manages_community` SET `logintime`='1488044490',`loginip`='0.0.0.0',`logincount`=logincount + 1 WHERE `id` = 1 [ RunTime:0.0610s ]

[ 2017-02-26T01:41:31+08:00 ] ::1 /wuyeguanli/index.php/Community/Index/main.html
INFO: [ app_init ] --START--
INFO: Run Behavior\BuildLiteBehavior [ RunTime:0.000013s ]
INFO: [ app_init ] --END-- [ RunTime:0.000486s ]
INFO: [ app_begin ] --START--
INFO: Run Behavior\ReadHtmlCacheBehavior [ RunTime:0.000451s ]
INFO: [ app_begin ] --END-- [ RunTime:0.000495s ]
SQL: SHOW COLUMNS FROM `xly_manages_community` [ RunTime:0.0635s ]
SQL: SELECT m.id,m.status,mrc.name as rolename,m.username,mrc.permissions,mrc.communityid FROM `xly_manages_community`  as m inner join xly_manage_role_community as mrc on mrc.id = m.roleid   WHERE m.id = '1' LIMIT 1   [ RunTime:0.0612s ]
SQL: SHOW COLUMNS FROM `xly_navigations` [ RunTime:0.0638s ]
SQL: SELECT * FROM `xly_navigations` WHERE `status` = 1 AND `type` = 2 ORDER BY sort asc,id asc  [ RunTime:0.0628s ]
INFO: [ view_parse ] --START--
INFO: [ template_filter ] --START--
INFO: Run Behavior\ContentReplaceBehavior [ RunTime:0.000290s ]
INFO: [ template_filter ] --END-- [ RunTime:0.000359s ]
NOTIC: [8] Undefined index: childs E:\php\wuyeguanli\Application\Runtime\Cache\Community\f86a32021ca30597739b518f2be69aaa.php 第 72 行.
INFO: Run Behavior\ParseTemplateBehavior [ RunTime:0.065817s ]
INFO: [ view_parse ] --END-- [ RunTime:0.065912s ]
INFO: [ view_filter ] --START--
INFO: Run Behavior\WriteHtmlCacheBehavior [ RunTime:0.000287s ]
INFO: [ view_filter ] --END-- [ RunTime:0.000331s ]
INFO: [ app_end ] --START--
INFO: Run Behavior\ShowPageTraceBehavior [ RunTime:0.000634s ]
INFO: [ app_end ] --END-- [ RunTime:0.000687s ]

[ 2017-02-26T03:28:38+08:00 ] ::1 /wuyeguanli/index.php/Community/Communityrepair/index/n/209.html
INFO: [ app_init ] --START--
INFO: Run Behavior\BuildLiteBehavior [ RunTime:0.000033s ]
INFO: [ app_init ] --END-- [ RunTime:0.001174s ]
INFO: [ app_begin ] --START--
INFO: Run Behavior\ReadHtmlCacheBehavior [ RunTime:0.000480s ]
INFO: [ app_begin ] --END-- [ RunTime:0.000519s ]
ERR: 无法加载控制器:Communityrepair

[ 2017-02-26T03:28:39+08:00 ] ::1 /wuyeguanli/index.php/Community/Repair/index/n/208.html
INFO: [ app_init ] --START--
INFO: Run Behavior\BuildLiteBehavior [ RunTime:0.000018s ]
INFO: [ app_init ] --END-- [ RunTime:0.000360s ]
INFO: [ app_begin ] --START--
INFO: Run Behavior\ReadHtmlCacheBehavior [ RunTime:0.000654s ]
INFO: [ app_begin ] --END-- [ RunTime:0.000748s ]
ERR: 无法加载控制器:Repair

[ 2017-02-26T03:28:43+08:00 ] ::1 /wuyeguanli/index.php/Community/Payfees/index/n/207.html
INFO: [ app_init ] --START--
INFO: Run Behavior\BuildLiteBehavior [ RunTime:0.000015s ]
INFO: [ app_init ] --END-- [ RunTime:0.000343s ]
INFO: [ app_begin ] --START--
INFO: Run Behavior\ReadHtmlCacheBehavior [ RunTime:0.000526s ]
INFO: [ app_begin ] --END-- [ RunTime:0.000597s ]
SQL: SHOW COLUMNS FROM `xly_manages_community` [ RunTime:0.1193s ]
SQL: SELECT m.id,m.status,mrc.name as rolename,m.username,mrc.permissions,mrc.communityid FROM `xly_manages_community`  as m inner join xly_manage_role_community as mrc on mrc.id = m.roleid   WHERE m.id = '1' LIMIT 1   [ RunTime:0.0688s ]
SQL: SHOW COLUMNS FROM `xly_navigations` [ RunTime:0.0544s ]
SQL: SELECT `id` FROM `xly_navigations` WHERE (  (`group` = 'Community' and controller = 'Payfees' and method = 'index' ) or interrelated_g_c_m like '%Community_Payfees_index%'  and type = 1 )  [ RunTime:0.0521s ]
SQL: SHOW COLUMNS FROM `xly_needsend` [ RunTime:0.0721s ]
SQL: SELECT * FROM `xly_needsend` WHERE `type` = 4 AND `confirm` = 0 AND `communityid` = 1  [ RunTime:0.0521s ]
NOTIC: [8] Undefined offset: 0 E:\php\wuyeguanli\Application\Common\Common\SystemController.class.php 第 601 行.
NOTIC: [8] Undefined variable: res E:\php\wuyeguanli\Application\Common\Common\SystemController.class.php 第 677 行.
SQL: SELECT * FROM `xly_needsend` WHERE `type` = 5 AND `confirm` = 0 AND `communityid` = 1  [ RunTime:0.0520s ]
NOTIC: [8] Undefined offset: 0 E:\php\wuyeguanli\Application\Common\Common\SystemController.class.php 第 601 行.
NOTIC: [8] Undefined variable: res E:\php\wuyeguanli\Application\Common\Common\SystemController.class.php 第 677 行.
NOTIC: [8] Undefined index: name E:\php\wuyeguanli\Application\Community\Controller\PayfeesController.class.php 第 65 行.
INFO: [ view_parse ] --START--
INFO: [ template_filter ] --START--
INFO: Run Behavior\ContentReplaceBehavior [ RunTime:0.000238s ]
INFO: [ template_filter ] --END-- [ RunTime:0.000386s ]
INFO: Run Behavior\ParseTemplateBehavior [ RunTime:0.024742s ]
INFO: [ view_parse ] --END-- [ RunTime:0.024888s ]
INFO: [ view_filter ] --START--
INFO: Run Behavior\WriteHtmlCacheBehavior [ RunTime:0.000971s ]
INFO: [ view_filter ] --END-- [ RunTime:0.001453s ]
INFO: [ app_end ] --START--
INFO: Run Behavior\ShowPageTraceBehavior [ RunTime:0.002167s ]
INFO: [ app_end ] --END-- [ RunTime:0.002308s ]

[ 2017-02-26T03:28:44+08:00 ] ::1 /wuyeguanli/index.php/Community/Payfees/ajax_getList.html?pageSize=10&pageNumber=1&sortName=id&sortOrder=asc
INFO: [ app_init ] --START--
INFO: Run Behavior\BuildLiteBehavior [ RunTime:0.000041s ]
INFO: [ app_init ] --END-- [ RunTime:0.001270s ]
INFO: [ app_begin ] --START--
INFO: Run Behavior\ReadHtmlCacheBehavior [ RunTime:0.001177s ]
INFO: [ app_begin ] --END-- [ RunTime:0.001247s ]
SQL: SHOW COLUMNS FROM `xly_manages_community` [ RunTime:0.0524s ]
SQL: SELECT m.id,m.status,mrc.name as rolename,m.username,mrc.permissions,mrc.communityid FROM `xly_manages_community`  as m inner join xly_manage_role_community as mrc on mrc.id = m.roleid   WHERE m.id = '1' LIMIT 1   [ RunTime:0.0504s ]
SQL: SHOW COLUMNS FROM `xly_navigations` [ RunTime:0.0683s ]
SQL: SELECT `id` FROM `xly_navigations` WHERE (  (`group` = 'Community' and controller = 'Payfees' and method = 'ajax_getList' ) or interrelated_g_c_m like '%Community_Payfees_ajax_getList%'  and type = 1 )  [ RunTime:0.0503s ]
NOTIC: [8] Undefined index: type E:\php\wuyeguanli\Application\Community\Controller\PayfeesController.class.php 第 91 行.
SQL: SHOW COLUMNS FROM `xly_payfees` [ RunTime:0.0901s ]
SQL: SELECT COUNT(*) AS tp_count FROM `xly_payfees`  as pf left join xly_users as us on us.id = pf.userid   LIMIT 1   [ RunTime:0.0916s ]
SQL: SELECT pf.paytime,pf.userid,pf.type,if(pf.type = 1,'水费',if(pf.type = 2,'电费',if(pf.type = 3,'气费',if(pf.type = 4,'物业',if(pf.type = 5,'车位','其他费用'))))) as types,pf.id,us.real_name,pf.money,pf.addtime,if(pf.paytime,'已经缴费','未交费') as addtimes FROM `xly_payfees`  as pf left join xly_users as us on us.id = pf.userid   ORDER BY id asc LIMIT 0,10   [ RunTime:0.0800s ]

[ 2017-02-26T03:28:51+08:00 ] ::1 /wuyeguanli/index.php/Community/Payfees/ajax_getList.html?pageSize=25&pageNumber=1&sortName=id&sortOrder=asc
INFO: [ app_init ] --START--
INFO: Run Behavior\BuildLiteBehavior [ RunTime:0.000012s ]
INFO: [ app_init ] --END-- [ RunTime:0.000336s ]
INFO: [ app_begin ] --START--
INFO: Run Behavior\ReadHtmlCacheBehavior [ RunTime:0.000373s ]
INFO: [ app_begin ] --END-- [ RunTime:0.000406s ]
SQL: SHOW COLUMNS FROM `xly_manages_community` [ RunTime:0.0708s ]
SQL: SELECT m.id,m.status,mrc.name as rolename,m.username,mrc.permissions,mrc.communityid FROM `xly_manages_community`  as m inner join xly_manage_role_community as mrc on mrc.id = m.roleid   WHERE m.id = '1' LIMIT 1   [ RunTime:0.0597s ]
SQL: SHOW COLUMNS FROM `xly_navigations` [ RunTime:0.0621s ]
SQL: SELECT `id` FROM `xly_navigations` WHERE (  (`group` = 'Community' and controller = 'Payfees' and method = 'ajax_getList' ) or interrelated_g_c_m like '%Community_Payfees_ajax_getList%'  and type = 1 )  [ RunTime:0.0596s ]
NOTIC: [8] Undefined index: type E:\php\wuyeguanli\Application\Community\Controller\PayfeesController.class.php 第 91 行.
SQL: SHOW COLUMNS FROM `xly_payfees` [ RunTime:0.0616s ]
SQL: SELECT COUNT(*) AS tp_count FROM `xly_payfees`  as pf left join xly_users as us on us.id = pf.userid   LIMIT 1   [ RunTime:0.0594s ]
SQL: SELECT pf.paytime,pf.userid,pf.type,if(pf.type = 1,'水费',if(pf.type = 2,'电费',if(pf.type = 3,'气费',if(pf.type = 4,'物业',if(pf.type = 5,'车位','其他费用'))))) as types,pf.id,us.real_name,pf.money,pf.addtime,if(pf.paytime,'已经缴费','未交费') as addtimes FROM `xly_payfees`  as pf left join xly_users as us on us.id = pf.userid   ORDER BY id asc LIMIT 0,25   [ RunTime:0.0602s ]

[ 2017-02-26T03:29:18+08:00 ] ::1 /wuyeguanli/index.php/Community/Loginlog/index/n/212.html
INFO: [ app_init ] --START--
INFO: Run Behavior\BuildLiteBehavior [ RunTime:0.000026s ]
INFO: [ app_init ] --END-- [ RunTime:0.000541s ]
INFO: [ app_begin ] --START--
INFO: Run Behavior\ReadHtmlCacheBehavior [ RunTime:0.000561s ]
INFO: [ app_begin ] --END-- [ RunTime:0.000615s ]
SQL: SHOW COLUMNS FROM `xly_manages_community` [ RunTime:0.0629s ]
SQL: SELECT m.id,m.status,mrc.name as rolename,m.username,mrc.permissions,mrc.communityid FROM `xly_manages_community`  as m inner join xly_manage_role_community as mrc on mrc.id = m.roleid   WHERE m.id = '1' LIMIT 1   [ RunTime:0.0617s ]
SQL: SHOW COLUMNS FROM `xly_navigations` [ RunTime:0.0630s ]
SQL: SELECT `id` FROM `xly_navigations` WHERE (  (`group` = 'Community' and controller = 'Loginlog' and method = 'index' ) or interrelated_g_c_m like '%Community_Loginlog_index%'  and type = 1 )  [ RunTime:0.0622s ]
INFO: [ view_parse ] --START--
INFO: [ template_filter ] --START--
INFO: Run Behavior\ContentReplaceBehavior [ RunTime:0.000193s ]
INFO: [ template_filter ] --END-- [ RunTime:0.000337s ]
INFO: Run Behavior\ParseTemplateBehavior [ RunTime:0.023120s ]
INFO: [ view_parse ] --END-- [ RunTime:0.023306s ]
INFO: [ view_filter ] --START--
INFO: Run Behavior\WriteHtmlCacheBehavior [ RunTime:0.001069s ]
INFO: [ view_filter ] --END-- [ RunTime:0.001231s ]
INFO: [ app_end ] --START--
INFO: Run Behavior\ShowPageTraceBehavior [ RunTime:0.002111s ]
INFO: [ app_end ] --END-- [ RunTime:0.002237s ]

[ 2017-02-26T03:29:19+08:00 ] ::1 /wuyeguanli/index.php/Community/Loginlog/ajax_getList.html?pageSize=10&pageNumber=1&sortName=id&sortOrder=asc
INFO: [ app_init ] --START--
INFO: Run Behavior\BuildLiteBehavior [ RunTime:0.000011s ]
INFO: [ app_init ] --END-- [ RunTime:0.000263s ]
INFO: [ app_begin ] --START--
INFO: Run Behavior\ReadHtmlCacheBehavior [ RunTime:0.000375s ]
INFO: [ app_begin ] --END-- [ RunTime:0.000408s ]
SQL: SHOW COLUMNS FROM `xly_manages_community` [ RunTime:0.0653s ]
SQL: SELECT m.id,m.status,mrc.name as rolename,m.username,mrc.permissions,mrc.communityid FROM `xly_manages_community`  as m inner join xly_manage_role_community as mrc on mrc.id = m.roleid   WHERE m.id = '1' LIMIT 1   [ RunTime:0.0638s ]
SQL: SHOW COLUMNS FROM `xly_navigations` [ RunTime:0.0633s ]
SQL: SELECT `id` FROM `xly_navigations` WHERE (  (`group` = 'Community' and controller = 'Loginlog' and method = 'ajax_getList' ) or interrelated_g_c_m like '%Community_Loginlog_ajax_getList%'  and type = 1 )  [ RunTime:0.0625s ]
ERR: 1146:Table 'shequ.xly_loginlog' doesn't exist
 [ SQL语句 ] : SHOW COLUMNS FROM `xly_loginlog`
ERR: 1146:Table 'shequ.xly_loginlog' doesn't exist
 [ SQL语句 ] : SHOW COLUMNS FROM `xly_loginlog`

[ 2017-02-26T03:29:20+08:00 ] ::1 /wuyeguanli/index.php/Community/Banner/index/n/213.html
INFO: [ app_init ] --START--
INFO: Run Behavior\BuildLiteBehavior [ RunTime:0.000015s ]
INFO: [ app_init ] --END-- [ RunTime:0.000352s ]
INFO: [ app_begin ] --START--
INFO: Run Behavior\ReadHtmlCacheBehavior [ RunTime:0.000488s ]
INFO: [ app_begin ] --END-- [ RunTime:0.000535s ]
SQL: SHOW COLUMNS FROM `xly_manages_community` [ RunTime:0.0745s ]
SQL: SELECT m.id,m.status,mrc.name as rolename,m.username,mrc.permissions,mrc.communityid FROM `xly_manages_community`  as m inner join xly_manage_role_community as mrc on mrc.id = m.roleid   WHERE m.id = '1' LIMIT 1   [ RunTime:0.0630s ]
SQL: SHOW COLUMNS FROM `xly_navigations` [ RunTime:0.0656s ]
SQL: SELECT `id` FROM `xly_navigations` WHERE (  (`group` = 'Community' and controller = 'Banner' and method = 'index' ) or interrelated_g_c_m like '%Community_Banner_index%'  and type = 1 )  [ RunTime:0.0633s ]
INFO: [ view_parse ] --START--
INFO: [ template_filter ] --START--
INFO: Run Behavior\ContentReplaceBehavior [ RunTime:0.000225s ]
INFO: [ template_filter ] --END-- [ RunTime:0.000382s ]
INFO: Run Behavior\ParseTemplateBehavior [ RunTime:0.021214s ]
INFO: [ view_parse ] --END-- [ RunTime:0.021376s ]
INFO: [ view_filter ] --START--
INFO: Run Behavior\WriteHtmlCacheBehavior [ RunTime:0.000683s ]
INFO: [ view_filter ] --END-- [ RunTime:0.000795s ]
INFO: [ app_end ] --START--
INFO: Run Behavior\ShowPageTraceBehavior [ RunTime:0.001562s ]
INFO: [ app_end ] --END-- [ RunTime:0.001684s ]

[ 2017-02-26T03:29:21+08:00 ] ::1 /wuyeguanli/index.php/Community/Banner/ajax_getList.html?pageSize=10&pageNumber=1&sortName=id&sortOrder=desc
INFO: [ app_init ] --START--
INFO: Run Behavior\BuildLiteBehavior [ RunTime:0.000043s ]
INFO: [ app_init ] --END-- [ RunTime:0.000619s ]
INFO: [ app_begin ] --START--
INFO: Run Behavior\ReadHtmlCacheBehavior [ RunTime:0.000912s ]
INFO: [ app_begin ] --END-- [ RunTime:0.000969s ]
SQL: SHOW COLUMNS FROM `xly_manages_community` [ RunTime:0.0605s ]
SQL: SELECT m.id,m.status,mrc.name as rolename,m.username,mrc.permissions,mrc.communityid FROM `xly_manages_community`  as m inner join xly_manage_role_community as mrc on mrc.id = m.roleid   WHERE m.id = '1' LIMIT 1   [ RunTime:0.0620s ]
SQL: SHOW COLUMNS FROM `xly_navigations` [ RunTime:0.0657s ]
SQL: SELECT `id` FROM `xly_navigations` WHERE (  (`group` = 'Community' and controller = 'Banner' and method = 'ajax_getList' ) or interrelated_g_c_m like '%Community_Banner_ajax_getList%'  and type = 1 )  [ RunTime:0.0583s ]
NOTIC: [8] Undefined index: arrJoins E:\php\wuyeguanli\Application\Common\Common\SystemController.class.php 第 1196 行.
NOTIC: [2] Invalid argument supplied for foreach() E:\php\wuyeguanli\Application\Common\Common\BaseController.class.php 第 603 行.
SQL: SHOW COLUMNS FROM `xly_banner` [ RunTime:0.1075s ]
SQL: SELECT COUNT(*) AS tp_count FROM `xly_banner` WHERE `location` = 2 LIMIT 1   [ RunTime:0.0585s ]
SQL: SELECT `id`,`title`,`image`,`url`,`sort`,if(isshow = 1,'显示','不显示') as isshow FROM `xly_banner` WHERE `location` = 2 ORDER BY id desc LIMIT 0,10   [ RunTime:0.0586s ]

[ 2017-02-26T03:29:23+08:00 ] ::1 /wuyeguanli/index.php/Community/Public/index/n/214.html
INFO: [ app_init ] --START--
INFO: Run Behavior\BuildLiteBehavior [ RunTime:0.000018s ]
INFO: [ app_init ] --END-- [ RunTime:0.000426s ]
INFO: [ app_begin ] --START--
INFO: Run Behavior\ReadHtmlCacheBehavior [ RunTime:0.000896s ]
INFO: [ app_begin ] --END-- [ RunTime:0.000994s ]
ERR: 无法加载控制器:Public

[ 2017-02-26T03:29:24+08:00 ] ::1 /wuyeguanli/index.php/Community/Info/index/n/215.html
INFO: [ app_init ] --START--
INFO: Run Behavior\BuildLiteBehavior [ RunTime:0.000034s ]
INFO: [ app_init ] --END-- [ RunTime:0.000668s ]
INFO: [ app_begin ] --START--
INFO: Run Behavior\ReadHtmlCacheBehavior [ RunTime:0.000491s ]
INFO: [ app_begin ] --END-- [ RunTime:0.000536s ]
SQL: SHOW COLUMNS FROM `xly_manages_community` [ RunTime:0.0522s ]
SQL: SELECT m.id,m.status,mrc.name as rolename,m.username,mrc.permissions,mrc.communityid FROM `xly_manages_community`  as m inner join xly_manage_role_community as mrc on mrc.id = m.roleid   WHERE m.id = '1' LIMIT 1   [ RunTime:0.0501s ]
SQL: SHOW COLUMNS FROM `xly_navigations` [ RunTime:0.0537s ]
SQL: SELECT `id` FROM `xly_navigations` WHERE (  (`group` = 'Community' and controller = 'Info' and method = 'index' ) or interrelated_g_c_m like '%Community_Info_index%'  and type = 1 )  [ RunTime:0.0521s ]
INFO: [ view_parse ] --START--
INFO: [ template_filter ] --START--
INFO: Run Behavior\ContentReplaceBehavior [ RunTime:0.000198s ]
INFO: [ template_filter ] --END-- [ RunTime:0.000328s ]
INFO: Run Behavior\ParseTemplateBehavior [ RunTime:0.019213s ]
INFO: [ view_parse ] --END-- [ RunTime:0.019342s ]
INFO: [ view_filter ] --START--
INFO: Run Behavior\WriteHtmlCacheBehavior [ RunTime:0.000612s ]
INFO: [ view_filter ] --END-- [ RunTime:0.000710s ]
INFO: [ app_end ] --START--
INFO: Run Behavior\ShowPageTraceBehavior [ RunTime:0.001383s ]
INFO: [ app_end ] --END-- [ RunTime:0.001530s ]

[ 2017-02-26T03:29:25+08:00 ] ::1 /wuyeguanli/index.php/Community/Info/ajax_getList.html?pageSize=10&pageNumber=1&sortName=id&sortOrder=asc
INFO: [ app_init ] --START--
INFO: Run Behavior\BuildLiteBehavior [ RunTime:0.000011s ]
INFO: [ app_init ] --END-- [ RunTime:0.000258s ]
INFO: [ app_begin ] --START--
INFO: Run Behavior\ReadHtmlCacheBehavior [ RunTime:0.000400s ]
INFO: [ app_begin ] --END-- [ RunTime:0.000432s ]
SQL: SHOW COLUMNS FROM `xly_manages_community` [ RunTime:0.0574s ]
SQL: SELECT m.id,m.status,mrc.name as rolename,m.username,mrc.permissions,mrc.communityid FROM `xly_manages_community`  as m inner join xly_manage_role_community as mrc on mrc.id = m.roleid   WHERE m.id = '1' LIMIT 1   [ RunTime:0.0551s ]
SQL: SHOW COLUMNS FROM `xly_navigations` [ RunTime:0.0575s ]
SQL: SELECT `id` FROM `xly_navigations` WHERE (  (`group` = 'Community' and controller = 'Info' and method = 'ajax_getList' ) or interrelated_g_c_m like '%Community_Info_ajax_getList%'  and type = 1 )  [ RunTime:0.0550s ]
SQL: SHOW COLUMNS FROM `xly_info` [ RunTime:0.1060s ]
SQL: SELECT COUNT(*) AS tp_count FROM `xly_info`   as Iofo left join xly_info_type as it on it.id = Iofo.typeid    LIMIT 1   [ RunTime:0.0753s ]
SQL: SELECT Iofo.id,Iofo.title,Iofo.content,Iofo.images,Iofo.addtime,Iofo.browse,Iofo.praise,it.name FROM `xly_info`   as Iofo left join xly_info_type as it on it.id = Iofo.typeid    ORDER BY id asc LIMIT 0,10   [ RunTime:0.0702s ]

[ 2017-02-26T03:29:25+08:00 ] ::1 /wuyeguanli/index.php/Community/Info/index/n/[%22/Public/UploadFile/image/Users/2017-01-06/xw.png%22,%22/Public/UploadFile/image/Users/2017-01-06/xw.png%22,%22/Public/UploadFile/image/Users/2017-01-06/124.jpg%22]
INFO: [ app_init ] --START--
INFO: Run Behavior\BuildLiteBehavior [ RunTime:0.000015s ]
INFO: [ app_init ] --END-- [ RunTime:0.000387s ]
INFO: [ app_begin ] --START--
INFO: Run Behavior\ReadHtmlCacheBehavior [ RunTime:0.000589s ]
INFO: [ app_begin ] --END-- [ RunTime:0.000643s ]
SQL: SHOW COLUMNS FROM `xly_manages_community` [ RunTime:0.0917s ]
SQL: SELECT m.id,m.status,mrc.name as rolename,m.username,mrc.permissions,mrc.communityid FROM `xly_manages_community`  as m inner join xly_manage_role_community as mrc on mrc.id = m.roleid   WHERE m.id = '1' LIMIT 1   [ RunTime:0.0570s ]
SQL: SHOW COLUMNS FROM `xly_navigations` [ RunTime:0.0597s ]
SQL: SELECT `id` FROM `xly_navigations` WHERE (  (`group` = 'Community' and controller = 'Info' and method = 'index' ) or interrelated_g_c_m like '%Community_Info_index%'  and type = 1 )  [ RunTime:0.0568s ]
INFO: [ view_parse ] --START--
INFO: [ template_filter ] --START--
INFO: Run Behavior\ContentReplaceBehavior [ RunTime:0.000148s ]
INFO: [ template_filter ] --END-- [ RunTime:0.000248s ]
INFO: Run Behavior\ParseTemplateBehavior [ RunTime:0.014452s ]
INFO: [ view_parse ] --END-- [ RunTime:0.014547s ]
INFO: [ view_filter ] --START--
INFO: Run Behavior\WriteHtmlCacheBehavior [ RunTime:0.000448s ]
INFO: [ view_filter ] --END-- [ RunTime:0.000519s ]
INFO: [ app_end ] --START--
INFO: Run Behavior\ShowPageTraceBehavior [ RunTime:0.001058s ]
INFO: [ app_end ] --END-- [ RunTime:0.001143s ]

[ 2017-02-26T03:29:26+08:00 ] ::1 /wuyeguanli/index.php/Community/Info/index/n/[%22/Public/UploadFile/image/Users/2017-01-06/xw.png%22,%22/Public/UploadFile/image/Users/2017-01-06/xw.png%22,%22/Public/UploadFile/image/Users/2017-01-06/123.jpg%22]
INFO: [ app_init ] --START--
INFO: Run Behavior\BuildLiteBehavior [ RunTime:0.000016s ]
INFO: [ app_init ] --END-- [ RunTime:0.000442s ]
INFO: [ app_begin ] --START--
INFO: Run Behavior\ReadHtmlCacheBehavior [ RunTime:0.000715s ]
INFO: [ app_begin ] --END-- [ RunTime:0.000771s ]
SQL: SHOW COLUMNS FROM `xly_manages_community` [ RunTime:0.0634s ]
SQL: SELECT m.id,m.status,mrc.name as rolename,m.username,mrc.permissions,mrc.communityid FROM `xly_manages_community`  as m inner join xly_manage_role_community as mrc on mrc.id = m.roleid   WHERE m.id = '1' LIMIT 1   [ RunTime:0.0613s ]
SQL: SHOW COLUMNS FROM `xly_navigations` [ RunTime:0.0635s ]
SQL: SELECT `id` FROM `xly_navigations` WHERE (  (`group` = 'Community' and controller = 'Info' and method = 'index' ) or interrelated_g_c_m like '%Community_Info_index%'  and type = 1 )  [ RunTime:0.0613s ]
INFO: [ view_parse ] --START--
INFO: [ template_filter ] --START--
INFO: Run Behavior\ContentReplaceBehavior [ RunTime:0.000110s ]
INFO: [ template_filter ] --END-- [ RunTime:0.000176s ]
INFO: Run Behavior\ParseTemplateBehavior [ RunTime:0.019572s ]
INFO: [ view_parse ] --END-- [ RunTime:0.019674s ]
INFO: [ view_filter ] --START--
INFO: Run Behavior\WriteHtmlCacheBehavior [ RunTime:0.000427s ]
INFO: [ view_filter ] --END-- [ RunTime:0.000479s ]
INFO: [ app_end ] --START--
INFO: Run Behavior\ShowPageTraceBehavior [ RunTime:0.000819s ]
INFO: [ app_end ] --END-- [ RunTime:0.000879s ]

[ 2017-02-26T22:59:45+08:00 ] ::1 /wuyeguanli/index.php/Community/Index/login.html
INFO: [ app_init ] --START--
INFO: Run Behavior\BuildLiteBehavior [ RunTime:0.000012s ]
INFO: [ app_init ] --END-- [ RunTime:0.000266s ]
INFO: [ app_begin ] --START--
INFO: Run Behavior\ReadHtmlCacheBehavior [ RunTime:0.000380s ]
INFO: [ app_begin ] --END-- [ RunTime:0.000419s ]
SQL: SHOW COLUMNS FROM `xly_manages_community` [ RunTime:0.1021s ]
SQL: SELECT m.id,m.status,mrc.name as rolename,m.username,mrc.permissions,mrc.communityid FROM `xly_manages_community`  as m inner join xly_manage_role_community as mrc on mrc.id = m.roleid   WHERE m.id = '1' LIMIT 1   [ RunTime:0.1923s ]
SQL: SHOW COLUMNS FROM `xly_navigations` [ RunTime:0.0687s ]
SQL: SELECT `id` FROM `xly_navigations` WHERE (  (`group` = 'Community' and controller = 'Index' and method = 'login' ) or interrelated_g_c_m like '%Community_Index_login%'  and type = 1 )  [ RunTime:0.0666s ]
INFO: [ view_parse ] --START--
INFO: [ template_filter ] --START--
INFO: Run Behavior\ContentReplaceBehavior [ RunTime:0.000113s ]
INFO: [ template_filter ] --END-- [ RunTime:0.000239s ]
INFO: Run Behavior\ParseTemplateBehavior [ RunTime:0.035801s ]
INFO: [ view_parse ] --END-- [ RunTime:0.035968s ]
INFO: [ view_filter ] --START--
INFO: Run Behavior\WriteHtmlCacheBehavior [ RunTime:0.000273s ]
INFO: [ view_filter ] --END-- [ RunTime:0.000319s ]
INFO: [ app_end ] --START--
INFO: Run Behavior\ShowPageTraceBehavior [ RunTime:0.000441s ]
INFO: [ app_end ] --END-- [ RunTime:0.000475s ]

[ 2017-02-26T22:59:49+08:00 ] ::1 /wuyeguanli/index.php/Community/Index/index.html
INFO: [ app_init ] --START--
INFO: Run Behavior\BuildLiteBehavior [ RunTime:0.000013s ]
INFO: [ app_init ] --END-- [ RunTime:0.000335s ]
INFO: [ app_begin ] --START--
INFO: Run Behavior\ReadHtmlCacheBehavior [ RunTime:0.000535s ]
INFO: [ app_begin ] --END-- [ RunTime:0.000589s ]
NOTIC: [8] Undefined index: code E:\php\wuyeguanli\Application\Community\Controller\IndexController.class.php 第 39 行.
SQL: SHOW COLUMNS FROM `xly_manages_community` [ RunTime:0.0666s ]
SQL: SELECT mc.id,mc.username,mc.password,mc.status,mrc.communityid FROM `xly_manages_community`  as mc inner join xly_manage_role_community as mrc on mrc.id = mc.roleid   WHERE `username` = 'admin123' LIMIT 1   [ RunTime:0.0643s ]
SQL: UPDATE `xly_manages_community` SET `logintime`='1488121189',`loginip`='0.0.0.0',`logincount`=logincount + 1 WHERE `id` = 1 [ RunTime:0.0639s ]

[ 2017-02-26T22:59:50+08:00 ] ::1 /wuyeguanli/index.php/Community/Index/main.html
INFO: [ app_init ] --START--
INFO: Run Behavior\BuildLiteBehavior [ RunTime:0.000015s ]
INFO: [ app_init ] --END-- [ RunTime:0.000346s ]
INFO: [ app_begin ] --START--
INFO: Run Behavior\ReadHtmlCacheBehavior [ RunTime:0.000452s ]
INFO: [ app_begin ] --END-- [ RunTime:0.000491s ]
SQL: SHOW COLUMNS FROM `xly_manages_community` [ RunTime:0.0676s ]
SQL: SELECT m.id,m.status,mrc.name as rolename,m.username,mrc.permissions,mrc.communityid FROM `xly_manages_community`  as m inner join xly_manage_role_community as mrc on mrc.id = m.roleid   WHERE m.id = '1' LIMIT 1   [ RunTime:0.0659s ]
SQL: SHOW COLUMNS FROM `xly_navigations` [ RunTime:0.0682s ]
SQL: SELECT * FROM `xly_navigations` WHERE `status` = 1 AND `type` = 2 ORDER BY sort asc,id asc  [ RunTime:0.0676s ]
INFO: [ view_parse ] --START--
INFO: [ template_filter ] --START--
INFO: Run Behavior\ContentReplaceBehavior [ RunTime:0.000298s ]
INFO: [ template_filter ] --END-- [ RunTime:0.000381s ]
NOTIC: [8] Undefined index: childs E:\php\wuyeguanli\Application\Runtime\Cache\Community\f86a32021ca30597739b518f2be69aaa.php 第 72 行.
INFO: Run Behavior\ParseTemplateBehavior [ RunTime:0.059581s ]
INFO: [ view_parse ] --END-- [ RunTime:0.059707s ]
INFO: [ view_filter ] --START--
INFO: Run Behavior\WriteHtmlCacheBehavior [ RunTime:0.000418s ]
INFO: [ view_filter ] --END-- [ RunTime:0.000473s ]
INFO: [ app_end ] --START--
INFO: Run Behavior\ShowPageTraceBehavior [ RunTime:0.001421s ]
INFO: [ app_end ] --END-- [ RunTime:0.001504s ]

[ 2017-02-26T23:00:04+08:00 ] ::1 /wuyeguanli/index.php/Community/Repair/index/n/208.html
INFO: [ app_init ] --START--
INFO: Run Behavior\BuildLiteBehavior [ RunTime:0.000013s ]
INFO: [ app_init ] --END-- [ RunTime:0.000313s ]
INFO: [ app_begin ] --START--
INFO: Run Behavior\ReadHtmlCacheBehavior [ RunTime:0.001190s ]
INFO: [ app_begin ] --END-- [ RunTime:0.001328s ]
ERR: 无法加载控制器:Repair

[ 2017-02-26T23:00:05+08:00 ] ::1 /wuyeguanli/index.php/Community/Communityrepair/index/n/209.html
INFO: [ app_init ] --START--
INFO: Run Behavior\BuildLiteBehavior [ RunTime:0.000015s ]
INFO: [ app_init ] --END-- [ RunTime:0.000387s ]
INFO: [ app_begin ] --START--
INFO: Run Behavior\ReadHtmlCacheBehavior [ RunTime:0.000444s ]
INFO: [ app_begin ] --END-- [ RunTime:0.000501s ]
ERR: 无法加载控制器:Communityrepair

[ 2017-02-26T23:00:09+08:00 ] ::1 /wuyeguanli/index.php/Community/Payfees/index/n/207.html
INFO: [ app_init ] --START--
INFO: Run Behavior\BuildLiteBehavior [ RunTime:0.000016s ]
INFO: [ app_init ] --END-- [ RunTime:0.000348s ]
INFO: [ app_begin ] --START--
INFO: Run Behavior\ReadHtmlCacheBehavior [ RunTime:0.000516s ]
INFO: [ app_begin ] --END-- [ RunTime:0.000566s ]
SQL: SHOW COLUMNS FROM `xly_manages_community` [ RunTime:0.0665s ]
SQL: SELECT m.id,m.status,mrc.name as rolename,m.username,mrc.permissions,mrc.communityid FROM `xly_manages_community`  as m inner join xly_manage_role_community as mrc on mrc.id = m.roleid   WHERE m.id = '1' LIMIT 1   [ RunTime:0.0646s ]
SQL: SHOW COLUMNS FROM `xly_navigations` [ RunTime:0.0668s ]
SQL: SELECT `id` FROM `xly_navigations` WHERE (  (`group` = 'Community' and controller = 'Payfees' and method = 'index' ) or interrelated_g_c_m like '%Community_Payfees_index%'  and type = 1 )  [ RunTime:0.0646s ]
SQL: SHOW COLUMNS FROM `xly_needsend` [ RunTime:0.0950s ]
SQL: SELECT * FROM `xly_needsend` WHERE `type` = 4 AND `confirm` = 0 AND `communityid` = 1  [ RunTime:0.0645s ]
NOTIC: [8] Undefined offset: 0 E:\php\wuyeguanli\Application\Common\Common\SystemController.class.php 第 601 行.
NOTIC: [8] Undefined variable: res E:\php\wuyeguanli\Application\Common\Common\SystemController.class.php 第 677 行.
SQL: SELECT * FROM `xly_needsend` WHERE `type` = 5 AND `confirm` = 0 AND `communityid` = 1  [ RunTime:0.0645s ]
NOTIC: [8] Undefined offset: 0 E:\php\wuyeguanli\Application\Common\Common\SystemController.class.php 第 601 行.
NOTIC: [8] Undefined variable: res E:\php\wuyeguanli\Application\Common\Common\SystemController.class.php 第 677 行.
NOTIC: [8] Undefined index: name E:\php\wuyeguanli\Application\Community\Controller\PayfeesController.class.php 第 65 行.
INFO: [ view_parse ] --START--
INFO: [ template_filter ] --START--
INFO: Run Behavior\ContentReplaceBehavior [ RunTime:0.000232s ]
INFO: [ template_filter ] --END-- [ RunTime:0.000381s ]
INFO: Run Behavior\ParseTemplateBehavior [ RunTime:0.046755s ]
INFO: [ view_parse ] --END-- [ RunTime:0.046904s ]
INFO: [ view_filter ] --START--
INFO: Run Behavior\WriteHtmlCacheBehavior [ RunTime:0.001007s ]
INFO: [ view_filter ] --END-- [ RunTime:0.001121s ]
INFO: [ app_end ] --START--
INFO: Run Behavior\ShowPageTraceBehavior [ RunTime:0.002154s ]
INFO: [ app_end ] --END-- [ RunTime:0.002312s ]

[ 2017-02-26T23:00:10+08:00 ] ::1 /wuyeguanli/index.php/Community/Payfees/ajax_getList.html?pageSize=10&pageNumber=1&sortName=id&sortOrder=asc
INFO: [ app_init ] --START--
INFO: Run Behavior\BuildLiteBehavior [ RunTime:0.000015s ]
INFO: [ app_init ] --END-- [ RunTime:0.000369s ]
INFO: [ app_begin ] --START--
INFO: Run Behavior\ReadHtmlCacheBehavior [ RunTime:0.000508s ]
INFO: [ app_begin ] --END-- [ RunTime:0.000579s ]
SQL: SHOW COLUMNS FROM `xly_manages_community` [ RunTime:0.0677s ]
SQL: SELECT m.id,m.status,mrc.name as rolename,m.username,mrc.permissions,mrc.communityid FROM `xly_manages_community`  as m inner join xly_manage_role_community as mrc on mrc.id = m.roleid   WHERE m.id = '1' LIMIT 1   [ RunTime:0.0652s ]
SQL: SHOW COLUMNS FROM `xly_navigations` [ RunTime:0.0676s ]
SQL: SELECT `id` FROM `xly_navigations` WHERE (  (`group` = 'Community' and controller = 'Payfees' and method = 'ajax_getList' ) or interrelated_g_c_m like '%Community_Payfees_ajax_getList%'  and type = 1 )  [ RunTime:0.0649s ]
NOTIC: [8] Undefined index: type E:\php\wuyeguanli\Application\Community\Controller\PayfeesController.class.php 第 91 行.
SQL: SHOW COLUMNS FROM `xly_payfees` [ RunTime:0.1106s ]
SQL: SELECT COUNT(*) AS tp_count FROM `xly_payfees`  as pf left join xly_users as us on us.id = pf.userid   LIMIT 1   [ RunTime:0.0981s ]
SQL: SELECT pf.paytime,pf.userid,pf.type,if(pf.type = 1,'水费',if(pf.type = 2,'电费',if(pf.type = 3,'气费',if(pf.type = 4,'物业',if(pf.type = 5,'车位','其他费用'))))) as types,pf.id,us.real_name,pf.money,pf.addtime,if(pf.paytime,'已经缴费','未交费') as addtimes FROM `xly_payfees`  as pf left join xly_users as us on us.id = pf.userid   ORDER BY id asc LIMIT 0,10   [ RunTime:0.1007s ]

[ 2017-02-26T23:00:19+08:00 ] ::1 /wuyeguanli/index.php/Community/Public/index/n/214.html
INFO: [ app_init ] --START--
INFO: Run Behavior\BuildLiteBehavior [ RunTime:0.000015s ]
INFO: [ app_init ] --END-- [ RunTime:0.000348s ]
INFO: [ app_begin ] --START--
INFO: Run Behavior\ReadHtmlCacheBehavior [ RunTime:0.000493s ]
INFO: [ app_begin ] --END-- [ RunTime:0.000541s ]
ERR: 无法加载控制器:Public

[ 2017-02-26T23:00:21+08:00 ] ::1 /wuyeguanli/index.php/Community/Banner/index/n/213.html
INFO: [ app_init ] --START--
INFO: Run Behavior\BuildLiteBehavior [ RunTime:0.000016s ]
INFO: [ app_init ] --END-- [ RunTime:0.000282s ]
INFO: [ app_begin ] --START--
INFO: Run Behavior\ReadHtmlCacheBehavior [ RunTime:0.000911s ]
INFO: [ app_begin ] --END-- [ RunTime:0.001008s ]
SQL: SHOW COLUMNS FROM `xly_manages_community` [ RunTime:0.0686s ]
SQL: SELECT m.id,m.status,mrc.name as rolename,m.username,mrc.permissions,mrc.communityid FROM `xly_manages_community`  as m inner join xly_manage_role_community as mrc on mrc.id = m.roleid   WHERE m.id = '1' LIMIT 1   [ RunTime:0.0664s ]
SQL: SHOW COLUMNS FROM `xly_navigations` [ RunTime:0.0687s ]
SQL: SELECT `id` FROM `xly_navigations` WHERE (  (`group` = 'Community' and controller = 'Banner' and method = 'index' ) or interrelated_g_c_m like '%Community_Banner_index%'  and type = 1 )  [ RunTime:0.0665s ]
INFO: [ view_parse ] --START--
INFO: [ template_filter ] --START--
INFO: Run Behavior\ContentReplaceBehavior [ RunTime:0.000129s ]
INFO: [ template_filter ] --END-- [ RunTime:0.000216s ]
INFO: Run Behavior\ParseTemplateBehavior [ RunTime:0.029839s ]
INFO: [ view_parse ] --END-- [ RunTime:0.029936s ]
INFO: [ view_filter ] --START--
INFO: Run Behavior\WriteHtmlCacheBehavior [ RunTime:0.000420s ]
INFO: [ view_filter ] --END-- [ RunTime:0.000489s ]
INFO: [ app_end ] --START--
INFO: Run Behavior\ShowPageTraceBehavior [ RunTime:0.000934s ]
INFO: [ app_end ] --END-- [ RunTime:0.001022s ]

[ 2017-02-26T23:00:22+08:00 ] ::1 /wuyeguanli/index.php/Community/Banner/ajax_getList.html?pageSize=10&pageNumber=1&sortName=id&sortOrder=desc
INFO: [ app_init ] --START--
INFO: Run Behavior\BuildLiteBehavior [ RunTime:0.000021s ]
INFO: [ app_init ] --END-- [ RunTime:0.000436s ]
INFO: [ app_begin ] --START--
INFO: Run Behavior\ReadHtmlCacheBehavior [ RunTime:0.000602s ]
INFO: [ app_begin ] --END-- [ RunTime:0.000680s ]
SQL: SHOW COLUMNS FROM `xly_manages_community` [ RunTime:0.0655s ]
SQL: SELECT m.id,m.status,mrc.name as rolename,m.username,mrc.permissions,mrc.communityid FROM `xly_manages_community`  as m inner join xly_manage_role_community as mrc on mrc.id = m.roleid   WHERE m.id = '1' LIMIT 1   [ RunTime:0.0633s ]
SQL: SHOW COLUMNS FROM `xly_navigations` [ RunTime:0.0656s ]
SQL: SELECT `id` FROM `xly_navigations` WHERE (  (`group` = 'Community' and controller = 'Banner' and method = 'ajax_getList' ) or interrelated_g_c_m like '%Community_Banner_ajax_getList%'  and type = 1 )  [ RunTime:0.0633s ]
NOTIC: [8] Undefined index: arrJoins E:\php\wuyeguanli\Application\Common\Common\SystemController.class.php 第 1196 行.
NOTIC: [2] Invalid argument supplied for foreach() E:\php\wuyeguanli\Application\Common\Common\BaseController.class.php 第 603 行.
SQL: SHOW COLUMNS FROM `xly_banner` [ RunTime:0.1638s ]
SQL: SELECT COUNT(*) AS tp_count FROM `xly_banner` WHERE `location` = 2 LIMIT 1   [ RunTime:0.0630s ]
SQL: SELECT `id`,`title`,`image`,`url`,`sort`,if(isshow = 1,'显示','不显示') as isshow FROM `xly_banner` WHERE `location` = 2 ORDER BY id desc LIMIT 0,10   [ RunTime:0.0637s ]

[ 2017-02-26T23:00:24+08:00 ] ::1 /wuyeguanli/index.php/Community/Info/index/n/215.html
INFO: [ app_init ] --START--
INFO: Run Behavior\BuildLiteBehavior [ RunTime:0.000015s ]
INFO: [ app_init ] --END-- [ RunTime:0.000381s ]
INFO: [ app_begin ] --START--
INFO: Run Behavior\ReadHtmlCacheBehavior [ RunTime:0.000598s ]
INFO: [ app_begin ] --END-- [ RunTime:0.000647s ]
SQL: SHOW COLUMNS FROM `xly_manages_community` [ RunTime:0.0619s ]
SQL: SELECT m.id,m.status,mrc.name as rolename,m.username,mrc.permissions,mrc.communityid FROM `xly_manages_community`  as m inner join xly_manage_role_community as mrc on mrc.id = m.roleid   WHERE m.id = '1' LIMIT 1   [ RunTime:0.0599s ]
SQL: SHOW COLUMNS FROM `xly_navigations` [ RunTime:0.0630s ]
SQL: SELECT `id` FROM `xly_navigations` WHERE (  (`group` = 'Community' and controller = 'Info' and method = 'index' ) or interrelated_g_c_m like '%Community_Info_index%'  and type = 1 )  [ RunTime:0.0597s ]
INFO: [ view_parse ] --START--
INFO: [ template_filter ] --START--
INFO: Run Behavior\ContentReplaceBehavior [ RunTime:0.000240s ]
INFO: [ template_filter ] --END-- [ RunTime:0.000414s ]
INFO: Run Behavior\ParseTemplateBehavior [ RunTime:0.045465s ]
INFO: [ view_parse ] --END-- [ RunTime:0.045624s ]
INFO: [ view_filter ] --START--
INFO: Run Behavior\WriteHtmlCacheBehavior [ RunTime:0.000978s ]
INFO: [ view_filter ] --END-- [ RunTime:0.001097s ]
INFO: [ app_end ] --START--
INFO: Run Behavior\ShowPageTraceBehavior [ RunTime:0.001881s ]
INFO: [ app_end ] --END-- [ RunTime:0.002021s ]

[ 2017-02-26T23:00:26+08:00 ] ::1 /wuyeguanli/index.php/Community/Info/ajax_getList.html?pageSize=10&pageNumber=1&sortName=id&sortOrder=asc
INFO: [ app_init ] --START--
INFO: Run Behavior\BuildLiteBehavior [ RunTime:0.000044s ]
INFO: [ app_init ] --END-- [ RunTime:0.000599s ]
INFO: [ app_begin ] --START--
INFO: Run Behavior\ReadHtmlCacheBehavior [ RunTime:0.000400s ]
INFO: [ app_begin ] --END-- [ RunTime:0.000439s ]
SQL: SHOW COLUMNS FROM `xly_manages_community` [ RunTime:0.0713s ]
SQL: SELECT m.id,m.status,mrc.name as rolename,m.username,mrc.permissions,mrc.communityid FROM `xly_manages_community`  as m inner join xly_manage_role_community as mrc on mrc.id = m.roleid   WHERE m.id = '1' LIMIT 1   [ RunTime:0.0693s ]
SQL: SHOW COLUMNS FROM `xly_navigations` [ RunTime:0.0716s ]
SQL: SELECT `id` FROM `xly_navigations` WHERE (  (`group` = 'Community' and controller = 'Info' and method = 'ajax_getList' ) or interrelated_g_c_m like '%Community_Info_ajax_getList%'  and type = 1 )  [ RunTime:0.0692s ]
SQL: SHOW COLUMNS FROM `xly_info` [ RunTime:0.1296s ]
SQL: SELECT COUNT(*) AS tp_count FROM `xly_info`   as Iofo left join xly_info_type as it on it.id = Iofo.typeid    LIMIT 1   [ RunTime:0.0809s ]
SQL: SELECT Iofo.id,Iofo.title,Iofo.content,Iofo.images,Iofo.addtime,Iofo.browse,Iofo.praise,it.name FROM `xly_info`   as Iofo left join xly_info_type as it on it.id = Iofo.typeid    ORDER BY id asc LIMIT 0,10   [ RunTime:0.0947s ]

[ 2017-02-26T23:00:26+08:00 ] ::1 /wuyeguanli/index.php/Community/Info/index/n/[%22/Public/UploadFile/image/Users/2017-01-06/xw.png%22,%22/Public/UploadFile/image/Users/2017-01-06/xw.png%22,%22/Public/UploadFile/image/Users/2017-01-06/123.jpg%22]
INFO: [ app_init ] --START--
INFO: Run Behavior\BuildLiteBehavior [ RunTime:0.000033s ]
INFO: [ app_init ] --END-- [ RunTime:0.000452s ]
INFO: [ app_begin ] --START--
INFO: Run Behavior\ReadHtmlCacheBehavior [ RunTime:0.000556s ]
INFO: [ app_begin ] --END-- [ RunTime:0.000616s ]
SQL: SHOW COLUMNS FROM `xly_manages_community` [ RunTime:0.0671s ]
SQL: SELECT m.id,m.status,mrc.name as rolename,m.username,mrc.permissions,mrc.communityid FROM `xly_manages_community`  as m inner join xly_manage_role_community as mrc on mrc.id = m.roleid   WHERE m.id = '1' LIMIT 1   [ RunTime:0.0652s ]
SQL: SHOW COLUMNS FROM `xly_navigations` [ RunTime:0.0673s ]
SQL: SELECT `id` FROM `xly_navigations` WHERE (  (`group` = 'Community' and controller = 'Info' and method = 'index' ) or interrelated_g_c_m like '%Community_Info_index%'  and type = 1 )  [ RunTime:0.0650s ]
INFO: [ view_parse ] --START--
INFO: [ template_filter ] --START--
INFO: Run Behavior\ContentReplaceBehavior [ RunTime:0.000106s ]
INFO: [ template_filter ] --END-- [ RunTime:0.000169s ]
INFO: Run Behavior\ParseTemplateBehavior [ RunTime:0.012854s ]
INFO: [ view_parse ] --END-- [ RunTime:0.012939s ]
INFO: [ view_filter ] --START--
INFO: Run Behavior\WriteHtmlCacheBehavior [ RunTime:0.000287s ]
INFO: [ view_filter ] --END-- [ RunTime:0.000333s ]
INFO: [ app_end ] --START--
INFO: Run Behavior\ShowPageTraceBehavior [ RunTime:0.000658s ]
INFO: [ app_end ] --END-- [ RunTime:0.000718s ]

[ 2017-02-26T23:00:27+08:00 ] ::1 /wuyeguanli/index.php/Community/Info/index/n/[%22/Public/UploadFile/image/Users/2017-01-06/xw.png%22,%22/Public/UploadFile/image/Users/2017-01-06/xw.png%22,%22/Public/UploadFile/image/Users/2017-01-06/124.jpg%22]
INFO: [ app_init ] --START--
INFO: Run Behavior\BuildLiteBehavior [ RunTime:0.000021s ]
INFO: [ app_init ] --END-- [ RunTime:0.000380s ]
INFO: [ app_begin ] --START--
INFO: Run Behavior\ReadHtmlCacheBehavior [ RunTime:0.000407s ]
INFO: [ app_begin ] --END-- [ RunTime:0.000468s ]
SQL: SHOW COLUMNS FROM `xly_manages_community` [ RunTime:0.0655s ]
SQL: SELECT m.id,m.status,mrc.name as rolename,m.username,mrc.permissions,mrc.communityid FROM `xly_manages_community`  as m inner join xly_manage_role_community as mrc on mrc.id = m.roleid   WHERE m.id = '1' LIMIT 1   [ RunTime:0.0635s ]
SQL: SHOW COLUMNS FROM `xly_navigations` [ RunTime:0.0657s ]
SQL: SELECT `id` FROM `xly_navigations` WHERE (  (`group` = 'Community' and controller = 'Info' and method = 'index' ) or interrelated_g_c_m like '%Community_Info_index%'  and type = 1 )  [ RunTime:0.0662s ]
INFO: [ view_parse ] --START--
INFO: [ template_filter ] --START--
INFO: Run Behavior\ContentReplaceBehavior [ RunTime:0.000148s ]
INFO: [ template_filter ] --END-- [ RunTime:0.000241s ]
INFO: Run Behavior\ParseTemplateBehavior [ RunTime:0.020467s ]
INFO: [ view_parse ] --END-- [ RunTime:0.020581s ]
INFO: [ view_filter ] --START--
INFO: Run Behavior\WriteHtmlCacheBehavior [ RunTime:0.000441s ]
INFO: [ view_filter ] --END-- [ RunTime:0.000512s ]
INFO: [ app_end ] --START--
INFO: Run Behavior\ShowPageTraceBehavior [ RunTime:0.001034s ]
INFO: [ app_end ] --END-- [ RunTime:0.001118s ]

[ 2017-02-26T23:00:28+08:00 ] ::1 /wuyeguanli/index.php/Community/Loginlog/index/n/212.html
INFO: [ app_init ] --START--
INFO: Run Behavior\BuildLiteBehavior [ RunTime:0.000014s ]
INFO: [ app_init ] --END-- [ RunTime:0.000343s ]
INFO: [ app_begin ] --START--
INFO: Run Behavior\ReadHtmlCacheBehavior [ RunTime:0.000494s ]
INFO: [ app_begin ] --END-- [ RunTime:0.000542s ]
SQL: SHOW COLUMNS FROM `xly_manages_community` [ RunTime:0.0671s ]
SQL: SELECT m.id,m.status,mrc.name as rolename,m.username,mrc.permissions,mrc.communityid FROM `xly_manages_community`  as m inner join xly_manage_role_community as mrc on mrc.id = m.roleid   WHERE m.id = '1' LIMIT 1   [ RunTime:0.0654s ]
SQL: SHOW COLUMNS FROM `xly_navigations` [ RunTime:0.0675s ]
SQL: SELECT `id` FROM `xly_navigations` WHERE (  (`group` = 'Community' and controller = 'Loginlog' and method = 'index' ) or interrelated_g_c_m like '%Community_Loginlog_index%'  and type = 1 )  [ RunTime:0.0654s ]
INFO: [ view_parse ] --START--
INFO: [ template_filter ] --START--
INFO: Run Behavior\ContentReplaceBehavior [ RunTime:0.000127s ]
INFO: [ template_filter ] --END-- [ RunTime:0.000224s ]
INFO: Run Behavior\ParseTemplateBehavior [ RunTime:0.021452s ]
INFO: [ view_parse ] --END-- [ RunTime:0.021565s ]
INFO: [ view_filter ] --START--
INFO: Run Behavior\WriteHtmlCacheBehavior [ RunTime:0.000431s ]
INFO: [ view_filter ] --END-- [ RunTime:0.000502s ]
INFO: [ app_end ] --START--
INFO: Run Behavior\ShowPageTraceBehavior [ RunTime:0.000991s ]
INFO: [ app_end ] --END-- [ RunTime:0.001075s ]

[ 2017-02-26T23:00:29+08:00 ] ::1 /wuyeguanli/index.php/Community/Loginlog/ajax_getList.html?pageSize=10&pageNumber=1&sortName=id&sortOrder=asc
INFO: [ app_init ] --START--
INFO: Run Behavior\BuildLiteBehavior [ RunTime:0.000012s ]
INFO: [ app_init ] --END-- [ RunTime:0.000265s ]
INFO: [ app_begin ] --START--
INFO: Run Behavior\ReadHtmlCacheBehavior [ RunTime:0.000556s ]
INFO: [ app_begin ] --END-- [ RunTime:0.000609s ]
SQL: SHOW COLUMNS FROM `xly_manages_community` [ RunTime:0.0642s ]
SQL: SELECT m.id,m.status,mrc.name as rolename,m.username,mrc.permissions,mrc.communityid FROM `xly_manages_community`  as m inner join xly_manage_role_community as mrc on mrc.id = m.roleid   WHERE m.id = '1' LIMIT 1   [ RunTime:0.0618s ]
SQL: SHOW COLUMNS FROM `xly_navigations` [ RunTime:0.0649s ]
SQL: SELECT `id` FROM `xly_navigations` WHERE (  (`group` = 'Community' and controller = 'Loginlog' and method = 'ajax_getList' ) or interrelated_g_c_m like '%Community_Loginlog_ajax_getList%'  and type = 1 )  [ RunTime:0.0618s ]
ERR: 1146:Table 'shequ.xly_loginlog' doesn't exist
 [ SQL语句 ] : SHOW COLUMNS FROM `xly_loginlog`
ERR: 1146:Table 'shequ.xly_loginlog' doesn't exist
 [ SQL语句 ] : SHOW COLUMNS FROM `xly_loginlog`

[ 2017-02-26T23:00:35+08:00 ] ::1 /wuyeguanli/index.php/Community/Information/index/n/211.html
INFO: [ app_init ] --START--
INFO: Run Behavior\BuildLiteBehavior [ RunTime:0.000018s ]
INFO: [ app_init ] --END-- [ RunTime:0.000372s ]
INFO: [ app_begin ] --START--
INFO: Run Behavior\ReadHtmlCacheBehavior [ RunTime:0.000497s ]
INFO: [ app_begin ] --END-- [ RunTime:0.000546s ]
ERR: 无法加载控制器:Information

[ 2017-02-26T23:05:27+08:00 ] ::1 /wuyeguanli/index.php/Community/Repair/index/n/208.html
INFO: [ app_init ] --START--
INFO: Run Behavior\BuildLiteBehavior [ RunTime:0.000014s ]
INFO: [ app_init ] --END-- [ RunTime:0.000388s ]
INFO: [ app_begin ] --START--
INFO: Run Behavior\ReadHtmlCacheBehavior [ RunTime:0.001636s ]
INFO: [ app_begin ] --END-- [ RunTime:0.001753s ]
ERR: 无法加载控制器:Repair

[ 2017-02-26T23:05:27+08:00 ] ::1 /wuyeguanli/index.php/Community/Communityrepair/index/n/209.html
INFO: [ app_init ] --START--
INFO: Run Behavior\BuildLiteBehavior [ RunTime:0.000036s ]
INFO: [ app_init ] --END-- [ RunTime:0.000522s ]
INFO: [ app_begin ] --START--
INFO: Run Behavior\ReadHtmlCacheBehavior [ RunTime:0.000786s ]
INFO: [ app_begin ] --END-- [ RunTime:0.000930s ]
ERR: 无法加载控制器:Communityrepair

[ 2017-02-26T23:05:29+08:00 ] ::1 /wuyeguanli/index.php/Community/Welfare/index/n/210.html
INFO: [ app_init ] --START--
INFO: Run Behavior\BuildLiteBehavior [ RunTime:0.000013s ]
INFO: [ app_init ] --END-- [ RunTime:0.000342s ]
INFO: [ app_begin ] --START--
INFO: Run Behavior\ReadHtmlCacheBehavior [ RunTime:0.000391s ]
INFO: [ app_begin ] --END-- [ RunTime:0.000432s ]
SQL: SHOW COLUMNS FROM `xly_manages_community` [ RunTime:0.0721s ]
SQL: SELECT m.id,m.status,mrc.name as rolename,m.username,mrc.permissions,mrc.communityid FROM `xly_manages_community`  as m inner join xly_manage_role_community as mrc on mrc.id = m.roleid   WHERE m.id = '1' LIMIT 1   [ RunTime:0.0700s ]
SQL: SHOW COLUMNS FROM `xly_navigations` [ RunTime:0.0717s ]
SQL: SELECT `id` FROM `xly_navigations` WHERE (  (`group` = 'Community' and controller = 'Welfare' and method = 'index' ) or interrelated_g_c_m like '%Community_Welfare_index%'  and type = 1 )  [ RunTime:0.0697s ]
INFO: [ view_parse ] --START--
INFO: [ template_filter ] --START--
INFO: Run Behavior\ContentReplaceBehavior [ RunTime:0.000235s ]
INFO: [ template_filter ] --END-- [ RunTime:0.000387s ]
INFO: Run Behavior\ParseTemplateBehavior [ RunTime:0.042268s ]
INFO: [ view_parse ] --END-- [ RunTime:0.042561s ]
INFO: [ view_filter ] --START--
INFO: Run Behavior\WriteHtmlCacheBehavior [ RunTime:0.001158s ]
INFO: [ view_filter ] --END-- [ RunTime:0.001279s ]
INFO: [ app_end ] --START--
INFO: Run Behavior\ShowPageTraceBehavior [ RunTime:0.001882s ]
INFO: [ app_end ] --END-- [ RunTime:0.002005s ]

[ 2017-02-26T23:05:30+08:00 ] ::1 /wuyeguanli/index.php/Community/Welfare/ajax_getList.html?pageSize=10&pageNumber=1&sortName=id&sortOrder=desc
INFO: [ app_init ] --START--
INFO: Run Behavior\BuildLiteBehavior [ RunTime:0.000011s ]
INFO: [ app_init ] --END-- [ RunTime:0.000261s ]
INFO: [ app_begin ] --START--
INFO: Run Behavior\ReadHtmlCacheBehavior [ RunTime:0.000375s ]
INFO: [ app_begin ] --END-- [ RunTime:0.000407s ]
SQL: SHOW COLUMNS FROM `xly_manages_community` [ RunTime:0.0633s ]
SQL: SELECT m.id,m.status,mrc.name as rolename,m.username,mrc.permissions,mrc.communityid FROM `xly_manages_community`  as m inner join xly_manage_role_community as mrc on mrc.id = m.roleid   WHERE m.id = '1' LIMIT 1   [ RunTime:0.0612s ]
SQL: SHOW COLUMNS FROM `xly_navigations` [ RunTime:0.0633s ]
SQL: SELECT `id` FROM `xly_navigations` WHERE (  (`group` = 'Community' and controller = 'Welfare' and method = 'ajax_getList' ) or interrelated_g_c_m like '%Community_Welfare_ajax_getList%'  and type = 1 )  [ RunTime:0.0625s ]
NOTIC: [8] Undefined index: arrJoins E:\php\wuyeguanli\Application\Common\Common\SystemController.class.php 第 1196 行.
NOTIC: [2] Invalid argument supplied for foreach() E:\php\wuyeguanli\Application\Common\Common\BaseController.class.php 第 603 行.
SQL: SHOW COLUMNS FROM `xly_welfare` [ RunTime:0.0997s ]
SQL: SELECT COUNT(*) AS tp_count FROM `xly_welfare` LIMIT 1   [ RunTime:0.0607s ]
SQL: SELECT `id`,`title`,`content`,`addtime`,`browse_count`,`praise_count`,if(isshow = 1,'显示','不显示') as isshow FROM `xly_welfare` ORDER BY id desc LIMIT 0,10   [ RunTime:0.0763s ]

[ 2017-02-26T23:05:32+08:00 ] ::1 /wuyeguanli/index.php/Community/Information/index/n/211.html
INFO: [ app_init ] --START--
INFO: Run Behavior\BuildLiteBehavior [ RunTime:0.000012s ]
INFO: [ app_init ] --END-- [ RunTime:0.000277s ]
INFO: [ app_begin ] --START--
INFO: Run Behavior\ReadHtmlCacheBehavior [ RunTime:0.000404s ]
INFO: [ app_begin ] --END-- [ RunTime:0.000442s ]
ERR: 无法加载控制器:Information

[ 2017-02-26T23:05:34+08:00 ] ::1 /wuyeguanli/index.php/Community/Public/index/n/214.html
INFO: [ app_init ] --START--
INFO: Run Behavior\BuildLiteBehavior [ RunTime:0.000016s ]
INFO: [ app_init ] --END-- [ RunTime:0.000395s ]
INFO: [ app_begin ] --START--
INFO: Run Behavior\ReadHtmlCacheBehavior [ RunTime:0.000427s ]
INFO: [ app_begin ] --END-- [ RunTime:0.000469s ]
ERR: 无法加载控制器:Public

[ 2017-02-26T23:05:37+08:00 ] ::1 /wuyeguanli/index.php/Community/Index/main.html
INFO: [ app_init ] --START--
INFO: Run Behavior\BuildLiteBehavior [ RunTime:0.000013s ]
INFO: [ app_init ] --END-- [ RunTime:0.000339s ]
INFO: [ app_begin ] --START--
INFO: Run Behavior\ReadHtmlCacheBehavior [ RunTime:0.000498s ]
INFO: [ app_begin ] --END-- [ RunTime:0.000544s ]
SQL: SHOW COLUMNS FROM `xly_manages_community` [ RunTime:0.0675s ]
SQL: SELECT m.id,m.status,mrc.name as rolename,m.username,mrc.permissions,mrc.communityid FROM `xly_manages_community`  as m inner join xly_manage_role_community as mrc on mrc.id = m.roleid   WHERE m.id = '1' LIMIT 1   [ RunTime:0.0659s ]
SQL: SHOW COLUMNS FROM `xly_navigations` [ RunTime:0.0673s ]
SQL: SELECT * FROM `xly_navigations` WHERE `status` = 1 AND `type` = 2 ORDER BY sort asc,id asc  [ RunTime:0.0666s ]
INFO: [ view_parse ] --START--
INFO: [ template_filter ] --START--
INFO: Run Behavior\ContentReplaceBehavior [ RunTime:0.000280s ]
INFO: [ template_filter ] --END-- [ RunTime:0.000353s ]
NOTIC: [8] Undefined index: childs E:\php\wuyeguanli\Application\Runtime\Cache\Community\f86a32021ca30597739b518f2be69aaa.php 第 72 行.
INFO: Run Behavior\ParseTemplateBehavior [ RunTime:0.044686s ]
INFO: [ view_parse ] --END-- [ RunTime:0.044786s ]
INFO: [ view_filter ] --START--
INFO: Run Behavior\WriteHtmlCacheBehavior [ RunTime:0.000331s ]
INFO: [ view_filter ] --END-- [ RunTime:0.000382s ]
INFO: [ app_end ] --START--
INFO: Run Behavior\ShowPageTraceBehavior [ RunTime:0.000769s ]
INFO: [ app_end ] --END-- [ RunTime:0.000835s ]

[ 2017-02-26T23:05:39+08:00 ] ::1 /wuyeguanli/index.php/Community/Notice/index/n/214.html
INFO: [ app_init ] --START--
INFO: Run Behavior\BuildLiteBehavior [ RunTime:0.000021s ]
INFO: [ app_init ] --END-- [ RunTime:0.000424s ]
INFO: [ app_begin ] --START--
INFO: Run Behavior\ReadHtmlCacheBehavior [ RunTime:0.000538s ]
INFO: [ app_begin ] --END-- [ RunTime:0.000600s ]
ERR: 无法加载控制器:Notice

[ 2017-02-26T23:05:43+08:00 ] ::1 /wuyeguanli/index.php/Community/Loginlog/index/n/212.html
INFO: [ app_init ] --START--
INFO: Run Behavior\BuildLiteBehavior [ RunTime:0.000018s ]
INFO: [ app_init ] --END-- [ RunTime:0.000434s ]
INFO: [ app_begin ] --START--
INFO: Run Behavior\ReadHtmlCacheBehavior [ RunTime:0.000579s ]
INFO: [ app_begin ] --END-- [ RunTime:0.000636s ]
SQL: SHOW COLUMNS FROM `xly_manages_community` [ RunTime:0.0660s ]
SQL: SELECT m.id,m.status,mrc.name as rolename,m.username,mrc.permissions,mrc.communityid FROM `xly_manages_community`  as m inner join xly_manage_role_community as mrc on mrc.id = m.roleid   WHERE m.id = '1' LIMIT 1   [ RunTime:0.0639s ]
SQL: SHOW COLUMNS FROM `xly_navigations` [ RunTime:0.0662s ]
SQL: SELECT `id` FROM `xly_navigations` WHERE (  (`group` = 'Community' and controller = 'Loginlog' and method = 'index' ) or interrelated_g_c_m like '%Community_Loginlog_index%'  and type = 1 )  [ RunTime:0.0639s ]
INFO: [ view_parse ] --START--
INFO: [ template_filter ] --START--
INFO: Run Behavior\ContentReplaceBehavior [ RunTime:0.000196s ]
INFO: [ template_filter ] --END-- [ RunTime:0.000338s ]
INFO: Run Behavior\ParseTemplateBehavior [ RunTime:0.020526s ]
INFO: [ view_parse ] --END-- [ RunTime:0.020678s ]
INFO: [ view_filter ] --START--
INFO: Run Behavior\WriteHtmlCacheBehavior [ RunTime:0.000645s ]
INFO: [ view_filter ] --END-- [ RunTime:0.000753s ]
INFO: [ app_end ] --START--
INFO: Run Behavior\ShowPageTraceBehavior [ RunTime:0.001507s ]
INFO: [ app_end ] --END-- [ RunTime:0.001627s ]

[ 2017-02-26T23:05:43+08:00 ] ::1 /wuyeguanli/index.php/Community/Information/index/n/211.html
INFO: [ app_init ] --START--
INFO: Run Behavior\BuildLiteBehavior [ RunTime:0.000013s ]
INFO: [ app_init ] --END-- [ RunTime:0.000273s ]
INFO: [ app_begin ] --START--
INFO: Run Behavior\ReadHtmlCacheBehavior [ RunTime:0.000388s ]
INFO: [ app_begin ] --END-- [ RunTime:0.000428s ]
ERR: 无法加载控制器:Information

[ 2017-02-26T23:05:43+08:00 ] ::1 /wuyeguanli/index.php/Community/Loginlog/ajax_getList.html?pageSize=10&pageNumber=1&sortName=id&sortOrder=asc
INFO: [ app_init ] --START--
INFO: Run Behavior\BuildLiteBehavior [ RunTime:0.000053s ]
INFO: [ app_init ] --END-- [ RunTime:0.000540s ]
INFO: [ app_begin ] --START--
INFO: Run Behavior\ReadHtmlCacheBehavior [ RunTime:0.000850s ]
INFO: [ app_begin ] --END-- [ RunTime:0.000944s ]
SQL: SHOW COLUMNS FROM `xly_manages_community` [ RunTime:0.0676s ]
SQL: SELECT m.id,m.status,mrc.name as rolename,m.username,mrc.permissions,mrc.communityid FROM `xly_manages_community`  as m inner join xly_manage_role_community as mrc on mrc.id = m.roleid   WHERE m.id = '1' LIMIT 1   [ RunTime:0.0652s ]
SQL: SHOW COLUMNS FROM `xly_navigations` [ RunTime:0.0673s ]
SQL: SELECT `id` FROM `xly_navigations` WHERE (  (`group` = 'Community' and controller = 'Loginlog' and method = 'ajax_getList' ) or interrelated_g_c_m like '%Community_Loginlog_ajax_getList%'  and type = 1 )  [ RunTime:0.0655s ]
ERR: 1146:Table 'shequ.xly_loginlog' doesn't exist
 [ SQL语句 ] : SHOW COLUMNS FROM `xly_loginlog`
ERR: 1146:Table 'shequ.xly_loginlog' doesn't exist
 [ SQL语句 ] : SHOW COLUMNS FROM `xly_loginlog`

[ 2017-02-26T23:05:44+08:00 ] ::1 /wuyeguanli/index.php/Community/Welfare/index/n/210.html
INFO: [ app_init ] --START--
INFO: Run Behavior\BuildLiteBehavior [ RunTime:0.000014s ]
INFO: [ app_init ] --END-- [ RunTime:0.000391s ]
INFO: [ app_begin ] --START--
INFO: Run Behavior\ReadHtmlCacheBehavior [ RunTime:0.000597s ]
INFO: [ app_begin ] --END-- [ RunTime:0.000644s ]
SQL: SHOW COLUMNS FROM `xly_manages_community` [ RunTime:0.0642s ]
SQL: SELECT m.id,m.status,mrc.name as rolename,m.username,mrc.permissions,mrc.communityid FROM `xly_manages_community`  as m inner join xly_manage_role_community as mrc on mrc.id = m.roleid   WHERE m.id = '1' LIMIT 1   [ RunTime:0.0621s ]
SQL: SHOW COLUMNS FROM `xly_navigations` [ RunTime:0.0645s ]
SQL: SELECT `id` FROM `xly_navigations` WHERE (  (`group` = 'Community' and controller = 'Welfare' and method = 'index' ) or interrelated_g_c_m like '%Community_Welfare_index%'  and type = 1 )  [ RunTime:0.0618s ]
INFO: [ view_parse ] --START--
INFO: [ template_filter ] --START--
INFO: Run Behavior\ContentReplaceBehavior [ RunTime:0.000059s ]
INFO: [ template_filter ] --END-- [ RunTime:0.000106s ]
INFO: Run Behavior\ParseTemplateBehavior [ RunTime:0.006844s ]
INFO: [ view_parse ] --END-- [ RunTime:0.006909s ]
INFO: [ view_filter ] --START--
INFO: Run Behavior\WriteHtmlCacheBehavior [ RunTime:0.000245s ]
INFO: [ view_filter ] --END-- [ RunTime:0.000276s ]
INFO: [ app_end ] --START--
INFO: Run Behavior\ShowPageTraceBehavior [ RunTime:0.000431s ]
INFO: [ app_end ] --END-- [ RunTime:0.000462s ]

[ 2017-02-26T23:05:44+08:00 ] ::1 /wuyeguanli/index.php/Community/Communityrepair/index/n/209.html
INFO: [ app_init ] --START--
INFO: Run Behavior\BuildLiteBehavior [ RunTime:0.000015s ]
INFO: [ app_init ] --END-- [ RunTime:0.000339s ]
INFO: [ app_begin ] --START--
INFO: Run Behavior\ReadHtmlCacheBehavior [ RunTime:0.000485s ]
INFO: [ app_begin ] --END-- [ RunTime:0.000532s ]
ERR: 无法加载控制器:Communityrepair

[ 2017-02-26T23:05:45+08:00 ] ::1 /wuyeguanli/index.php/Community/Welfare/ajax_getList.html?pageSize=10&pageNumber=1&sortName=id&sortOrder=desc
INFO: [ app_init ] --START--
INFO: Run Behavior\BuildLiteBehavior [ RunTime:0.000014s ]
INFO: [ app_init ] --END-- [ RunTime:0.000501s ]
INFO: [ app_begin ] --START--
INFO: Run Behavior\ReadHtmlCacheBehavior [ RunTime:0.000393s ]
INFO: [ app_begin ] --END-- [ RunTime:0.000428s ]
SQL: SHOW COLUMNS FROM `xly_manages_community` [ RunTime:0.0680s ]
SQL: SELECT m.id,m.status,mrc.name as rolename,m.username,mrc.permissions,mrc.communityid FROM `xly_manages_community`  as m inner join xly_manage_role_community as mrc on mrc.id = m.roleid   WHERE m.id = '1' LIMIT 1   [ RunTime:0.0664s ]
SQL: SHOW COLUMNS FROM `xly_navigations` [ RunTime:0.0700s ]
SQL: SELECT `id` FROM `xly_navigations` WHERE (  (`group` = 'Community' and controller = 'Welfare' and method = 'ajax_getList' ) or interrelated_g_c_m like '%Community_Welfare_ajax_getList%'  and type = 1 )  [ RunTime:0.0661s ]
NOTIC: [8] Undefined index: arrJoins E:\php\wuyeguanli\Application\Common\Common\SystemController.class.php 第 1196 行.
NOTIC: [2] Invalid argument supplied for foreach() E:\php\wuyeguanli\Application\Common\Common\BaseController.class.php 第 603 行.
SQL: SHOW COLUMNS FROM `xly_welfare` [ RunTime:0.0683s ]
SQL: SELECT COUNT(*) AS tp_count FROM `xly_welfare` LIMIT 1   [ RunTime:0.0658s ]
SQL: SELECT `id`,`title`,`content`,`addtime`,`browse_count`,`praise_count`,if(isshow = 1,'显示','不显示') as isshow FROM `xly_welfare` ORDER BY id desc LIMIT 0,10   [ RunTime:0.0684s ]

[ 2017-02-26T23:05:45+08:00 ] ::1 /wuyeguanli/index.php/Community/Repair/index/n/208.html
INFO: [ app_init ] --START--
INFO: Run Behavior\BuildLiteBehavior [ RunTime:0.000015s ]
INFO: [ app_init ] --END-- [ RunTime:0.000336s ]
INFO: [ app_begin ] --START--
INFO: Run Behavior\ReadHtmlCacheBehavior [ RunTime:0.000488s ]
INFO: [ app_begin ] --END-- [ RunTime:0.000535s ]
ERR: 无法加载控制器:Repair

