[ 2017-03-06T23:58:17+08:00 ] ::1 /wuyeguanli/index.php/Community/Index/login.html
INFO: [ app_init ] --START--
INFO: Run Behavior\BuildLiteBehavior [ RunTime:0.000011s ]
INFO: [ app_init ] --END-- [ RunTime:0.000299s ]
INFO: [ app_begin ] --START--
INFO: Run Behavior\ReadHtmlCacheBehavior [ RunTime:0.000459s ]
INFO: [ app_begin ] --END-- [ RunTime:0.000496s ]
SQL: SHOW COLUMNS FROM `xly_manages_community` [ RunTime:0.1267s ]
SQL: SELECT m.id,m.status,mrc.name as rolename,m.username,mrc.permissions,mrc.communityid FROM `xly_manages_community`  as m inner join xly_manage_role_community as mrc on mrc.id = m.roleid   WHERE m.id = '1' LIMIT 1   [ RunTime:0.1277s ]
SQL: SHOW COLUMNS FROM `xly_navigations` [ RunTime:0.0972s ]
SQL: SELECT `id` FROM `xly_navigations` WHERE (  (`group` = 'Community' and controller = 'Index' and method = 'login' ) or interrelated_g_c_m like '%Community_Index_login%'  and type = 1 )  [ RunTime:0.1117s ]
INFO: [ view_parse ] --START--
INFO: [ template_filter ] --START--
INFO: Run Behavior\ContentReplaceBehavior [ RunTime:0.000201s ]
INFO: [ template_filter ] --END-- [ RunTime:0.000381s ]
INFO: Run Behavior\ParseTemplateBehavior [ RunTime:0.016496s ]
INFO: [ view_parse ] --END-- [ RunTime:0.016638s ]
INFO: [ view_filter ] --START--
INFO: Run Behavior\WriteHtmlCacheBehavior [ RunTime:0.000993s ]
INFO: [ view_filter ] --END-- [ RunTime:0.001110s ]
INFO: [ app_end ] --START--
INFO: Run Behavior\ShowPageTraceBehavior [ RunTime:0.001946s ]
INFO: [ app_end ] --END-- [ RunTime:0.002071s ]

[ 2017-03-06T23:58:22+08:00 ] ::1 /wuyeguanli/index.php/Community/pushTo
INFO: [ app_init ] --START--
INFO: Run Behavior\BuildLiteBehavior [ RunTime:0.000015s ]
INFO: [ app_init ] --END-- [ RunTime:0.000345s ]
INFO: [ app_begin ] --START--
INFO: Run Behavior\ReadHtmlCacheBehavior [ RunTime:0.000495s ]
INFO: [ app_begin ] --END-- [ RunTime:0.000544s ]
SQL: SHOW COLUMNS FROM `xly_manages_community` [ RunTime:0.1275s ]
SQL: SELECT m.id,m.status,mrc.name as rolename,m.username,mrc.permissions,mrc.communityid FROM `xly_manages_community`  as m inner join xly_manage_role_community as mrc on mrc.id = m.roleid   WHERE m.id = '1' LIMIT 1   [ RunTime:0.1289s ]
SQL: SHOW COLUMNS FROM `xly_navigations` [ RunTime:0.2172s ]
SQL: SELECT `id` FROM `xly_navigations` WHERE (  (`group` = 'Community' and controller = 'PushTo' and method = 'index' ) or interrelated_g_c_m like '%Community_PushTo_index%'  and type = 1 )  [ RunTime:0.1324s ]
INFO: [ app_end ] --START--
INFO: Run Behavior\ShowPageTraceBehavior [ RunTime:0.001197s ]
INFO: [ app_end ] --END-- [ RunTime:0.001286s ]

[ 2017-03-06T23:58:40+08:00 ] ::1 /wuyeguanli/index.php/Community/pushTo
INFO: [ app_init ] --START--
INFO: Run Behavior\BuildLiteBehavior [ RunTime:0.000015s ]
INFO: [ app_init ] --END-- [ RunTime:0.000392s ]
INFO: [ app_begin ] --START--
INFO: Run Behavior\ReadHtmlCacheBehavior [ RunTime:0.000617s ]
INFO: [ app_begin ] --END-- [ RunTime:0.000669s ]
SQL: SHOW COLUMNS FROM `xly_manages_community` [ RunTime:0.1041s ]
SQL: SELECT m.id,m.status,mrc.name as rolename,m.username,mrc.permissions,mrc.communityid FROM `xly_manages_community`  as m inner join xly_manage_role_community as mrc on mrc.id = m.roleid   WHERE m.id = '1' LIMIT 1   [ RunTime:0.1026s ]
SQL: SHOW COLUMNS FROM `xly_navigations` [ RunTime:0.0986s ]
SQL: SELECT `id` FROM `xly_navigations` WHERE (  (`group` = 'Community' and controller = 'PushTo' and method = 'index' ) or interrelated_g_c_m like '%Community_PushTo_index%'  and type = 1 )  [ RunTime:0.0961s ]
INFO: [ app_end ] --START--
INFO: Run Behavior\ShowPageTraceBehavior [ RunTime:0.001346s ]
INFO: [ app_end ] --END-- [ RunTime:0.001434s ]

[ 2017-03-06T23:58:49+08:00 ] ::1 /wuyeguanli/index.php/Community/pushTo
INFO: [ app_init ] --START--
INFO: Run Behavior\BuildLiteBehavior [ RunTime:0.000016s ]
INFO: [ app_init ] --END-- [ RunTime:0.000409s ]
INFO: [ app_begin ] --START--
INFO: Run Behavior\ReadHtmlCacheBehavior [ RunTime:0.000609s ]
INFO: [ app_begin ] --END-- [ RunTime:0.000659s ]
SQL: SHOW COLUMNS FROM `xly_manages_community` [ RunTime:0.0985s ]
SQL: SELECT m.id,m.status,mrc.name as rolename,m.username,mrc.permissions,mrc.communityid FROM `xly_manages_community`  as m inner join xly_manage_role_community as mrc on mrc.id = m.roleid   WHERE m.id = '1' LIMIT 1   [ RunTime:0.1138s ]
SQL: SHOW COLUMNS FROM `xly_navigations` [ RunTime:0.1168s ]
SQL: SELECT `id` FROM `xly_navigations` WHERE (  (`group` = 'Community' and controller = 'PushTo' and method = 'index' ) or interrelated_g_c_m like '%Community_PushTo_index%'  and type = 1 )  [ RunTime:0.1032s ]
INFO: [ app_end ] --START--
INFO: Run Behavior\ShowPageTraceBehavior [ RunTime:0.002517s ]
INFO: [ app_end ] --END-- [ RunTime:0.002681s ]

[ 2017-03-06T23:59:25+08:00 ] ::1 /wuyeguanli/index.php/Community/pushTo
INFO: [ app_init ] --START--
INFO: Run Behavior\BuildLiteBehavior [ RunTime:0.000018s ]
INFO: [ app_init ] --END-- [ RunTime:0.000544s ]
INFO: [ app_begin ] --START--
INFO: Run Behavior\ReadHtmlCacheBehavior [ RunTime:0.000558s ]
INFO: [ app_begin ] --END-- [ RunTime:0.000617s ]
SQL: SHOW COLUMNS FROM `xly_manages_community` [ RunTime:0.1105s ]
SQL: SELECT m.id,m.status,mrc.name as rolename,m.username,mrc.permissions,mrc.communityid FROM `xly_manages_community`  as m inner join xly_manage_role_community as mrc on mrc.id = m.roleid   WHERE m.id = '1' LIMIT 1   [ RunTime:0.1309s ]
SQL: SHOW COLUMNS FROM `xly_navigations` [ RunTime:0.1169s ]
SQL: SELECT `id` FROM `xly_navigations` WHERE (  (`group` = 'Community' and controller = 'PushTo' and method = 'index' ) or interrelated_g_c_m like '%Community_PushTo_index%'  and type = 1 )  [ RunTime:0.1194s ]
INFO: [ app_end ] --START--
INFO: Run Behavior\ShowPageTraceBehavior [ RunTime:0.001497s ]
INFO: [ app_end ] --END-- [ RunTime:0.001642s ]

