[ 2017-03-29T17:43:10+08:00 ] ::1 /2017/weixiao/
INFO: [ app_init ] --START--
INFO: Run Behavior\BuildLiteBehavior [ RunTime:0.000045s ]
INFO: [ app_init ] --END-- [ RunTime:0.001683s ]
INFO: [ app_begin ] --START--
INFO: Run Behavior\ReadHtmlCacheBehavior [ RunTime:0.002504s ]
INFO: [ app_begin ] --END-- [ RunTime:0.002668s ]
INFO: [ view_parse ] --START--
INFO: [ template_filter ] --START--
INFO: Run Behavior\ContentReplaceBehavior [ RunTime:0.000196s ]
INFO: [ template_filter ] --END-- [ RunTime:0.000362s ]
INFO: Run Behavior\ParseTemplateBehavior [ RunTime:0.056513s ]
INFO: [ view_parse ] --END-- [ RunTime:0.056708s ]
INFO: [ view_filter ] --START--
INFO: Run Behavior\WriteHtmlCacheBehavior [ RunTime:0.001642s ]
INFO: [ view_filter ] --END-- [ RunTime:0.001762s ]
INFO: [ app_end ] --START--
INFO: Run Behavior\ShowPageTraceBehavior [ RunTime:0.002501s ]
INFO: [ app_end ] --END-- [ RunTime:0.002628s ]

[ 2017-03-29T17:43:18+08:00 ] ::1 /2017/weixiao/index.php/Community/Index/index.html
INFO: [ app_init ] --START--
INFO: Run Behavior\BuildLiteBehavior [ RunTime:0.000014s ]
INFO: [ app_init ] --END-- [ RunTime:0.000374s ]
INFO: [ app_begin ] --START--
INFO: Run Behavior\ReadHtmlCacheBehavior [ RunTime:0.000665s ]
INFO: [ app_begin ] --END-- [ RunTime:0.000712s ]
NOTIC: [8] Undefined index: code E:\php\2017\weixiao\Application\Community\Controller\IndexController.class.php 第 62 行.
SQL: SHOW COLUMNS FROM `wx_manages_community` [ RunTime:0.0735s ]
SQL: SELECT mc.id,mc.username,mc.password,mc.status,mrc.communityid FROM `wx_manages_community`  as mc inner join wx_manage_role_community as mrc on mrc.id = mc.roleid   WHERE `username` = 'admin' LIMIT 1   [ RunTime:0.0876s ]
SQL: SELECT status FROM wx_manage_ip WHERE adminid='1' AND ip='::1'; [ RunTime:0.0752s ]
NOTIC: [8] Undefined variable: ip E:\php\2017\weixiao\Application\Community\Controller\IndexController.class.php 第 102 行.
SQL: UPDATE `wx_manages_community` SET `logintime`='1490780598',`loginip`='0.0.0.0',`logincount`=logincount + 1 WHERE `id` = 1 [ RunTime:0.0824s ]
SQL: SHOW COLUMNS FROM `wx_manage_ip` [ RunTime:0.0765s ]
SQL: SELECT * FROM `wx_manage_ip` WHERE `ip` = '::1' AND `adminid` = 1 ORDER BY id asc  [ RunTime:0.0910s ]
SQL: UPDATE `wx_manage_ip` SET `number`='21',`adminid`='1' WHERE `adminid` = 1 AND `ip` = ':'1'' [ RunTime:0.0892s ]

[ 2017-03-29T17:43:19+08:00 ] ::1 /2017/weixiao/index.php/Community/Index/index.html
INFO: [ app_init ] --START--
INFO: Run Behavior\BuildLiteBehavior [ RunTime:0.000014s ]
INFO: [ app_init ] --END-- [ RunTime:0.000375s ]
INFO: [ app_begin ] --START--
INFO: Run Behavior\ReadHtmlCacheBehavior [ RunTime:0.000612s ]
INFO: [ app_begin ] --END-- [ RunTime:0.000659s ]
NOTIC: [8] Undefined index: code E:\php\2017\weixiao\Application\Community\Controller\IndexController.class.php 第 62 行.
SQL: SHOW COLUMNS FROM `wx_manages_community` [ RunTime:0.0864s ]
SQL: SELECT mc.id,mc.username,mc.password,mc.status,mrc.communityid FROM `wx_manages_community`  as mc inner join wx_manage_role_community as mrc on mrc.id = mc.roleid   WHERE `username` = 'admin' LIMIT 1   [ RunTime:0.0830s ]
SQL: SELECT status FROM wx_manage_ip WHERE adminid='1' AND ip='::1'; [ RunTime:0.0765s ]
NOTIC: [8] Undefined variable: ip E:\php\2017\weixiao\Application\Community\Controller\IndexController.class.php 第 102 行.
SQL: UPDATE `wx_manages_community` SET `logintime`='1490780599',`loginip`='0.0.0.0',`logincount`=logincount + 1 WHERE `id` = 1 [ RunTime:0.0776s ]
SQL: SHOW COLUMNS FROM `wx_manage_ip` [ RunTime:0.0879s ]
SQL: SELECT * FROM `wx_manage_ip` WHERE `ip` = '::1' AND `adminid` = 1 ORDER BY id asc  [ RunTime:0.0818s ]
SQL: UPDATE `wx_manage_ip` SET `number`='22',`adminid`='1' WHERE `adminid` = 1 AND `ip` = ':'1'' [ RunTime:0.0962s ]

[ 2017-03-29T17:43:20+08:00 ] ::1 /2017/weixiao/index.php/Community/Index/main.html
INFO: [ app_init ] --START--
INFO: Run Behavior\BuildLiteBehavior [ RunTime:0.000018s ]
INFO: [ app_init ] --END-- [ RunTime:0.000532s ]
INFO: [ app_begin ] --START--
INFO: Run Behavior\ReadHtmlCacheBehavior [ RunTime:0.000507s ]
INFO: [ app_begin ] --END-- [ RunTime:0.000551s ]
SQL: SHOW COLUMNS FROM `wx_manages_community` [ RunTime:0.0723s ]
SQL: SELECT m.id,m.status,mrc.name as rolename,m.username,mrc.permissions,mrc.communityid FROM `wx_manages_community`  as m inner join wx_manage_role_community as mrc on mrc.id = m.roleid   WHERE m.id = '1' LIMIT 1   [ RunTime:0.0980s ]
SQL: SHOW COLUMNS FROM `wx_navigations` [ RunTime:0.0738s ]
SQL: SELECT * FROM `wx_navigations` WHERE `status` = 1 AND `type` = 3 ORDER BY sort asc,id asc  [ RunTime:0.0861s ]
INFO: [ view_parse ] --START--
INFO: [ template_filter ] --START--
INFO: Run Behavior\ContentReplaceBehavior [ RunTime:0.000332s ]
INFO: [ template_filter ] --END-- [ RunTime:0.000424s ]
INFO: Run Behavior\ParseTemplateBehavior [ RunTime:0.046577s ]
INFO: [ view_parse ] --END-- [ RunTime:0.046683s ]
INFO: [ view_filter ] --START--
INFO: Run Behavior\WriteHtmlCacheBehavior [ RunTime:0.000818s ]
INFO: [ view_filter ] --END-- [ RunTime:0.000893s ]
INFO: [ app_end ] --START--
INFO: Run Behavior\ShowPageTraceBehavior [ RunTime:0.001296s ]
INFO: [ app_end ] --END-- [ RunTime:0.001383s ]

[ 2017-03-29T17:43:21+08:00 ] ::1 /2017/weixiao/index.php/Community/Index/main.html
INFO: [ app_init ] --START--
INFO: Run Behavior\BuildLiteBehavior [ RunTime:0.000018s ]
INFO: [ app_init ] --END-- [ RunTime:0.000467s ]
INFO: [ app_begin ] --START--
INFO: Run Behavior\ReadHtmlCacheBehavior [ RunTime:0.000758s ]
INFO: [ app_begin ] --END-- [ RunTime:0.000818s ]
SQL: SHOW COLUMNS FROM `wx_manages_community` [ RunTime:0.0745s ]
SQL: SELECT m.id,m.status,mrc.name as rolename,m.username,mrc.permissions,mrc.communityid FROM `wx_manages_community`  as m inner join wx_manage_role_community as mrc on mrc.id = m.roleid   WHERE m.id = '1' LIMIT 1   [ RunTime:0.0764s ]
SQL: SHOW COLUMNS FROM `wx_navigations` [ RunTime:0.0887s ]
SQL: SELECT * FROM `wx_navigations` WHERE `status` = 1 AND `type` = 3 ORDER BY sort asc,id asc  [ RunTime:0.0896s ]
INFO: [ view_parse ] --START--
INFO: [ template_filter ] --START--
INFO: Run Behavior\ContentReplaceBehavior [ RunTime:0.000219s ]
INFO: [ template_filter ] --END-- [ RunTime:0.000283s ]
INFO: Run Behavior\ParseTemplateBehavior [ RunTime:0.022107s ]
INFO: [ view_parse ] --END-- [ RunTime:0.022177s ]
INFO: [ view_filter ] --START--
INFO: Run Behavior\WriteHtmlCacheBehavior [ RunTime:0.000485s ]
INFO: [ view_filter ] --END-- [ RunTime:0.000532s ]
INFO: [ app_end ] --START--
INFO: Run Behavior\ShowPageTraceBehavior [ RunTime:0.000825s ]
INFO: [ app_end ] --END-- [ RunTime:0.000882s ]

[ 2017-03-29T17:43:45+08:00 ] ::1 /2017/weixiao/index.php/Community/Reading/index/n/41.html
INFO: [ app_init ] --START--
INFO: Run Behavior\BuildLiteBehavior [ RunTime:0.000015s ]
INFO: [ app_init ] --END-- [ RunTime:0.000413s ]
INFO: [ app_begin ] --START--
INFO: Run Behavior\ReadHtmlCacheBehavior [ RunTime:0.000641s ]
INFO: [ app_begin ] --END-- [ RunTime:0.000690s ]
SQL: SHOW COLUMNS FROM `wx_manages_community` [ RunTime:0.0710s ]
SQL: SELECT m.id,m.status,mrc.name as rolename,m.username,mrc.permissions,mrc.communityid FROM `wx_manages_community`  as m inner join wx_manage_role_community as mrc on mrc.id = m.roleid   WHERE m.id = '1' LIMIT 1   [ RunTime:0.0871s ]
SQL: SHOW COLUMNS FROM `wx_navigations` [ RunTime:0.0821s ]
SQL: SELECT `id` FROM `wx_navigations` WHERE (  (`group` = 'Community' and controller = 'Reading' and method = 'index' ) or interrelated_g_c_m like '%Community_Reading_index%'  and type = 1 )  [ RunTime:0.0875s ]
NOTIC: [8] Undefined index: Readings E:\php\2017\weixiao\Application\Community\Controller\ReadingController.class.php 第 13 行.
SQL: SHOW COLUMNS FROM `wx_manage_ip_use` [ RunTime:0.0834s ]
SQL: INSERT INTO `wx_manage_ip_use` (`ipid`,`type`,`database`,`addtime`) VALUES ('1','1','Reading','1490780624') [ RunTime:0.0768s ]
NOTIC: [8] Undefined index: id E:\php\2017\weixiao\Application\Community\Controller\ReadingController.class.php 第 32 行.
SQL: SELECT rts.id,rt.name,rts.name as names FROM `wx_read_type` as rt left join wx_Read_types as rts on rts.typeid = rt.id ORDER BY id [ RunTime:0.0800s ]
INFO: [ view_parse ] --START--
INFO: [ template_filter ] --START--
INFO: Run Behavior\ContentReplaceBehavior [ RunTime:0.000152s ]
INFO: [ template_filter ] --END-- [ RunTime:0.000252s ]
NOTIC: [8] Undefined variable: info E:\php\2017\weixiao\Application\Runtime\Cache\Community\4b7bc824549a5f497b68ec6efb4dd106.php 第 37 行.
NOTIC: [8] Undefined variable: info E:\php\2017\weixiao\Application\Runtime\Cache\Community\4b7bc824549a5f497b68ec6efb4dd106.php 第 37 行.
NOTIC: [8] Undefined variable: info E:\php\2017\weixiao\Application\Runtime\Cache\Community\4b7bc824549a5f497b68ec6efb4dd106.php 第 37 行.
NOTIC: [8] Undefined variable: info E:\php\2017\weixiao\Application\Runtime\Cache\Community\4b7bc824549a5f497b68ec6efb4dd106.php 第 37 行.
NOTIC: [8] Undefined variable: info E:\php\2017\weixiao\Application\Runtime\Cache\Community\4b7bc824549a5f497b68ec6efb4dd106.php 第 37 行.
NOTIC: [8] Undefined variable: info E:\php\2017\weixiao\Application\Runtime\Cache\Community\4b7bc824549a5f497b68ec6efb4dd106.php 第 37 行.
NOTIC: [8] Undefined variable: info E:\php\2017\weixiao\Application\Runtime\Cache\Community\4b7bc824549a5f497b68ec6efb4dd106.php 第 37 行.
NOTIC: [8] Undefined variable: info E:\php\2017\weixiao\Application\Runtime\Cache\Community\4b7bc824549a5f497b68ec6efb4dd106.php 第 37 行.
NOTIC: [8] Undefined variable: info E:\php\2017\weixiao\Application\Runtime\Cache\Community\4b7bc824549a5f497b68ec6efb4dd106.php 第 37 行.
NOTIC: [8] Undefined variable: info E:\php\2017\weixiao\Application\Runtime\Cache\Community\4b7bc824549a5f497b68ec6efb4dd106.php 第 37 行.
NOTIC: [8] Undefined variable: info E:\php\2017\weixiao\Application\Runtime\Cache\Community\4b7bc824549a5f497b68ec6efb4dd106.php 第 37 行.
NOTIC: [8] Undefined variable: info E:\php\2017\weixiao\Application\Runtime\Cache\Community\4b7bc824549a5f497b68ec6efb4dd106.php 第 37 行.
NOTIC: [8] Undefined variable: info E:\php\2017\weixiao\Application\Runtime\Cache\Community\4b7bc824549a5f497b68ec6efb4dd106.php 第 37 行.
INFO: Run Behavior\ParseTemplateBehavior [ RunTime:0.019759s ]
INFO: [ view_parse ] --END-- [ RunTime:0.019867s ]
INFO: [ view_filter ] --START--
INFO: Run Behavior\WriteHtmlCacheBehavior [ RunTime:0.000784s ]
INFO: [ view_filter ] --END-- [ RunTime:0.000855s ]
INFO: [ app_end ] --START--
INFO: Run Behavior\ShowPageTraceBehavior [ RunTime:0.001326s ]
INFO: [ app_end ] --END-- [ RunTime:0.001413s ]

[ 2017-03-29T17:43:46+08:00 ] ::1 /2017/weixiao/index.php/Community/Reading/ajax_getList.html?pageSize=10&pageNumber=1&sortName=id&sortOrder=desc
INFO: [ app_init ] --START--
INFO: Run Behavior\BuildLiteBehavior [ RunTime:0.000040s ]
INFO: [ app_init ] --END-- [ RunTime:0.000452s ]
INFO: [ app_begin ] --START--
INFO: Run Behavior\ReadHtmlCacheBehavior [ RunTime:0.000592s ]
INFO: [ app_begin ] --END-- [ RunTime:0.000638s ]
SQL: SHOW COLUMNS FROM `wx_manages_community` [ RunTime:0.0896s ]
SQL: SELECT m.id,m.status,mrc.name as rolename,m.username,mrc.permissions,mrc.communityid FROM `wx_manages_community`  as m inner join wx_manage_role_community as mrc on mrc.id = m.roleid   WHERE m.id = '1' LIMIT 1   [ RunTime:0.0954s ]
SQL: SHOW COLUMNS FROM `wx_navigations` [ RunTime:0.0829s ]
SQL: SELECT `id` FROM `wx_navigations` WHERE (  (`group` = 'Community' and controller = 'Reading' and method = 'ajax_getList' ) or interrelated_g_c_m like '%Community_Reading_ajax_getList%'  and type = 1 )  [ RunTime:0.0906s ]
NOTIC: [8] Undefined index: Reading E:\php\2017\weixiao\Application\Community\Controller\ReadingController.class.php 第 47 行.
SQL: SHOW COLUMNS FROM `wx_reading` [ RunTime:0.0800s ]
SQL: SELECT COUNT(*) AS tp_count FROM `wx_reading`   as Reading left join wx_read_types as rts on rts.id = Reading.typeid   left join wx_read_type as rt on rt.id = rts.typeid    LIMIT 1   [ RunTime:0.0909s ]
SQL: SELECT if(Reading.status=1,'显示','不显示') as status,Reading.id,Reading.title,Reading.url,Reading.time,Reading.reading,concat(rts.name,'-',rt.name) as type FROM `wx_reading`   as Reading left join wx_read_types as rts on rts.id = Reading.typeid   left join wx_read_type as rt on rt.id = rts.typeid    ORDER BY id desc LIMIT 0,10   [ RunTime:0.0896s ]

